TN:verilator_coverage
SF:../../handoff/rtl/adaptive_aero_control_top.v
DA:23,26
BRDA:23,0,0,26
BRDA:23,0,1,25
DA:24,1
BRDA:24,0,0,1
BRDA:24,0,1,1
DA:25,0
BRDA:25,0,0,0
BRDA:25,0,1,0
DA:26,0
BRDA:26,0,0,0
BRDA:26,0,1,0
DA:27,0
BRDA:27,0,0,0
BRDA:27,0,1,0
DA:28,1
BRDA:28,0,0,1
BRDA:28,0,1,1
BRDA:28,0,2,1
BRDA:28,0,3,0
BRDA:28,0,4,1
BRDA:28,0,5,0
BRDA:28,0,6,1
BRDA:28,0,7,0
DA:29,1
BRDA:29,0,0,1
BRDA:29,0,1,0
BRDA:29,0,2,0
BRDA:29,0,3,0
BRDA:29,0,4,0
BRDA:29,0,5,0
BRDA:29,0,6,0
BRDA:29,0,7,0
BRDA:29,0,8,0
BRDA:29,0,9,0
BRDA:29,0,10,0
BRDA:29,0,11,0
BRDA:29,0,12,0
BRDA:29,0,13,0
BRDA:29,0,14,0
BRDA:29,0,15,0
BRDA:29,0,16,0
BRDA:29,0,17,0
BRDA:29,0,18,0
BRDA:29,0,19,0
BRDA:29,0,20,0
BRDA:29,0,21,0
BRDA:29,0,22,0
BRDA:29,0,23,0
BRDA:29,0,24,0
BRDA:29,0,25,0
BRDA:29,0,26,0
BRDA:29,0,27,0
BRDA:29,0,28,0
BRDA:29,0,29,0
BRDA:29,0,30,0
BRDA:29,0,31,0
BRDA:29,0,32,0
BRDA:29,0,33,0
BRDA:29,0,34,0
BRDA:29,0,35,0
BRDA:29,0,36,0
BRDA:29,0,37,0
BRDA:29,0,38,0
BRDA:29,0,39,0
BRDA:29,0,40,0
BRDA:29,0,41,0
BRDA:29,0,42,0
BRDA:29,0,43,0
BRDA:29,0,44,0
BRDA:29,0,45,0
BRDA:29,0,46,0
BRDA:29,0,47,0
BRDA:29,0,48,0
BRDA:29,0,49,0
BRDA:29,0,50,0
BRDA:29,0,51,0
BRDA:29,0,52,0
BRDA:29,0,53,0
BRDA:29,0,54,0
BRDA:29,0,55,0
BRDA:29,0,56,0
BRDA:29,0,57,0
BRDA:29,0,58,0
BRDA:29,0,59,0
BRDA:29,0,60,0
BRDA:29,0,61,0
BRDA:29,0,62,0
BRDA:29,0,63,0
BRDA:29,0,64,0
BRDA:29,0,65,0
BRDA:29,0,66,0
BRDA:29,0,67,0
BRDA:29,0,68,0
BRDA:29,0,69,0
BRDA:29,0,70,0
BRDA:29,0,71,0
BRDA:29,0,72,0
BRDA:29,0,73,0
BRDA:29,0,74,0
BRDA:29,0,75,0
BRDA:29,0,76,0
BRDA:29,0,77,0
BRDA:29,0,78,0
BRDA:29,0,79,0
BRDA:29,0,80,0
BRDA:29,0,81,0
BRDA:29,0,82,0
BRDA:29,0,83,0
BRDA:29,0,84,0
BRDA:29,0,85,0
BRDA:29,0,86,0
BRDA:29,0,87,0
BRDA:29,0,88,0
BRDA:29,0,89,0
BRDA:29,0,90,0
BRDA:29,0,91,0
BRDA:29,0,92,0
BRDA:29,0,93,0
BRDA:29,0,94,0
BRDA:29,0,95,0
BRDA:29,0,96,0
BRDA:29,0,97,0
BRDA:29,0,98,0
BRDA:29,0,99,0
BRDA:29,0,100,0
BRDA:29,0,101,0
BRDA:29,0,102,0
BRDA:29,0,103,0
BRDA:29,0,104,0
BRDA:29,0,105,0
BRDA:29,0,106,0
BRDA:29,0,107,0
BRDA:29,0,108,0
BRDA:29,0,109,0
BRDA:29,0,110,0
BRDA:29,0,111,0
BRDA:29,0,112,0
BRDA:29,0,113,0
BRDA:29,0,114,0
BRDA:29,0,115,0
BRDA:29,0,116,0
BRDA:29,0,117,0
BRDA:29,0,118,0
BRDA:29,0,119,0
BRDA:29,0,120,0
BRDA:29,0,121,0
BRDA:29,0,122,0
BRDA:29,0,123,0
BRDA:29,0,124,0
BRDA:29,0,125,0
BRDA:29,0,126,0
BRDA:29,0,127,0
DA:30,1
BRDA:30,0,0,0
BRDA:30,0,1,0
BRDA:30,0,2,0
BRDA:30,0,3,0
BRDA:30,0,4,0
BRDA:30,0,5,0
BRDA:30,0,6,0
BRDA:30,0,7,0
BRDA:30,0,8,0
BRDA:30,0,9,0
BRDA:30,0,10,0
BRDA:30,0,11,0
BRDA:30,0,12,0
BRDA:30,0,13,0
BRDA:30,0,14,1
BRDA:30,0,15,1
BRDA:30,0,16,1
BRDA:30,0,17,1
BRDA:30,0,18,1
BRDA:30,0,19,1
BRDA:30,0,20,1
BRDA:30,0,21,1
BRDA:30,0,22,0
BRDA:30,0,23,0
BRDA:30,0,24,1
BRDA:30,0,25,1
BRDA:30,0,26,1
BRDA:30,0,27,1
BRDA:30,0,28,1
BRDA:30,0,29,1
BRDA:30,0,30,1
BRDA:30,0,31,1
BRDA:30,0,32,1
BRDA:30,0,33,1
BRDA:30,0,34,1
BRDA:30,0,35,1
BRDA:30,0,36,1
BRDA:30,0,37,1
BRDA:30,0,38,1
BRDA:30,0,39,1
BRDA:30,0,40,1
BRDA:30,0,41,1
BRDA:30,0,42,1
BRDA:30,0,43,1
BRDA:30,0,44,0
BRDA:30,0,45,0
BRDA:30,0,46,1
BRDA:30,0,47,1
BRDA:30,0,48,1
BRDA:30,0,49,1
BRDA:30,0,50,0
BRDA:30,0,51,0
BRDA:30,0,52,0
BRDA:30,0,53,0
BRDA:30,0,54,0
BRDA:30,0,55,0
BRDA:30,0,56,0
BRDA:30,0,57,0
BRDA:30,0,58,0
BRDA:30,0,59,0
BRDA:30,0,60,0
BRDA:30,0,61,0
BRDA:30,0,62,0
BRDA:30,0,63,0
BRDA:30,0,64,0
BRDA:30,0,65,0
BRDA:30,0,66,0
BRDA:30,0,67,0
BRDA:30,0,68,0
BRDA:30,0,69,0
BRDA:30,0,70,0
BRDA:30,0,71,0
BRDA:30,0,72,0
BRDA:30,0,73,0
BRDA:30,0,74,0
BRDA:30,0,75,0
BRDA:30,0,76,0
BRDA:30,0,77,0
BRDA:30,0,78,0
BRDA:30,0,79,0
BRDA:30,0,80,0
BRDA:30,0,81,0
BRDA:30,0,82,0
BRDA:30,0,83,0
BRDA:30,0,84,1
BRDA:30,0,85,1
BRDA:30,0,86,1
BRDA:30,0,87,1
BRDA:30,0,88,0
BRDA:30,0,89,0
BRDA:30,0,90,1
BRDA:30,0,91,1
BRDA:30,0,92,1
BRDA:30,0,93,1
BRDA:30,0,94,1
BRDA:30,0,95,1
BRDA:30,0,96,1
BRDA:30,0,97,1
BRDA:30,0,98,1
BRDA:30,0,99,1
BRDA:30,0,100,1
BRDA:30,0,101,1
BRDA:30,0,102,1
BRDA:30,0,103,1
BRDA:30,0,104,1
BRDA:30,0,105,1
BRDA:30,0,106,1
BRDA:30,0,107,1
BRDA:30,0,108,1
BRDA:30,0,109,1
BRDA:30,0,110,1
BRDA:30,0,111,1
BRDA:30,0,112,1
BRDA:30,0,113,1
BRDA:30,0,114,1
BRDA:30,0,115,1
BRDA:30,0,116,1
BRDA:30,0,117,1
BRDA:30,0,118,1
BRDA:30,0,119,1
BRDA:30,0,120,1
BRDA:30,0,121,1
BRDA:30,0,122,0
BRDA:30,0,123,0
BRDA:30,0,124,0
BRDA:30,0,125,0
BRDA:30,0,126,1
BRDA:30,0,127,1
DA:31,0
BRDA:31,0,0,0
BRDA:31,0,1,0
DA:32,0
BRDA:32,0,0,0
BRDA:32,0,1,0
DA:33,0
BRDA:33,0,0,0
BRDA:33,0,1,0
BRDA:33,0,2,0
BRDA:33,0,3,0
BRDA:33,0,4,0
BRDA:33,0,5,0
BRDA:33,0,6,0
BRDA:33,0,7,0
BRDA:33,0,8,0
BRDA:33,0,9,0
BRDA:33,0,10,0
BRDA:33,0,11,0
BRDA:33,0,12,0
BRDA:33,0,13,0
BRDA:33,0,14,0
BRDA:33,0,15,0
BRDA:33,0,16,0
BRDA:33,0,17,0
BRDA:33,0,18,0
BRDA:33,0,19,0
BRDA:33,0,20,0
BRDA:33,0,21,0
BRDA:33,0,22,0
BRDA:33,0,23,0
BRDA:33,0,24,0
BRDA:33,0,25,0
BRDA:33,0,26,0
BRDA:33,0,27,0
BRDA:33,0,28,0
BRDA:33,0,29,0
BRDA:33,0,30,0
BRDA:33,0,31,0
BRDA:33,0,32,0
BRDA:33,0,33,0
BRDA:33,0,34,0
BRDA:33,0,35,0
BRDA:33,0,36,0
BRDA:33,0,37,0
BRDA:33,0,38,0
BRDA:33,0,39,0
BRDA:33,0,40,0
BRDA:33,0,41,0
BRDA:33,0,42,0
BRDA:33,0,43,0
BRDA:33,0,44,0
BRDA:33,0,45,0
BRDA:33,0,46,0
BRDA:33,0,47,0
BRDA:33,0,48,0
BRDA:33,0,49,0
BRDA:33,0,50,0
BRDA:33,0,51,0
BRDA:33,0,52,0
BRDA:33,0,53,0
BRDA:33,0,54,0
BRDA:33,0,55,0
BRDA:33,0,56,0
BRDA:33,0,57,0
BRDA:33,0,58,0
BRDA:33,0,59,0
BRDA:33,0,60,0
BRDA:33,0,61,0
BRDA:33,0,62,0
BRDA:33,0,63,0
BRDA:33,0,64,0
BRDA:33,0,65,0
BRDA:33,0,66,0
BRDA:33,0,67,0
BRDA:33,0,68,0
BRDA:33,0,69,0
BRDA:33,0,70,0
BRDA:33,0,71,0
BRDA:33,0,72,0
BRDA:33,0,73,0
BRDA:33,0,74,0
BRDA:33,0,75,0
BRDA:33,0,76,0
BRDA:33,0,77,0
BRDA:33,0,78,0
BRDA:33,0,79,0
BRDA:33,0,80,0
BRDA:33,0,81,0
BRDA:33,0,82,0
BRDA:33,0,83,0
BRDA:33,0,84,0
BRDA:33,0,85,0
BRDA:33,0,86,0
BRDA:33,0,87,0
BRDA:33,0,88,0
BRDA:33,0,89,0
BRDA:33,0,90,0
BRDA:33,0,91,0
BRDA:33,0,92,0
BRDA:33,0,93,0
BRDA:33,0,94,0
BRDA:33,0,95,0
BRDA:33,0,96,0
BRDA:33,0,97,0
BRDA:33,0,98,0
BRDA:33,0,99,0
BRDA:33,0,100,0
BRDA:33,0,101,0
BRDA:33,0,102,0
BRDA:33,0,103,0
BRDA:33,0,104,0
BRDA:33,0,105,0
BRDA:33,0,106,0
BRDA:33,0,107,0
BRDA:33,0,108,0
BRDA:33,0,109,0
BRDA:33,0,110,0
BRDA:33,0,111,0
BRDA:33,0,112,0
BRDA:33,0,113,0
BRDA:33,0,114,0
BRDA:33,0,115,0
BRDA:33,0,116,0
BRDA:33,0,117,0
BRDA:33,0,118,0
BRDA:33,0,119,0
BRDA:33,0,120,0
BRDA:33,0,121,0
BRDA:33,0,122,0
BRDA:33,0,123,0
BRDA:33,0,124,0
BRDA:33,0,125,0
BRDA:33,0,126,0
BRDA:33,0,127,0
BRDA:33,0,128,0
BRDA:33,0,129,0
BRDA:33,0,130,0
BRDA:33,0,131,0
BRDA:33,0,132,0
BRDA:33,0,133,0
BRDA:33,0,134,0
BRDA:33,0,135,0
BRDA:33,0,136,0
BRDA:33,0,137,0
BRDA:33,0,138,0
BRDA:33,0,139,0
BRDA:33,0,140,0
BRDA:33,0,141,0
BRDA:33,0,142,0
BRDA:33,0,143,0
BRDA:33,0,144,0
BRDA:33,0,145,0
BRDA:33,0,146,0
BRDA:33,0,147,0
BRDA:33,0,148,0
BRDA:33,0,149,0
BRDA:33,0,150,0
BRDA:33,0,151,0
BRDA:33,0,152,0
BRDA:33,0,153,0
BRDA:33,0,154,0
BRDA:33,0,155,0
BRDA:33,0,156,0
BRDA:33,0,157,0
BRDA:33,0,158,0
BRDA:33,0,159,0
BRDA:33,0,160,0
BRDA:33,0,161,0
BRDA:33,0,162,0
BRDA:33,0,163,0
BRDA:33,0,164,0
BRDA:33,0,165,0
BRDA:33,0,166,0
BRDA:33,0,167,0
BRDA:33,0,168,0
BRDA:33,0,169,0
BRDA:33,0,170,0
BRDA:33,0,171,0
BRDA:33,0,172,0
BRDA:33,0,173,0
BRDA:33,0,174,0
BRDA:33,0,175,0
BRDA:33,0,176,0
BRDA:33,0,177,0
BRDA:33,0,178,0
BRDA:33,0,179,0
BRDA:33,0,180,0
BRDA:33,0,181,0
BRDA:33,0,182,0
BRDA:33,0,183,0
BRDA:33,0,184,0
BRDA:33,0,185,0
BRDA:33,0,186,0
BRDA:33,0,187,0
BRDA:33,0,188,0
BRDA:33,0,189,0
BRDA:33,0,190,0
BRDA:33,0,191,0
BRDA:33,0,192,0
BRDA:33,0,193,0
BRDA:33,0,194,0
BRDA:33,0,195,0
BRDA:33,0,196,0
BRDA:33,0,197,0
BRDA:33,0,198,0
BRDA:33,0,199,0
BRDA:33,0,200,0
BRDA:33,0,201,0
BRDA:33,0,202,0
BRDA:33,0,203,0
BRDA:33,0,204,0
BRDA:33,0,205,0
BRDA:33,0,206,0
BRDA:33,0,207,0
BRDA:33,0,208,0
BRDA:33,0,209,0
BRDA:33,0,210,0
BRDA:33,0,211,0
BRDA:33,0,212,0
BRDA:33,0,213,0
BRDA:33,0,214,0
BRDA:33,0,215,0
BRDA:33,0,216,0
BRDA:33,0,217,0
BRDA:33,0,218,0
BRDA:33,0,219,0
BRDA:33,0,220,0
BRDA:33,0,221,0
BRDA:33,0,222,0
BRDA:33,0,223,0
BRDA:33,0,224,0
BRDA:33,0,225,0
BRDA:33,0,226,0
BRDA:33,0,227,0
BRDA:33,0,228,0
BRDA:33,0,229,0
BRDA:33,0,230,0
BRDA:33,0,231,0
BRDA:33,0,232,0
BRDA:33,0,233,0
BRDA:33,0,234,0
BRDA:33,0,235,0
BRDA:33,0,236,0
BRDA:33,0,237,0
BRDA:33,0,238,0
BRDA:33,0,239,0
BRDA:33,0,240,0
BRDA:33,0,241,0
BRDA:33,0,242,0
BRDA:33,0,243,0
BRDA:33,0,244,0
BRDA:33,0,245,0
BRDA:33,0,246,0
BRDA:33,0,247,0
BRDA:33,0,248,0
BRDA:33,0,249,0
BRDA:33,0,250,0
BRDA:33,0,251,0
BRDA:33,0,252,0
BRDA:33,0,253,0
BRDA:33,0,254,0
BRDA:33,0,255,0
DA:34,0
BRDA:34,0,0,0
BRDA:34,0,1,0
DA:35,1
BRDA:35,0,0,1
BRDA:35,0,1,0
DA:36,0
BRDA:36,0,0,0
BRDA:36,0,1,0
BRDA:36,0,2,0
BRDA:36,0,3,0
BRDA:36,0,4,0
BRDA:36,0,5,0
BRDA:36,0,6,0
BRDA:36,0,7,0
BRDA:36,0,8,0
BRDA:36,0,9,0
BRDA:36,0,10,0
BRDA:36,0,11,0
BRDA:36,0,12,0
BRDA:36,0,13,0
BRDA:36,0,14,0
BRDA:36,0,15,0
BRDA:36,0,16,0
BRDA:36,0,17,0
BRDA:36,0,18,0
BRDA:36,0,19,0
BRDA:36,0,20,0
BRDA:36,0,21,0
BRDA:36,0,22,0
BRDA:36,0,23,0
BRDA:36,0,24,0
BRDA:36,0,25,0
BRDA:36,0,26,0
BRDA:36,0,27,0
BRDA:36,0,28,0
BRDA:36,0,29,0
BRDA:36,0,30,0
BRDA:36,0,31,0
BRDA:36,0,32,0
BRDA:36,0,33,0
BRDA:36,0,34,0
BRDA:36,0,35,0
BRDA:36,0,36,0
BRDA:36,0,37,0
BRDA:36,0,38,0
BRDA:36,0,39,0
BRDA:36,0,40,0
BRDA:36,0,41,0
BRDA:36,0,42,0
BRDA:36,0,43,0
BRDA:36,0,44,0
BRDA:36,0,45,0
BRDA:36,0,46,0
BRDA:36,0,47,0
BRDA:36,0,48,0
BRDA:36,0,49,0
BRDA:36,0,50,0
BRDA:36,0,51,0
BRDA:36,0,52,0
BRDA:36,0,53,0
BRDA:36,0,54,0
BRDA:36,0,55,0
BRDA:36,0,56,0
BRDA:36,0,57,0
BRDA:36,0,58,0
BRDA:36,0,59,0
BRDA:36,0,60,0
BRDA:36,0,61,0
BRDA:36,0,62,0
BRDA:36,0,63,0
BRDA:36,0,64,0
BRDA:36,0,65,0
BRDA:36,0,66,0
BRDA:36,0,67,0
BRDA:36,0,68,0
BRDA:36,0,69,0
BRDA:36,0,70,0
BRDA:36,0,71,0
BRDA:36,0,72,0
BRDA:36,0,73,0
BRDA:36,0,74,0
BRDA:36,0,75,0
BRDA:36,0,76,0
BRDA:36,0,77,0
BRDA:36,0,78,0
BRDA:36,0,79,0
BRDA:36,0,80,0
BRDA:36,0,81,0
BRDA:36,0,82,0
BRDA:36,0,83,0
BRDA:36,0,84,0
BRDA:36,0,85,0
BRDA:36,0,86,0
BRDA:36,0,87,0
BRDA:36,0,88,0
BRDA:36,0,89,0
BRDA:36,0,90,0
BRDA:36,0,91,0
BRDA:36,0,92,0
BRDA:36,0,93,0
BRDA:36,0,94,0
BRDA:36,0,95,0
BRDA:36,0,96,0
BRDA:36,0,97,0
BRDA:36,0,98,0
BRDA:36,0,99,0
BRDA:36,0,100,0
BRDA:36,0,101,0
BRDA:36,0,102,0
BRDA:36,0,103,0
BRDA:36,0,104,0
BRDA:36,0,105,0
BRDA:36,0,106,0
BRDA:36,0,107,0
BRDA:36,0,108,0
BRDA:36,0,109,0
BRDA:36,0,110,0
BRDA:36,0,111,0
BRDA:36,0,112,0
BRDA:36,0,113,0
BRDA:36,0,114,0
BRDA:36,0,115,0
BRDA:36,0,116,0
BRDA:36,0,117,0
BRDA:36,0,118,0
BRDA:36,0,119,0
BRDA:36,0,120,0
BRDA:36,0,121,0
BRDA:36,0,122,0
BRDA:36,0,123,0
BRDA:36,0,124,0
BRDA:36,0,125,0
BRDA:36,0,126,0
BRDA:36,0,127,0
BRDA:36,0,128,0
BRDA:36,0,129,0
BRDA:36,0,130,0
BRDA:36,0,131,0
BRDA:36,0,132,0
BRDA:36,0,133,0
BRDA:36,0,134,0
BRDA:36,0,135,0
BRDA:36,0,136,0
BRDA:36,0,137,0
BRDA:36,0,138,0
BRDA:36,0,139,0
BRDA:36,0,140,0
BRDA:36,0,141,0
BRDA:36,0,142,0
BRDA:36,0,143,0
BRDA:36,0,144,0
BRDA:36,0,145,0
BRDA:36,0,146,0
BRDA:36,0,147,0
BRDA:36,0,148,0
BRDA:36,0,149,0
BRDA:36,0,150,0
BRDA:36,0,151,0
BRDA:36,0,152,0
BRDA:36,0,153,0
BRDA:36,0,154,0
BRDA:36,0,155,0
BRDA:36,0,156,0
BRDA:36,0,157,0
BRDA:36,0,158,0
BRDA:36,0,159,0
BRDA:36,0,160,0
BRDA:36,0,161,0
BRDA:36,0,162,0
BRDA:36,0,163,0
BRDA:36,0,164,0
BRDA:36,0,165,0
BRDA:36,0,166,0
BRDA:36,0,167,0
BRDA:36,0,168,0
BRDA:36,0,169,0
BRDA:36,0,170,0
BRDA:36,0,171,0
BRDA:36,0,172,0
BRDA:36,0,173,0
BRDA:36,0,174,0
BRDA:36,0,175,0
BRDA:36,0,176,0
BRDA:36,0,177,0
BRDA:36,0,178,0
BRDA:36,0,179,0
BRDA:36,0,180,0
BRDA:36,0,181,0
BRDA:36,0,182,0
BRDA:36,0,183,0
BRDA:36,0,184,0
BRDA:36,0,185,0
BRDA:36,0,186,0
BRDA:36,0,187,0
BRDA:36,0,188,0
BRDA:36,0,189,0
BRDA:36,0,190,0
BRDA:36,0,191,0
BRDA:36,0,192,0
BRDA:36,0,193,0
BRDA:36,0,194,0
BRDA:36,0,195,0
BRDA:36,0,196,0
BRDA:36,0,197,0
BRDA:36,0,198,0
BRDA:36,0,199,0
BRDA:36,0,200,0
BRDA:36,0,201,0
BRDA:36,0,202,0
BRDA:36,0,203,0
BRDA:36,0,204,0
BRDA:36,0,205,0
BRDA:36,0,206,0
BRDA:36,0,207,0
BRDA:36,0,208,0
BRDA:36,0,209,0
BRDA:36,0,210,0
BRDA:36,0,211,0
BRDA:36,0,212,0
BRDA:36,0,213,0
BRDA:36,0,214,0
BRDA:36,0,215,0
BRDA:36,0,216,0
BRDA:36,0,217,0
BRDA:36,0,218,0
BRDA:36,0,219,0
BRDA:36,0,220,0
BRDA:36,0,221,0
BRDA:36,0,222,0
BRDA:36,0,223,0
BRDA:36,0,224,0
BRDA:36,0,225,0
BRDA:36,0,226,0
BRDA:36,0,227,0
BRDA:36,0,228,0
BRDA:36,0,229,0
BRDA:36,0,230,0
BRDA:36,0,231,0
BRDA:36,0,232,0
BRDA:36,0,233,0
BRDA:36,0,234,0
BRDA:36,0,235,0
BRDA:36,0,236,0
BRDA:36,0,237,0
BRDA:36,0,238,0
BRDA:36,0,239,0
BRDA:36,0,240,0
BRDA:36,0,241,0
BRDA:36,0,242,0
BRDA:36,0,243,0
BRDA:36,0,244,0
BRDA:36,0,245,0
BRDA:36,0,246,0
BRDA:36,0,247,0
BRDA:36,0,248,0
BRDA:36,0,249,0
BRDA:36,0,250,0
BRDA:36,0,251,0
BRDA:36,0,252,0
BRDA:36,0,253,0
BRDA:36,0,254,0
BRDA:36,0,255,0
DA:37,0
BRDA:37,0,0,0
BRDA:37,0,1,0
DA:38,0
BRDA:38,0,0,0
BRDA:38,0,1,0
DA:39,0
BRDA:39,0,0,0
BRDA:39,0,1,0
BRDA:39,0,2,0
BRDA:39,0,3,0
BRDA:39,0,4,0
BRDA:39,0,5,0
BRDA:39,0,6,0
BRDA:39,0,7,0
BRDA:39,0,8,0
BRDA:39,0,9,0
BRDA:39,0,10,0
BRDA:39,0,11,0
BRDA:39,0,12,0
BRDA:39,0,13,0
BRDA:39,0,14,0
BRDA:39,0,15,0
BRDA:39,0,16,0
BRDA:39,0,17,0
BRDA:39,0,18,0
BRDA:39,0,19,0
BRDA:39,0,20,0
BRDA:39,0,21,0
BRDA:39,0,22,0
BRDA:39,0,23,0
BRDA:39,0,24,0
BRDA:39,0,25,0
BRDA:39,0,26,0
BRDA:39,0,27,0
BRDA:39,0,28,0
BRDA:39,0,29,0
BRDA:39,0,30,0
BRDA:39,0,31,0
BRDA:39,0,32,0
BRDA:39,0,33,0
BRDA:39,0,34,0
BRDA:39,0,35,0
BRDA:39,0,36,0
BRDA:39,0,37,0
BRDA:39,0,38,0
BRDA:39,0,39,0
BRDA:39,0,40,0
BRDA:39,0,41,0
BRDA:39,0,42,0
BRDA:39,0,43,0
BRDA:39,0,44,0
BRDA:39,0,45,0
BRDA:39,0,46,0
BRDA:39,0,47,0
BRDA:39,0,48,0
BRDA:39,0,49,0
BRDA:39,0,50,0
BRDA:39,0,51,0
BRDA:39,0,52,0
BRDA:39,0,53,0
BRDA:39,0,54,0
BRDA:39,0,55,0
BRDA:39,0,56,0
BRDA:39,0,57,0
BRDA:39,0,58,0
BRDA:39,0,59,0
BRDA:39,0,60,0
BRDA:39,0,61,0
BRDA:39,0,62,0
BRDA:39,0,63,0
BRDA:39,0,64,0
BRDA:39,0,65,0
BRDA:39,0,66,0
BRDA:39,0,67,0
BRDA:39,0,68,0
BRDA:39,0,69,0
BRDA:39,0,70,0
BRDA:39,0,71,0
BRDA:39,0,72,0
BRDA:39,0,73,0
BRDA:39,0,74,0
BRDA:39,0,75,0
BRDA:39,0,76,0
BRDA:39,0,77,0
BRDA:39,0,78,0
BRDA:39,0,79,0
BRDA:39,0,80,0
BRDA:39,0,81,0
BRDA:39,0,82,0
BRDA:39,0,83,0
BRDA:39,0,84,0
BRDA:39,0,85,0
BRDA:39,0,86,0
BRDA:39,0,87,0
BRDA:39,0,88,0
BRDA:39,0,89,0
BRDA:39,0,90,0
BRDA:39,0,91,0
BRDA:39,0,92,0
BRDA:39,0,93,0
BRDA:39,0,94,0
BRDA:39,0,95,0
BRDA:39,0,96,0
BRDA:39,0,97,0
BRDA:39,0,98,0
BRDA:39,0,99,0
BRDA:39,0,100,0
BRDA:39,0,101,0
BRDA:39,0,102,0
BRDA:39,0,103,0
BRDA:39,0,104,0
BRDA:39,0,105,0
BRDA:39,0,106,0
BRDA:39,0,107,0
BRDA:39,0,108,0
BRDA:39,0,109,0
BRDA:39,0,110,0
BRDA:39,0,111,0
BRDA:39,0,112,0
BRDA:39,0,113,0
BRDA:39,0,114,0
BRDA:39,0,115,0
BRDA:39,0,116,0
BRDA:39,0,117,0
BRDA:39,0,118,0
BRDA:39,0,119,0
BRDA:39,0,120,0
BRDA:39,0,121,0
BRDA:39,0,122,0
BRDA:39,0,123,0
BRDA:39,0,124,0
BRDA:39,0,125,0
BRDA:39,0,126,0
BRDA:39,0,127,0
DA:40,1
BRDA:40,0,0,0
BRDA:40,0,1,0
BRDA:40,0,2,0
BRDA:40,0,3,0
BRDA:40,0,4,0
BRDA:40,0,5,0
BRDA:40,0,6,0
BRDA:40,0,7,0
BRDA:40,0,8,0
BRDA:40,0,9,0
BRDA:40,0,10,1
BRDA:40,0,11,1
BRDA:40,0,12,0
BRDA:40,0,13,0
BRDA:40,0,14,0
BRDA:40,0,15,0
DA:41,1
BRDA:41,0,0,1
BRDA:41,0,1,0
BRDA:41,0,2,0
BRDA:41,0,3,0
BRDA:41,0,4,0
BRDA:41,0,5,0
BRDA:41,0,6,0
BRDA:41,0,7,0
BRDA:41,0,8,0
BRDA:41,0,9,0
BRDA:41,0,10,0
BRDA:41,0,11,0
BRDA:41,0,12,0
BRDA:41,0,13,0
BRDA:41,0,14,0
BRDA:41,0,15,0
DA:42,0
BRDA:42,0,0,0
BRDA:42,0,1,0
DA:43,0
BRDA:43,0,0,0
BRDA:43,0,1,0
BRDA:43,0,2,0
BRDA:43,0,3,0
BRDA:43,0,4,0
BRDA:43,0,5,0
DA:44,0
BRDA:44,0,0,0
BRDA:44,0,1,0
DA:45,1
BRDA:45,0,0,1
BRDA:45,0,1,0
DA:46,1
BRDA:46,0,0,1
BRDA:46,0,1,0
DA:47,0
BRDA:47,0,0,0
BRDA:47,0,1,0
DA:48,0
BRDA:48,0,0,0
BRDA:48,0,1,0
DA:49,1
BRDA:49,0,0,1
BRDA:49,0,1,0
BRDA:49,0,2,0
BRDA:49,0,3,0
BRDA:49,0,4,0
BRDA:49,0,5,0
DA:50,0
BRDA:50,0,0,0
BRDA:50,0,1,0
BRDA:50,0,2,0
BRDA:50,0,3,0
BRDA:50,0,4,0
BRDA:50,0,5,0
BRDA:50,0,6,0
BRDA:50,0,7,0
BRDA:50,0,8,0
BRDA:50,0,9,0
BRDA:50,0,10,0
BRDA:50,0,11,0
BRDA:50,0,12,0
BRDA:50,0,13,0
BRDA:50,0,14,0
BRDA:50,0,15,0
DA:51,1
BRDA:51,0,0,0
BRDA:51,0,1,0
BRDA:51,0,2,0
BRDA:51,0,3,0
BRDA:51,0,4,0
BRDA:51,0,5,0
BRDA:51,0,6,0
BRDA:51,0,7,0
BRDA:51,0,8,0
BRDA:51,0,9,0
BRDA:51,0,10,1
BRDA:51,0,11,0
BRDA:51,0,12,0
BRDA:51,0,13,0
BRDA:51,0,14,1
BRDA:51,0,15,0
BRDA:51,0,16,1
BRDA:51,0,17,0
BRDA:51,0,18,1
BRDA:51,0,19,0
BRDA:51,0,20,1
BRDA:51,0,21,0
BRDA:51,0,22,0
BRDA:51,0,23,0
BRDA:51,0,24,0
BRDA:51,0,25,0
BRDA:51,0,26,0
BRDA:51,0,27,0
BRDA:51,0,28,0
BRDA:51,0,29,0
BRDA:51,0,30,0
BRDA:51,0,31,0
BRDA:51,0,32,0
BRDA:51,0,33,0
BRDA:51,0,34,0
BRDA:51,0,35,0
BRDA:51,0,36,0
BRDA:51,0,37,0
BRDA:51,0,38,0
BRDA:51,0,39,0
BRDA:51,0,40,0
BRDA:51,0,41,0
BRDA:51,0,42,0
BRDA:51,0,43,0
BRDA:51,0,44,0
BRDA:51,0,45,0
BRDA:51,0,46,0
BRDA:51,0,47,0
BRDA:51,0,48,0
BRDA:51,0,49,0
BRDA:51,0,50,0
BRDA:51,0,51,0
BRDA:51,0,52,0
BRDA:51,0,53,0
BRDA:51,0,54,0
BRDA:51,0,55,0
BRDA:51,0,56,1
BRDA:51,0,57,0
BRDA:51,0,58,0
BRDA:51,0,59,0
BRDA:51,0,60,0
BRDA:51,0,61,0
BRDA:51,0,62,1
BRDA:51,0,63,0
DA:52,1
BRDA:52,0,0,0
BRDA:52,0,1,0
BRDA:52,0,2,1
BRDA:52,0,3,0
BRDA:52,0,4,0
BRDA:52,0,5,0
BRDA:52,0,6,0
BRDA:52,0,7,0
BRDA:52,0,8,0
BRDA:52,0,9,0
BRDA:52,0,10,0
BRDA:52,0,11,0
BRDA:52,0,12,1
BRDA:52,0,13,0
BRDA:52,0,14,0
BRDA:52,0,15,0
BRDA:52,0,16,1
BRDA:52,0,17,0
BRDA:52,0,18,1
BRDA:52,0,19,0
BRDA:52,0,20,1
BRDA:52,0,21,0
BRDA:52,0,22,0
BRDA:52,0,23,0
BRDA:52,0,24,1
BRDA:52,0,25,0
BRDA:52,0,26,0
BRDA:52,0,27,0
BRDA:52,0,28,0
BRDA:52,0,29,0
BRDA:52,0,30,0
BRDA:52,0,31,0
BRDA:52,0,32,0
BRDA:52,0,33,0
BRDA:52,0,34,0
BRDA:52,0,35,0
BRDA:52,0,36,0
BRDA:52,0,37,0
BRDA:52,0,38,0
BRDA:52,0,39,0
BRDA:52,0,40,0
BRDA:52,0,41,0
BRDA:52,0,42,0
BRDA:52,0,43,0
BRDA:52,0,44,0
BRDA:52,0,45,0
BRDA:52,0,46,0
BRDA:52,0,47,0
BRDA:52,0,48,0
BRDA:52,0,49,0
BRDA:52,0,50,0
BRDA:52,0,51,0
BRDA:52,0,52,0
BRDA:52,0,53,0
BRDA:52,0,54,0
BRDA:52,0,55,0
BRDA:52,0,56,0
BRDA:52,0,57,0
BRDA:52,0,58,1
BRDA:52,0,59,0
BRDA:52,0,60,0
BRDA:52,0,61,0
BRDA:52,0,62,0
BRDA:52,0,63,0
DA:53,0
BRDA:53,0,0,0
BRDA:53,0,1,0
BRDA:53,0,2,0
BRDA:53,0,3,0
BRDA:53,0,4,0
BRDA:53,0,5,0
BRDA:53,0,6,0
BRDA:53,0,7,0
BRDA:53,0,8,0
BRDA:53,0,9,0
BRDA:53,0,10,0
BRDA:53,0,11,0
BRDA:53,0,12,0
BRDA:53,0,13,0
BRDA:53,0,14,0
BRDA:53,0,15,0
BRDA:53,0,16,0
BRDA:53,0,17,0
BRDA:53,0,18,0
BRDA:53,0,19,0
BRDA:53,0,20,0
BRDA:53,0,21,0
BRDA:53,0,22,0
BRDA:53,0,23,0
BRDA:53,0,24,0
BRDA:53,0,25,0
BRDA:53,0,26,0
BRDA:53,0,27,0
BRDA:53,0,28,0
BRDA:53,0,29,0
BRDA:53,0,30,0
BRDA:53,0,31,0
DA:54,1
BRDA:54,0,0,1
BRDA:54,0,1,0
BRDA:54,0,2,1
BRDA:54,0,3,0
BRDA:54,0,4,1
BRDA:54,0,5,0
BRDA:54,0,6,1
BRDA:54,0,7,0
BRDA:54,0,8,1
BRDA:54,0,9,0
BRDA:54,0,10,1
BRDA:54,0,11,0
BRDA:54,0,12,1
BRDA:54,0,13,0
BRDA:54,0,14,1
BRDA:54,0,15,0
BRDA:54,0,16,1
BRDA:54,0,17,0
BRDA:54,0,18,1
BRDA:54,0,19,0
BRDA:54,0,20,1
BRDA:54,0,21,0
BRDA:54,0,22,1
BRDA:54,0,23,0
BRDA:54,0,24,1
BRDA:54,0,25,0
BRDA:54,0,26,1
BRDA:54,0,27,0
BRDA:54,0,28,1
BRDA:54,0,29,0
BRDA:54,0,30,1
BRDA:54,0,31,0
DA:55,0
BRDA:55,0,0,0
BRDA:55,0,1,0
BRDA:55,0,2,0
BRDA:55,0,3,0
BRDA:55,0,4,0
BRDA:55,0,5,0
BRDA:55,0,6,0
BRDA:55,0,7,0
BRDA:55,0,8,0
BRDA:55,0,9,0
BRDA:55,0,10,0
BRDA:55,0,11,0
BRDA:55,0,12,0
BRDA:55,0,13,0
BRDA:55,0,14,0
BRDA:55,0,15,0
BRDA:55,0,16,0
BRDA:55,0,17,0
BRDA:55,0,18,0
BRDA:55,0,19,0
BRDA:55,0,20,0
BRDA:55,0,21,0
BRDA:55,0,22,0
BRDA:55,0,23,0
BRDA:55,0,24,0
BRDA:55,0,25,0
BRDA:55,0,26,0
BRDA:55,0,27,0
BRDA:55,0,28,0
BRDA:55,0,29,0
BRDA:55,0,30,0
BRDA:55,0,31,0
DA:56,1
BRDA:56,0,0,1
BRDA:56,0,1,0
BRDA:56,0,2,1
BRDA:56,0,3,0
BRDA:56,0,4,1
BRDA:56,0,5,0
BRDA:56,0,6,1
BRDA:56,0,7,0
BRDA:56,0,8,1
BRDA:56,0,9,0
BRDA:56,0,10,1
BRDA:56,0,11,0
BRDA:56,0,12,1
BRDA:56,0,13,0
BRDA:56,0,14,1
BRDA:56,0,15,0
BRDA:56,0,16,1
BRDA:56,0,17,0
BRDA:56,0,18,1
BRDA:56,0,19,0
BRDA:56,0,20,1
BRDA:56,0,21,0
BRDA:56,0,22,1
BRDA:56,0,23,0
BRDA:56,0,24,1
BRDA:56,0,25,0
BRDA:56,0,26,1
BRDA:56,0,27,0
BRDA:56,0,28,1
BRDA:56,0,29,0
BRDA:56,0,30,1
BRDA:56,0,31,0
DA:57,0
BRDA:57,0,0,0
BRDA:57,0,1,0
BRDA:57,0,2,0
BRDA:57,0,3,0
BRDA:57,0,4,0
BRDA:57,0,5,0
BRDA:57,0,6,0
BRDA:57,0,7,0
BRDA:57,0,8,0
BRDA:57,0,9,0
BRDA:57,0,10,0
BRDA:57,0,11,0
BRDA:57,0,12,0
BRDA:57,0,13,0
BRDA:57,0,14,0
BRDA:57,0,15,0
BRDA:57,0,16,0
BRDA:57,0,17,0
BRDA:57,0,18,0
BRDA:57,0,19,0
BRDA:57,0,20,0
BRDA:57,0,21,0
BRDA:57,0,22,0
BRDA:57,0,23,0
BRDA:57,0,24,0
BRDA:57,0,25,0
BRDA:57,0,26,0
BRDA:57,0,27,0
BRDA:57,0,28,0
BRDA:57,0,29,0
BRDA:57,0,30,0
BRDA:57,0,31,0
DA:58,1
BRDA:58,0,0,1
BRDA:58,0,1,0
BRDA:58,0,2,1
BRDA:58,0,3,0
BRDA:58,0,4,1
BRDA:58,0,5,0
BRDA:58,0,6,1
BRDA:58,0,7,0
BRDA:58,0,8,1
BRDA:58,0,9,0
BRDA:58,0,10,1
BRDA:58,0,11,0
BRDA:58,0,12,1
BRDA:58,0,13,0
BRDA:58,0,14,1
BRDA:58,0,15,0
BRDA:58,0,16,1
BRDA:58,0,17,0
BRDA:58,0,18,1
BRDA:58,0,19,0
BRDA:58,0,20,1
BRDA:58,0,21,0
BRDA:58,0,22,1
BRDA:58,0,23,0
BRDA:58,0,24,1
BRDA:58,0,25,0
BRDA:58,0,26,1
BRDA:58,0,27,0
BRDA:58,0,28,1
BRDA:58,0,29,0
BRDA:58,0,30,1
BRDA:58,0,31,0
DA:59,0
BRDA:59,0,0,0
BRDA:59,0,1,0
BRDA:59,0,2,0
BRDA:59,0,3,0
BRDA:59,0,4,0
BRDA:59,0,5,0
BRDA:59,0,6,0
BRDA:59,0,7,0
BRDA:59,0,8,0
BRDA:59,0,9,0
BRDA:59,0,10,0
BRDA:59,0,11,0
BRDA:59,0,12,0
BRDA:59,0,13,0
BRDA:59,0,14,0
BRDA:59,0,15,0
BRDA:59,0,16,0
BRDA:59,0,17,0
BRDA:59,0,18,0
BRDA:59,0,19,0
BRDA:59,0,20,0
BRDA:59,0,21,0
BRDA:59,0,22,0
BRDA:59,0,23,0
BRDA:59,0,24,0
BRDA:59,0,25,0
BRDA:59,0,26,0
BRDA:59,0,27,0
BRDA:59,0,28,0
BRDA:59,0,29,0
BRDA:59,0,30,0
BRDA:59,0,31,0
DA:60,1
BRDA:60,0,0,1
BRDA:60,0,1,0
BRDA:60,0,2,1
BRDA:60,0,3,0
BRDA:60,0,4,1
BRDA:60,0,5,0
BRDA:60,0,6,1
BRDA:60,0,7,0
BRDA:60,0,8,1
BRDA:60,0,9,0
BRDA:60,0,10,1
BRDA:60,0,11,0
BRDA:60,0,12,1
BRDA:60,0,13,0
BRDA:60,0,14,1
BRDA:60,0,15,0
BRDA:60,0,16,1
BRDA:60,0,17,0
BRDA:60,0,18,1
BRDA:60,0,19,0
BRDA:60,0,20,1
BRDA:60,0,21,0
BRDA:60,0,22,1
BRDA:60,0,23,0
BRDA:60,0,24,1
BRDA:60,0,25,0
BRDA:60,0,26,1
BRDA:60,0,27,0
BRDA:60,0,28,1
BRDA:60,0,29,0
BRDA:60,0,30,1
BRDA:60,0,31,0
DA:61,0
BRDA:61,0,0,0
BRDA:61,0,1,0
BRDA:61,0,2,0
BRDA:61,0,3,0
BRDA:61,0,4,0
BRDA:61,0,5,0
BRDA:61,0,6,0
BRDA:61,0,7,0
DA:62,0
BRDA:62,0,0,0
BRDA:62,0,1,0
BRDA:62,0,2,0
BRDA:62,0,3,0
BRDA:62,0,4,0
BRDA:62,0,5,0
BRDA:62,0,6,0
BRDA:62,0,7,0
BRDA:62,0,8,0
BRDA:62,0,9,0
BRDA:62,0,10,0
BRDA:62,0,11,0
BRDA:62,0,12,0
BRDA:62,0,13,0
BRDA:62,0,14,0
BRDA:62,0,15,0
BRDA:62,0,16,0
BRDA:62,0,17,0
BRDA:62,0,18,0
BRDA:62,0,19,0
BRDA:62,0,20,0
BRDA:62,0,21,0
BRDA:62,0,22,0
BRDA:62,0,23,0
DA:63,0
BRDA:63,0,0,0
BRDA:63,0,1,0
BRDA:63,0,2,0
BRDA:63,0,3,0
BRDA:63,0,4,0
BRDA:63,0,5,0
BRDA:63,0,6,0
BRDA:63,0,7,0
BRDA:63,0,8,0
BRDA:63,0,9,0
BRDA:63,0,10,0
BRDA:63,0,11,0
BRDA:63,0,12,0
BRDA:63,0,13,0
BRDA:63,0,14,0
BRDA:63,0,15,0
BRDA:63,0,16,0
BRDA:63,0,17,0
BRDA:63,0,18,0
BRDA:63,0,19,0
BRDA:63,0,20,0
BRDA:63,0,21,0
BRDA:63,0,22,0
BRDA:63,0,23,0
BRDA:63,0,24,0
BRDA:63,0,25,0
BRDA:63,0,26,0
BRDA:63,0,27,0
BRDA:63,0,28,0
BRDA:63,0,29,0
BRDA:63,0,30,0
BRDA:63,0,31,0
DA:64,0
BRDA:64,0,0,0
BRDA:64,0,1,0
BRDA:64,0,2,0
BRDA:64,0,3,0
BRDA:64,0,4,0
BRDA:64,0,5,0
BRDA:64,0,6,0
BRDA:64,0,7,0
BRDA:64,0,8,0
BRDA:64,0,9,0
BRDA:64,0,10,0
BRDA:64,0,11,0
BRDA:64,0,12,0
BRDA:64,0,13,0
BRDA:64,0,14,0
BRDA:64,0,15,0
BRDA:64,0,16,0
BRDA:64,0,17,0
BRDA:64,0,18,0
BRDA:64,0,19,0
BRDA:64,0,20,0
BRDA:64,0,21,0
BRDA:64,0,22,0
BRDA:64,0,23,0
BRDA:64,0,24,0
BRDA:64,0,25,0
BRDA:64,0,26,0
BRDA:64,0,27,0
BRDA:64,0,28,0
BRDA:64,0,29,0
BRDA:64,0,30,0
BRDA:64,0,31,0
BRDA:64,0,32,0
BRDA:64,0,33,0
BRDA:64,0,34,0
BRDA:64,0,35,0
BRDA:64,0,36,0
BRDA:64,0,37,0
BRDA:64,0,38,0
BRDA:64,0,39,0
BRDA:64,0,40,0
BRDA:64,0,41,0
BRDA:64,0,42,0
BRDA:64,0,43,0
BRDA:64,0,44,0
BRDA:64,0,45,0
BRDA:64,0,46,0
BRDA:64,0,47,0
BRDA:64,0,48,0
BRDA:64,0,49,0
BRDA:64,0,50,0
BRDA:64,0,51,0
BRDA:64,0,52,0
BRDA:64,0,53,0
BRDA:64,0,54,0
BRDA:64,0,55,0
BRDA:64,0,56,0
BRDA:64,0,57,0
BRDA:64,0,58,0
BRDA:64,0,59,0
BRDA:64,0,60,0
BRDA:64,0,61,0
BRDA:64,0,62,0
BRDA:64,0,63,0
DA:65,0
BRDA:65,0,0,0
BRDA:65,0,1,0
BRDA:65,0,2,0
BRDA:65,0,3,0
BRDA:65,0,4,0
BRDA:65,0,5,0
BRDA:65,0,6,0
BRDA:65,0,7,0
BRDA:65,0,8,0
BRDA:65,0,9,0
BRDA:65,0,10,0
BRDA:65,0,11,0
BRDA:65,0,12,0
BRDA:65,0,13,0
BRDA:65,0,14,0
BRDA:65,0,15,0
BRDA:65,0,16,0
BRDA:65,0,17,0
BRDA:65,0,18,0
BRDA:65,0,19,0
BRDA:65,0,20,0
BRDA:65,0,21,0
BRDA:65,0,22,0
BRDA:65,0,23,0
BRDA:65,0,24,0
BRDA:65,0,25,0
BRDA:65,0,26,0
BRDA:65,0,27,0
BRDA:65,0,28,0
BRDA:65,0,29,0
BRDA:65,0,30,0
BRDA:65,0,31,0
BRDA:65,0,32,0
BRDA:65,0,33,0
BRDA:65,0,34,0
BRDA:65,0,35,0
BRDA:65,0,36,0
BRDA:65,0,37,0
BRDA:65,0,38,0
BRDA:65,0,39,0
BRDA:65,0,40,0
BRDA:65,0,41,0
BRDA:65,0,42,0
BRDA:65,0,43,0
BRDA:65,0,44,0
BRDA:65,0,45,0
BRDA:65,0,46,0
BRDA:65,0,47,0
BRDA:65,0,48,0
BRDA:65,0,49,0
BRDA:65,0,50,0
BRDA:65,0,51,0
BRDA:65,0,52,0
BRDA:65,0,53,0
BRDA:65,0,54,0
BRDA:65,0,55,0
BRDA:65,0,56,0
BRDA:65,0,57,0
BRDA:65,0,58,0
BRDA:65,0,59,0
BRDA:65,0,60,0
BRDA:65,0,61,0
BRDA:65,0,62,0
BRDA:65,0,63,0
DA:66,0
BRDA:66,0,0,0
BRDA:66,0,1,0
BRDA:66,0,2,0
BRDA:66,0,3,0
BRDA:66,0,4,0
BRDA:66,0,5,0
BRDA:66,0,6,0
BRDA:66,0,7,0
BRDA:66,0,8,0
BRDA:66,0,9,0
BRDA:66,0,10,0
BRDA:66,0,11,0
BRDA:66,0,12,0
BRDA:66,0,13,0
BRDA:66,0,14,0
BRDA:66,0,15,0
BRDA:66,0,16,0
BRDA:66,0,17,0
BRDA:66,0,18,0
BRDA:66,0,19,0
BRDA:66,0,20,0
BRDA:66,0,21,0
BRDA:66,0,22,0
BRDA:66,0,23,0
BRDA:66,0,24,0
BRDA:66,0,25,0
BRDA:66,0,26,0
BRDA:66,0,27,0
BRDA:66,0,28,0
BRDA:66,0,29,0
BRDA:66,0,30,0
BRDA:66,0,31,0
BRDA:66,0,32,0
BRDA:66,0,33,0
BRDA:66,0,34,0
BRDA:66,0,35,0
BRDA:66,0,36,0
BRDA:66,0,37,0
BRDA:66,0,38,0
BRDA:66,0,39,0
BRDA:66,0,40,0
BRDA:66,0,41,0
BRDA:66,0,42,0
BRDA:66,0,43,0
BRDA:66,0,44,0
BRDA:66,0,45,0
BRDA:66,0,46,0
BRDA:66,0,47,0
BRDA:66,0,48,0
BRDA:66,0,49,0
BRDA:66,0,50,0
BRDA:66,0,51,0
BRDA:66,0,52,0
BRDA:66,0,53,0
BRDA:66,0,54,0
BRDA:66,0,55,0
BRDA:66,0,56,0
BRDA:66,0,57,0
BRDA:66,0,58,0
BRDA:66,0,59,0
BRDA:66,0,60,0
BRDA:66,0,61,0
BRDA:66,0,62,0
BRDA:66,0,63,0
DA:67,1
BRDA:67,0,0,0
BRDA:67,0,1,0
BRDA:67,0,2,0
BRDA:67,0,3,0
BRDA:67,0,4,0
BRDA:67,0,5,0
BRDA:67,0,6,0
BRDA:67,0,7,0
BRDA:67,0,8,0
BRDA:67,0,9,0
BRDA:67,0,10,1
BRDA:67,0,11,1
BRDA:67,0,12,0
BRDA:67,0,13,0
BRDA:67,0,14,0
BRDA:67,0,15,0
DA:68,1
BRDA:68,0,0,1
BRDA:68,0,1,0
BRDA:68,0,2,0
BRDA:68,0,3,0
BRDA:68,0,4,0
BRDA:68,0,5,0
BRDA:68,0,6,0
BRDA:68,0,7,0
BRDA:68,0,8,0
BRDA:68,0,9,0
BRDA:68,0,10,0
BRDA:68,0,11,0
BRDA:68,0,12,0
BRDA:68,0,13,0
BRDA:68,0,14,0
BRDA:68,0,15,0
DA:69,0
BRDA:69,0,0,0
BRDA:69,0,1,0
BRDA:69,0,2,0
BRDA:69,0,3,0
BRDA:69,0,4,0
BRDA:69,0,5,0
BRDA:69,0,6,0
BRDA:69,0,7,0
BRDA:69,0,8,0
BRDA:69,0,9,0
BRDA:69,0,10,0
BRDA:69,0,11,0
BRDA:69,0,12,0
BRDA:69,0,13,0
BRDA:69,0,14,0
BRDA:69,0,15,0
BRDA:69,0,16,0
BRDA:69,0,17,0
BRDA:69,0,18,0
BRDA:69,0,19,0
BRDA:69,0,20,0
BRDA:69,0,21,0
BRDA:69,0,22,0
BRDA:69,0,23,0
BRDA:69,0,24,0
BRDA:69,0,25,0
BRDA:69,0,26,0
BRDA:69,0,27,0
BRDA:69,0,28,0
BRDA:69,0,29,0
BRDA:69,0,30,0
BRDA:69,0,31,0
DA:70,0
BRDA:70,0,0,0
BRDA:70,0,1,0
BRDA:70,0,2,0
BRDA:70,0,3,0
BRDA:70,0,4,0
BRDA:70,0,5,0
BRDA:70,0,6,0
BRDA:70,0,7,0
BRDA:70,0,8,0
BRDA:70,0,9,0
BRDA:70,0,10,0
BRDA:70,0,11,0
BRDA:70,0,12,0
BRDA:70,0,13,0
BRDA:70,0,14,0
BRDA:70,0,15,0
BRDA:70,0,16,0
BRDA:70,0,17,0
BRDA:70,0,18,0
BRDA:70,0,19,0
BRDA:70,0,20,0
BRDA:70,0,21,0
BRDA:70,0,22,0
BRDA:70,0,23,0
BRDA:70,0,24,0
BRDA:70,0,25,0
BRDA:70,0,26,0
BRDA:70,0,27,0
BRDA:70,0,28,0
BRDA:70,0,29,0
BRDA:70,0,30,0
BRDA:70,0,31,0
DA:71,0
BRDA:71,0,0,0
BRDA:71,0,1,0
BRDA:71,0,2,0
BRDA:71,0,3,0
BRDA:71,0,4,0
BRDA:71,0,5,0
BRDA:71,0,6,0
BRDA:71,0,7,0
BRDA:71,0,8,0
BRDA:71,0,9,0
BRDA:71,0,10,0
BRDA:71,0,11,0
BRDA:71,0,12,0
BRDA:71,0,13,0
BRDA:71,0,14,0
BRDA:71,0,15,0
DA:72,0
BRDA:72,0,0,0
BRDA:72,0,1,0
BRDA:72,0,2,0
BRDA:72,0,3,0
BRDA:72,0,4,0
BRDA:72,0,5,0
BRDA:72,0,6,0
BRDA:72,0,7,0
BRDA:72,0,8,0
BRDA:72,0,9,0
BRDA:72,0,10,0
BRDA:72,0,11,0
BRDA:72,0,12,0
BRDA:72,0,13,0
BRDA:72,0,14,0
BRDA:72,0,15,0
DA:73,0
BRDA:73,0,0,0
BRDA:73,0,1,0
BRDA:73,0,2,0
BRDA:73,0,3,0
BRDA:73,0,4,0
BRDA:73,0,5,0
BRDA:73,0,6,0
BRDA:73,0,7,0
BRDA:73,0,8,0
BRDA:73,0,9,0
BRDA:73,0,10,0
BRDA:73,0,11,0
BRDA:73,0,12,0
BRDA:73,0,13,0
BRDA:73,0,14,0
BRDA:73,0,15,0
BRDA:73,0,16,0
BRDA:73,0,17,0
BRDA:73,0,18,0
BRDA:73,0,19,0
BRDA:73,0,20,0
BRDA:73,0,21,0
BRDA:73,0,22,0
BRDA:73,0,23,0
BRDA:73,0,24,0
BRDA:73,0,25,0
BRDA:73,0,26,0
BRDA:73,0,27,0
BRDA:73,0,28,0
BRDA:73,0,29,0
BRDA:73,0,30,0
BRDA:73,0,31,0
BRDA:73,0,32,0
BRDA:73,0,33,0
BRDA:73,0,34,0
BRDA:73,0,35,0
BRDA:73,0,36,0
BRDA:73,0,37,0
BRDA:73,0,38,0
BRDA:73,0,39,0
BRDA:73,0,40,0
BRDA:73,0,41,0
BRDA:73,0,42,0
BRDA:73,0,43,0
BRDA:73,0,44,0
BRDA:73,0,45,0
BRDA:73,0,46,0
BRDA:73,0,47,0
BRDA:73,0,48,0
BRDA:73,0,49,0
BRDA:73,0,50,0
BRDA:73,0,51,0
BRDA:73,0,52,0
BRDA:73,0,53,0
BRDA:73,0,54,0
BRDA:73,0,55,0
BRDA:73,0,56,0
BRDA:73,0,57,0
BRDA:73,0,58,0
BRDA:73,0,59,0
BRDA:73,0,60,0
BRDA:73,0,61,0
BRDA:73,0,62,0
BRDA:73,0,63,0
BRDA:73,0,64,0
BRDA:73,0,65,0
BRDA:73,0,66,0
BRDA:73,0,67,0
BRDA:73,0,68,0
BRDA:73,0,69,0
BRDA:73,0,70,0
BRDA:73,0,71,0
BRDA:73,0,72,0
BRDA:73,0,73,0
BRDA:73,0,74,0
BRDA:73,0,75,0
BRDA:73,0,76,0
BRDA:73,0,77,0
BRDA:73,0,78,0
BRDA:73,0,79,0
BRDA:73,0,80,0
BRDA:73,0,81,0
BRDA:73,0,82,0
BRDA:73,0,83,0
BRDA:73,0,84,0
BRDA:73,0,85,0
BRDA:73,0,86,0
BRDA:73,0,87,0
BRDA:73,0,88,0
BRDA:73,0,89,0
BRDA:73,0,90,0
BRDA:73,0,91,0
BRDA:73,0,92,0
BRDA:73,0,93,0
BRDA:73,0,94,0
BRDA:73,0,95,0
BRDA:73,0,96,0
BRDA:73,0,97,0
BRDA:73,0,98,0
BRDA:73,0,99,0
BRDA:73,0,100,0
BRDA:73,0,101,0
BRDA:73,0,102,0
BRDA:73,0,103,0
BRDA:73,0,104,0
BRDA:73,0,105,0
BRDA:73,0,106,0
BRDA:73,0,107,0
BRDA:73,0,108,0
BRDA:73,0,109,0
BRDA:73,0,110,0
BRDA:73,0,111,0
BRDA:73,0,112,0
BRDA:73,0,113,0
BRDA:73,0,114,0
BRDA:73,0,115,0
BRDA:73,0,116,0
BRDA:73,0,117,0
BRDA:73,0,118,0
BRDA:73,0,119,0
BRDA:73,0,120,0
BRDA:73,0,121,0
BRDA:73,0,122,0
BRDA:73,0,123,0
BRDA:73,0,124,0
BRDA:73,0,125,0
BRDA:73,0,126,0
BRDA:73,0,127,0
BRDA:73,0,128,0
BRDA:73,0,129,0
BRDA:73,0,130,0
BRDA:73,0,131,0
BRDA:73,0,132,0
BRDA:73,0,133,0
BRDA:73,0,134,0
BRDA:73,0,135,0
BRDA:73,0,136,0
BRDA:73,0,137,0
BRDA:73,0,138,0
BRDA:73,0,139,0
BRDA:73,0,140,0
BRDA:73,0,141,0
BRDA:73,0,142,0
BRDA:73,0,143,0
BRDA:73,0,144,0
BRDA:73,0,145,0
BRDA:73,0,146,0
BRDA:73,0,147,0
BRDA:73,0,148,0
BRDA:73,0,149,0
BRDA:73,0,150,0
BRDA:73,0,151,0
BRDA:73,0,152,0
BRDA:73,0,153,0
BRDA:73,0,154,0
BRDA:73,0,155,0
BRDA:73,0,156,0
BRDA:73,0,157,0
BRDA:73,0,158,0
BRDA:73,0,159,0
BRDA:73,0,160,0
BRDA:73,0,161,0
BRDA:73,0,162,0
BRDA:73,0,163,0
BRDA:73,0,164,0
BRDA:73,0,165,0
BRDA:73,0,166,0
BRDA:73,0,167,0
BRDA:73,0,168,0
BRDA:73,0,169,0
BRDA:73,0,170,0
BRDA:73,0,171,0
BRDA:73,0,172,0
BRDA:73,0,173,0
BRDA:73,0,174,0
BRDA:73,0,175,0
BRDA:73,0,176,0
BRDA:73,0,177,0
BRDA:73,0,178,0
BRDA:73,0,179,0
BRDA:73,0,180,0
BRDA:73,0,181,0
BRDA:73,0,182,0
BRDA:73,0,183,0
BRDA:73,0,184,0
BRDA:73,0,185,0
BRDA:73,0,186,0
BRDA:73,0,187,0
BRDA:73,0,188,0
BRDA:73,0,189,0
BRDA:73,0,190,0
BRDA:73,0,191,0
BRDA:73,0,192,0
BRDA:73,0,193,0
BRDA:73,0,194,0
BRDA:73,0,195,0
BRDA:73,0,196,0
BRDA:73,0,197,0
BRDA:73,0,198,0
BRDA:73,0,199,0
BRDA:73,0,200,0
BRDA:73,0,201,0
BRDA:73,0,202,0
BRDA:73,0,203,0
BRDA:73,0,204,0
BRDA:73,0,205,0
BRDA:73,0,206,0
BRDA:73,0,207,0
BRDA:73,0,208,0
BRDA:73,0,209,0
BRDA:73,0,210,0
BRDA:73,0,211,0
BRDA:73,0,212,0
BRDA:73,0,213,0
BRDA:73,0,214,0
BRDA:73,0,215,0
BRDA:73,0,216,0
BRDA:73,0,217,0
BRDA:73,0,218,0
BRDA:73,0,219,0
BRDA:73,0,220,0
BRDA:73,0,221,0
BRDA:73,0,222,0
BRDA:73,0,223,0
BRDA:73,0,224,0
BRDA:73,0,225,0
BRDA:73,0,226,0
BRDA:73,0,227,0
BRDA:73,0,228,0
BRDA:73,0,229,0
BRDA:73,0,230,0
BRDA:73,0,231,0
BRDA:73,0,232,0
BRDA:73,0,233,0
BRDA:73,0,234,0
BRDA:73,0,235,0
BRDA:73,0,236,0
BRDA:73,0,237,0
BRDA:73,0,238,0
BRDA:73,0,239,0
BRDA:73,0,240,0
BRDA:73,0,241,0
BRDA:73,0,242,0
BRDA:73,0,243,0
BRDA:73,0,244,0
BRDA:73,0,245,0
BRDA:73,0,246,0
BRDA:73,0,247,0
BRDA:73,0,248,0
BRDA:73,0,249,0
BRDA:73,0,250,0
BRDA:73,0,251,0
BRDA:73,0,252,0
BRDA:73,0,253,0
BRDA:73,0,254,0
BRDA:73,0,255,0
DA:74,0
BRDA:74,0,0,0
BRDA:74,0,1,0
DA:75,0
BRDA:75,0,0,0
BRDA:75,0,1,0
DA:76,1
BRDA:76,0,0,1
BRDA:76,0,1,0
DA:77,0
BRDA:77,0,0,0
BRDA:77,0,1,0
BRDA:77,0,2,0
BRDA:77,0,3,0
BRDA:77,0,4,0
BRDA:77,0,5,0
BRDA:77,0,6,0
BRDA:77,0,7,0
BRDA:77,0,8,0
BRDA:77,0,9,0
BRDA:77,0,10,0
BRDA:77,0,11,0
BRDA:77,0,12,0
BRDA:77,0,13,0
BRDA:77,0,14,0
BRDA:77,0,15,0
BRDA:77,0,16,0
BRDA:77,0,17,0
BRDA:77,0,18,0
BRDA:77,0,19,0
BRDA:77,0,20,0
BRDA:77,0,21,0
BRDA:77,0,22,0
BRDA:77,0,23,0
BRDA:77,0,24,0
BRDA:77,0,25,0
BRDA:77,0,26,0
BRDA:77,0,27,0
BRDA:77,0,28,0
BRDA:77,0,29,0
BRDA:77,0,30,0
BRDA:77,0,31,0
BRDA:77,0,32,0
BRDA:77,0,33,0
BRDA:77,0,34,0
BRDA:77,0,35,0
BRDA:77,0,36,0
BRDA:77,0,37,0
BRDA:77,0,38,0
BRDA:77,0,39,0
BRDA:77,0,40,0
BRDA:77,0,41,0
BRDA:77,0,42,0
BRDA:77,0,43,0
BRDA:77,0,44,0
BRDA:77,0,45,0
BRDA:77,0,46,0
BRDA:77,0,47,0
BRDA:77,0,48,0
BRDA:77,0,49,0
BRDA:77,0,50,0
BRDA:77,0,51,0
BRDA:77,0,52,0
BRDA:77,0,53,0
BRDA:77,0,54,0
BRDA:77,0,55,0
BRDA:77,0,56,0
BRDA:77,0,57,0
BRDA:77,0,58,0
BRDA:77,0,59,0
BRDA:77,0,60,0
BRDA:77,0,61,0
BRDA:77,0,62,0
BRDA:77,0,63,0
BRDA:77,0,64,0
BRDA:77,0,65,0
BRDA:77,0,66,0
BRDA:77,0,67,0
BRDA:77,0,68,0
BRDA:77,0,69,0
BRDA:77,0,70,0
BRDA:77,0,71,0
BRDA:77,0,72,0
BRDA:77,0,73,0
BRDA:77,0,74,0
BRDA:77,0,75,0
BRDA:77,0,76,0
BRDA:77,0,77,0
BRDA:77,0,78,0
BRDA:77,0,79,0
BRDA:77,0,80,0
BRDA:77,0,81,0
BRDA:77,0,82,0
BRDA:77,0,83,0
BRDA:77,0,84,0
BRDA:77,0,85,0
BRDA:77,0,86,0
BRDA:77,0,87,0
BRDA:77,0,88,0
BRDA:77,0,89,0
BRDA:77,0,90,0
BRDA:77,0,91,0
BRDA:77,0,92,0
BRDA:77,0,93,0
BRDA:77,0,94,0
BRDA:77,0,95,0
BRDA:77,0,96,0
BRDA:77,0,97,0
BRDA:77,0,98,0
BRDA:77,0,99,0
BRDA:77,0,100,0
BRDA:77,0,101,0
BRDA:77,0,102,0
BRDA:77,0,103,0
BRDA:77,0,104,0
BRDA:77,0,105,0
BRDA:77,0,106,0
BRDA:77,0,107,0
BRDA:77,0,108,0
BRDA:77,0,109,0
BRDA:77,0,110,0
BRDA:77,0,111,0
BRDA:77,0,112,0
BRDA:77,0,113,0
BRDA:77,0,114,0
BRDA:77,0,115,0
BRDA:77,0,116,0
BRDA:77,0,117,0
BRDA:77,0,118,0
BRDA:77,0,119,0
BRDA:77,0,120,0
BRDA:77,0,121,0
BRDA:77,0,122,0
BRDA:77,0,123,0
BRDA:77,0,124,0
BRDA:77,0,125,0
BRDA:77,0,126,0
BRDA:77,0,127,0
DA:78,0
BRDA:78,0,0,0
BRDA:78,0,1,0
DA:79,1
BRDA:79,0,0,1
BRDA:79,0,1,1
DA:81,0
BRDA:81,0,0,0
BRDA:81,0,1,0
BRDA:81,0,2,0
BRDA:81,0,3,0
BRDA:81,0,4,0
BRDA:81,0,5,0
BRDA:81,0,6,0
BRDA:81,0,7,0
BRDA:81,0,8,0
BRDA:81,0,9,0
BRDA:81,0,10,0
BRDA:81,0,11,0
BRDA:81,0,12,0
BRDA:81,0,13,0
BRDA:81,0,14,0
BRDA:81,0,15,0
BRDA:81,0,16,0
BRDA:81,0,17,0
BRDA:81,0,18,0
BRDA:81,0,19,0
BRDA:81,0,20,0
BRDA:81,0,21,0
BRDA:81,0,22,0
BRDA:81,0,23,0
BRDA:81,0,24,0
BRDA:81,0,25,0
BRDA:81,0,26,0
BRDA:81,0,27,0
BRDA:81,0,28,0
BRDA:81,0,29,0
BRDA:81,0,30,0
BRDA:81,0,31,0
BRDA:81,0,32,0
BRDA:81,0,33,0
BRDA:81,0,34,0
BRDA:81,0,35,0
BRDA:81,0,36,0
BRDA:81,0,37,0
BRDA:81,0,38,0
BRDA:81,0,39,0
BRDA:81,0,40,0
BRDA:81,0,41,0
BRDA:81,0,42,0
BRDA:81,0,43,0
BRDA:81,0,44,0
BRDA:81,0,45,0
BRDA:81,0,46,0
BRDA:81,0,47,0
BRDA:81,0,48,0
BRDA:81,0,49,0
BRDA:81,0,50,0
BRDA:81,0,51,0
BRDA:81,0,52,0
BRDA:81,0,53,0
BRDA:81,0,54,0
BRDA:81,0,55,0
BRDA:81,0,56,0
BRDA:81,0,57,0
BRDA:81,0,58,0
BRDA:81,0,59,0
BRDA:81,0,60,0
BRDA:81,0,61,0
BRDA:81,0,62,0
BRDA:81,0,63,0
BRDA:81,0,64,0
BRDA:81,0,65,0
BRDA:81,0,66,0
BRDA:81,0,67,0
BRDA:81,0,68,0
BRDA:81,0,69,0
BRDA:81,0,70,0
BRDA:81,0,71,0
BRDA:81,0,72,0
BRDA:81,0,73,0
BRDA:81,0,74,0
BRDA:81,0,75,0
BRDA:81,0,76,0
BRDA:81,0,77,0
BRDA:81,0,78,0
BRDA:81,0,79,0
BRDA:81,0,80,0
BRDA:81,0,81,0
BRDA:81,0,82,0
BRDA:81,0,83,0
BRDA:81,0,84,0
BRDA:81,0,85,0
BRDA:81,0,86,0
BRDA:81,0,87,0
BRDA:81,0,88,0
BRDA:81,0,89,0
BRDA:81,0,90,0
BRDA:81,0,91,0
BRDA:81,0,92,0
BRDA:81,0,93,0
BRDA:81,0,94,0
BRDA:81,0,95,0
BRDA:81,0,96,0
BRDA:81,0,97,0
BRDA:81,0,98,0
BRDA:81,0,99,0
BRDA:81,0,100,0
BRDA:81,0,101,0
BRDA:81,0,102,0
BRDA:81,0,103,0
BRDA:81,0,104,0
BRDA:81,0,105,0
BRDA:81,0,106,0
BRDA:81,0,107,0
BRDA:81,0,108,0
BRDA:81,0,109,0
BRDA:81,0,110,0
BRDA:81,0,111,0
BRDA:81,0,112,0
BRDA:81,0,113,0
BRDA:81,0,114,0
BRDA:81,0,115,0
BRDA:81,0,116,0
BRDA:81,0,117,0
BRDA:81,0,118,0
BRDA:81,0,119,0
BRDA:81,0,120,0
BRDA:81,0,121,0
BRDA:81,0,122,0
BRDA:81,0,123,0
BRDA:81,0,124,0
BRDA:81,0,125,0
BRDA:81,0,126,0
BRDA:81,0,127,0
DA:82,1
BRDA:82,0,0,1
BRDA:82,0,1,0
DA:83,0
BRDA:83,0,0,0
BRDA:83,0,1,0
DA:84,0
BRDA:84,0,0,0
BRDA:84,0,1,0
BRDA:84,0,2,0
BRDA:84,0,3,0
BRDA:84,0,4,0
BRDA:84,0,5,0
BRDA:84,0,6,0
BRDA:84,0,7,0
BRDA:84,0,8,0
BRDA:84,0,9,0
BRDA:84,0,10,0
BRDA:84,0,11,0
BRDA:84,0,12,0
BRDA:84,0,13,0
BRDA:84,0,14,0
BRDA:84,0,15,0
BRDA:84,0,16,0
BRDA:84,0,17,0
BRDA:84,0,18,0
BRDA:84,0,19,0
BRDA:84,0,20,0
BRDA:84,0,21,0
BRDA:84,0,22,0
BRDA:84,0,23,0
BRDA:84,0,24,0
BRDA:84,0,25,0
BRDA:84,0,26,0
BRDA:84,0,27,0
BRDA:84,0,28,0
BRDA:84,0,29,0
BRDA:84,0,30,0
BRDA:84,0,31,0
BRDA:84,0,32,0
BRDA:84,0,33,0
BRDA:84,0,34,0
BRDA:84,0,35,0
BRDA:84,0,36,0
BRDA:84,0,37,0
BRDA:84,0,38,0
BRDA:84,0,39,0
BRDA:84,0,40,0
BRDA:84,0,41,0
BRDA:84,0,42,0
BRDA:84,0,43,0
BRDA:84,0,44,0
BRDA:84,0,45,0
BRDA:84,0,46,0
BRDA:84,0,47,0
BRDA:84,0,48,0
BRDA:84,0,49,0
BRDA:84,0,50,0
BRDA:84,0,51,0
BRDA:84,0,52,0
BRDA:84,0,53,0
BRDA:84,0,54,0
BRDA:84,0,55,0
BRDA:84,0,56,0
BRDA:84,0,57,0
BRDA:84,0,58,0
BRDA:84,0,59,0
BRDA:84,0,60,0
BRDA:84,0,61,0
BRDA:84,0,62,0
BRDA:84,0,63,0
BRDA:84,0,64,0
BRDA:84,0,65,0
BRDA:84,0,66,0
BRDA:84,0,67,0
BRDA:84,0,68,0
BRDA:84,0,69,0
BRDA:84,0,70,0
BRDA:84,0,71,0
BRDA:84,0,72,0
BRDA:84,0,73,0
BRDA:84,0,74,0
BRDA:84,0,75,0
BRDA:84,0,76,0
BRDA:84,0,77,0
BRDA:84,0,78,0
BRDA:84,0,79,0
BRDA:84,0,80,0
BRDA:84,0,81,0
BRDA:84,0,82,0
BRDA:84,0,83,0
BRDA:84,0,84,0
BRDA:84,0,85,0
BRDA:84,0,86,0
BRDA:84,0,87,0
BRDA:84,0,88,0
BRDA:84,0,89,0
BRDA:84,0,90,0
BRDA:84,0,91,0
BRDA:84,0,92,0
BRDA:84,0,93,0
BRDA:84,0,94,0
BRDA:84,0,95,0
BRDA:84,0,96,0
BRDA:84,0,97,0
BRDA:84,0,98,0
BRDA:84,0,99,0
BRDA:84,0,100,0
BRDA:84,0,101,0
BRDA:84,0,102,0
BRDA:84,0,103,0
BRDA:84,0,104,0
BRDA:84,0,105,0
BRDA:84,0,106,0
BRDA:84,0,107,0
BRDA:84,0,108,0
BRDA:84,0,109,0
BRDA:84,0,110,0
BRDA:84,0,111,0
BRDA:84,0,112,0
BRDA:84,0,113,0
BRDA:84,0,114,0
BRDA:84,0,115,0
BRDA:84,0,116,0
BRDA:84,0,117,0
BRDA:84,0,118,0
BRDA:84,0,119,0
BRDA:84,0,120,0
BRDA:84,0,121,0
BRDA:84,0,122,0
BRDA:84,0,123,0
BRDA:84,0,124,0
BRDA:84,0,125,0
BRDA:84,0,126,0
BRDA:84,0,127,0
DA:85,0
BRDA:85,0,0,0
BRDA:85,0,1,0
BRF:2422
BRH:2
end_of_record
SF:../../handoff/rtl/adaptive_aero_control_top_actuator.v
DA:22,26
BRDA:22,0,0,26
BRDA:22,0,1,25
DA:23,1
BRDA:23,0,0,1
BRDA:23,0,1,1
DA:24,0
BRDA:24,0,0,0
BRDA:24,0,1,0
DA:25,0
BRDA:25,0,0,0
BRDA:25,0,1,0
BRDA:25,0,2,0
BRDA:25,0,3,0
BRDA:25,0,4,0
BRDA:25,0,5,0
BRDA:25,0,6,0
BRDA:25,0,7,0
BRDA:25,0,8,0
BRDA:25,0,9,0
BRDA:25,0,10,0
BRDA:25,0,11,0
BRDA:25,0,12,0
BRDA:25,0,13,0
BRDA:25,0,14,0
BRDA:25,0,15,0
BRDA:25,0,16,0
BRDA:25,0,17,0
BRDA:25,0,18,0
BRDA:25,0,19,0
BRDA:25,0,20,0
BRDA:25,0,21,0
BRDA:25,0,22,0
BRDA:25,0,23,0
BRDA:25,0,24,0
BRDA:25,0,25,0
BRDA:25,0,26,0
BRDA:25,0,27,0
BRDA:25,0,28,0
BRDA:25,0,29,0
BRDA:25,0,30,0
BRDA:25,0,31,0
DA:26,1
BRDA:26,0,0,1
BRDA:26,0,1,0
BRDA:26,0,2,1
BRDA:26,0,3,0
BRDA:26,0,4,1
BRDA:26,0,5,0
BRDA:26,0,6,1
BRDA:26,0,7,0
BRDA:26,0,8,1
BRDA:26,0,9,0
BRDA:26,0,10,1
BRDA:26,0,11,0
BRDA:26,0,12,1
BRDA:26,0,13,0
BRDA:26,0,14,1
BRDA:26,0,15,0
BRDA:26,0,16,1
BRDA:26,0,17,0
BRDA:26,0,18,1
BRDA:26,0,19,0
BRDA:26,0,20,1
BRDA:26,0,21,0
BRDA:26,0,22,1
BRDA:26,0,23,0
BRDA:26,0,24,1
BRDA:26,0,25,0
BRDA:26,0,26,1
BRDA:26,0,27,0
BRDA:26,0,28,1
BRDA:26,0,29,0
BRDA:26,0,30,1
BRDA:26,0,31,0
DA:27,0
BRDA:27,0,0,0
BRDA:27,0,1,0
BRDA:27,0,2,0
BRDA:27,0,3,0
BRDA:27,0,4,0
BRDA:27,0,5,0
BRDA:27,0,6,0
BRDA:27,0,7,0
BRDA:27,0,8,0
BRDA:27,0,9,0
BRDA:27,0,10,0
BRDA:27,0,11,0
BRDA:27,0,12,0
BRDA:27,0,13,0
BRDA:27,0,14,0
BRDA:27,0,15,0
BRDA:27,0,16,0
BRDA:27,0,17,0
BRDA:27,0,18,0
BRDA:27,0,19,0
BRDA:27,0,20,0
BRDA:27,0,21,0
BRDA:27,0,22,0
BRDA:27,0,23,0
BRDA:27,0,24,0
BRDA:27,0,25,0
BRDA:27,0,26,0
BRDA:27,0,27,0
BRDA:27,0,28,0
BRDA:27,0,29,0
BRDA:27,0,30,0
BRDA:27,0,31,0
DA:28,1
BRDA:28,0,0,1
BRDA:28,0,1,0
BRDA:28,0,2,1
BRDA:28,0,3,0
BRDA:28,0,4,1
BRDA:28,0,5,0
BRDA:28,0,6,1
BRDA:28,0,7,0
BRDA:28,0,8,1
BRDA:28,0,9,0
BRDA:28,0,10,1
BRDA:28,0,11,0
BRDA:28,0,12,1
BRDA:28,0,13,0
BRDA:28,0,14,1
BRDA:28,0,15,0
BRDA:28,0,16,1
BRDA:28,0,17,0
BRDA:28,0,18,1
BRDA:28,0,19,0
BRDA:28,0,20,1
BRDA:28,0,21,0
BRDA:28,0,22,1
BRDA:28,0,23,0
BRDA:28,0,24,1
BRDA:28,0,25,0
BRDA:28,0,26,1
BRDA:28,0,27,0
BRDA:28,0,28,1
BRDA:28,0,29,0
BRDA:28,0,30,1
BRDA:28,0,31,0
DA:29,0
BRDA:29,0,0,0
BRDA:29,0,1,0
BRDA:29,0,2,0
BRDA:29,0,3,0
BRDA:29,0,4,0
BRDA:29,0,5,0
BRDA:29,0,6,0
BRDA:29,0,7,0
BRDA:29,0,8,0
BRDA:29,0,9,0
BRDA:29,0,10,0
BRDA:29,0,11,0
BRDA:29,0,12,0
BRDA:29,0,13,0
BRDA:29,0,14,0
BRDA:29,0,15,0
BRDA:29,0,16,0
BRDA:29,0,17,0
BRDA:29,0,18,0
BRDA:29,0,19,0
BRDA:29,0,20,0
BRDA:29,0,21,0
BRDA:29,0,22,0
BRDA:29,0,23,0
BRDA:29,0,24,0
BRDA:29,0,25,0
BRDA:29,0,26,0
BRDA:29,0,27,0
BRDA:29,0,28,0
BRDA:29,0,29,0
BRDA:29,0,30,0
BRDA:29,0,31,0
DA:30,1
BRDA:30,0,0,1
BRDA:30,0,1,0
BRDA:30,0,2,1
BRDA:30,0,3,0
BRDA:30,0,4,1
BRDA:30,0,5,0
BRDA:30,0,6,1
BRDA:30,0,7,0
BRDA:30,0,8,1
BRDA:30,0,9,0
BRDA:30,0,10,1
BRDA:30,0,11,0
BRDA:30,0,12,1
BRDA:30,0,13,0
BRDA:30,0,14,1
BRDA:30,0,15,0
BRDA:30,0,16,1
BRDA:30,0,17,0
BRDA:30,0,18,1
BRDA:30,0,19,0
BRDA:30,0,20,1
BRDA:30,0,21,0
BRDA:30,0,22,1
BRDA:30,0,23,0
BRDA:30,0,24,1
BRDA:30,0,25,0
BRDA:30,0,26,1
BRDA:30,0,27,0
BRDA:30,0,28,1
BRDA:30,0,29,0
BRDA:30,0,30,1
BRDA:30,0,31,0
DA:31,0
BRDA:31,0,0,0
BRDA:31,0,1,0
BRDA:31,0,2,0
BRDA:31,0,3,0
BRDA:31,0,4,0
BRDA:31,0,5,0
BRDA:31,0,6,0
BRDA:31,0,7,0
BRDA:31,0,8,0
BRDA:31,0,9,0
BRDA:31,0,10,0
BRDA:31,0,11,0
BRDA:31,0,12,0
BRDA:31,0,13,0
BRDA:31,0,14,0
BRDA:31,0,15,0
BRDA:31,0,16,0
BRDA:31,0,17,0
BRDA:31,0,18,0
BRDA:31,0,19,0
BRDA:31,0,20,0
BRDA:31,0,21,0
BRDA:31,0,22,0
BRDA:31,0,23,0
BRDA:31,0,24,0
BRDA:31,0,25,0
BRDA:31,0,26,0
BRDA:31,0,27,0
BRDA:31,0,28,0
BRDA:31,0,29,0
BRDA:31,0,30,0
BRDA:31,0,31,0
DA:32,1
BRDA:32,0,0,1
BRDA:32,0,1,0
BRDA:32,0,2,1
BRDA:32,0,3,0
BRDA:32,0,4,1
BRDA:32,0,5,0
BRDA:32,0,6,1
BRDA:32,0,7,0
BRDA:32,0,8,1
BRDA:32,0,9,0
BRDA:32,0,10,1
BRDA:32,0,11,0
BRDA:32,0,12,1
BRDA:32,0,13,0
BRDA:32,0,14,1
BRDA:32,0,15,0
BRDA:32,0,16,1
BRDA:32,0,17,0
BRDA:32,0,18,1
BRDA:32,0,19,0
BRDA:32,0,20,1
BRDA:32,0,21,0
BRDA:32,0,22,1
BRDA:32,0,23,0
BRDA:32,0,24,1
BRDA:32,0,25,0
BRDA:32,0,26,1
BRDA:32,0,27,0
BRDA:32,0,28,1
BRDA:32,0,29,0
BRDA:32,0,30,1
BRDA:32,0,31,0
DA:33,1
BRDA:33,0,0,1
BRDA:33,0,1,1
DA:34,0
BRDA:34,0,0,0
BRDA:34,0,1,0
DA:35,1
BRDA:35,0,0,1
BRDA:35,0,1,1
DA:36,0
BRDA:36,0,0,0
BRDA:36,0,1,0
BRDA:36,0,2,0
BRDA:36,0,3,0
BRDA:36,0,4,0
BRDA:36,0,5,0
BRDA:36,0,6,0
BRDA:36,0,7,0
BRDA:36,0,8,0
BRDA:36,0,9,0
BRDA:36,0,10,0
BRDA:36,0,11,0
BRDA:36,0,12,0
BRDA:36,0,13,0
BRDA:36,0,14,0
BRDA:36,0,15,0
BRDA:36,0,16,0
BRDA:36,0,17,0
BRDA:36,0,18,0
BRDA:36,0,19,0
BRDA:36,0,20,0
BRDA:36,0,21,0
BRDA:36,0,22,0
BRDA:36,0,23,0
BRDA:36,0,24,0
BRDA:36,0,25,0
BRDA:36,0,26,0
BRDA:36,0,27,0
BRDA:36,0,28,0
BRDA:36,0,29,0
BRDA:36,0,30,0
BRDA:36,0,31,0
BRDA:36,0,32,0
BRDA:36,0,33,0
BRDA:36,0,34,0
BRDA:36,0,35,0
BRDA:36,0,36,0
BRDA:36,0,37,0
BRDA:36,0,38,0
BRDA:36,0,39,0
BRDA:36,0,40,0
BRDA:36,0,41,0
BRDA:36,0,42,0
BRDA:36,0,43,0
BRDA:36,0,44,0
BRDA:36,0,45,0
BRDA:36,0,46,0
BRDA:36,0,47,0
BRDA:36,0,48,0
BRDA:36,0,49,0
BRDA:36,0,50,0
BRDA:36,0,51,0
BRDA:36,0,52,0
BRDA:36,0,53,0
BRDA:36,0,54,0
BRDA:36,0,55,0
BRDA:36,0,56,0
BRDA:36,0,57,0
BRDA:36,0,58,0
BRDA:36,0,59,0
BRDA:36,0,60,0
BRDA:36,0,61,0
BRDA:36,0,62,0
BRDA:36,0,63,0
BRDA:36,0,64,0
BRDA:36,0,65,0
BRDA:36,0,66,0
BRDA:36,0,67,0
BRDA:36,0,68,0
BRDA:36,0,69,0
BRDA:36,0,70,0
BRDA:36,0,71,0
BRDA:36,0,72,0
BRDA:36,0,73,0
BRDA:36,0,74,0
BRDA:36,0,75,0
BRDA:36,0,76,0
BRDA:36,0,77,0
BRDA:36,0,78,0
BRDA:36,0,79,0
BRDA:36,0,80,0
BRDA:36,0,81,0
BRDA:36,0,82,0
BRDA:36,0,83,0
BRDA:36,0,84,0
BRDA:36,0,85,0
BRDA:36,0,86,0
BRDA:36,0,87,0
BRDA:36,0,88,0
BRDA:36,0,89,0
BRDA:36,0,90,0
BRDA:36,0,91,0
BRDA:36,0,92,0
BRDA:36,0,93,0
BRDA:36,0,94,0
BRDA:36,0,95,0
BRDA:36,0,96,0
BRDA:36,0,97,0
BRDA:36,0,98,0
BRDA:36,0,99,0
BRDA:36,0,100,0
BRDA:36,0,101,0
BRDA:36,0,102,0
BRDA:36,0,103,0
BRDA:36,0,104,0
BRDA:36,0,105,0
BRDA:36,0,106,0
BRDA:36,0,107,0
BRDA:36,0,108,0
BRDA:36,0,109,0
BRDA:36,0,110,0
BRDA:36,0,111,0
BRDA:36,0,112,0
BRDA:36,0,113,0
BRDA:36,0,114,0
BRDA:36,0,115,0
BRDA:36,0,116,0
BRDA:36,0,117,0
BRDA:36,0,118,0
BRDA:36,0,119,0
BRDA:36,0,120,0
BRDA:36,0,121,0
BRDA:36,0,122,0
BRDA:36,0,123,0
BRDA:36,0,124,0
BRDA:36,0,125,0
BRDA:36,0,126,0
BRDA:36,0,127,0
DA:37,1
BRDA:37,0,0,1
BRDA:37,0,1,0
DA:38,0
BRDA:38,0,0,0
BRDA:38,0,1,0
DA:39,0
BRDA:39,0,0,0
BRDA:39,0,1,0
BRDA:39,0,2,0
BRDA:39,0,3,0
BRDA:39,0,4,0
BRDA:39,0,5,0
BRDA:39,0,6,0
BRDA:39,0,7,0
BRDA:39,0,8,0
BRDA:39,0,9,0
BRDA:39,0,10,0
BRDA:39,0,11,0
BRDA:39,0,12,0
BRDA:39,0,13,0
BRDA:39,0,14,0
BRDA:39,0,15,0
BRDA:39,0,16,0
BRDA:39,0,17,0
BRDA:39,0,18,0
BRDA:39,0,19,0
BRDA:39,0,20,0
BRDA:39,0,21,0
BRDA:39,0,22,0
BRDA:39,0,23,0
BRDA:39,0,24,0
BRDA:39,0,25,0
BRDA:39,0,26,0
BRDA:39,0,27,0
BRDA:39,0,28,0
BRDA:39,0,29,0
BRDA:39,0,30,0
BRDA:39,0,31,0
BRDA:39,0,32,0
BRDA:39,0,33,0
BRDA:39,0,34,0
BRDA:39,0,35,0
BRDA:39,0,36,0
BRDA:39,0,37,0
BRDA:39,0,38,0
BRDA:39,0,39,0
BRDA:39,0,40,0
BRDA:39,0,41,0
BRDA:39,0,42,0
BRDA:39,0,43,0
BRDA:39,0,44,0
BRDA:39,0,45,0
BRDA:39,0,46,0
BRDA:39,0,47,0
BRDA:39,0,48,0
BRDA:39,0,49,0
BRDA:39,0,50,0
BRDA:39,0,51,0
BRDA:39,0,52,0
BRDA:39,0,53,0
BRDA:39,0,54,0
BRDA:39,0,55,0
BRDA:39,0,56,0
BRDA:39,0,57,0
BRDA:39,0,58,0
BRDA:39,0,59,0
BRDA:39,0,60,0
BRDA:39,0,61,0
BRDA:39,0,62,0
BRDA:39,0,63,0
BRDA:39,0,64,0
BRDA:39,0,65,0
BRDA:39,0,66,0
BRDA:39,0,67,0
BRDA:39,0,68,0
BRDA:39,0,69,0
BRDA:39,0,70,0
BRDA:39,0,71,0
BRDA:39,0,72,0
BRDA:39,0,73,0
BRDA:39,0,74,0
BRDA:39,0,75,0
BRDA:39,0,76,0
BRDA:39,0,77,0
BRDA:39,0,78,0
BRDA:39,0,79,0
BRDA:39,0,80,0
BRDA:39,0,81,0
BRDA:39,0,82,0
BRDA:39,0,83,0
BRDA:39,0,84,0
BRDA:39,0,85,0
BRDA:39,0,86,0
BRDA:39,0,87,0
BRDA:39,0,88,0
BRDA:39,0,89,0
BRDA:39,0,90,0
BRDA:39,0,91,0
BRDA:39,0,92,0
BRDA:39,0,93,0
BRDA:39,0,94,0
BRDA:39,0,95,0
BRDA:39,0,96,0
BRDA:39,0,97,0
BRDA:39,0,98,0
BRDA:39,0,99,0
BRDA:39,0,100,0
BRDA:39,0,101,0
BRDA:39,0,102,0
BRDA:39,0,103,0
BRDA:39,0,104,0
BRDA:39,0,105,0
BRDA:39,0,106,0
BRDA:39,0,107,0
BRDA:39,0,108,0
BRDA:39,0,109,0
BRDA:39,0,110,0
BRDA:39,0,111,0
BRDA:39,0,112,0
BRDA:39,0,113,0
BRDA:39,0,114,0
BRDA:39,0,115,0
BRDA:39,0,116,0
BRDA:39,0,117,0
BRDA:39,0,118,0
BRDA:39,0,119,0
BRDA:39,0,120,0
BRDA:39,0,121,0
BRDA:39,0,122,0
BRDA:39,0,123,0
BRDA:39,0,124,0
BRDA:39,0,125,0
BRDA:39,0,126,0
BRDA:39,0,127,0
DA:40,0
BRDA:40,0,0,0
BRDA:40,0,1,0
BRDA:40,0,2,0
BRDA:40,0,3,0
BRDA:40,0,4,0
BRDA:40,0,5,0
BRDA:40,0,6,0
BRDA:40,0,7,0
BRDA:40,0,8,0
BRDA:40,0,9,0
BRDA:40,0,10,0
BRDA:40,0,11,0
BRDA:40,0,12,0
BRDA:40,0,13,0
BRDA:40,0,14,0
BRDA:40,0,15,0
BRDA:40,0,16,0
BRDA:40,0,17,0
BRDA:40,0,18,0
BRDA:40,0,19,0
BRDA:40,0,20,0
BRDA:40,0,21,0
BRDA:40,0,22,0
BRDA:40,0,23,0
BRDA:40,0,24,0
BRDA:40,0,25,0
BRDA:40,0,26,0
BRDA:40,0,27,0
BRDA:40,0,28,0
BRDA:40,0,29,0
BRDA:40,0,30,0
BRDA:40,0,31,0
BRDA:40,0,32,0
BRDA:40,0,33,0
BRDA:40,0,34,0
BRDA:40,0,35,0
BRDA:40,0,36,0
BRDA:40,0,37,0
BRDA:40,0,38,0
BRDA:40,0,39,0
BRDA:40,0,40,0
BRDA:40,0,41,0
BRDA:40,0,42,0
BRDA:40,0,43,0
BRDA:40,0,44,0
BRDA:40,0,45,0
BRDA:40,0,46,0
BRDA:40,0,47,0
BRDA:40,0,48,0
BRDA:40,0,49,0
BRDA:40,0,50,0
BRDA:40,0,51,0
BRDA:40,0,52,0
BRDA:40,0,53,0
BRDA:40,0,54,0
BRDA:40,0,55,0
BRDA:40,0,56,0
BRDA:40,0,57,0
BRDA:40,0,58,0
BRDA:40,0,59,0
BRDA:40,0,60,0
BRDA:40,0,61,0
BRDA:40,0,62,0
BRDA:40,0,63,0
BRDA:40,0,64,0
BRDA:40,0,65,0
BRDA:40,0,66,0
BRDA:40,0,67,0
BRDA:40,0,68,0
BRDA:40,0,69,0
BRDA:40,0,70,0
BRDA:40,0,71,0
BRDA:40,0,72,0
BRDA:40,0,73,0
BRDA:40,0,74,0
BRDA:40,0,75,0
BRDA:40,0,76,0
BRDA:40,0,77,0
BRDA:40,0,78,0
BRDA:40,0,79,0
BRDA:40,0,80,0
BRDA:40,0,81,0
BRDA:40,0,82,0
BRDA:40,0,83,0
BRDA:40,0,84,0
BRDA:40,0,85,0
BRDA:40,0,86,0
BRDA:40,0,87,0
BRDA:40,0,88,0
BRDA:40,0,89,0
BRDA:40,0,90,0
BRDA:40,0,91,0
BRDA:40,0,92,0
BRDA:40,0,93,0
BRDA:40,0,94,0
BRDA:40,0,95,0
BRDA:40,0,96,0
BRDA:40,0,97,0
BRDA:40,0,98,0
BRDA:40,0,99,0
BRDA:40,0,100,0
BRDA:40,0,101,0
BRDA:40,0,102,0
BRDA:40,0,103,0
BRDA:40,0,104,0
BRDA:40,0,105,0
BRDA:40,0,106,0
BRDA:40,0,107,0
BRDA:40,0,108,0
BRDA:40,0,109,0
BRDA:40,0,110,0
BRDA:40,0,111,0
BRDA:40,0,112,0
BRDA:40,0,113,0
BRDA:40,0,114,0
BRDA:40,0,115,0
BRDA:40,0,116,0
BRDA:40,0,117,0
BRDA:40,0,118,0
BRDA:40,0,119,0
BRDA:40,0,120,0
BRDA:40,0,121,0
BRDA:40,0,122,0
BRDA:40,0,123,0
BRDA:40,0,124,0
BRDA:40,0,125,0
BRDA:40,0,126,0
BRDA:40,0,127,0
DA:41,0
BRDA:41,0,0,0
BRDA:41,0,1,0
BRDA:41,0,2,0
BRDA:41,0,3,0
BRDA:41,0,4,0
BRDA:41,0,5,0
BRDA:41,0,6,0
BRDA:41,0,7,0
BRDA:41,0,8,0
BRDA:41,0,9,0
BRDA:41,0,10,0
BRDA:41,0,11,0
BRDA:41,0,12,0
BRDA:41,0,13,0
BRDA:41,0,14,0
BRDA:41,0,15,0
BRDA:41,0,16,0
BRDA:41,0,17,0
BRDA:41,0,18,0
BRDA:41,0,19,0
BRDA:41,0,20,0
BRDA:41,0,21,0
BRDA:41,0,22,0
BRDA:41,0,23,0
BRDA:41,0,24,0
BRDA:41,0,25,0
BRDA:41,0,26,0
BRDA:41,0,27,0
BRDA:41,0,28,0
BRDA:41,0,29,0
BRDA:41,0,30,0
BRDA:41,0,31,0
BRDA:41,0,32,0
BRDA:41,0,33,0
BRDA:41,0,34,0
BRDA:41,0,35,0
BRDA:41,0,36,0
BRDA:41,0,37,0
BRDA:41,0,38,0
BRDA:41,0,39,0
BRDA:41,0,40,0
BRDA:41,0,41,0
BRDA:41,0,42,0
BRDA:41,0,43,0
BRDA:41,0,44,0
BRDA:41,0,45,0
BRDA:41,0,46,0
BRDA:41,0,47,0
BRDA:41,0,48,0
BRDA:41,0,49,0
BRDA:41,0,50,0
BRDA:41,0,51,0
BRDA:41,0,52,0
BRDA:41,0,53,0
BRDA:41,0,54,0
BRDA:41,0,55,0
BRDA:41,0,56,0
BRDA:41,0,57,0
BRDA:41,0,58,0
BRDA:41,0,59,0
BRDA:41,0,60,0
BRDA:41,0,61,0
BRDA:41,0,62,0
BRDA:41,0,63,0
BRDA:41,0,64,0
BRDA:41,0,65,0
BRDA:41,0,66,0
BRDA:41,0,67,0
BRDA:41,0,68,0
BRDA:41,0,69,0
BRDA:41,0,70,0
BRDA:41,0,71,0
BRDA:41,0,72,0
BRDA:41,0,73,0
BRDA:41,0,74,0
BRDA:41,0,75,0
BRDA:41,0,76,0
BRDA:41,0,77,0
BRDA:41,0,78,0
BRDA:41,0,79,0
BRDA:41,0,80,0
BRDA:41,0,81,0
BRDA:41,0,82,0
BRDA:41,0,83,0
BRDA:41,0,84,0
BRDA:41,0,85,0
BRDA:41,0,86,0
BRDA:41,0,87,0
BRDA:41,0,88,0
BRDA:41,0,89,0
BRDA:41,0,90,0
BRDA:41,0,91,0
BRDA:41,0,92,0
BRDA:41,0,93,0
BRDA:41,0,94,0
BRDA:41,0,95,0
BRDA:41,0,96,0
BRDA:41,0,97,0
BRDA:41,0,98,0
BRDA:41,0,99,0
BRDA:41,0,100,0
BRDA:41,0,101,0
BRDA:41,0,102,0
BRDA:41,0,103,0
BRDA:41,0,104,0
BRDA:41,0,105,0
BRDA:41,0,106,0
BRDA:41,0,107,0
BRDA:41,0,108,0
BRDA:41,0,109,0
BRDA:41,0,110,0
BRDA:41,0,111,0
BRDA:41,0,112,0
BRDA:41,0,113,0
BRDA:41,0,114,0
BRDA:41,0,115,0
BRDA:41,0,116,0
BRDA:41,0,117,0
BRDA:41,0,118,0
BRDA:41,0,119,0
BRDA:41,0,120,0
BRDA:41,0,121,0
BRDA:41,0,122,0
BRDA:41,0,123,0
BRDA:41,0,124,0
BRDA:41,0,125,0
BRDA:41,0,126,0
BRDA:41,0,127,0
DA:42,0
BRDA:42,0,0,0
BRDA:42,0,1,0
BRDA:42,0,2,0
BRDA:42,0,3,0
BRDA:42,0,4,0
BRDA:42,0,5,0
BRDA:42,0,6,0
BRDA:42,0,7,0
BRDA:42,0,8,0
BRDA:42,0,9,0
BRDA:42,0,10,0
BRDA:42,0,11,0
BRDA:42,0,12,0
BRDA:42,0,13,0
BRDA:42,0,14,0
BRDA:42,0,15,0
BRDA:42,0,16,0
BRDA:42,0,17,0
BRDA:42,0,18,0
BRDA:42,0,19,0
BRDA:42,0,20,0
BRDA:42,0,21,0
BRDA:42,0,22,0
BRDA:42,0,23,0
BRDA:42,0,24,0
BRDA:42,0,25,0
BRDA:42,0,26,0
BRDA:42,0,27,0
BRDA:42,0,28,0
BRDA:42,0,29,0
BRDA:42,0,30,0
BRDA:42,0,31,0
DA:43,0
BRDA:43,0,0,0
BRDA:43,0,1,0
BRDA:43,0,2,0
BRDA:43,0,3,0
BRDA:43,0,4,0
BRDA:43,0,5,0
BRDA:43,0,6,0
BRDA:43,0,7,0
BRDA:43,0,8,0
BRDA:43,0,9,0
BRDA:43,0,10,0
BRDA:43,0,11,0
BRDA:43,0,12,0
BRDA:43,0,13,0
BRDA:43,0,14,0
BRDA:43,0,15,0
BRDA:43,0,16,0
BRDA:43,0,17,0
BRDA:43,0,18,0
BRDA:43,0,19,0
BRDA:43,0,20,0
BRDA:43,0,21,0
BRDA:43,0,22,0
BRDA:43,0,23,0
BRDA:43,0,24,0
BRDA:43,0,25,0
BRDA:43,0,26,0
BRDA:43,0,27,0
BRDA:43,0,28,0
BRDA:43,0,29,0
BRDA:43,0,30,0
BRDA:43,0,31,0
DA:44,0
BRDA:44,0,0,0
BRDA:44,0,1,0
BRDA:44,0,2,0
BRDA:44,0,3,0
BRDA:44,0,4,0
BRDA:44,0,5,0
BRDA:44,0,6,0
BRDA:44,0,7,0
BRDA:44,0,8,0
BRDA:44,0,9,0
BRDA:44,0,10,0
BRDA:44,0,11,0
BRDA:44,0,12,0
BRDA:44,0,13,0
BRDA:44,0,14,0
BRDA:44,0,15,0
BRDA:44,0,16,0
BRDA:44,0,17,0
BRDA:44,0,18,0
BRDA:44,0,19,0
BRDA:44,0,20,0
BRDA:44,0,21,0
BRDA:44,0,22,0
BRDA:44,0,23,0
BRDA:44,0,24,0
BRDA:44,0,25,0
BRDA:44,0,26,0
BRDA:44,0,27,0
BRDA:44,0,28,0
BRDA:44,0,29,0
BRDA:44,0,30,0
BRDA:44,0,31,0
DA:45,0
BRDA:45,0,0,0
BRDA:45,0,1,0
BRDA:45,0,2,0
BRDA:45,0,3,0
BRDA:45,0,4,0
BRDA:45,0,5,0
BRDA:45,0,6,0
BRDA:45,0,7,0
BRDA:45,0,8,0
BRDA:45,0,9,0
BRDA:45,0,10,0
BRDA:45,0,11,0
BRDA:45,0,12,0
BRDA:45,0,13,0
BRDA:45,0,14,0
BRDA:45,0,15,0
BRDA:45,0,16,0
BRDA:45,0,17,0
BRDA:45,0,18,0
BRDA:45,0,19,0
BRDA:45,0,20,0
BRDA:45,0,21,0
BRDA:45,0,22,0
BRDA:45,0,23,0
BRDA:45,0,24,0
BRDA:45,0,25,0
BRDA:45,0,26,0
BRDA:45,0,27,0
BRDA:45,0,28,0
BRDA:45,0,29,0
BRDA:45,0,30,0
BRDA:45,0,31,0
DA:47,27
DA:48,25
BRDA:48,0,0,2
BRDA:48,0,1,25
DA:49,2
DA:50,2
DA:51,2
DA:52,2
DA:53,2
DA:54,2
DA:55,2
DA:56,2
DA:57,2
DA:58,25
DA:59,25
DA:60,25
BRDA:60,0,0,0
BRDA:60,0,1,0
BRDA:60,0,2,1
BRDA:60,0,3,25
BRDA:60,0,4,25
DA:61,25
DA:62,0
DA:63,0
DA:64,0
DA:65,0
DA:66,0
DA:67,0
BRDA:67,0,0,0
BRDA:67,0,1,0
DA:68,0
DA:69,0
BRDA:69,0,0,0
BRDA:69,0,1,0
DA:70,0
DA:71,0
BRDA:71,0,0,0
BRDA:71,0,1,0
DA:72,0
DA:73,0
BRDA:73,0,0,0
BRDA:73,0,1,0
DA:74,0
DA:75,0
BRDA:75,0,0,0
BRDA:75,0,1,0
DA:76,0
DA:77,0
DA:78,0
BRDA:78,0,0,0
BRDA:78,0,1,0
DA:79,0
DA:80,0
BRDA:80,0,0,0
BRDA:80,0,1,0
DA:81,0
DA:82,0
BRDA:82,0,0,0
BRDA:82,0,1,0
DA:83,0
DA:84,0
BRDA:84,0,0,0
BRDA:84,0,1,0
DA:86,0
DA:88,1
DA:89,1
DA:90,1
DA:91,0
DA:92,0
DA:93,0
DA:94,24
BRDA:94,0,0,0
BRDA:94,0,1,24
DA:95,0
BRF:939
BRH:6
end_of_record
SF:../../handoff/rtl/adaptive_aero_control_top_mmio.v
DA:43,26
BRDA:43,0,0,26
BRDA:43,0,1,25
DA:44,1
BRDA:44,0,0,1
BRDA:44,0,1,1
DA:45,0
BRDA:45,0,0,0
BRDA:45,0,1,0
DA:46,0
BRDA:46,0,0,0
BRDA:46,0,1,0
DA:47,0
BRDA:47,0,0,0
BRDA:47,0,1,0
DA:48,1
BRDA:48,0,0,1
BRDA:48,0,1,1
BRDA:48,0,2,1
BRDA:48,0,3,0
BRDA:48,0,4,1
BRDA:48,0,5,0
BRDA:48,0,6,1
BRDA:48,0,7,0
DA:49,1
BRDA:49,0,0,1
BRDA:49,0,1,0
BRDA:49,0,2,0
BRDA:49,0,3,0
BRDA:49,0,4,0
BRDA:49,0,5,0
BRDA:49,0,6,0
BRDA:49,0,7,0
BRDA:49,0,8,0
BRDA:49,0,9,0
BRDA:49,0,10,0
BRDA:49,0,11,0
BRDA:49,0,12,0
BRDA:49,0,13,0
BRDA:49,0,14,0
BRDA:49,0,15,0
BRDA:49,0,16,0
BRDA:49,0,17,0
BRDA:49,0,18,0
BRDA:49,0,19,0
BRDA:49,0,20,0
BRDA:49,0,21,0
BRDA:49,0,22,0
BRDA:49,0,23,0
BRDA:49,0,24,0
BRDA:49,0,25,0
BRDA:49,0,26,0
BRDA:49,0,27,0
BRDA:49,0,28,0
BRDA:49,0,29,0
BRDA:49,0,30,0
BRDA:49,0,31,0
BRDA:49,0,32,0
BRDA:49,0,33,0
BRDA:49,0,34,0
BRDA:49,0,35,0
BRDA:49,0,36,0
BRDA:49,0,37,0
BRDA:49,0,38,0
BRDA:49,0,39,0
BRDA:49,0,40,0
BRDA:49,0,41,0
BRDA:49,0,42,0
BRDA:49,0,43,0
BRDA:49,0,44,0
BRDA:49,0,45,0
BRDA:49,0,46,0
BRDA:49,0,47,0
BRDA:49,0,48,0
BRDA:49,0,49,0
BRDA:49,0,50,0
BRDA:49,0,51,0
BRDA:49,0,52,0
BRDA:49,0,53,0
BRDA:49,0,54,0
BRDA:49,0,55,0
BRDA:49,0,56,0
BRDA:49,0,57,0
BRDA:49,0,58,0
BRDA:49,0,59,0
BRDA:49,0,60,0
BRDA:49,0,61,0
BRDA:49,0,62,0
BRDA:49,0,63,0
BRDA:49,0,64,0
BRDA:49,0,65,0
BRDA:49,0,66,0
BRDA:49,0,67,0
BRDA:49,0,68,0
BRDA:49,0,69,0
BRDA:49,0,70,0
BRDA:49,0,71,0
BRDA:49,0,72,0
BRDA:49,0,73,0
BRDA:49,0,74,0
BRDA:49,0,75,0
BRDA:49,0,76,0
BRDA:49,0,77,0
BRDA:49,0,78,0
BRDA:49,0,79,0
BRDA:49,0,80,0
BRDA:49,0,81,0
BRDA:49,0,82,0
BRDA:49,0,83,0
BRDA:49,0,84,0
BRDA:49,0,85,0
BRDA:49,0,86,0
BRDA:49,0,87,0
BRDA:49,0,88,0
BRDA:49,0,89,0
BRDA:49,0,90,0
BRDA:49,0,91,0
BRDA:49,0,92,0
BRDA:49,0,93,0
BRDA:49,0,94,0
BRDA:49,0,95,0
BRDA:49,0,96,0
BRDA:49,0,97,0
BRDA:49,0,98,0
BRDA:49,0,99,0
BRDA:49,0,100,0
BRDA:49,0,101,0
BRDA:49,0,102,0
BRDA:49,0,103,0
BRDA:49,0,104,0
BRDA:49,0,105,0
BRDA:49,0,106,0
BRDA:49,0,107,0
BRDA:49,0,108,0
BRDA:49,0,109,0
BRDA:49,0,110,0
BRDA:49,0,111,0
BRDA:49,0,112,0
BRDA:49,0,113,0
BRDA:49,0,114,0
BRDA:49,0,115,0
BRDA:49,0,116,0
BRDA:49,0,117,0
BRDA:49,0,118,0
BRDA:49,0,119,0
BRDA:49,0,120,0
BRDA:49,0,121,0
BRDA:49,0,122,0
BRDA:49,0,123,0
BRDA:49,0,124,0
BRDA:49,0,125,0
BRDA:49,0,126,0
BRDA:49,0,127,0
DA:50,1
BRDA:50,0,0,0
BRDA:50,0,1,0
BRDA:50,0,2,0
BRDA:50,0,3,0
BRDA:50,0,4,0
BRDA:50,0,5,0
BRDA:50,0,6,0
BRDA:50,0,7,0
BRDA:50,0,8,0
BRDA:50,0,9,0
BRDA:50,0,10,0
BRDA:50,0,11,0
BRDA:50,0,12,0
BRDA:50,0,13,0
BRDA:50,0,14,1
BRDA:50,0,15,1
BRDA:50,0,16,1
BRDA:50,0,17,1
BRDA:50,0,18,1
BRDA:50,0,19,1
BRDA:50,0,20,1
BRDA:50,0,21,1
BRDA:50,0,22,0
BRDA:50,0,23,0
BRDA:50,0,24,1
BRDA:50,0,25,1
BRDA:50,0,26,1
BRDA:50,0,27,1
BRDA:50,0,28,1
BRDA:50,0,29,1
BRDA:50,0,30,1
BRDA:50,0,31,1
BRDA:50,0,32,1
BRDA:50,0,33,1
BRDA:50,0,34,1
BRDA:50,0,35,1
BRDA:50,0,36,1
BRDA:50,0,37,1
BRDA:50,0,38,1
BRDA:50,0,39,1
BRDA:50,0,40,1
BRDA:50,0,41,1
BRDA:50,0,42,1
BRDA:50,0,43,1
BRDA:50,0,44,0
BRDA:50,0,45,0
BRDA:50,0,46,1
BRDA:50,0,47,1
BRDA:50,0,48,1
BRDA:50,0,49,1
BRDA:50,0,50,0
BRDA:50,0,51,0
BRDA:50,0,52,0
BRDA:50,0,53,0
BRDA:50,0,54,0
BRDA:50,0,55,0
BRDA:50,0,56,0
BRDA:50,0,57,0
BRDA:50,0,58,0
BRDA:50,0,59,0
BRDA:50,0,60,0
BRDA:50,0,61,0
BRDA:50,0,62,0
BRDA:50,0,63,0
BRDA:50,0,64,0
BRDA:50,0,65,0
BRDA:50,0,66,0
BRDA:50,0,67,0
BRDA:50,0,68,0
BRDA:50,0,69,0
BRDA:50,0,70,0
BRDA:50,0,71,0
BRDA:50,0,72,0
BRDA:50,0,73,0
BRDA:50,0,74,0
BRDA:50,0,75,0
BRDA:50,0,76,0
BRDA:50,0,77,0
BRDA:50,0,78,0
BRDA:50,0,79,0
BRDA:50,0,80,0
BRDA:50,0,81,0
BRDA:50,0,82,0
BRDA:50,0,83,0
BRDA:50,0,84,1
BRDA:50,0,85,1
BRDA:50,0,86,1
BRDA:50,0,87,1
BRDA:50,0,88,0
BRDA:50,0,89,0
BRDA:50,0,90,1
BRDA:50,0,91,1
BRDA:50,0,92,1
BRDA:50,0,93,1
BRDA:50,0,94,1
BRDA:50,0,95,1
BRDA:50,0,96,1
BRDA:50,0,97,1
BRDA:50,0,98,1
BRDA:50,0,99,1
BRDA:50,0,100,1
BRDA:50,0,101,1
BRDA:50,0,102,1
BRDA:50,0,103,1
BRDA:50,0,104,1
BRDA:50,0,105,1
BRDA:50,0,106,1
BRDA:50,0,107,1
BRDA:50,0,108,1
BRDA:50,0,109,1
BRDA:50,0,110,1
BRDA:50,0,111,1
BRDA:50,0,112,1
BRDA:50,0,113,1
BRDA:50,0,114,1
BRDA:50,0,115,1
BRDA:50,0,116,1
BRDA:50,0,117,1
BRDA:50,0,118,1
BRDA:50,0,119,1
BRDA:50,0,120,1
BRDA:50,0,121,1
BRDA:50,0,122,0
BRDA:50,0,123,0
BRDA:50,0,124,0
BRDA:50,0,125,0
BRDA:50,0,126,1
BRDA:50,0,127,1
DA:51,0
BRDA:51,0,0,0
BRDA:51,0,1,0
DA:52,0
BRDA:52,0,0,0
BRDA:52,0,1,0
BRDA:52,0,2,0
BRDA:52,0,3,0
BRDA:52,0,4,0
BRDA:52,0,5,0
DA:53,0
BRDA:53,0,0,0
BRDA:53,0,1,0
DA:54,1
BRDA:54,0,0,1
BRDA:54,0,1,0
DA:55,1
BRDA:55,0,0,1
BRDA:55,0,1,0
DA:56,0
BRDA:56,0,0,0
BRDA:56,0,1,0
DA:57,0
BRDA:57,0,0,0
BRDA:57,0,1,0
DA:58,1
BRDA:58,0,0,1
BRDA:58,0,1,0
BRDA:58,0,2,0
BRDA:58,0,3,0
BRDA:58,0,4,0
BRDA:58,0,5,0
DA:59,0
BRDA:59,0,0,0
BRDA:59,0,1,0
BRDA:59,0,2,0
BRDA:59,0,3,0
BRDA:59,0,4,0
BRDA:59,0,5,0
BRDA:59,0,6,0
BRDA:59,0,7,0
BRDA:59,0,8,0
BRDA:59,0,9,0
BRDA:59,0,10,0
BRDA:59,0,11,0
BRDA:59,0,12,0
BRDA:59,0,13,0
BRDA:59,0,14,0
BRDA:59,0,15,0
DA:60,1
BRDA:60,0,0,0
BRDA:60,0,1,0
BRDA:60,0,2,0
BRDA:60,0,3,0
BRDA:60,0,4,0
BRDA:60,0,5,0
BRDA:60,0,6,0
BRDA:60,0,7,0
BRDA:60,0,8,0
BRDA:60,0,9,0
BRDA:60,0,10,1
BRDA:60,0,11,0
BRDA:60,0,12,0
BRDA:60,0,13,0
BRDA:60,0,14,1
BRDA:60,0,15,0
BRDA:60,0,16,1
BRDA:60,0,17,0
BRDA:60,0,18,1
BRDA:60,0,19,0
BRDA:60,0,20,1
BRDA:60,0,21,0
BRDA:60,0,22,0
BRDA:60,0,23,0
BRDA:60,0,24,0
BRDA:60,0,25,0
BRDA:60,0,26,0
BRDA:60,0,27,0
BRDA:60,0,28,0
BRDA:60,0,29,0
BRDA:60,0,30,0
BRDA:60,0,31,0
BRDA:60,0,32,0
BRDA:60,0,33,0
BRDA:60,0,34,0
BRDA:60,0,35,0
BRDA:60,0,36,0
BRDA:60,0,37,0
BRDA:60,0,38,0
BRDA:60,0,39,0
BRDA:60,0,40,0
BRDA:60,0,41,0
BRDA:60,0,42,0
BRDA:60,0,43,0
BRDA:60,0,44,0
BRDA:60,0,45,0
BRDA:60,0,46,0
BRDA:60,0,47,0
BRDA:60,0,48,0
BRDA:60,0,49,0
BRDA:60,0,50,0
BRDA:60,0,51,0
BRDA:60,0,52,0
BRDA:60,0,53,0
BRDA:60,0,54,0
BRDA:60,0,55,0
BRDA:60,0,56,1
BRDA:60,0,57,0
BRDA:60,0,58,0
BRDA:60,0,59,0
BRDA:60,0,60,0
BRDA:60,0,61,0
BRDA:60,0,62,1
BRDA:60,0,63,0
DA:61,1
BRDA:61,0,0,0
BRDA:61,0,1,0
BRDA:61,0,2,1
BRDA:61,0,3,0
BRDA:61,0,4,0
BRDA:61,0,5,0
BRDA:61,0,6,0
BRDA:61,0,7,0
BRDA:61,0,8,0
BRDA:61,0,9,0
BRDA:61,0,10,0
BRDA:61,0,11,0
BRDA:61,0,12,1
BRDA:61,0,13,0
BRDA:61,0,14,0
BRDA:61,0,15,0
BRDA:61,0,16,1
BRDA:61,0,17,0
BRDA:61,0,18,1
BRDA:61,0,19,0
BRDA:61,0,20,1
BRDA:61,0,21,0
BRDA:61,0,22,0
BRDA:61,0,23,0
BRDA:61,0,24,1
BRDA:61,0,25,0
BRDA:61,0,26,0
BRDA:61,0,27,0
BRDA:61,0,28,0
BRDA:61,0,29,0
BRDA:61,0,30,0
BRDA:61,0,31,0
BRDA:61,0,32,0
BRDA:61,0,33,0
BRDA:61,0,34,0
BRDA:61,0,35,0
BRDA:61,0,36,0
BRDA:61,0,37,0
BRDA:61,0,38,0
BRDA:61,0,39,0
BRDA:61,0,40,0
BRDA:61,0,41,0
BRDA:61,0,42,0
BRDA:61,0,43,0
BRDA:61,0,44,0
BRDA:61,0,45,0
BRDA:61,0,46,0
BRDA:61,0,47,0
BRDA:61,0,48,0
BRDA:61,0,49,0
BRDA:61,0,50,0
BRDA:61,0,51,0
BRDA:61,0,52,0
BRDA:61,0,53,0
BRDA:61,0,54,0
BRDA:61,0,55,0
BRDA:61,0,56,0
BRDA:61,0,57,0
BRDA:61,0,58,1
BRDA:61,0,59,0
BRDA:61,0,60,0
BRDA:61,0,61,0
BRDA:61,0,62,0
BRDA:61,0,63,0
DA:62,0
BRDA:62,0,0,0
BRDA:62,0,1,0
BRDA:62,0,2,0
BRDA:62,0,3,0
BRDA:62,0,4,0
BRDA:62,0,5,0
BRDA:62,0,6,0
BRDA:62,0,7,0
BRDA:62,0,8,0
BRDA:62,0,9,0
BRDA:62,0,10,0
BRDA:62,0,11,0
BRDA:62,0,12,0
BRDA:62,0,13,0
BRDA:62,0,14,0
BRDA:62,0,15,0
BRDA:62,0,16,0
BRDA:62,0,17,0
BRDA:62,0,18,0
BRDA:62,0,19,0
BRDA:62,0,20,0
BRDA:62,0,21,0
BRDA:62,0,22,0
BRDA:62,0,23,0
BRDA:62,0,24,0
BRDA:62,0,25,0
BRDA:62,0,26,0
BRDA:62,0,27,0
BRDA:62,0,28,0
BRDA:62,0,29,0
BRDA:62,0,30,0
BRDA:62,0,31,0
DA:63,1
BRDA:63,0,0,1
BRDA:63,0,1,0
BRDA:63,0,2,1
BRDA:63,0,3,0
BRDA:63,0,4,1
BRDA:63,0,5,0
BRDA:63,0,6,1
BRDA:63,0,7,0
BRDA:63,0,8,1
BRDA:63,0,9,0
BRDA:63,0,10,1
BRDA:63,0,11,0
BRDA:63,0,12,1
BRDA:63,0,13,0
BRDA:63,0,14,1
BRDA:63,0,15,0
BRDA:63,0,16,1
BRDA:63,0,17,0
BRDA:63,0,18,1
BRDA:63,0,19,0
BRDA:63,0,20,1
BRDA:63,0,21,0
BRDA:63,0,22,1
BRDA:63,0,23,0
BRDA:63,0,24,1
BRDA:63,0,25,0
BRDA:63,0,26,1
BRDA:63,0,27,0
BRDA:63,0,28,1
BRDA:63,0,29,0
BRDA:63,0,30,1
BRDA:63,0,31,0
DA:64,0
BRDA:64,0,0,0
BRDA:64,0,1,0
BRDA:64,0,2,0
BRDA:64,0,3,0
BRDA:64,0,4,0
BRDA:64,0,5,0
BRDA:64,0,6,0
BRDA:64,0,7,0
BRDA:64,0,8,0
BRDA:64,0,9,0
BRDA:64,0,10,0
BRDA:64,0,11,0
BRDA:64,0,12,0
BRDA:64,0,13,0
BRDA:64,0,14,0
BRDA:64,0,15,0
BRDA:64,0,16,0
BRDA:64,0,17,0
BRDA:64,0,18,0
BRDA:64,0,19,0
BRDA:64,0,20,0
BRDA:64,0,21,0
BRDA:64,0,22,0
BRDA:64,0,23,0
BRDA:64,0,24,0
BRDA:64,0,25,0
BRDA:64,0,26,0
BRDA:64,0,27,0
BRDA:64,0,28,0
BRDA:64,0,29,0
BRDA:64,0,30,0
BRDA:64,0,31,0
DA:65,1
BRDA:65,0,0,1
BRDA:65,0,1,0
BRDA:65,0,2,1
BRDA:65,0,3,0
BRDA:65,0,4,1
BRDA:65,0,5,0
BRDA:65,0,6,1
BRDA:65,0,7,0
BRDA:65,0,8,1
BRDA:65,0,9,0
BRDA:65,0,10,1
BRDA:65,0,11,0
BRDA:65,0,12,1
BRDA:65,0,13,0
BRDA:65,0,14,1
BRDA:65,0,15,0
BRDA:65,0,16,1
BRDA:65,0,17,0
BRDA:65,0,18,1
BRDA:65,0,19,0
BRDA:65,0,20,1
BRDA:65,0,21,0
BRDA:65,0,22,1
BRDA:65,0,23,0
BRDA:65,0,24,1
BRDA:65,0,25,0
BRDA:65,0,26,1
BRDA:65,0,27,0
BRDA:65,0,28,1
BRDA:65,0,29,0
BRDA:65,0,30,1
BRDA:65,0,31,0
DA:66,0
BRDA:66,0,0,0
BRDA:66,0,1,0
BRDA:66,0,2,0
BRDA:66,0,3,0
BRDA:66,0,4,0
BRDA:66,0,5,0
BRDA:66,0,6,0
BRDA:66,0,7,0
BRDA:66,0,8,0
BRDA:66,0,9,0
BRDA:66,0,10,0
BRDA:66,0,11,0
BRDA:66,0,12,0
BRDA:66,0,13,0
BRDA:66,0,14,0
BRDA:66,0,15,0
BRDA:66,0,16,0
BRDA:66,0,17,0
BRDA:66,0,18,0
BRDA:66,0,19,0
BRDA:66,0,20,0
BRDA:66,0,21,0
BRDA:66,0,22,0
BRDA:66,0,23,0
BRDA:66,0,24,0
BRDA:66,0,25,0
BRDA:66,0,26,0
BRDA:66,0,27,0
BRDA:66,0,28,0
BRDA:66,0,29,0
BRDA:66,0,30,0
BRDA:66,0,31,0
DA:67,1
BRDA:67,0,0,1
BRDA:67,0,1,0
BRDA:67,0,2,1
BRDA:67,0,3,0
BRDA:67,0,4,1
BRDA:67,0,5,0
BRDA:67,0,6,1
BRDA:67,0,7,0
BRDA:67,0,8,1
BRDA:67,0,9,0
BRDA:67,0,10,1
BRDA:67,0,11,0
BRDA:67,0,12,1
BRDA:67,0,13,0
BRDA:67,0,14,1
BRDA:67,0,15,0
BRDA:67,0,16,1
BRDA:67,0,17,0
BRDA:67,0,18,1
BRDA:67,0,19,0
BRDA:67,0,20,1
BRDA:67,0,21,0
BRDA:67,0,22,1
BRDA:67,0,23,0
BRDA:67,0,24,1
BRDA:67,0,25,0
BRDA:67,0,26,1
BRDA:67,0,27,0
BRDA:67,0,28,1
BRDA:67,0,29,0
BRDA:67,0,30,1
BRDA:67,0,31,0
DA:68,0
BRDA:68,0,0,0
BRDA:68,0,1,0
BRDA:68,0,2,0
BRDA:68,0,3,0
BRDA:68,0,4,0
BRDA:68,0,5,0
BRDA:68,0,6,0
BRDA:68,0,7,0
BRDA:68,0,8,0
BRDA:68,0,9,0
BRDA:68,0,10,0
BRDA:68,0,11,0
BRDA:68,0,12,0
BRDA:68,0,13,0
BRDA:68,0,14,0
BRDA:68,0,15,0
BRDA:68,0,16,0
BRDA:68,0,17,0
BRDA:68,0,18,0
BRDA:68,0,19,0
BRDA:68,0,20,0
BRDA:68,0,21,0
BRDA:68,0,22,0
BRDA:68,0,23,0
BRDA:68,0,24,0
BRDA:68,0,25,0
BRDA:68,0,26,0
BRDA:68,0,27,0
BRDA:68,0,28,0
BRDA:68,0,29,0
BRDA:68,0,30,0
BRDA:68,0,31,0
DA:69,1
BRDA:69,0,0,1
BRDA:69,0,1,0
BRDA:69,0,2,1
BRDA:69,0,3,0
BRDA:69,0,4,1
BRDA:69,0,5,0
BRDA:69,0,6,1
BRDA:69,0,7,0
BRDA:69,0,8,1
BRDA:69,0,9,0
BRDA:69,0,10,1
BRDA:69,0,11,0
BRDA:69,0,12,1
BRDA:69,0,13,0
BRDA:69,0,14,1
BRDA:69,0,15,0
BRDA:69,0,16,1
BRDA:69,0,17,0
BRDA:69,0,18,1
BRDA:69,0,19,0
BRDA:69,0,20,1
BRDA:69,0,21,0
BRDA:69,0,22,1
BRDA:69,0,23,0
BRDA:69,0,24,1
BRDA:69,0,25,0
BRDA:69,0,26,1
BRDA:69,0,27,0
BRDA:69,0,28,1
BRDA:69,0,29,0
BRDA:69,0,30,1
BRDA:69,0,31,0
DA:70,0
BRDA:70,0,0,0
BRDA:70,0,1,0
BRDA:70,0,2,0
BRDA:70,0,3,0
BRDA:70,0,4,0
BRDA:70,0,5,0
BRDA:70,0,6,0
BRDA:70,0,7,0
DA:71,0
BRDA:71,0,0,0
BRDA:71,0,1,0
BRDA:71,0,2,0
BRDA:71,0,3,0
BRDA:71,0,4,0
BRDA:71,0,5,0
BRDA:71,0,6,0
BRDA:71,0,7,0
BRDA:71,0,8,0
BRDA:71,0,9,0
BRDA:71,0,10,0
BRDA:71,0,11,0
BRDA:71,0,12,0
BRDA:71,0,13,0
BRDA:71,0,14,0
BRDA:71,0,15,0
BRDA:71,0,16,0
BRDA:71,0,17,0
BRDA:71,0,18,0
BRDA:71,0,19,0
BRDA:71,0,20,0
BRDA:71,0,21,0
BRDA:71,0,22,0
BRDA:71,0,23,0
DA:72,0
BRDA:72,0,0,0
BRDA:72,0,1,0
BRDA:72,0,2,0
BRDA:72,0,3,0
BRDA:72,0,4,0
BRDA:72,0,5,0
BRDA:72,0,6,0
BRDA:72,0,7,0
BRDA:72,0,8,0
BRDA:72,0,9,0
BRDA:72,0,10,0
BRDA:72,0,11,0
BRDA:72,0,12,0
BRDA:72,0,13,0
BRDA:72,0,14,0
BRDA:72,0,15,0
BRDA:72,0,16,0
BRDA:72,0,17,0
BRDA:72,0,18,0
BRDA:72,0,19,0
BRDA:72,0,20,0
BRDA:72,0,21,0
BRDA:72,0,22,0
BRDA:72,0,23,0
BRDA:72,0,24,0
BRDA:72,0,25,0
BRDA:72,0,26,0
BRDA:72,0,27,0
BRDA:72,0,28,0
BRDA:72,0,29,0
BRDA:72,0,30,0
BRDA:72,0,31,0
DA:73,0
BRDA:73,0,0,0
BRDA:73,0,1,0
BRDA:73,0,2,0
BRDA:73,0,3,0
BRDA:73,0,4,0
BRDA:73,0,5,0
BRDA:73,0,6,0
BRDA:73,0,7,0
BRDA:73,0,8,0
BRDA:73,0,9,0
BRDA:73,0,10,0
BRDA:73,0,11,0
BRDA:73,0,12,0
BRDA:73,0,13,0
BRDA:73,0,14,0
BRDA:73,0,15,0
BRDA:73,0,16,0
BRDA:73,0,17,0
BRDA:73,0,18,0
BRDA:73,0,19,0
BRDA:73,0,20,0
BRDA:73,0,21,0
BRDA:73,0,22,0
BRDA:73,0,23,0
BRDA:73,0,24,0
BRDA:73,0,25,0
BRDA:73,0,26,0
BRDA:73,0,27,0
BRDA:73,0,28,0
BRDA:73,0,29,0
BRDA:73,0,30,0
BRDA:73,0,31,0
BRDA:73,0,32,0
BRDA:73,0,33,0
BRDA:73,0,34,0
BRDA:73,0,35,0
BRDA:73,0,36,0
BRDA:73,0,37,0
BRDA:73,0,38,0
BRDA:73,0,39,0
BRDA:73,0,40,0
BRDA:73,0,41,0
BRDA:73,0,42,0
BRDA:73,0,43,0
BRDA:73,0,44,0
BRDA:73,0,45,0
BRDA:73,0,46,0
BRDA:73,0,47,0
BRDA:73,0,48,0
BRDA:73,0,49,0
BRDA:73,0,50,0
BRDA:73,0,51,0
BRDA:73,0,52,0
BRDA:73,0,53,0
BRDA:73,0,54,0
BRDA:73,0,55,0
BRDA:73,0,56,0
BRDA:73,0,57,0
BRDA:73,0,58,0
BRDA:73,0,59,0
BRDA:73,0,60,0
BRDA:73,0,61,0
BRDA:73,0,62,0
BRDA:73,0,63,0
DA:74,0
BRDA:74,0,0,0
BRDA:74,0,1,0
BRDA:74,0,2,0
BRDA:74,0,3,0
BRDA:74,0,4,0
BRDA:74,0,5,0
BRDA:74,0,6,0
BRDA:74,0,7,0
BRDA:74,0,8,0
BRDA:74,0,9,0
BRDA:74,0,10,0
BRDA:74,0,11,0
BRDA:74,0,12,0
BRDA:74,0,13,0
BRDA:74,0,14,0
BRDA:74,0,15,0
BRDA:74,0,16,0
BRDA:74,0,17,0
BRDA:74,0,18,0
BRDA:74,0,19,0
BRDA:74,0,20,0
BRDA:74,0,21,0
BRDA:74,0,22,0
BRDA:74,0,23,0
BRDA:74,0,24,0
BRDA:74,0,25,0
BRDA:74,0,26,0
BRDA:74,0,27,0
BRDA:74,0,28,0
BRDA:74,0,29,0
BRDA:74,0,30,0
BRDA:74,0,31,0
BRDA:74,0,32,0
BRDA:74,0,33,0
BRDA:74,0,34,0
BRDA:74,0,35,0
BRDA:74,0,36,0
BRDA:74,0,37,0
BRDA:74,0,38,0
BRDA:74,0,39,0
BRDA:74,0,40,0
BRDA:74,0,41,0
BRDA:74,0,42,0
BRDA:74,0,43,0
BRDA:74,0,44,0
BRDA:74,0,45,0
BRDA:74,0,46,0
BRDA:74,0,47,0
BRDA:74,0,48,0
BRDA:74,0,49,0
BRDA:74,0,50,0
BRDA:74,0,51,0
BRDA:74,0,52,0
BRDA:74,0,53,0
BRDA:74,0,54,0
BRDA:74,0,55,0
BRDA:74,0,56,0
BRDA:74,0,57,0
BRDA:74,0,58,0
BRDA:74,0,59,0
BRDA:74,0,60,0
BRDA:74,0,61,0
BRDA:74,0,62,0
BRDA:74,0,63,0
DA:75,0
BRDA:75,0,0,0
BRDA:75,0,1,0
BRDA:75,0,2,0
BRDA:75,0,3,0
BRDA:75,0,4,0
BRDA:75,0,5,0
BRDA:75,0,6,0
BRDA:75,0,7,0
BRDA:75,0,8,0
BRDA:75,0,9,0
BRDA:75,0,10,0
BRDA:75,0,11,0
BRDA:75,0,12,0
BRDA:75,0,13,0
BRDA:75,0,14,0
BRDA:75,0,15,0
BRDA:75,0,16,0
BRDA:75,0,17,0
BRDA:75,0,18,0
BRDA:75,0,19,0
BRDA:75,0,20,0
BRDA:75,0,21,0
BRDA:75,0,22,0
BRDA:75,0,23,0
BRDA:75,0,24,0
BRDA:75,0,25,0
BRDA:75,0,26,0
BRDA:75,0,27,0
BRDA:75,0,28,0
BRDA:75,0,29,0
BRDA:75,0,30,0
BRDA:75,0,31,0
BRDA:75,0,32,0
BRDA:75,0,33,0
BRDA:75,0,34,0
BRDA:75,0,35,0
BRDA:75,0,36,0
BRDA:75,0,37,0
BRDA:75,0,38,0
BRDA:75,0,39,0
BRDA:75,0,40,0
BRDA:75,0,41,0
BRDA:75,0,42,0
BRDA:75,0,43,0
BRDA:75,0,44,0
BRDA:75,0,45,0
BRDA:75,0,46,0
BRDA:75,0,47,0
BRDA:75,0,48,0
BRDA:75,0,49,0
BRDA:75,0,50,0
BRDA:75,0,51,0
BRDA:75,0,52,0
BRDA:75,0,53,0
BRDA:75,0,54,0
BRDA:75,0,55,0
BRDA:75,0,56,0
BRDA:75,0,57,0
BRDA:75,0,58,0
BRDA:75,0,59,0
BRDA:75,0,60,0
BRDA:75,0,61,0
BRDA:75,0,62,0
BRDA:75,0,63,0
DA:76,1
BRDA:76,0,0,0
BRDA:76,0,1,0
BRDA:76,0,2,0
BRDA:76,0,3,0
BRDA:76,0,4,0
BRDA:76,0,5,0
BRDA:76,0,6,0
BRDA:76,0,7,0
BRDA:76,0,8,0
BRDA:76,0,9,0
BRDA:76,0,10,1
BRDA:76,0,11,1
BRDA:76,0,12,0
BRDA:76,0,13,0
BRDA:76,0,14,0
BRDA:76,0,15,0
DA:77,1
BRDA:77,0,0,1
BRDA:77,0,1,0
BRDA:77,0,2,0
BRDA:77,0,3,0
BRDA:77,0,4,0
BRDA:77,0,5,0
BRDA:77,0,6,0
BRDA:77,0,7,0
BRDA:77,0,8,0
BRDA:77,0,9,0
BRDA:77,0,10,0
BRDA:77,0,11,0
BRDA:77,0,12,0
BRDA:77,0,13,0
BRDA:77,0,14,0
BRDA:77,0,15,0
DA:78,0
BRDA:78,0,0,0
BRDA:78,0,1,0
BRDA:78,0,2,0
BRDA:78,0,3,0
BRDA:78,0,4,0
BRDA:78,0,5,0
BRDA:78,0,6,0
BRDA:78,0,7,0
BRDA:78,0,8,0
BRDA:78,0,9,0
BRDA:78,0,10,0
BRDA:78,0,11,0
BRDA:78,0,12,0
BRDA:78,0,13,0
BRDA:78,0,14,0
BRDA:78,0,15,0
BRDA:78,0,16,0
BRDA:78,0,17,0
BRDA:78,0,18,0
BRDA:78,0,19,0
BRDA:78,0,20,0
BRDA:78,0,21,0
BRDA:78,0,22,0
BRDA:78,0,23,0
BRDA:78,0,24,0
BRDA:78,0,25,0
BRDA:78,0,26,0
BRDA:78,0,27,0
BRDA:78,0,28,0
BRDA:78,0,29,0
BRDA:78,0,30,0
BRDA:78,0,31,0
DA:79,0
BRDA:79,0,0,0
BRDA:79,0,1,0
BRDA:79,0,2,0
BRDA:79,0,3,0
BRDA:79,0,4,0
BRDA:79,0,5,0
BRDA:79,0,6,0
BRDA:79,0,7,0
BRDA:79,0,8,0
BRDA:79,0,9,0
BRDA:79,0,10,0
BRDA:79,0,11,0
BRDA:79,0,12,0
BRDA:79,0,13,0
BRDA:79,0,14,0
BRDA:79,0,15,0
BRDA:79,0,16,0
BRDA:79,0,17,0
BRDA:79,0,18,0
BRDA:79,0,19,0
BRDA:79,0,20,0
BRDA:79,0,21,0
BRDA:79,0,22,0
BRDA:79,0,23,0
BRDA:79,0,24,0
BRDA:79,0,25,0
BRDA:79,0,26,0
BRDA:79,0,27,0
BRDA:79,0,28,0
BRDA:79,0,29,0
BRDA:79,0,30,0
BRDA:79,0,31,0
DA:80,0
BRDA:80,0,0,0
BRDA:80,0,1,0
BRDA:80,0,2,0
BRDA:80,0,3,0
BRDA:80,0,4,0
BRDA:80,0,5,0
BRDA:80,0,6,0
BRDA:80,0,7,0
BRDA:80,0,8,0
BRDA:80,0,9,0
BRDA:80,0,10,0
BRDA:80,0,11,0
BRDA:80,0,12,0
BRDA:80,0,13,0
BRDA:80,0,14,0
BRDA:80,0,15,0
DA:81,0
BRDA:81,0,0,0
BRDA:81,0,1,0
BRDA:81,0,2,0
BRDA:81,0,3,0
BRDA:81,0,4,0
BRDA:81,0,5,0
BRDA:81,0,6,0
BRDA:81,0,7,0
BRDA:81,0,8,0
BRDA:81,0,9,0
BRDA:81,0,10,0
BRDA:81,0,11,0
BRDA:81,0,12,0
BRDA:81,0,13,0
BRDA:81,0,14,0
BRDA:81,0,15,0
DA:82,1
BRDA:82,0,0,0
BRDA:82,0,1,0
BRDA:82,0,2,0
BRDA:82,0,3,0
BRDA:82,0,4,0
BRDA:82,0,5,0
BRDA:82,0,6,0
BRDA:82,0,7,0
BRDA:82,0,8,0
BRDA:82,0,9,0
BRDA:82,0,10,0
BRDA:82,0,11,0
BRDA:82,0,12,0
BRDA:82,0,13,0
BRDA:82,0,14,1
BRDA:82,0,15,1
BRDA:82,0,16,1
BRDA:82,0,17,1
BRDA:82,0,18,1
BRDA:82,0,19,1
BRDA:82,0,20,1
BRDA:82,0,21,1
BRDA:82,0,22,0
BRDA:82,0,23,0
BRDA:82,0,24,1
BRDA:82,0,25,1
BRDA:82,0,26,1
BRDA:82,0,27,1
BRDA:82,0,28,1
BRDA:82,0,29,1
BRDA:82,0,30,1
BRDA:82,0,31,1
BRDA:82,0,32,1
BRDA:82,0,33,1
BRDA:82,0,34,1
BRDA:82,0,35,1
BRDA:82,0,36,1
BRDA:82,0,37,1
BRDA:82,0,38,1
BRDA:82,0,39,1
BRDA:82,0,40,1
BRDA:82,0,41,1
BRDA:82,0,42,1
BRDA:82,0,43,1
BRDA:82,0,44,0
BRDA:82,0,45,0
BRDA:82,0,46,1
BRDA:82,0,47,1
BRDA:82,0,48,1
BRDA:82,0,49,1
BRDA:82,0,50,0
BRDA:82,0,51,0
BRDA:82,0,52,0
BRDA:82,0,53,0
BRDA:82,0,54,0
BRDA:82,0,55,0
BRDA:82,0,56,0
BRDA:82,0,57,0
BRDA:82,0,58,0
BRDA:82,0,59,0
BRDA:82,0,60,0
BRDA:82,0,61,0
BRDA:82,0,62,0
BRDA:82,0,63,0
BRDA:82,0,64,0
BRDA:82,0,65,0
BRDA:82,0,66,0
BRDA:82,0,67,0
BRDA:82,0,68,0
BRDA:82,0,69,0
BRDA:82,0,70,0
BRDA:82,0,71,0
BRDA:82,0,72,0
BRDA:82,0,73,0
BRDA:82,0,74,0
BRDA:82,0,75,0
BRDA:82,0,76,0
BRDA:82,0,77,0
BRDA:82,0,78,0
BRDA:82,0,79,0
BRDA:82,0,80,0
BRDA:82,0,81,0
BRDA:82,0,82,0
BRDA:82,0,83,0
BRDA:82,0,84,1
BRDA:82,0,85,1
BRDA:82,0,86,1
BRDA:82,0,87,1
BRDA:82,0,88,0
BRDA:82,0,89,0
BRDA:82,0,90,1
BRDA:82,0,91,1
BRDA:82,0,92,1
BRDA:82,0,93,1
BRDA:82,0,94,1
BRDA:82,0,95,1
BRDA:82,0,96,1
BRDA:82,0,97,1
BRDA:82,0,98,1
BRDA:82,0,99,1
BRDA:82,0,100,1
BRDA:82,0,101,1
BRDA:82,0,102,1
BRDA:82,0,103,1
BRDA:82,0,104,1
BRDA:82,0,105,1
BRDA:82,0,106,1
BRDA:82,0,107,1
BRDA:82,0,108,1
BRDA:82,0,109,1
BRDA:82,0,110,1
BRDA:82,0,111,1
BRDA:82,0,112,1
BRDA:82,0,113,1
BRDA:82,0,114,1
BRDA:82,0,115,1
BRDA:82,0,116,1
BRDA:82,0,117,1
BRDA:82,0,118,1
BRDA:82,0,119,1
BRDA:82,0,120,1
BRDA:82,0,121,1
BRDA:82,0,122,0
BRDA:82,0,123,0
BRDA:82,0,124,0
BRDA:82,0,125,0
BRDA:82,0,126,1
BRDA:82,0,127,1
DA:85,27
DA:86,25
BRDA:86,0,0,2
BRDA:86,0,1,25
DA:87,2
DA:88,2
DA:89,2
DA:90,2
DA:91,2
DA:92,2
DA:93,2
DA:94,2
DA:95,2
DA:96,2
DA:97,2
DA:98,2
DA:99,2
DA:100,2
DA:101,2
DA:102,2
DA:103,2
DA:104,2
DA:105,2
DA:106,2
DA:107,2
DA:108,2
DA:109,2
DA:110,2
DA:111,2
DA:112,25
DA:113,25
DA:114,25
BRDA:114,0,0,25
BRDA:114,0,1,25
BRDA:114,0,2,0
BRDA:114,0,3,25
BRDA:114,0,4,0
DA:115,0
DA:116,0
DA:117,0
DA:118,0
DA:119,0
DA:120,0
DA:121,0
DA:122,0
DA:123,0
DA:124,0
DA:125,0
DA:127,0
DA:128,0
DA:129,0
DA:131,0
DA:132,0
DA:133,0
DA:134,0
DA:135,0
DA:137,0
DA:138,0
DA:139,0
DA:140,0
DA:141,0
DA:143,0
DA:144,0
DA:145,0
DA:146,0
DA:147,0
DA:149,0
DA:150,0
DA:151,0
DA:153,0
DA:160,154
DA:161,154
DA:162,154
DA:163,117
DA:164,0
DA:165,0
DA:166,12
DA:167,0
DA:168,0
DA:169,0
DA:170,25
BRF:1217
BRH:6
end_of_record
SF:../../handoff/rtl/adaptive_aero_control_top_spi_fpga_top.sv
DA:4,26
BRDA:4,0,0,26
BRDA:4,0,1,25
DA:5,1
BRDA:5,0,0,1
BRDA:5,0,1,0
DA:6,8
BRDA:6,0,0,8
BRDA:6,0,1,7
DA:7,8
BRDA:7,0,0,8
BRDA:7,0,1,7
DA:8,8
BRDA:8,0,0,8
BRDA:8,0,1,7
DA:9,0
BRDA:9,0,0,0
BRDA:9,0,1,0
DA:10,0
BRDA:10,0,0,0
BRDA:10,0,1,0
DA:14,1
BRDA:14,0,0,1
BRDA:14,0,1,1
BRDA:14,0,2,1
BRDA:14,0,3,0
BRDA:14,0,4,0
BRDA:14,0,5,0
BRDA:14,0,6,0
BRDA:14,0,7,0
BRDA:14,0,8,0
BRDA:14,0,9,0
BRDA:14,0,10,0
BRDA:14,0,11,0
BRDA:14,0,12,0
BRDA:14,0,13,0
BRDA:14,0,14,0
BRDA:14,0,15,0
BRDA:14,0,16,0
BRDA:14,0,17,0
BRDA:14,0,18,0
BRDA:14,0,19,0
BRDA:14,0,20,0
BRDA:14,0,21,0
BRDA:14,0,22,0
BRDA:14,0,23,0
BRDA:14,0,24,0
BRDA:14,0,25,0
BRDA:14,0,26,0
BRDA:14,0,27,0
BRDA:14,0,28,0
BRDA:14,0,29,0
BRDA:14,0,30,0
BRDA:14,0,31,0
BRDA:14,0,32,0
BRDA:14,0,33,0
BRDA:14,0,34,0
BRDA:14,0,35,0
BRDA:14,0,36,0
BRDA:14,0,37,0
BRDA:14,0,38,0
BRDA:14,0,39,0
BRDA:14,0,40,0
BRDA:14,0,41,0
BRDA:14,0,42,0
BRDA:14,0,43,0
BRDA:14,0,44,0
BRDA:14,0,45,0
BRDA:14,0,46,0
BRDA:14,0,47,0
BRDA:14,0,48,0
BRDA:14,0,49,0
BRDA:14,0,50,0
BRDA:14,0,51,0
BRDA:14,0,52,0
BRDA:14,0,53,0
BRDA:14,0,54,0
BRDA:14,0,55,0
BRDA:14,0,56,0
BRDA:14,0,57,0
BRDA:14,0,58,0
BRDA:14,0,59,0
BRDA:14,0,60,0
BRDA:14,0,61,0
BRDA:14,0,62,1
BRDA:14,0,63,1
BRDA:14,0,64,1
BRDA:14,0,65,0
BRDA:14,0,66,0
BRDA:14,0,67,0
BRDA:14,0,68,1
BRDA:14,0,69,0
BRDA:14,0,70,1
BRDA:14,0,71,0
BRDA:14,0,72,1
BRDA:14,0,73,0
BRDA:14,0,74,0
BRDA:14,0,75,0
BRDA:14,0,76,0
BRDA:14,0,77,0
BRDA:14,0,78,0
BRDA:14,0,79,0
BRDA:14,0,80,0
BRDA:14,0,81,0
BRDA:14,0,82,0
BRDA:14,0,83,0
BRDA:14,0,84,0
BRDA:14,0,85,0
BRDA:14,0,86,0
BRDA:14,0,87,0
BRDA:14,0,88,0
BRDA:14,0,89,0
BRDA:14,0,90,0
BRDA:14,0,91,0
BRDA:14,0,92,0
BRDA:14,0,93,0
BRDA:14,0,94,0
BRDA:14,0,95,0
BRDA:14,0,96,0
BRDA:14,0,97,0
BRDA:14,0,98,0
BRDA:14,0,99,0
BRDA:14,0,100,0
BRDA:14,0,101,0
BRDA:14,0,102,0
BRDA:14,0,103,0
BRDA:14,0,104,0
BRDA:14,0,105,0
BRDA:14,0,106,0
BRDA:14,0,107,0
BRDA:14,0,108,0
BRDA:14,0,109,0
BRDA:14,0,110,0
BRDA:14,0,111,0
BRDA:14,0,112,0
BRDA:14,0,113,0
BRDA:14,0,114,0
BRDA:14,0,115,0
BRDA:14,0,116,0
BRDA:14,0,117,0
BRDA:14,0,118,0
BRDA:14,0,119,0
BRDA:14,0,120,0
BRDA:14,0,121,0
BRDA:14,0,122,0
BRDA:14,0,123,0
BRDA:14,0,124,0
BRDA:14,0,125,0
BRDA:14,0,126,0
BRDA:14,0,127,0
BRDA:14,0,128,0
BRDA:14,0,129,0
BRDA:14,0,130,0
BRDA:14,0,131,0
BRDA:14,0,132,0
BRDA:14,0,133,0
BRDA:14,0,134,1
BRDA:14,0,135,1
BRDA:14,0,136,1
BRDA:14,0,137,0
BRDA:14,0,138,1
BRDA:14,0,139,0
BRDA:14,0,140,1
BRDA:14,0,141,0
BRDA:14,0,142,1
BRDA:14,0,143,0
BRDA:14,0,144,0
BRDA:14,0,145,0
BRDA:14,0,146,0
BRDA:14,0,147,0
BRDA:14,0,148,0
BRDA:14,0,149,0
BRDA:14,0,150,0
BRDA:14,0,151,0
BRDA:14,0,152,0
BRDA:14,0,153,0
BRDA:14,0,154,0
BRDA:14,0,155,0
BRDA:14,0,156,0
BRDA:14,0,157,0
BRDA:14,0,158,0
BRDA:14,0,159,0
BRDA:14,0,160,0
BRDA:14,0,161,0
BRDA:14,0,162,0
BRDA:14,0,163,0
BRDA:14,0,164,0
BRDA:14,0,165,0
BRDA:14,0,166,0
BRDA:14,0,167,0
BRDA:14,0,168,0
BRDA:14,0,169,0
BRDA:14,0,170,0
BRDA:14,0,171,0
BRDA:14,0,172,0
BRDA:14,0,173,0
BRDA:14,0,174,0
BRDA:14,0,175,0
BRDA:14,0,176,0
BRDA:14,0,177,0
BRDA:14,0,178,0
BRDA:14,0,179,0
BRDA:14,0,180,0
BRDA:14,0,181,0
BRDA:14,0,182,0
BRDA:14,0,183,0
BRDA:14,0,184,0
BRDA:14,0,185,0
BRDA:14,0,186,0
BRDA:14,0,187,0
BRDA:14,0,188,0
BRDA:14,0,189,0
BRDA:14,0,190,0
BRDA:14,0,191,0
BRDA:14,0,192,0
BRDA:14,0,193,0
BRDA:14,0,194,0
BRDA:14,0,195,0
BRDA:14,0,196,0
BRDA:14,0,197,0
BRDA:14,0,198,0
BRDA:14,0,199,0
BRDA:14,0,200,0
BRDA:14,0,201,0
BRDA:14,0,202,0
BRDA:14,0,203,0
BRDA:14,0,204,1
BRDA:14,0,205,1
BRDA:14,0,206,1
BRDA:14,0,207,0
BRDA:14,0,208,1
BRDA:14,0,209,0
BRDA:14,0,210,1
BRDA:14,0,211,0
BRDA:14,0,212,1
BRDA:14,0,213,0
BRDA:14,0,214,0
BRDA:14,0,215,0
BRDA:14,0,216,0
BRDA:14,0,217,0
BRDA:14,0,218,0
BRDA:14,0,219,0
BRDA:14,0,220,1
BRDA:14,0,221,0
BRDA:14,0,222,0
BRDA:14,0,223,0
BRDA:14,0,224,0
BRDA:14,0,225,0
BRDA:14,0,226,0
BRDA:14,0,227,0
BRDA:14,0,228,0
BRDA:14,0,229,0
BRDA:14,0,230,0
BRDA:14,0,231,0
BRDA:14,0,232,0
BRDA:14,0,233,0
BRDA:14,0,234,0
BRDA:14,0,235,0
BRDA:14,0,236,0
BRDA:14,0,237,0
BRDA:14,0,238,0
BRDA:14,0,239,0
BRDA:14,0,240,0
BRDA:14,0,241,0
BRDA:14,0,242,1
BRDA:14,0,243,0
BRDA:14,0,244,0
BRDA:14,0,245,0
BRDA:14,0,246,0
BRDA:14,0,247,0
BRDA:14,0,248,1
BRDA:14,0,249,1
BRDA:14,0,250,1
BRDA:14,0,251,0
BRDA:14,0,252,1
BRDA:14,0,253,0
BRDA:14,0,254,1
BRDA:14,0,255,0
BRDA:14,0,256,1
BRDA:14,0,257,0
BRDA:14,0,258,0
BRDA:14,0,259,0
BRDA:14,0,260,0
BRDA:14,0,261,0
BRDA:14,0,262,0
BRDA:14,0,263,0
BRDA:14,0,264,1
BRDA:14,0,265,0
BRDA:14,0,266,0
BRDA:14,0,267,0
BRDA:14,0,268,0
BRDA:14,0,269,0
BRDA:14,0,270,0
BRDA:14,0,271,0
BRDA:14,0,272,0
BRDA:14,0,273,0
BRDA:14,0,274,0
BRDA:14,0,275,0
BRDA:14,0,276,0
BRDA:14,0,277,0
BRDA:14,0,278,0
BRDA:14,0,279,0
BRDA:14,0,280,0
BRDA:14,0,281,0
BRDA:14,0,282,0
BRDA:14,0,283,0
BRDA:14,0,284,0
BRDA:14,0,285,0
BRDA:14,0,286,1
BRDA:14,0,287,0
BRDA:14,0,288,0
BRDA:14,0,289,0
BRDA:14,0,290,0
BRDA:14,0,291,0
BRDA:14,0,292,0
BRDA:14,0,293,0
BRDA:14,0,294,0
BRDA:14,0,295,0
BRDA:14,0,296,0
BRDA:14,0,297,0
BRDA:14,0,298,0
BRDA:14,0,299,0
BRDA:14,0,300,0
BRDA:14,0,301,0
BRDA:14,0,302,0
BRDA:14,0,303,0
BRDA:14,0,304,0
BRDA:14,0,305,0
BRDA:14,0,306,0
BRDA:14,0,307,0
BRDA:14,0,308,0
BRDA:14,0,309,0
BRDA:14,0,310,0
BRDA:14,0,311,0
BRDA:14,0,312,0
BRDA:14,0,313,0
BRDA:14,0,314,0
BRDA:14,0,315,0
BRDA:14,0,316,0
BRDA:14,0,317,0
BRDA:14,0,318,1
BRDA:14,0,319,1
BRDA:14,0,320,1
BRDA:14,0,321,0
BRDA:14,0,322,1
BRDA:14,0,323,0
BRDA:14,0,324,1
BRDA:14,0,325,0
BRDA:14,0,326,1
BRDA:14,0,327,0
BRDA:14,0,328,0
BRDA:14,0,329,0
BRDA:14,0,330,0
BRDA:14,0,331,0
BRDA:14,0,332,0
BRDA:14,0,333,0
BRDA:14,0,334,0
BRDA:14,0,335,0
BRDA:14,0,336,0
BRDA:14,0,337,0
BRDA:14,0,338,0
BRDA:14,0,339,0
BRDA:14,0,340,0
BRDA:14,0,341,0
BRDA:14,0,342,0
BRDA:14,0,343,0
BRDA:14,0,344,0
BRDA:14,0,345,0
BRDA:14,0,346,0
BRDA:14,0,347,0
BRDA:14,0,348,0
BRDA:14,0,349,0
BRDA:14,0,350,0
BRDA:14,0,351,0
BRDA:14,0,352,0
BRDA:14,0,353,0
BRDA:14,0,354,0
BRDA:14,0,355,0
BRDA:14,0,356,0
BRDA:14,0,357,0
BRDA:14,0,358,0
BRDA:14,0,359,0
BRDA:14,0,360,0
BRDA:14,0,361,0
BRDA:14,0,362,0
BRDA:14,0,363,0
BRDA:14,0,364,0
BRDA:14,0,365,0
BRDA:14,0,366,0
BRDA:14,0,367,0
BRDA:14,0,368,0
BRDA:14,0,369,0
BRDA:14,0,370,0
BRDA:14,0,371,0
BRDA:14,0,372,0
BRDA:14,0,373,0
BRDA:14,0,374,0
BRDA:14,0,375,0
BRDA:14,0,376,0
BRDA:14,0,377,0
BRDA:14,0,378,0
BRDA:14,0,379,0
BRDA:14,0,380,0
BRDA:14,0,381,0
BRDA:14,0,382,0
BRDA:14,0,383,0
BRDA:14,0,384,0
BRDA:14,0,385,0
BRDA:14,0,386,0
BRDA:14,0,387,0
BRDA:14,0,388,1
BRDA:14,0,389,1
BRDA:14,0,390,1
BRDA:14,0,391,0
BRDA:14,0,392,1
BRDA:14,0,393,0
BRDA:14,0,394,1
BRDA:14,0,395,0
BRDA:14,0,396,0
BRDA:14,0,397,0
BRDA:14,0,398,1
BRDA:14,0,399,1
BRDA:14,0,400,1
BRDA:14,0,401,0
BRDA:14,0,402,0
BRDA:14,0,403,0
BRDA:14,0,404,0
BRDA:14,0,405,0
BRDA:14,0,406,0
BRDA:14,0,407,0
BRDA:14,0,408,0
BRDA:14,0,409,0
BRDA:14,0,410,0
BRDA:14,0,411,0
BRDA:14,0,412,0
BRDA:14,0,413,0
BRDA:14,0,414,0
BRDA:14,0,415,0
BRDA:14,0,416,0
BRDA:14,0,417,0
BRDA:14,0,418,0
BRDA:14,0,419,0
BRDA:14,0,420,0
BRDA:14,0,421,0
BRDA:14,0,422,0
BRDA:14,0,423,0
BRDA:14,0,424,0
BRDA:14,0,425,0
BRDA:14,0,426,0
BRDA:14,0,427,0
BRDA:14,0,428,0
BRDA:14,0,429,0
BRDA:14,0,430,0
BRDA:14,0,431,0
BRDA:14,0,432,0
BRDA:14,0,433,0
BRDA:14,0,434,0
BRDA:14,0,435,0
BRDA:14,0,436,0
BRDA:14,0,437,0
BRDA:14,0,438,0
BRDA:14,0,439,0
BRDA:14,0,440,0
BRDA:14,0,441,0
BRDA:14,0,442,0
BRDA:14,0,443,0
BRDA:14,0,444,0
BRDA:14,0,445,0
BRDA:14,0,446,0
BRDA:14,0,447,0
BRDA:14,0,448,0
BRDA:14,0,449,0
BRDA:14,0,450,0
BRDA:14,0,451,0
BRDA:14,0,452,0
BRDA:14,0,453,0
BRDA:14,0,454,0
BRDA:14,0,455,0
BRDA:14,0,456,0
BRDA:14,0,457,0
BRDA:14,0,458,0
BRDA:14,0,459,0
BRDA:14,0,460,1
BRDA:14,0,461,1
BRDA:14,0,462,1
BRDA:14,0,463,0
BRDA:14,0,464,0
BRDA:14,0,465,0
BRDA:14,0,466,1
BRDA:14,0,467,0
BRDA:14,0,468,1
BRDA:14,0,469,0
BRDA:14,0,470,1
BRDA:14,0,471,0
BRDA:14,0,472,0
BRDA:14,0,473,0
BRDA:14,0,474,0
BRDA:14,0,475,0
BRDA:14,0,476,0
BRDA:14,0,477,0
BRDA:14,0,478,0
BRDA:14,0,479,0
BRDA:14,0,480,0
BRDA:14,0,481,0
BRDA:14,0,482,0
BRDA:14,0,483,0
BRDA:14,0,484,0
BRDA:14,0,485,0
BRDA:14,0,486,0
BRDA:14,0,487,0
BRDA:14,0,488,0
BRDA:14,0,489,0
BRDA:14,0,490,0
BRDA:14,0,491,0
BRDA:14,0,492,0
BRDA:14,0,493,0
BRDA:14,0,494,0
BRDA:14,0,495,0
BRDA:14,0,496,0
BRDA:14,0,497,0
BRDA:14,0,498,0
BRDA:14,0,499,0
BRDA:14,0,500,0
BRDA:14,0,501,0
BRDA:14,0,502,0
BRDA:14,0,503,0
BRDA:14,0,504,0
BRDA:14,0,505,0
BRDA:14,0,506,0
BRDA:14,0,507,0
BRDA:14,0,508,0
BRDA:14,0,509,0
BRDA:14,0,510,0
BRDA:14,0,511,0
BRDA:14,0,512,0
BRDA:14,0,513,0
BRDA:14,0,514,0
BRDA:14,0,515,0
BRDA:14,0,516,0
BRDA:14,0,517,0
BRDA:14,0,518,0
BRDA:14,0,519,0
BRDA:14,0,520,0
BRDA:14,0,521,0
BRDA:14,0,522,0
BRDA:14,0,523,0
BRDA:14,0,524,0
BRDA:14,0,525,0
BRDA:14,0,526,0
BRDA:14,0,527,0
BRDA:14,0,528,0
BRDA:14,0,529,0
BRDA:14,0,530,0
BRDA:14,0,531,0
BRDA:14,0,532,1
BRDA:14,0,533,1
BRDA:14,0,534,1
BRDA:14,0,535,0
BRDA:14,0,536,1
BRDA:14,0,537,0
BRDA:14,0,538,1
BRDA:14,0,539,0
BRDA:14,0,540,1
BRDA:14,0,541,0
BRDA:14,0,542,0
BRDA:14,0,543,0
BRDA:14,0,544,0
BRDA:14,0,545,0
BRDA:14,0,546,0
BRDA:14,0,547,0
BRDA:14,0,548,0
BRDA:14,0,549,0
BRDA:14,0,550,0
BRDA:14,0,551,0
BRDA:14,0,552,0
BRDA:14,0,553,0
[...]
BRDA:73,0,9,0
BRDA:73,0,10,0
BRDA:73,0,11,0
BRDA:73,0,12,0
BRDA:73,0,13,0
BRDA:73,0,14,0
BRDA:73,0,15,0
BRDA:73,0,16,0
BRDA:73,0,17,0
BRDA:73,0,18,0
BRDA:73,0,19,0
BRDA:73,0,20,0
BRDA:73,0,21,0
BRDA:73,0,22,6
BRDA:73,0,23,6
BRDA:73,0,24,0
BRDA:73,0,25,0
BRDA:73,0,26,0
BRDA:73,0,27,0
BRDA:73,0,28,0
BRDA:73,0,29,0
BRDA:73,0,30,0
BRDA:73,0,31,0
BRDA:73,0,32,0
BRDA:73,0,33,0
BRDA:73,0,34,0
BRDA:73,0,35,0
BRDA:73,0,36,0
BRDA:73,0,37,0
BRDA:73,0,38,0
BRDA:73,0,39,0
BRDA:73,0,40,0
BRDA:73,0,41,0
BRDA:73,0,42,0
BRDA:73,0,43,0
BRDA:73,0,44,3
BRDA:73,0,45,3
BRDA:73,0,46,0
BRDA:73,0,47,0
BRDA:73,0,48,0
BRDA:73,0,49,0
BRDA:73,0,50,2
BRDA:73,0,51,1
BRDA:73,0,52,1
BRDA:73,0,53,0
BRDA:73,0,54,0
BRDA:73,0,55,0
BRDA:73,0,56,0
BRDA:73,0,57,0
BRDA:73,0,58,0
BRDA:73,0,59,0
BRDA:73,0,60,0
BRDA:73,0,61,0
BRDA:73,0,62,0
BRDA:73,0,63,0
DA:74,0
BRDA:74,0,0,0
BRDA:74,0,1,0
BRDA:74,0,2,0
BRDA:74,0,3,0
BRDA:74,0,4,0
BRDA:74,0,5,0
BRDA:74,0,6,0
BRDA:74,0,7,0
BRDA:74,0,8,0
BRDA:74,0,9,0
BRDA:74,0,10,0
BRDA:74,0,11,0
BRDA:74,0,12,0
BRDA:74,0,13,0
BRDA:74,0,14,0
BRDA:74,0,15,0
BRDA:74,0,16,0
BRDA:74,0,17,0
BRDA:74,0,18,0
BRDA:74,0,19,0
BRDA:74,0,20,0
BRDA:74,0,21,0
BRDA:74,0,22,0
BRDA:74,0,23,0
BRDA:74,0,24,0
BRDA:74,0,25,0
BRDA:74,0,26,0
BRDA:74,0,27,0
BRDA:74,0,28,0
BRDA:74,0,29,0
BRDA:74,0,30,0
BRDA:74,0,31,0
BRDA:74,0,32,0
BRDA:74,0,33,0
BRDA:74,0,34,0
BRDA:74,0,35,0
BRDA:74,0,36,0
BRDA:74,0,37,0
BRDA:74,0,38,0
BRDA:74,0,39,0
BRDA:74,0,40,0
BRDA:74,0,41,0
BRDA:74,0,42,0
BRDA:74,0,43,0
BRDA:74,0,44,0
BRDA:74,0,45,0
BRDA:74,0,46,0
BRDA:74,0,47,0
BRDA:74,0,48,0
BRDA:74,0,49,0
BRDA:74,0,50,0
BRDA:74,0,51,0
BRDA:74,0,52,0
BRDA:74,0,53,0
BRDA:74,0,54,0
BRDA:74,0,55,0
BRDA:74,0,56,0
BRDA:74,0,57,0
BRDA:74,0,58,0
BRDA:74,0,59,0
BRDA:74,0,60,0
BRDA:74,0,61,0
BRDA:74,0,62,0
BRDA:74,0,63,0
DA:75,0
BRDA:75,0,0,0
BRDA:75,0,1,0
DA:76,13
BRDA:76,0,0,13
BRDA:76,0,1,12
BRDA:76,0,2,0
BRDA:76,0,3,0
BRDA:76,0,4,0
BRDA:76,0,5,0
BRDA:76,0,6,0
BRDA:76,0,7,0
BRDA:76,0,8,0
BRDA:76,0,9,0
BRDA:76,0,10,0
BRDA:76,0,11,0
BRDA:76,0,12,0
BRDA:76,0,13,0
BRDA:76,0,14,0
BRDA:76,0,15,0
BRDA:76,0,16,0
BRDA:76,0,17,0
BRDA:76,0,18,0
BRDA:76,0,19,0
BRDA:76,0,20,0
BRDA:76,0,21,0
BRDA:76,0,22,6
BRDA:76,0,23,6
BRDA:76,0,24,0
BRDA:76,0,25,0
BRDA:76,0,26,0
BRDA:76,0,27,0
BRDA:76,0,28,0
BRDA:76,0,29,0
BRDA:76,0,30,0
BRDA:76,0,31,0
BRDA:76,0,32,0
BRDA:76,0,33,0
BRDA:76,0,34,0
BRDA:76,0,35,0
BRDA:76,0,36,0
BRDA:76,0,37,0
BRDA:76,0,38,0
BRDA:76,0,39,0
BRDA:76,0,40,0
BRDA:76,0,41,0
BRDA:76,0,42,0
BRDA:76,0,43,0
BRDA:76,0,44,3
BRDA:76,0,45,3
BRDA:76,0,46,0
BRDA:76,0,47,0
BRDA:76,0,48,0
BRDA:76,0,49,0
BRDA:76,0,50,2
BRDA:76,0,51,1
BRDA:76,0,52,1
BRDA:76,0,53,0
BRDA:76,0,54,0
BRDA:76,0,55,0
BRDA:76,0,56,0
BRDA:76,0,57,0
BRDA:76,0,58,0
BRDA:76,0,59,0
BRDA:76,0,60,0
BRDA:76,0,61,0
BRDA:76,0,62,0
BRDA:76,0,63,0
DA:77,0
BRDA:77,0,0,0
BRDA:77,0,1,0
BRDA:77,0,2,0
BRDA:77,0,3,0
BRDA:77,0,4,0
BRDA:77,0,5,0
BRDA:77,0,6,0
BRDA:77,0,7,0
BRDA:77,0,8,0
BRDA:77,0,9,0
BRDA:77,0,10,0
BRDA:77,0,11,0
BRDA:77,0,12,0
BRDA:77,0,13,0
BRDA:77,0,14,0
BRDA:77,0,15,0
BRDA:77,0,16,0
BRDA:77,0,17,0
BRDA:77,0,18,0
BRDA:77,0,19,0
BRDA:77,0,20,0
BRDA:77,0,21,0
BRDA:77,0,22,0
BRDA:77,0,23,0
BRDA:77,0,24,0
BRDA:77,0,25,0
BRDA:77,0,26,0
BRDA:77,0,27,0
BRDA:77,0,28,0
BRDA:77,0,29,0
BRDA:77,0,30,0
BRDA:77,0,31,0
BRDA:77,0,32,0
BRDA:77,0,33,0
BRDA:77,0,34,0
BRDA:77,0,35,0
BRDA:77,0,36,0
BRDA:77,0,37,0
BRDA:77,0,38,0
BRDA:77,0,39,0
BRDA:77,0,40,0
BRDA:77,0,41,0
BRDA:77,0,42,0
BRDA:77,0,43,0
BRDA:77,0,44,0
BRDA:77,0,45,0
BRDA:77,0,46,0
BRDA:77,0,47,0
BRDA:77,0,48,0
BRDA:77,0,49,0
BRDA:77,0,50,0
BRDA:77,0,51,0
BRDA:77,0,52,0
BRDA:77,0,53,0
BRDA:77,0,54,0
BRDA:77,0,55,0
BRDA:77,0,56,0
BRDA:77,0,57,0
BRDA:77,0,58,0
BRDA:77,0,59,0
BRDA:77,0,60,0
BRDA:77,0,61,0
BRDA:77,0,62,0
BRDA:77,0,63,0
BRDA:77,0,64,0
BRDA:77,0,65,0
BRDA:77,0,66,0
BRDA:77,0,67,0
BRDA:77,0,68,0
BRDA:77,0,69,0
BRDA:77,0,70,0
BRDA:77,0,71,0
BRDA:77,0,72,0
BRDA:77,0,73,0
BRDA:77,0,74,0
BRDA:77,0,75,0
BRDA:77,0,76,0
BRDA:77,0,77,0
BRDA:77,0,78,0
BRDA:77,0,79,0
BRDA:77,0,80,0
BRDA:77,0,81,0
BRDA:77,0,82,0
BRDA:77,0,83,0
BRDA:77,0,84,0
BRDA:77,0,85,0
BRDA:77,0,86,0
BRDA:77,0,87,0
BRDA:77,0,88,0
BRDA:77,0,89,0
BRDA:77,0,90,0
BRDA:77,0,91,0
BRDA:77,0,92,0
BRDA:77,0,93,0
BRDA:77,0,94,0
BRDA:77,0,95,0
BRDA:77,0,96,0
BRDA:77,0,97,0
BRDA:77,0,98,0
BRDA:77,0,99,0
BRDA:77,0,100,0
BRDA:77,0,101,0
BRDA:77,0,102,0
BRDA:77,0,103,0
BRDA:77,0,104,0
BRDA:77,0,105,0
BRDA:77,0,106,0
BRDA:77,0,107,0
BRDA:77,0,108,0
BRDA:77,0,109,0
BRDA:77,0,110,0
BRDA:77,0,111,0
BRDA:77,0,112,0
BRDA:77,0,113,0
BRDA:77,0,114,0
BRDA:77,0,115,0
BRDA:77,0,116,0
BRDA:77,0,117,0
BRDA:77,0,118,0
BRDA:77,0,119,0
BRDA:77,0,120,0
BRDA:77,0,121,0
BRDA:77,0,122,0
BRDA:77,0,123,0
BRDA:77,0,124,0
BRDA:77,0,125,0
BRDA:77,0,126,0
BRDA:77,0,127,0
DA:78,1
BRDA:78,0,0,0
BRDA:78,0,1,0
BRDA:78,0,2,0
BRDA:78,0,3,0
BRDA:78,0,4,0
BRDA:78,0,5,0
BRDA:78,0,6,0
BRDA:78,0,7,0
BRDA:78,0,8,0
BRDA:78,0,9,0
BRDA:78,0,10,1
BRDA:78,0,11,1
BRDA:78,0,12,0
BRDA:78,0,13,0
BRDA:78,0,14,0
BRDA:78,0,15,0
DA:79,1
BRDA:79,0,0,1
BRDA:79,0,1,0
BRDA:79,0,2,0
BRDA:79,0,3,0
BRDA:79,0,4,0
BRDA:79,0,5,0
BRDA:79,0,6,0
BRDA:79,0,7,0
BRDA:79,0,8,0
BRDA:79,0,9,0
BRDA:79,0,10,0
BRDA:79,0,11,0
BRDA:79,0,12,0
BRDA:79,0,13,0
BRDA:79,0,14,0
BRDA:79,0,15,0
DA:80,0
BRDA:80,0,0,0
BRDA:80,0,1,0
BRDA:80,0,2,0
BRDA:80,0,3,0
BRDA:80,0,4,0
BRDA:80,0,5,0
BRDA:80,0,6,0
BRDA:80,0,7,0
BRDA:80,0,8,0
BRDA:80,0,9,0
BRDA:80,0,10,0
BRDA:80,0,11,0
BRDA:80,0,12,0
BRDA:80,0,13,0
BRDA:80,0,14,0
BRDA:80,0,15,0
BRDA:80,0,16,0
BRDA:80,0,17,0
BRDA:80,0,18,0
BRDA:80,0,19,0
BRDA:80,0,20,0
BRDA:80,0,21,0
BRDA:80,0,22,0
BRDA:80,0,23,0
BRDA:80,0,24,0
BRDA:80,0,25,0
BRDA:80,0,26,0
BRDA:80,0,27,0
BRDA:80,0,28,0
BRDA:80,0,29,0
BRDA:80,0,30,0
BRDA:80,0,31,0
BRDA:80,0,32,0
BRDA:80,0,33,0
BRDA:80,0,34,0
BRDA:80,0,35,0
BRDA:80,0,36,0
BRDA:80,0,37,0
BRDA:80,0,38,0
BRDA:80,0,39,0
BRDA:80,0,40,0
BRDA:80,0,41,0
BRDA:80,0,42,0
BRDA:80,0,43,0
BRDA:80,0,44,0
BRDA:80,0,45,0
BRDA:80,0,46,0
BRDA:80,0,47,0
BRDA:80,0,48,0
BRDA:80,0,49,0
BRDA:80,0,50,0
BRDA:80,0,51,0
BRDA:80,0,52,0
BRDA:80,0,53,0
BRDA:80,0,54,0
BRDA:80,0,55,0
BRDA:80,0,56,0
BRDA:80,0,57,0
BRDA:80,0,58,0
BRDA:80,0,59,0
BRDA:80,0,60,0
BRDA:80,0,61,0
BRDA:80,0,62,0
BRDA:80,0,63,0
BRDA:80,0,64,0
BRDA:80,0,65,0
BRDA:80,0,66,0
BRDA:80,0,67,0
BRDA:80,0,68,0
BRDA:80,0,69,0
BRDA:80,0,70,0
BRDA:80,0,71,0
BRDA:80,0,72,0
BRDA:80,0,73,0
BRDA:80,0,74,0
BRDA:80,0,75,0
BRDA:80,0,76,0
BRDA:80,0,77,0
BRDA:80,0,78,0
BRDA:80,0,79,0
BRDA:80,0,80,0
BRDA:80,0,81,0
BRDA:80,0,82,0
BRDA:80,0,83,0
BRDA:80,0,84,0
BRDA:80,0,85,0
BRDA:80,0,86,0
BRDA:80,0,87,0
BRDA:80,0,88,0
BRDA:80,0,89,0
BRDA:80,0,90,0
BRDA:80,0,91,0
BRDA:80,0,92,0
BRDA:80,0,93,0
BRDA:80,0,94,0
BRDA:80,0,95,0
BRDA:80,0,96,0
BRDA:80,0,97,0
BRDA:80,0,98,0
BRDA:80,0,99,0
BRDA:80,0,100,0
BRDA:80,0,101,0
BRDA:80,0,102,0
BRDA:80,0,103,0
BRDA:80,0,104,0
BRDA:80,0,105,0
BRDA:80,0,106,0
BRDA:80,0,107,0
BRDA:80,0,108,0
BRDA:80,0,109,0
BRDA:80,0,110,0
BRDA:80,0,111,0
BRDA:80,0,112,0
BRDA:80,0,113,0
BRDA:80,0,114,0
BRDA:80,0,115,0
BRDA:80,0,116,0
BRDA:80,0,117,0
BRDA:80,0,118,0
BRDA:80,0,119,0
BRDA:80,0,120,0
BRDA:80,0,121,0
BRDA:80,0,122,0
BRDA:80,0,123,0
BRDA:80,0,124,0
BRDA:80,0,125,0
BRDA:80,0,126,0
BRDA:80,0,127,0
DA:81,0
BRDA:81,0,0,0
BRDA:81,0,1,0
BRDA:81,0,2,0
BRDA:81,0,3,0
BRDA:81,0,4,0
BRDA:81,0,5,0
BRDA:81,0,6,0
BRDA:81,0,7,0
BRDA:81,0,8,0
BRDA:81,0,9,0
BRDA:81,0,10,0
BRDA:81,0,11,0
BRDA:81,0,12,0
BRDA:81,0,13,0
BRDA:81,0,14,0
BRDA:81,0,15,0
BRDA:81,0,16,0
BRDA:81,0,17,0
BRDA:81,0,18,0
BRDA:81,0,19,0
BRDA:81,0,20,0
BRDA:81,0,21,0
BRDA:81,0,22,0
BRDA:81,0,23,0
BRDA:81,0,24,0
BRDA:81,0,25,0
BRDA:81,0,26,0
BRDA:81,0,27,0
BRDA:81,0,28,0
BRDA:81,0,29,0
BRDA:81,0,30,0
BRDA:81,0,31,0
BRDA:81,0,32,0
BRDA:81,0,33,0
BRDA:81,0,34,0
BRDA:81,0,35,0
BRDA:81,0,36,0
BRDA:81,0,37,0
BRDA:81,0,38,0
BRDA:81,0,39,0
BRDA:81,0,40,0
BRDA:81,0,41,0
BRDA:81,0,42,0
BRDA:81,0,43,0
BRDA:81,0,44,0
BRDA:81,0,45,0
BRDA:81,0,46,0
BRDA:81,0,47,0
BRDA:81,0,48,0
BRDA:81,0,49,0
BRDA:81,0,50,0
BRDA:81,0,51,0
BRDA:81,0,52,0
BRDA:81,0,53,0
BRDA:81,0,54,0
BRDA:81,0,55,0
BRDA:81,0,56,0
BRDA:81,0,57,0
BRDA:81,0,58,0
BRDA:81,0,59,0
BRDA:81,0,60,0
BRDA:81,0,61,0
BRDA:81,0,62,0
BRDA:81,0,63,0
BRDA:81,0,64,0
BRDA:81,0,65,0
BRDA:81,0,66,0
BRDA:81,0,67,0
BRDA:81,0,68,0
BRDA:81,0,69,0
BRDA:81,0,70,0
BRDA:81,0,71,0
BRDA:81,0,72,0
BRDA:81,0,73,0
BRDA:81,0,74,0
BRDA:81,0,75,0
BRDA:81,0,76,0
BRDA:81,0,77,0
BRDA:81,0,78,0
BRDA:81,0,79,0
BRDA:81,0,80,0
BRDA:81,0,81,0
BRDA:81,0,82,0
BRDA:81,0,83,0
BRDA:81,0,84,0
BRDA:81,0,85,0
BRDA:81,0,86,0
BRDA:81,0,87,0
BRDA:81,0,88,0
BRDA:81,0,89,0
BRDA:81,0,90,0
BRDA:81,0,91,0
BRDA:81,0,92,0
BRDA:81,0,93,0
BRDA:81,0,94,0
BRDA:81,0,95,0
BRDA:81,0,96,0
BRDA:81,0,97,0
BRDA:81,0,98,0
BRDA:81,0,99,0
BRDA:81,0,100,0
BRDA:81,0,101,0
BRDA:81,0,102,0
BRDA:81,0,103,0
BRDA:81,0,104,0
BRDA:81,0,105,0
BRDA:81,0,106,0
BRDA:81,0,107,0
BRDA:81,0,108,0
BRDA:81,0,109,0
BRDA:81,0,110,0
BRDA:81,0,111,0
BRDA:81,0,112,0
BRDA:81,0,113,0
BRDA:81,0,114,0
BRDA:81,0,115,0
BRDA:81,0,116,0
BRDA:81,0,117,0
BRDA:81,0,118,0
BRDA:81,0,119,0
BRDA:81,0,120,0
BRDA:81,0,121,0
BRDA:81,0,122,0
BRDA:81,0,123,0
BRDA:81,0,124,0
BRDA:81,0,125,0
BRDA:81,0,126,0
BRDA:81,0,127,0
BRDA:81,0,128,0
BRDA:81,0,129,0
BRDA:81,0,130,0
BRDA:81,0,131,0
BRDA:81,0,132,0
BRDA:81,0,133,0
BRDA:81,0,134,0
BRDA:81,0,135,0
BRDA:81,0,136,0
BRDA:81,0,137,0
BRDA:81,0,138,0
BRDA:81,0,139,0
BRDA:81,0,140,0
BRDA:81,0,141,0
BRDA:81,0,142,0
BRDA:81,0,143,0
BRDA:81,0,144,0
BRDA:81,0,145,0
BRDA:81,0,146,0
BRDA:81,0,147,0
BRDA:81,0,148,0
BRDA:81,0,149,0
BRDA:81,0,150,0
BRDA:81,0,151,0
BRDA:81,0,152,0
BRDA:81,0,153,0
BRDA:81,0,154,0
BRDA:81,0,155,0
BRDA:81,0,156,0
BRDA:81,0,157,0
BRDA:81,0,158,0
BRDA:81,0,159,0
BRDA:81,0,160,0
BRDA:81,0,161,0
BRDA:81,0,162,0
BRDA:81,0,163,0
BRDA:81,0,164,0
BRDA:81,0,165,0
BRDA:81,0,166,0
BRDA:81,0,167,0
BRDA:81,0,168,0
BRDA:81,0,169,0
BRDA:81,0,170,0
BRDA:81,0,171,0
BRDA:81,0,172,0
BRDA:81,0,173,0
BRDA:81,0,174,0
BRDA:81,0,175,0
BRDA:81,0,176,0
BRDA:81,0,177,0
BRDA:81,0,178,0
BRDA:81,0,179,0
BRDA:81,0,180,0
BRDA:81,0,181,0
BRDA:81,0,182,0
BRDA:81,0,183,0
BRDA:81,0,184,0
BRDA:81,0,185,0
BRDA:81,0,186,0
BRDA:81,0,187,0
BRDA:81,0,188,0
BRDA:81,0,189,0
BRDA:81,0,190,0
BRDA:81,0,191,0
BRDA:81,0,192,0
BRDA:81,0,193,0
BRDA:81,0,194,0
BRDA:81,0,195,0
BRDA:81,0,196,0
BRDA:81,0,197,0
BRDA:81,0,198,0
BRDA:81,0,199,0
BRDA:81,0,200,0
BRDA:81,0,201,0
BRDA:81,0,202,0
BRDA:81,0,203,0
BRDA:81,0,204,0
BRDA:81,0,205,0
BRDA:81,0,206,0
BRDA:81,0,207,0
BRDA:81,0,208,0
BRDA:81,0,209,0
BRDA:81,0,210,0
BRDA:81,0,211,0
BRDA:81,0,212,0
BRDA:81,0,213,0
BRDA:81,0,214,0
BRDA:81,0,215,0
BRDA:81,0,216,0
BRDA:81,0,217,0
BRDA:81,0,218,0
BRDA:81,0,219,0
BRDA:81,0,220,0
BRDA:81,0,221,0
BRDA:81,0,222,0
BRDA:81,0,223,0
BRDA:81,0,224,0
BRDA:81,0,225,0
BRDA:81,0,226,0
BRDA:81,0,227,0
BRDA:81,0,228,0
BRDA:81,0,229,0
BRDA:81,0,230,0
BRDA:81,0,231,0
BRDA:81,0,232,0
BRDA:81,0,233,0
BRDA:81,0,234,0
BRDA:81,0,235,0
BRDA:81,0,236,0
BRDA:81,0,237,0
BRDA:81,0,238,0
BRDA:81,0,239,0
BRDA:81,0,240,0
BRDA:81,0,241,0
BRDA:81,0,242,0
BRDA:81,0,243,0
BRDA:81,0,244,0
BRDA:81,0,245,0
BRDA:81,0,246,0
BRDA:81,0,247,0
BRDA:81,0,248,0
BRDA:81,0,249,0
BRDA:81,0,250,0
BRDA:81,0,251,0
BRDA:81,0,252,0
BRDA:81,0,253,0
BRDA:81,0,254,0
BRDA:81,0,255,0
DA:82,0
BRDA:82,0,0,0
BRDA:82,0,1,0
DA:83,0
BRDA:83,0,0,0
BRDA:83,0,1,0
DA:84,0
BRDA:84,0,0,0
BRDA:84,0,1,0
DA:85,0
BRDA:85,0,0,0
BRDA:85,0,1,0
DA:86,0
BRDA:86,0,0,0
BRDA:86,0,1,0
DA:87,0
BRDA:87,0,0,0
BRDA:87,0,1,0
DA:88,0
BRDA:88,0,0,0
BRDA:88,0,1,0
DA:89,0
BRDA:89,0,0,0
BRDA:89,0,1,0
DA:90,0
BRDA:90,0,0,0
BRDA:90,0,1,0
DA:91,0
BRDA:91,0,0,0
BRDA:91,0,1,0
DA:92,0
BRDA:92,0,0,0
BRDA:92,0,1,0
DA:93,0
BRDA:93,0,0,0
BRDA:93,0,1,0
BRDA:93,0,2,0
BRDA:93,0,3,0
BRDA:93,0,4,0
BRDA:93,0,5,0
BRDA:93,0,6,0
BRDA:93,0,7,0
BRDA:93,0,8,0
BRDA:93,0,9,0
BRDA:93,0,10,0
BRDA:93,0,11,0
BRDA:93,0,12,0
BRDA:93,0,13,0
BRDA:93,0,14,0
BRDA:93,0,15,0
BRDA:93,0,16,0
BRDA:93,0,17,0
BRDA:93,0,18,0
BRDA:93,0,19,0
BRDA:93,0,20,0
BRDA:93,0,21,0
BRDA:93,0,22,0
BRDA:93,0,23,0
BRDA:93,0,24,0
BRDA:93,0,25,0
BRDA:93,0,26,0
BRDA:93,0,27,0
BRDA:93,0,28,0
BRDA:93,0,29,0
BRDA:93,0,30,0
BRDA:93,0,31,0
DA:94,0
BRDA:94,0,0,0
BRDA:94,0,1,0
BRDA:94,0,2,0
BRDA:94,0,3,0
BRDA:94,0,4,0
BRDA:94,0,5,0
BRDA:94,0,6,0
BRDA:94,0,7,0
BRDA:94,0,8,0
BRDA:94,0,9,0
BRDA:94,0,10,0
BRDA:94,0,11,0
BRDA:94,0,12,0
BRDA:94,0,13,0
BRDA:94,0,14,0
BRDA:94,0,15,0
BRDA:94,0,16,0
BRDA:94,0,17,0
BRDA:94,0,18,0
BRDA:94,0,19,0
BRDA:94,0,20,0
BRDA:94,0,21,0
BRDA:94,0,22,0
BRDA:94,0,23,0
BRDA:94,0,24,0
BRDA:94,0,25,0
BRDA:94,0,26,0
BRDA:94,0,27,0
BRDA:94,0,28,0
BRDA:94,0,29,0
BRDA:94,0,30,0
BRDA:94,0,31,0
DA:95,0
BRDA:95,0,0,0
BRDA:95,0,1,0
BRDA:95,0,2,0
BRDA:95,0,3,0
BRDA:95,0,4,0
BRDA:95,0,5,0
BRDA:95,0,6,0
BRDA:95,0,7,0
BRDA:95,0,8,0
BRDA:95,0,9,0
BRDA:95,0,10,0
BRDA:95,0,11,0
BRDA:95,0,12,0
BRDA:95,0,13,0
BRDA:95,0,14,0
BRDA:95,0,15,0
BRDA:95,0,16,0
BRDA:95,0,17,0
BRDA:95,0,18,0
BRDA:95,0,19,0
BRDA:95,0,20,0
BRDA:95,0,21,0
BRDA:95,0,22,0
BRDA:95,0,23,0
BRDA:95,0,24,0
BRDA:95,0,25,0
BRDA:95,0,26,0
BRDA:95,0,27,0
BRDA:95,0,28,0
BRDA:95,0,29,0
BRDA:95,0,30,0
BRDA:95,0,31,0
DA:96,0
BRDA:96,0,0,0
BRDA:96,0,1,0
BRDA:96,0,2,0
BRDA:96,0,3,0
BRDA:96,0,4,0
BRDA:96,0,5,0
BRDA:96,0,6,0
BRDA:96,0,7,0
BRDA:96,0,8,0
BRDA:96,0,9,0
BRDA:96,0,10,0
BRDA:96,0,11,0
BRDA:96,0,12,0
BRDA:96,0,13,0
BRDA:96,0,14,0
BRDA:96,0,15,0
BRDA:96,0,16,0
BRDA:96,0,17,0
BRDA:96,0,18,0
BRDA:96,0,19,0
BRDA:96,0,20,0
BRDA:96,0,21,0
BRDA:96,0,22,0
BRDA:96,0,23,0
BRDA:96,0,24,0
BRDA:96,0,25,0
BRDA:96,0,26,0
BRDA:96,0,27,0
BRDA:96,0,28,0
BRDA:96,0,29,0
BRDA:96,0,30,0
BRDA:96,0,31,0
BRDA:96,0,32,0
BRDA:96,0,33,0
BRDA:96,0,34,0
BRDA:96,0,35,0
BRDA:96,0,36,0
BRDA:96,0,37,0
BRDA:96,0,38,0
BRDA:96,0,39,0
BRDA:96,0,40,0
BRDA:96,0,41,0
BRDA:96,0,42,0
BRDA:96,0,43,0
BRDA:96,0,44,0
BRDA:96,0,45,0
BRDA:96,0,46,0
BRDA:96,0,47,0
BRDA:96,0,48,0
BRDA:96,0,49,0
BRDA:96,0,50,0
BRDA:96,0,51,0
BRDA:96,0,52,0
BRDA:96,0,53,0
BRDA:96,0,54,0
BRDA:96,0,55,0
BRDA:96,0,56,0
BRDA:96,0,57,0
BRDA:96,0,58,0
BRDA:96,0,59,0
BRDA:96,0,60,0
BRDA:96,0,61,0
BRDA:96,0,62,0
BRDA:96,0,63,0
DA:97,0
BRDA:97,0,0,0
BRDA:97,0,1,0
BRDA:97,0,2,0
BRDA:97,0,3,0
BRDA:97,0,4,0
BRDA:97,0,5,0
BRDA:97,0,6,0
BRDA:97,0,7,0
BRDA:97,0,8,0
BRDA:97,0,9,0
BRDA:97,0,10,0
BRDA:97,0,11,0
BRDA:97,0,12,0
BRDA:97,0,13,0
BRDA:97,0,14,0
BRDA:97,0,15,0
BRDA:97,0,16,0
BRDA:97,0,17,0
BRDA:97,0,18,0
BRDA:97,0,19,0
BRDA:97,0,20,0
BRDA:97,0,21,0
BRDA:97,0,22,0
BRDA:97,0,23,0
BRDA:97,0,24,0
BRDA:97,0,25,0
BRDA:97,0,26,0
BRDA:97,0,27,0
BRDA:97,0,28,0
BRDA:97,0,29,0
BRDA:97,0,30,0
BRDA:97,0,31,0
BRDA:97,0,32,0
BRDA:97,0,33,0
BRDA:97,0,34,0
BRDA:97,0,35,0
BRDA:97,0,36,0
BRDA:97,0,37,0
BRDA:97,0,38,0
BRDA:97,0,39,0
BRDA:97,0,40,0
BRDA:97,0,41,0
BRDA:97,0,42,0
BRDA:97,0,43,0
BRDA:97,0,44,0
BRDA:97,0,45,0
BRDA:97,0,46,0
BRDA:97,0,47,0
BRDA:97,0,48,0
BRDA:97,0,49,0
BRDA:97,0,50,0
BRDA:97,0,51,0
BRDA:97,0,52,0
BRDA:97,0,53,0
BRDA:97,0,54,0
BRDA:97,0,55,0
BRDA:97,0,56,0
BRDA:97,0,57,0
BRDA:97,0,58,0
BRDA:97,0,59,0
BRDA:97,0,60,0
BRDA:97,0,61,0
BRDA:97,0,62,0
BRDA:97,0,63,0
DA:98,0
BRDA:98,0,0,0
BRDA:98,0,1,0
BRDA:98,0,2,0
BRDA:98,0,3,0
BRDA:98,0,4,0
BRDA:98,0,5,0
BRDA:98,0,6,0
BRDA:98,0,7,0
BRDA:98,0,8,0
BRDA:98,0,9,0
BRDA:98,0,10,0
BRDA:98,0,11,0
BRDA:98,0,12,0
BRDA:98,0,13,0
BRDA:98,0,14,0
BRDA:98,0,15,0
BRDA:98,0,16,0
BRDA:98,0,17,0
BRDA:98,0,18,0
BRDA:98,0,19,0
BRDA:98,0,20,0
BRDA:98,0,21,0
BRDA:98,0,22,0
BRDA:98,0,23,0
BRDA:98,0,24,0
BRDA:98,0,25,0
BRDA:98,0,26,0
BRDA:98,0,27,0
BRDA:98,0,28,0
BRDA:98,0,29,0
BRDA:98,0,30,0
BRDA:98,0,31,0
BRDA:98,0,32,0
BRDA:98,0,33,0
BRDA:98,0,34,0
BRDA:98,0,35,0
BRDA:98,0,36,0
BRDA:98,0,37,0
BRDA:98,0,38,0
BRDA:98,0,39,0
BRDA:98,0,40,0
BRDA:98,0,41,0
BRDA:98,0,42,0
BRDA:98,0,43,0
BRDA:98,0,44,0
BRDA:98,0,45,0
BRDA:98,0,46,0
BRDA:98,0,47,0
BRDA:98,0,48,0
BRDA:98,0,49,0
BRDA:98,0,50,0
BRDA:98,0,51,0
BRDA:98,0,52,0
BRDA:98,0,53,0
BRDA:98,0,54,0
BRDA:98,0,55,0
BRDA:98,0,56,0
BRDA:98,0,57,0
BRDA:98,0,58,0
BRDA:98,0,59,0
BRDA:98,0,60,0
BRDA:98,0,61,0
BRDA:98,0,62,0
BRDA:98,0,63,0
BRDA:98,0,64,0
BRDA:98,0,65,0
BRDA:98,0,66,0
BRDA:98,0,67,0
BRDA:98,0,68,0
BRDA:98,0,69,0
BRDA:98,0,70,0
BRDA:98,0,71,0
BRDA:98,0,72,0
BRDA:98,0,73,0
BRDA:98,0,74,0
BRDA:98,0,75,0
BRDA:98,0,76,0
BRDA:98,0,77,0
BRDA:98,0,78,0
BRDA:98,0,79,0
BRDA:98,0,80,0
BRDA:98,0,81,0
BRDA:98,0,82,0
BRDA:98,0,83,0
BRDA:98,0,84,0
BRDA:98,0,85,0
BRDA:98,0,86,0
BRDA:98,0,87,0
BRDA:98,0,88,0
BRDA:98,0,89,0
BRDA:98,0,90,0
BRDA:98,0,91,0
BRDA:98,0,92,0
BRDA:98,0,93,0
BRDA:98,0,94,0
BRDA:98,0,95,0
BRDA:98,0,96,0
BRDA:98,0,97,0
BRDA:98,0,98,0
BRDA:98,0,99,0
BRDA:98,0,100,0
BRDA:98,0,101,0
BRDA:98,0,102,0
BRDA:98,0,103,0
BRDA:98,0,104,0
BRDA:98,0,105,0
BRDA:98,0,106,0
BRDA:98,0,107,0
BRDA:98,0,108,0
BRDA:98,0,109,0
BRDA:98,0,110,0
BRDA:98,0,111,0
BRDA:98,0,112,0
BRDA:98,0,113,0
BRDA:98,0,114,0
BRDA:98,0,115,0
BRDA:98,0,116,0
BRDA:98,0,117,0
BRDA:98,0,118,0
BRDA:98,0,119,0
BRDA:98,0,120,0
BRDA:98,0,121,0
BRDA:98,0,122,0
BRDA:98,0,123,0
BRDA:98,0,124,0
BRDA:98,0,125,0
BRDA:98,0,126,0
BRDA:98,0,127,0
DA:106,27
DA:107,25
BRDA:107,0,0,2
BRDA:107,0,1,25
DA:108,2
DA:109,2
DA:110,2
DA:111,2
DA:112,2
DA:113,2
DA:114,2
DA:115,2
DA:116,2
DA:117,2
DA:118,2
DA:119,2
DA:120,2
DA:121,2
DA:122,2
DA:123,2
DA:124,2
DA:125,25
DA:126,25
DA:127,25
BRDA:127,0,0,25
BRDA:127,0,1,0
DA:128,0
DA:130,25
BRDA:130,0,0,0
BRDA:130,0,1,25
DA:131,25
DA:133,25
BRDA:133,0,0,25
BRDA:133,0,1,0
BRDA:133,0,2,25
DA:134,25
DA:135,0
BRDA:135,0,0,0
BRDA:135,0,1,0
DA:136,0
DA:138,25
BRDA:138,0,0,25
BRDA:138,0,1,25
BRDA:138,0,2,25
BRDA:138,0,3,0
BRDA:138,0,4,0
DA:139,0
DA:140,0
DA:141,0
DA:142,0
DA:143,0
DA:145,25
BRDA:145,0,0,25
BRDA:145,0,1,0
BRDA:145,0,2,25
BRDA:145,0,3,0
BRDA:145,0,4,0
DA:146,0
BRDA:146,0,0,0
BRDA:146,0,1,0
BRDA:146,0,2,0
BRDA:146,0,3,0
BRDA:146,0,4,0
BRDA:146,0,5,0
DA:147,0
DA:148,0
DA:149,0
DA:150,0
DA:151,0
DA:152,0
DA:153,0
DA:156,25
BRDA:156,0,0,25
BRDA:156,0,1,24
BRDA:156,0,2,25
BRDA:156,0,3,0
BRDA:156,0,4,0
DA:157,0
DA:159,25
BRDA:159,0,0,25
BRDA:159,0,1,25
BRDA:159,0,2,0
BRDA:159,0,3,0
BRDA:159,0,4,0
BRDA:159,0,5,0
DA:160,0
DA:161,0
DA:163,25
BRDA:163,0,0,25
BRDA:163,0,1,25
BRDA:163,0,2,25
BRDA:163,0,3,0
BRDA:163,0,4,0
DA:164,0
DA:167,25
DA:168,25
DA:169,25
DA:170,25
DA:171,25
DA:172,25
DA:173,25
DA:174,25
BRDA:174,0,0,25
BRDA:174,0,1,25
BRDA:174,0,2,25
BRDA:174,0,3,0
BRDA:174,0,4,0
DA:175,0
DA:176,0
DA:177,0
DA:178,0
BRDA:178,0,0,0
BRDA:178,0,1,0
DA:179,0
DA:180,0
DA:181,0
DA:184,25
BRDA:184,0,0,25
BRDA:184,0,1,25
BRDA:184,0,2,0
BRDA:184,0,3,0
BRDA:184,0,4,0
DA:185,0
DA:186,0
DA:187,0
BRDA:187,0,0,0
BRDA:187,0,1,0
DA:188,0
DA:189,0
DA:192,25
BRDA:192,0,0,25
BRDA:192,0,1,25
BRDA:192,0,2,0
BRDA:192,0,3,25
BRDA:192,0,4,0
BRDA:192,0,5,0
DA:193,0
BRDA:193,0,0,0
BRDA:193,0,1,0
DA:194,0
DA:195,0
DA:197,0
BRDA:197,0,0,0
BRDA:197,0,1,0
DA:198,0
DA:201,25
BRDA:201,0,0,25
BRDA:201,0,1,25
BRDA:201,0,2,25
BRDA:201,0,3,0
BRDA:201,0,4,0
DA:202,0
DA:204,25
BRDA:204,0,0,25
BRDA:204,0,1,25
BRDA:204,0,2,0
DA:205,25
DA:209,154
DA:210,154
BRDA:210,0,0,154
BRDA:210,0,1,154
BRDA:210,0,2,154
BRDA:210,0,3,0
DA:211,154
BRDA:211,0,0,154
BRDA:211,0,1,2
BRDA:211,0,2,154
BRDA:211,0,3,0
DA:212,154
BRDA:212,0,0,154
BRDA:212,0,1,154
BRDA:212,0,2,0
BRDA:212,0,3,0
BRDA:212,0,4,0
DA:213,154
BRDA:213,0,0,154
BRDA:213,0,1,0
BRDA:213,0,2,154
BRDA:213,0,3,154
BRDA:213,0,4,0
BRDA:213,0,5,2
BRDA:213,0,6,154
DA:214,154
DA:215,154
DA:216,154
DA:217,154
DA:218,154
DA:219,154
BRDA:219,0,0,152
BRDA:219,0,1,154
BRDA:219,0,2,0
BRDA:219,0,3,0
BRDA:219,0,4,154
DA:220,0
DA:221,0
DA:223,154
BRDA:223,0,0,152
BRDA:223,0,1,2
BRDA:223,0,2,0
BRDA:223,0,3,0
BRDA:223,0,4,154
DA:224,0
DA:225,0
DA:227,154
BRDA:227,0,0,154
BRDA:227,0,1,154
BRDA:227,0,2,0
BRDA:227,0,3,0
BRDA:227,0,4,154
DA:228,0
BRDA:228,0,0,0
BRDA:228,0,1,0
DA:230,0
BRDA:230,0,0,0
BRDA:230,0,1,0
DA:232,0
BRDA:232,0,0,0
BRDA:232,0,1,0
BRDA:232,0,2,0
BRDA:232,0,3,0
BRDA:232,0,4,0
DA:233,0
DA:234,0
DA:237,154
BRDA:237,0,0,154
BRDA:237,0,1,0
BRDA:237,0,2,154
BRDA:237,0,3,0
DA:238,154
DA:239,154
DA:241,154
BRDA:241,0,0,0
BRDA:241,0,1,154
DA:242,0
DA:243,0
DA:244,0
BRDA:244,0,0,0
BRDA:244,0,1,0
DA:245,0
DA:247,154
DA:248,0
DA:249,0
DA:250,154
BRDA:250,0,0,0
BRDA:250,0,1,154
DA:251,0
BRF:2481
BRH:60
end_of_record
