TN:verilator_coverage
SF:../../handoff/rtl/actuator_clamper.v
DA:2,26
BRDA:2,0,0,26
BRDA:2,0,1,25
DA:3,1
BRDA:3,0,0,1
BRDA:3,0,1,0
DA:4,0
BRDA:4,0,0,0
BRDA:4,0,1,0
BRDA:4,0,2,0
BRDA:4,0,3,0
BRDA:4,0,4,0
BRDA:4,0,5,0
BRDA:4,0,6,0
BRDA:4,0,7,0
BRDA:4,0,8,0
BRDA:4,0,9,0
BRDA:4,0,10,0
BRDA:4,0,11,0
BRDA:4,0,12,0
BRDA:4,0,13,0
BRDA:4,0,14,0
BRDA:4,0,15,0
BRDA:4,0,16,0
BRDA:4,0,17,0
BRDA:4,0,18,0
BRDA:4,0,19,0
BRDA:4,0,20,0
BRDA:4,0,21,0
BRDA:4,0,22,0
BRDA:4,0,23,0
BRDA:4,0,24,0
BRDA:4,0,25,0
BRDA:4,0,26,0
BRDA:4,0,27,0
BRDA:4,0,28,0
BRDA:4,0,29,0
BRDA:4,0,30,0
BRDA:4,0,31,0
DA:5,0
BRDA:5,0,0,0
BRDA:5,0,1,0
BRDA:5,0,2,0
BRDA:5,0,3,0
BRDA:5,0,4,0
BRDA:5,0,5,0
BRDA:5,0,6,0
BRDA:5,0,7,0
DA:6,0
BRDA:6,0,0,0
BRDA:6,0,1,0
BRDA:6,0,2,0
BRDA:6,0,3,0
BRDA:6,0,4,0
BRDA:6,0,5,0
BRDA:6,0,6,0
BRDA:6,0,7,0
BRDA:6,0,8,0
BRDA:6,0,9,0
BRDA:6,0,10,0
BRDA:6,0,11,0
BRDA:6,0,12,0
BRDA:6,0,13,0
BRDA:6,0,14,0
BRDA:6,0,15,0
BRDA:6,0,16,0
BRDA:6,0,17,0
BRDA:6,0,18,0
BRDA:6,0,19,0
BRDA:6,0,20,0
BRDA:6,0,21,0
BRDA:6,0,22,0
BRDA:6,0,23,0
BRDA:6,0,24,0
BRDA:6,0,25,0
BRDA:6,0,26,0
BRDA:6,0,27,0
BRDA:6,0,28,0
BRDA:6,0,29,0
BRDA:6,0,30,0
BRDA:6,0,31,0
DA:7,1
BRDA:7,0,0,1
BRDA:7,0,1,0
BRDA:7,0,2,0
BRDA:7,0,3,0
BRDA:7,0,4,0
BRDA:7,0,5,0
BRDA:7,0,6,0
BRDA:7,0,7,0
BRDA:7,0,8,0
BRDA:7,0,9,0
BRDA:7,0,10,0
BRDA:7,0,11,0
BRDA:7,0,12,0
BRDA:7,0,13,0
BRDA:7,0,14,1
BRDA:7,0,15,0
BRDA:7,0,16,1
BRDA:7,0,17,0
BRDA:7,0,18,1
BRDA:7,0,19,0
BRDA:7,0,20,1
BRDA:7,0,21,0
BRDA:7,0,22,1
BRDA:7,0,23,0
BRDA:7,0,24,1
BRDA:7,0,25,0
BRDA:7,0,26,1
BRDA:7,0,27,0
BRDA:7,0,28,0
BRDA:7,0,29,0
BRDA:7,0,30,0
BRDA:7,0,31,0
DA:8,0
BRDA:8,0,0,0
BRDA:8,0,1,0
DA:9,0
BRDA:9,0,0,0
BRDA:9,0,1,0
BRDA:9,0,2,0
BRDA:9,0,3,0
BRDA:9,0,4,0
BRDA:9,0,5,0
BRDA:9,0,6,0
BRDA:9,0,7,0
BRDA:9,0,8,0
BRDA:9,0,9,0
BRDA:9,0,10,0
BRDA:9,0,11,0
BRDA:9,0,12,0
BRDA:9,0,13,0
BRDA:9,0,14,0
BRDA:9,0,15,0
DA:10,0
BRDA:10,0,0,0
BRDA:10,0,1,0
BRDA:10,0,2,0
BRDA:10,0,3,0
BRDA:10,0,4,0
BRDA:10,0,5,0
BRDA:10,0,6,0
BRDA:10,0,7,0
BRDA:10,0,8,0
BRDA:10,0,9,0
BRDA:10,0,10,0
BRDA:10,0,11,0
BRDA:10,0,12,0
BRDA:10,0,13,0
BRDA:10,0,14,0
BRDA:10,0,15,0
BRDA:10,0,16,0
BRDA:10,0,17,0
BRDA:10,0,18,0
BRDA:10,0,19,0
BRDA:10,0,20,0
BRDA:10,0,21,0
BRDA:10,0,22,0
BRDA:10,0,23,0
BRDA:10,0,24,0
BRDA:10,0,25,0
BRDA:10,0,26,0
BRDA:10,0,27,0
BRDA:10,0,28,0
BRDA:10,0,29,0
BRDA:10,0,30,0
BRDA:10,0,31,0
DA:11,0
BRDA:11,0,0,0
BRDA:11,0,1,0
BRDA:11,0,2,0
BRDA:11,0,3,0
BRDA:11,0,4,0
BRDA:11,0,5,0
BRDA:11,0,6,0
BRDA:11,0,7,0
BRDA:11,0,8,0
BRDA:11,0,9,0
BRDA:11,0,10,0
BRDA:11,0,11,0
BRDA:11,0,12,0
BRDA:11,0,13,0
BRDA:11,0,14,0
BRDA:11,0,15,0
BRDA:11,0,16,0
BRDA:11,0,17,0
BRDA:11,0,18,0
BRDA:11,0,19,0
BRDA:11,0,20,0
BRDA:11,0,21,0
BRDA:11,0,22,0
BRDA:11,0,23,0
BRDA:11,0,24,0
BRDA:11,0,25,0
BRDA:11,0,26,0
BRDA:11,0,27,0
BRDA:11,0,28,0
BRDA:11,0,29,0
BRDA:11,0,30,0
BRDA:11,0,31,0
DA:12,0
BRDA:12,0,0,0
BRDA:12,0,1,0
DA:13,0
BRDA:13,0,0,0
BRDA:13,0,1,0
DA:14,0
BRDA:14,0,0,0
BRDA:14,0,1,0
BRDA:14,0,2,0
BRDA:14,0,3,0
BRDA:14,0,4,0
BRDA:14,0,5,0
BRDA:14,0,6,0
BRDA:14,0,7,0
BRDA:14,0,8,0
BRDA:14,0,9,0
BRDA:14,0,10,0
BRDA:14,0,11,0
BRDA:14,0,12,0
BRDA:14,0,13,0
BRDA:14,0,14,0
BRDA:14,0,15,0
BRDA:14,0,16,0
BRDA:14,0,17,0
BRDA:14,0,18,0
BRDA:14,0,19,0
BRDA:14,0,20,0
BRDA:14,0,21,0
BRDA:14,0,22,0
BRDA:14,0,23,0
BRDA:14,0,24,0
BRDA:14,0,25,0
BRDA:14,0,26,0
BRDA:14,0,27,0
BRDA:14,0,28,0
BRDA:14,0,29,0
BRDA:14,0,30,0
BRDA:14,0,31,0
DA:17,0
BRDA:17,0,0,0
BRDA:17,0,1,0
BRDA:17,0,2,0
BRDA:17,0,3,0
BRDA:17,0,4,0
BRDA:17,0,5,0
BRDA:17,0,6,0
BRDA:17,0,7,0
BRDA:17,0,8,0
BRDA:17,0,9,0
BRDA:17,0,10,0
BRDA:17,0,11,0
BRDA:17,0,12,0
BRDA:17,0,13,0
BRDA:17,0,14,0
BRDA:17,0,15,0
BRDA:17,0,16,0
BRDA:17,0,17,0
BRDA:17,0,18,0
BRDA:17,0,19,0
BRDA:17,0,20,0
BRDA:17,0,21,0
BRDA:17,0,22,0
BRDA:17,0,23,0
BRDA:17,0,24,0
BRDA:17,0,25,0
BRDA:17,0,26,0
BRDA:17,0,27,0
BRDA:17,0,28,0
BRDA:17,0,29,0
BRDA:17,0,30,0
BRDA:17,0,31,0
DA:18,0
BRDA:18,0,0,0
BRDA:18,0,1,0
BRDA:18,0,2,0
BRDA:18,0,3,0
BRDA:18,0,4,0
BRDA:18,0,5,0
BRDA:18,0,6,0
BRDA:18,0,7,0
BRDA:18,0,8,0
BRDA:18,0,9,0
BRDA:18,0,10,0
BRDA:18,0,11,0
BRDA:18,0,12,0
BRDA:18,0,13,0
BRDA:18,0,14,0
BRDA:18,0,15,0
BRDA:18,0,16,0
BRDA:18,0,17,0
BRDA:18,0,18,0
BRDA:18,0,19,0
BRDA:18,0,20,0
BRDA:18,0,21,0
BRDA:18,0,22,0
BRDA:18,0,23,0
BRDA:18,0,24,0
BRDA:18,0,25,0
BRDA:18,0,26,0
BRDA:18,0,27,0
BRDA:18,0,28,0
BRDA:18,0,29,0
BRDA:18,0,30,0
BRDA:18,0,31,0
DA:19,0
BRDA:19,0,0,0
BRDA:19,0,1,0
BRDA:19,0,2,0
BRDA:19,0,3,0
BRDA:19,0,4,0
BRDA:19,0,5,0
BRDA:19,0,6,0
BRDA:19,0,7,0
BRDA:19,0,8,0
BRDA:19,0,9,0
BRDA:19,0,10,0
BRDA:19,0,11,0
BRDA:19,0,12,0
BRDA:19,0,13,0
BRDA:19,0,14,0
BRDA:19,0,15,0
BRDA:19,0,16,0
BRDA:19,0,17,0
BRDA:19,0,18,0
BRDA:19,0,19,0
BRDA:19,0,20,0
BRDA:19,0,21,0
BRDA:19,0,22,0
BRDA:19,0,23,0
BRDA:19,0,24,0
BRDA:19,0,25,0
BRDA:19,0,26,0
BRDA:19,0,27,0
BRDA:19,0,28,0
BRDA:19,0,29,0
BRDA:19,0,30,0
BRDA:19,0,31,0
DA:21,26
DA:22,25
BRDA:22,0,0,1
BRDA:22,0,1,25
BRDA:22,0,2,1
BRDA:22,0,3,25
DA:23,1
DA:24,1
DA:25,1
DA:26,1
DA:27,1
DA:28,1
DA:29,1
DA:30,25
DA:31,25
DA:32,25
DA:33,25
DA:34,0
DA:35,0
DA:36,0
DA:37,25
BRDA:37,0,0,0
BRDA:37,0,1,25
DA:38,0
DA:39,0
DA:40,25
DA:41,25
DA:43,25
BRDA:43,0,0,25
BRDA:43,0,1,0
DA:44,0
BRDA:44,0,0,0
BRDA:44,0,1,0
DA:45,0
DA:46,0
DA:47,0
DA:49,0
DA:50,0
BRDA:50,0,0,0
BRDA:50,0,1,0
DA:51,0
DA:52,0
BRDA:52,0,0,0
BRDA:52,0,1,0
DA:53,0
DA:54,0
DA:55,0
DA:57,0
DA:58,0
DA:60,25
DA:61,25
BRF:336
BRH:6
end_of_record
SF:../../handoff/rtl/actuator_tx.v
DA:2,26
BRDA:2,0,0,26
BRDA:2,0,1,25
DA:3,1
BRDA:3,0,0,1
BRDA:3,0,1,0
DA:4,0
BRDA:4,0,0,0
BRDA:4,0,1,0
BRDA:4,0,2,0
BRDA:4,0,3,0
BRDA:4,0,4,0
BRDA:4,0,5,0
BRDA:4,0,6,0
BRDA:4,0,7,0
BRDA:4,0,8,0
BRDA:4,0,9,0
BRDA:4,0,10,0
BRDA:4,0,11,0
BRDA:4,0,12,0
BRDA:4,0,13,0
BRDA:4,0,14,0
BRDA:4,0,15,0
BRDA:4,0,16,0
BRDA:4,0,17,0
BRDA:4,0,18,0
BRDA:4,0,19,0
BRDA:4,0,20,0
BRDA:4,0,21,0
BRDA:4,0,22,0
BRDA:4,0,23,0
BRDA:4,0,24,0
BRDA:4,0,25,0
BRDA:4,0,26,0
BRDA:4,0,27,0
BRDA:4,0,28,0
BRDA:4,0,29,0
BRDA:4,0,30,0
BRDA:4,0,31,0
DA:5,0
BRDA:5,0,0,0
BRDA:5,0,1,0
BRDA:5,0,2,0
BRDA:5,0,3,0
BRDA:5,0,4,0
BRDA:5,0,5,0
BRDA:5,0,6,0
BRDA:5,0,7,0
DA:6,1
BRDA:6,0,0,0
BRDA:6,0,1,0
BRDA:6,0,2,1
BRDA:6,0,3,1
BRDA:6,0,4,1
BRDA:6,0,5,0
BRDA:6,0,6,0
BRDA:6,0,7,0
BRDA:6,0,8,0
BRDA:6,0,9,0
BRDA:6,0,10,0
BRDA:6,0,11,0
BRDA:6,0,12,1
BRDA:6,0,13,0
BRDA:6,0,14,0
BRDA:6,0,15,0
DA:7,1
BRDA:7,0,0,1
BRDA:7,0,1,0
DA:8,0
BRDA:8,0,0,0
BRDA:8,0,1,0
DA:9,0
BRDA:9,0,0,0
BRDA:9,0,1,0
DA:10,0
BRDA:10,0,0,0
BRDA:10,0,1,0
BRDA:10,0,2,0
BRDA:10,0,3,0
BRDA:10,0,4,0
BRDA:10,0,5,0
BRDA:10,0,6,0
BRDA:10,0,7,0
BRDA:10,0,8,0
BRDA:10,0,9,0
BRDA:10,0,10,0
BRDA:10,0,11,0
BRDA:10,0,12,0
BRDA:10,0,13,0
BRDA:10,0,14,0
BRDA:10,0,15,0
BRDA:10,0,16,0
BRDA:10,0,17,0
BRDA:10,0,18,0
BRDA:10,0,19,0
BRDA:10,0,20,0
BRDA:10,0,21,0
BRDA:10,0,22,0
BRDA:10,0,23,0
BRDA:10,0,24,0
BRDA:10,0,25,0
BRDA:10,0,26,0
BRDA:10,0,27,0
BRDA:10,0,28,0
BRDA:10,0,29,0
BRDA:10,0,30,0
BRDA:10,0,31,0
BRDA:10,0,32,0
BRDA:10,0,33,0
BRDA:10,0,34,0
BRDA:10,0,35,0
BRDA:10,0,36,0
BRDA:10,0,37,0
BRDA:10,0,38,0
BRDA:10,0,39,0
BRDA:10,0,40,0
BRDA:10,0,41,0
BRDA:10,0,42,0
BRDA:10,0,43,0
BRDA:10,0,44,0
BRDA:10,0,45,0
BRDA:10,0,46,0
BRDA:10,0,47,0
BRDA:10,0,48,0
BRDA:10,0,49,0
BRDA:10,0,50,0
BRDA:10,0,51,0
BRDA:10,0,52,0
BRDA:10,0,53,0
BRDA:10,0,54,0
BRDA:10,0,55,0
BRDA:10,0,56,0
BRDA:10,0,57,0
BRDA:10,0,58,0
BRDA:10,0,59,0
BRDA:10,0,60,0
BRDA:10,0,61,0
BRDA:10,0,62,0
BRDA:10,0,63,0
BRDA:10,0,64,0
BRDA:10,0,65,0
BRDA:10,0,66,0
BRDA:10,0,67,0
BRDA:10,0,68,0
BRDA:10,0,69,0
BRDA:10,0,70,0
BRDA:10,0,71,0
BRDA:10,0,72,0
BRDA:10,0,73,0
BRDA:10,0,74,0
BRDA:10,0,75,0
BRDA:10,0,76,0
BRDA:10,0,77,0
BRDA:10,0,78,0
BRDA:10,0,79,0
BRDA:10,0,80,0
BRDA:10,0,81,0
BRDA:10,0,82,0
BRDA:10,0,83,0
BRDA:10,0,84,0
BRDA:10,0,85,0
BRDA:10,0,86,0
BRDA:10,0,87,0
BRDA:10,0,88,0
BRDA:10,0,89,0
BRDA:10,0,90,0
BRDA:10,0,91,0
BRDA:10,0,92,0
BRDA:10,0,93,0
BRDA:10,0,94,0
BRDA:10,0,95,0
BRDA:10,0,96,0
BRDA:10,0,97,0
BRDA:10,0,98,0
BRDA:10,0,99,0
BRDA:10,0,100,0
BRDA:10,0,101,0
BRDA:10,0,102,0
BRDA:10,0,103,0
BRDA:10,0,104,0
BRDA:10,0,105,0
BRDA:10,0,106,0
BRDA:10,0,107,0
BRDA:10,0,108,0
BRDA:10,0,109,0
BRDA:10,0,110,0
BRDA:10,0,111,0
BRDA:10,0,112,0
BRDA:10,0,113,0
BRDA:10,0,114,0
BRDA:10,0,115,0
BRDA:10,0,116,0
BRDA:10,0,117,0
BRDA:10,0,118,0
BRDA:10,0,119,0
BRDA:10,0,120,0
BRDA:10,0,121,0
BRDA:10,0,122,0
BRDA:10,0,123,0
BRDA:10,0,124,0
BRDA:10,0,125,0
BRDA:10,0,126,0
BRDA:10,0,127,0
DA:11,1
BRDA:11,0,0,1
BRDA:11,0,1,0
DA:12,0
BRDA:12,0,0,0
BRDA:12,0,1,0
DA:13,0
BRDA:13,0,0,0
BRDA:13,0,1,0
DA:14,0
BRDA:14,0,0,0
BRDA:14,0,1,0
BRDA:14,0,2,0
BRDA:14,0,3,0
BRDA:14,0,4,0
BRDA:14,0,5,0
BRDA:14,0,6,0
BRDA:14,0,7,0
BRDA:14,0,8,0
BRDA:14,0,9,0
BRDA:14,0,10,0
BRDA:14,0,11,0
BRDA:14,0,12,0
BRDA:14,0,13,0
BRDA:14,0,14,0
BRDA:14,0,15,0
BRDA:14,0,16,0
BRDA:14,0,17,0
BRDA:14,0,18,0
BRDA:14,0,19,0
BRDA:14,0,20,0
BRDA:14,0,21,0
BRDA:14,0,22,0
BRDA:14,0,23,0
BRDA:14,0,24,0
BRDA:14,0,25,0
BRDA:14,0,26,0
BRDA:14,0,27,0
BRDA:14,0,28,0
BRDA:14,0,29,0
BRDA:14,0,30,0
BRDA:14,0,31,0
BRDA:14,0,32,0
BRDA:14,0,33,0
BRDA:14,0,34,0
BRDA:14,0,35,0
BRDA:14,0,36,0
BRDA:14,0,37,0
BRDA:14,0,38,0
BRDA:14,0,39,0
BRDA:14,0,40,0
BRDA:14,0,41,0
BRDA:14,0,42,0
BRDA:14,0,43,0
BRDA:14,0,44,0
BRDA:14,0,45,0
BRDA:14,0,46,0
BRDA:14,0,47,0
BRDA:14,0,48,0
BRDA:14,0,49,0
BRDA:14,0,50,0
BRDA:14,0,51,0
BRDA:14,0,52,0
BRDA:14,0,53,0
BRDA:14,0,54,0
BRDA:14,0,55,0
BRDA:14,0,56,0
BRDA:14,0,57,0
BRDA:14,0,58,0
BRDA:14,0,59,0
BRDA:14,0,60,0
BRDA:14,0,61,0
BRDA:14,0,62,0
BRDA:14,0,63,0
BRDA:14,0,64,0
BRDA:14,0,65,0
BRDA:14,0,66,0
BRDA:14,0,67,0
BRDA:14,0,68,0
BRDA:14,0,69,0
BRDA:14,0,70,0
BRDA:14,0,71,0
BRDA:14,0,72,0
BRDA:14,0,73,0
BRDA:14,0,74,0
BRDA:14,0,75,0
BRDA:14,0,76,0
BRDA:14,0,77,0
BRDA:14,0,78,0
BRDA:14,0,79,0
BRDA:14,0,80,0
BRDA:14,0,81,0
BRDA:14,0,82,0
BRDA:14,0,83,0
BRDA:14,0,84,0
BRDA:14,0,85,0
BRDA:14,0,86,0
BRDA:14,0,87,0
BRDA:14,0,88,0
BRDA:14,0,89,0
BRDA:14,0,90,0
BRDA:14,0,91,0
BRDA:14,0,92,0
BRDA:14,0,93,0
BRDA:14,0,94,0
BRDA:14,0,95,0
BRDA:14,0,96,0
BRDA:14,0,97,0
BRDA:14,0,98,0
BRDA:14,0,99,0
BRDA:14,0,100,0
BRDA:14,0,101,0
BRDA:14,0,102,0
BRDA:14,0,103,0
BRDA:14,0,104,0
BRDA:14,0,105,0
BRDA:14,0,106,0
BRDA:14,0,107,0
BRDA:14,0,108,0
BRDA:14,0,109,0
BRDA:14,0,110,0
BRDA:14,0,111,0
BRDA:14,0,112,0
BRDA:14,0,113,0
BRDA:14,0,114,0
BRDA:14,0,115,0
BRDA:14,0,116,0
BRDA:14,0,117,0
BRDA:14,0,118,0
BRDA:14,0,119,0
BRDA:14,0,120,0
BRDA:14,0,121,0
BRDA:14,0,122,0
BRDA:14,0,123,0
BRDA:14,0,124,0
BRDA:14,0,125,0
BRDA:14,0,126,0
BRDA:14,0,127,0
DA:15,0
BRDA:15,0,0,0
BRDA:15,0,1,0
DA:16,0
BRDA:16,0,0,0
BRDA:16,0,1,0
DA:17,0
BRDA:17,0,0,0
BRDA:17,0,1,0
BRDA:17,0,2,0
BRDA:17,0,3,0
BRDA:17,0,4,0
BRDA:17,0,5,0
BRDA:17,0,6,0
BRDA:17,0,7,0
BRDA:17,0,8,0
BRDA:17,0,9,0
BRDA:17,0,10,0
BRDA:17,0,11,0
BRDA:17,0,12,0
BRDA:17,0,13,0
BRDA:17,0,14,0
BRDA:17,0,15,0
BRDA:17,0,16,0
BRDA:17,0,17,0
BRDA:17,0,18,0
BRDA:17,0,19,0
BRDA:17,0,20,0
BRDA:17,0,21,0
BRDA:17,0,22,0
BRDA:17,0,23,0
BRDA:17,0,24,0
BRDA:17,0,25,0
BRDA:17,0,26,0
BRDA:17,0,27,0
BRDA:17,0,28,0
BRDA:17,0,29,0
BRDA:17,0,30,0
BRDA:17,0,31,0
BRDA:17,0,32,0
BRDA:17,0,33,0
BRDA:17,0,34,0
BRDA:17,0,35,0
BRDA:17,0,36,0
BRDA:17,0,37,0
BRDA:17,0,38,0
BRDA:17,0,39,0
BRDA:17,0,40,0
BRDA:17,0,41,0
BRDA:17,0,42,0
BRDA:17,0,43,0
BRDA:17,0,44,0
BRDA:17,0,45,0
BRDA:17,0,46,0
BRDA:17,0,47,0
BRDA:17,0,48,0
BRDA:17,0,49,0
BRDA:17,0,50,0
BRDA:17,0,51,0
BRDA:17,0,52,0
BRDA:17,0,53,0
BRDA:17,0,54,0
BRDA:17,0,55,0
BRDA:17,0,56,0
BRDA:17,0,57,0
BRDA:17,0,58,0
BRDA:17,0,59,0
BRDA:17,0,60,0
BRDA:17,0,61,0
BRDA:17,0,62,0
BRDA:17,0,63,0
BRDA:17,0,64,0
BRDA:17,0,65,0
BRDA:17,0,66,0
BRDA:17,0,67,0
BRDA:17,0,68,0
BRDA:17,0,69,0
BRDA:17,0,70,0
BRDA:17,0,71,0
BRDA:17,0,72,0
BRDA:17,0,73,0
BRDA:17,0,74,0
BRDA:17,0,75,0
BRDA:17,0,76,0
BRDA:17,0,77,0
BRDA:17,0,78,0
BRDA:17,0,79,0
BRDA:17,0,80,0
BRDA:17,0,81,0
BRDA:17,0,82,0
BRDA:17,0,83,0
BRDA:17,0,84,0
BRDA:17,0,85,0
BRDA:17,0,86,0
BRDA:17,0,87,0
BRDA:17,0,88,0
BRDA:17,0,89,0
BRDA:17,0,90,0
BRDA:17,0,91,0
BRDA:17,0,92,0
BRDA:17,0,93,0
BRDA:17,0,94,0
BRDA:17,0,95,0
BRDA:17,0,96,0
BRDA:17,0,97,0
BRDA:17,0,98,0
BRDA:17,0,99,0
BRDA:17,0,100,0
BRDA:17,0,101,0
BRDA:17,0,102,0
BRDA:17,0,103,0
BRDA:17,0,104,0
BRDA:17,0,105,0
BRDA:17,0,106,0
BRDA:17,0,107,0
BRDA:17,0,108,0
BRDA:17,0,109,0
BRDA:17,0,110,0
BRDA:17,0,111,0
BRDA:17,0,112,0
BRDA:17,0,113,0
BRDA:17,0,114,0
BRDA:17,0,115,0
BRDA:17,0,116,0
BRDA:17,0,117,0
BRDA:17,0,118,0
BRDA:17,0,119,0
BRDA:17,0,120,0
BRDA:17,0,121,0
BRDA:17,0,122,0
BRDA:17,0,123,0
BRDA:17,0,124,0
BRDA:17,0,125,0
BRDA:17,0,126,0
BRDA:17,0,127,0
DA:18,1
BRDA:18,0,0,1
BRDA:18,0,1,0
DA:21,26
DA:22,25
BRDA:22,0,0,1
BRDA:22,0,1,25
BRDA:22,0,2,1
BRDA:22,0,3,25
DA:23,1
DA:24,1
DA:25,1
DA:26,1
DA:27,1
DA:28,1
DA:29,1
DA:30,25
DA:31,25
DA:32,25
DA:33,25
DA:34,25
BRDA:34,0,0,25
BRDA:34,0,1,0
BRDA:34,0,2,25
BRDA:34,0,3,0
BRDA:34,0,4,0
DA:35,0
DA:36,0
DA:37,0
DA:39,25
BRDA:39,0,0,25
BRDA:39,0,1,25
BRDA:39,0,2,0
DA:40,25
DA:41,25
DA:42,25
BRDA:42,0,0,25
BRDA:42,0,1,0
DA:43,0
DA:44,0
DA:46,25
BRDA:46,0,0,25
BRDA:46,0,1,0
DA:47,0
DA:48,0
BRF:478
BRH:10
end_of_record
SF:../../handoff/rtl/adaptive_aero_control_top.v
DA:2,26
BRDA:2,0,0,26
BRDA:2,0,1,25
DA:3,1
BRDA:3,0,0,1
BRDA:3,0,1,0
DA:4,1
BRDA:4,0,0,1
BRDA:4,0,1,1
DA:5,1
BRDA:5,0,0,1
BRDA:5,0,1,0
BRDA:5,0,2,0
BRDA:5,0,3,0
BRDA:5,0,4,0
BRDA:5,0,5,0
BRDA:5,0,6,0
BRDA:5,0,7,0
BRDA:5,0,8,0
BRDA:5,0,9,0
BRDA:5,0,10,0
BRDA:5,0,11,0
BRDA:5,0,12,0
BRDA:5,0,13,0
BRDA:5,0,14,0
BRDA:5,0,15,0
BRDA:5,0,16,0
BRDA:5,0,17,0
BRDA:5,0,18,0
BRDA:5,0,19,0
BRDA:5,0,20,0
BRDA:5,0,21,0
BRDA:5,0,22,1
BRDA:5,0,23,0
BRDA:5,0,24,0
BRDA:5,0,25,0
BRDA:5,0,26,0
BRDA:5,0,27,0
BRDA:5,0,28,0
BRDA:5,0,29,0
BRDA:5,0,30,0
BRDA:5,0,31,0
BRDA:5,0,32,0
BRDA:5,0,33,0
BRDA:5,0,34,0
BRDA:5,0,35,0
BRDA:5,0,36,0
BRDA:5,0,37,0
BRDA:5,0,38,0
BRDA:5,0,39,0
BRDA:5,0,40,0
BRDA:5,0,41,0
BRDA:5,0,42,0
BRDA:5,0,43,0
BRDA:5,0,44,1
BRDA:5,0,45,0
BRDA:5,0,46,0
BRDA:5,0,47,0
BRDA:5,0,48,0
BRDA:5,0,49,0
BRDA:5,0,50,0
BRDA:5,0,51,0
BRDA:5,0,52,0
BRDA:5,0,53,0
BRDA:5,0,54,0
BRDA:5,0,55,0
BRDA:5,0,56,0
BRDA:5,0,57,0
BRDA:5,0,58,0
BRDA:5,0,59,0
BRDA:5,0,60,0
BRDA:5,0,61,0
BRDA:5,0,62,0
BRDA:5,0,63,0
BRDA:5,0,64,0
BRDA:5,0,65,0
BRDA:5,0,66,1
BRDA:5,0,67,0
BRDA:5,0,68,0
BRDA:5,0,69,0
BRDA:5,0,70,0
BRDA:5,0,71,0
BRDA:5,0,72,0
BRDA:5,0,73,0
BRDA:5,0,74,0
BRDA:5,0,75,0
BRDA:5,0,76,0
BRDA:5,0,77,0
BRDA:5,0,78,0
BRDA:5,0,79,0
BRDA:5,0,80,0
BRDA:5,0,81,0
BRDA:5,0,82,0
BRDA:5,0,83,0
BRDA:5,0,84,0
BRDA:5,0,85,0
BRDA:5,0,86,0
BRDA:5,0,87,0
BRDA:5,0,88,0
BRDA:5,0,89,0
BRDA:5,0,90,0
BRDA:5,0,91,0
BRDA:5,0,92,0
BRDA:5,0,93,0
BRDA:5,0,94,0
BRDA:5,0,95,0
BRDA:5,0,96,0
BRDA:5,0,97,0
BRDA:5,0,98,0
BRDA:5,0,99,0
BRDA:5,0,100,0
BRDA:5,0,101,0
BRDA:5,0,102,0
BRDA:5,0,103,0
BRDA:5,0,104,0
BRDA:5,0,105,0
BRDA:5,0,106,0
BRDA:5,0,107,0
BRDA:5,0,108,0
BRDA:5,0,109,0
BRDA:5,0,110,0
BRDA:5,0,111,0
BRDA:5,0,112,0
BRDA:5,0,113,0
BRDA:5,0,114,0
BRDA:5,0,115,0
BRDA:5,0,116,0
BRDA:5,0,117,0
BRDA:5,0,118,0
BRDA:5,0,119,0
BRDA:5,0,120,0
BRDA:5,0,121,0
BRDA:5,0,122,0
BRDA:5,0,123,0
BRDA:5,0,124,0
BRDA:5,0,125,0
BRDA:5,0,126,0
BRDA:5,0,127,0
DA:6,1
BRDA:6,0,0,1
BRDA:6,0,1,0
DA:7,0
BRDA:7,0,0,0
BRDA:7,0,1,0
DA:8,0
BRDA:8,0,0,0
BRDA:8,0,1,0
BRDA:8,0,2,0
BRDA:8,0,3,0
BRDA:8,0,4,0
BRDA:8,0,5,0
BRDA:8,0,6,0
BRDA:8,0,7,0
BRDA:8,0,8,0
BRDA:8,0,9,0
BRDA:8,0,10,0
BRDA:8,0,11,0
BRDA:8,0,12,0
BRDA:8,0,13,0
BRDA:8,0,14,0
BRDA:8,0,15,0
BRDA:8,0,16,0
BRDA:8,0,17,0
BRDA:8,0,18,0
BRDA:8,0,19,0
BRDA:8,0,20,0
BRDA:8,0,21,0
BRDA:8,0,22,0
BRDA:8,0,23,0
BRDA:8,0,24,0
BRDA:8,0,25,0
BRDA:8,0,26,0
BRDA:8,0,27,0
BRDA:8,0,28,0
BRDA:8,0,29,0
BRDA:8,0,30,0
BRDA:8,0,31,0
BRDA:8,0,32,0
BRDA:8,0,33,0
BRDA:8,0,34,0
BRDA:8,0,35,0
BRDA:8,0,36,0
BRDA:8,0,37,0
BRDA:8,0,38,0
BRDA:8,0,39,0
BRDA:8,0,40,0
BRDA:8,0,41,0
BRDA:8,0,42,0
BRDA:8,0,43,0
BRDA:8,0,44,0
BRDA:8,0,45,0
BRDA:8,0,46,0
BRDA:8,0,47,0
BRDA:8,0,48,0
BRDA:8,0,49,0
BRDA:8,0,50,0
BRDA:8,0,51,0
BRDA:8,0,52,0
BRDA:8,0,53,0
BRDA:8,0,54,0
BRDA:8,0,55,0
BRDA:8,0,56,0
BRDA:8,0,57,0
BRDA:8,0,58,0
BRDA:8,0,59,0
BRDA:8,0,60,0
BRDA:8,0,61,0
BRDA:8,0,62,0
BRDA:8,0,63,0
BRDA:8,0,64,0
BRDA:8,0,65,0
BRDA:8,0,66,0
BRDA:8,0,67,0
BRDA:8,0,68,0
BRDA:8,0,69,0
BRDA:8,0,70,0
BRDA:8,0,71,0
BRDA:8,0,72,0
BRDA:8,0,73,0
BRDA:8,0,74,0
BRDA:8,0,75,0
BRDA:8,0,76,0
BRDA:8,0,77,0
BRDA:8,0,78,0
BRDA:8,0,79,0
BRDA:8,0,80,0
BRDA:8,0,81,0
BRDA:8,0,82,0
BRDA:8,0,83,0
BRDA:8,0,84,0
BRDA:8,0,85,0
BRDA:8,0,86,0
BRDA:8,0,87,0
BRDA:8,0,88,0
BRDA:8,0,89,0
BRDA:8,0,90,0
BRDA:8,0,91,0
BRDA:8,0,92,0
BRDA:8,0,93,0
BRDA:8,0,94,0
BRDA:8,0,95,0
BRDA:8,0,96,0
BRDA:8,0,97,0
BRDA:8,0,98,0
BRDA:8,0,99,0
BRDA:8,0,100,0
BRDA:8,0,101,0
BRDA:8,0,102,0
BRDA:8,0,103,0
BRDA:8,0,104,0
BRDA:8,0,105,0
BRDA:8,0,106,0
BRDA:8,0,107,0
BRDA:8,0,108,0
BRDA:8,0,109,0
BRDA:8,0,110,0
BRDA:8,0,111,0
BRDA:8,0,112,0
BRDA:8,0,113,0
BRDA:8,0,114,0
BRDA:8,0,115,0
BRDA:8,0,116,0
BRDA:8,0,117,0
BRDA:8,0,118,0
BRDA:8,0,119,0
BRDA:8,0,120,0
BRDA:8,0,121,0
BRDA:8,0,122,0
BRDA:8,0,123,0
BRDA:8,0,124,0
BRDA:8,0,125,0
BRDA:8,0,126,0
BRDA:8,0,127,0
DA:9,0
BRDA:9,0,0,0
BRDA:9,0,1,0
DA:10,0
BRDA:10,0,0,0
BRDA:10,0,1,0
DA:11,0
BRDA:11,0,0,0
BRDA:11,0,1,0
BRDA:11,0,2,0
BRDA:11,0,3,0
BRDA:11,0,4,0
BRDA:11,0,5,0
BRDA:11,0,6,0
BRDA:11,0,7,0
BRDA:11,0,8,0
BRDA:11,0,9,0
BRDA:11,0,10,0
BRDA:11,0,11,0
BRDA:11,0,12,0
BRDA:11,0,13,0
BRDA:11,0,14,0
BRDA:11,0,15,0
BRDA:11,0,16,0
BRDA:11,0,17,0
BRDA:11,0,18,0
BRDA:11,0,19,0
BRDA:11,0,20,0
BRDA:11,0,21,0
BRDA:11,0,22,0
BRDA:11,0,23,0
BRDA:11,0,24,0
BRDA:11,0,25,0
BRDA:11,0,26,0
BRDA:11,0,27,0
BRDA:11,0,28,0
BRDA:11,0,29,0
BRDA:11,0,30,0
BRDA:11,0,31,0
BRDA:11,0,32,0
BRDA:11,0,33,0
BRDA:11,0,34,0
BRDA:11,0,35,0
BRDA:11,0,36,0
BRDA:11,0,37,0
BRDA:11,0,38,0
BRDA:11,0,39,0
BRDA:11,0,40,0
BRDA:11,0,41,0
BRDA:11,0,42,0
BRDA:11,0,43,0
BRDA:11,0,44,0
BRDA:11,0,45,0
BRDA:11,0,46,0
BRDA:11,0,47,0
BRDA:11,0,48,0
BRDA:11,0,49,0
BRDA:11,0,50,0
BRDA:11,0,51,0
BRDA:11,0,52,0
BRDA:11,0,53,0
BRDA:11,0,54,0
BRDA:11,0,55,0
BRDA:11,0,56,0
BRDA:11,0,57,0
BRDA:11,0,58,0
BRDA:11,0,59,0
BRDA:11,0,60,0
BRDA:11,0,61,0
BRDA:11,0,62,0
BRDA:11,0,63,0
BRDA:11,0,64,0
BRDA:11,0,65,0
BRDA:11,0,66,0
BRDA:11,0,67,0
BRDA:11,0,68,0
BRDA:11,0,69,0
BRDA:11,0,70,0
BRDA:11,0,71,0
BRDA:11,0,72,0
BRDA:11,0,73,0
BRDA:11,0,74,0
BRDA:11,0,75,0
BRDA:11,0,76,0
BRDA:11,0,77,0
BRDA:11,0,78,0
BRDA:11,0,79,0
BRDA:11,0,80,0
BRDA:11,0,81,0
BRDA:11,0,82,0
BRDA:11,0,83,0
BRDA:11,0,84,0
BRDA:11,0,85,0
BRDA:11,0,86,0
BRDA:11,0,87,0
BRDA:11,0,88,0
BRDA:11,0,89,0
BRDA:11,0,90,0
BRDA:11,0,91,0
BRDA:11,0,92,0
BRDA:11,0,93,0
BRDA:11,0,94,0
BRDA:11,0,95,0
BRDA:11,0,96,0
BRDA:11,0,97,0
BRDA:11,0,98,0
BRDA:11,0,99,0
BRDA:11,0,100,0
BRDA:11,0,101,0
BRDA:11,0,102,0
BRDA:11,0,103,0
BRDA:11,0,104,0
BRDA:11,0,105,0
BRDA:11,0,106,0
BRDA:11,0,107,0
BRDA:11,0,108,0
BRDA:11,0,109,0
BRDA:11,0,110,0
BRDA:11,0,111,0
BRDA:11,0,112,0
BRDA:11,0,113,0
BRDA:11,0,114,0
BRDA:11,0,115,0
BRDA:11,0,116,0
BRDA:11,0,117,0
BRDA:11,0,118,0
BRDA:11,0,119,0
BRDA:11,0,120,0
BRDA:11,0,121,0
BRDA:11,0,122,0
BRDA:11,0,123,0
BRDA:11,0,124,0
BRDA:11,0,125,0
BRDA:11,0,126,0
BRDA:11,0,127,0
DA:12,0
BRDA:12,0,0,0
BRDA:12,0,1,0
DA:13,0
BRDA:13,0,0,0
BRDA:13,0,1,0
DA:14,0
BRDA:14,0,0,0
BRDA:14,0,1,0
BRDA:14,0,2,0
BRDA:14,0,3,0
BRDA:14,0,4,0
BRDA:14,0,5,0
BRDA:14,0,6,0
BRDA:14,0,7,0
BRDA:14,0,8,0
BRDA:14,0,9,0
BRDA:14,0,10,0
BRDA:14,0,11,0
BRDA:14,0,12,0
BRDA:14,0,13,0
BRDA:14,0,14,0
BRDA:14,0,15,0
BRDA:14,0,16,0
BRDA:14,0,17,0
BRDA:14,0,18,0
BRDA:14,0,19,0
BRDA:14,0,20,0
BRDA:14,0,21,0
BRDA:14,0,22,0
BRDA:14,0,23,0
BRDA:14,0,24,0
BRDA:14,0,25,0
BRDA:14,0,26,0
BRDA:14,0,27,0
BRDA:14,0,28,0
BRDA:14,0,29,0
BRDA:14,0,30,0
BRDA:14,0,31,0
BRDA:14,0,32,0
BRDA:14,0,33,0
BRDA:14,0,34,0
BRDA:14,0,35,0
BRDA:14,0,36,0
BRDA:14,0,37,0
BRDA:14,0,38,0
BRDA:14,0,39,0
BRDA:14,0,40,0
BRDA:14,0,41,0
BRDA:14,0,42,0
BRDA:14,0,43,0
BRDA:14,0,44,0
BRDA:14,0,45,0
BRDA:14,0,46,0
BRDA:14,0,47,0
BRDA:14,0,48,0
BRDA:14,0,49,0
BRDA:14,0,50,0
BRDA:14,0,51,0
BRDA:14,0,52,0
BRDA:14,0,53,0
BRDA:14,0,54,0
BRDA:14,0,55,0
BRDA:14,0,56,0
BRDA:14,0,57,0
BRDA:14,0,58,0
BRDA:14,0,59,0
BRDA:14,0,60,0
BRDA:14,0,61,0
BRDA:14,0,62,0
BRDA:14,0,63,0
BRDA:14,0,64,0
BRDA:14,0,65,0
BRDA:14,0,66,0
BRDA:14,0,67,0
BRDA:14,0,68,0
BRDA:14,0,69,0
BRDA:14,0,70,0
BRDA:14,0,71,0
BRDA:14,0,72,0
BRDA:14,0,73,0
BRDA:14,0,74,0
BRDA:14,0,75,0
BRDA:14,0,76,0
BRDA:14,0,77,0
BRDA:14,0,78,0
BRDA:14,0,79,0
BRDA:14,0,80,0
BRDA:14,0,81,0
BRDA:14,0,82,0
BRDA:14,0,83,0
BRDA:14,0,84,0
BRDA:14,0,85,0
BRDA:14,0,86,0
BRDA:14,0,87,0
BRDA:14,0,88,0
BRDA:14,0,89,0
BRDA:14,0,90,0
BRDA:14,0,91,0
BRDA:14,0,92,0
BRDA:14,0,93,0
BRDA:14,0,94,0
BRDA:14,0,95,0
BRDA:14,0,96,0
BRDA:14,0,97,0
BRDA:14,0,98,0
BRDA:14,0,99,0
BRDA:14,0,100,0
BRDA:14,0,101,0
BRDA:14,0,102,0
BRDA:14,0,103,0
BRDA:14,0,104,0
BRDA:14,0,105,0
BRDA:14,0,106,0
BRDA:14,0,107,0
BRDA:14,0,108,0
BRDA:14,0,109,0
BRDA:14,0,110,0
BRDA:14,0,111,0
BRDA:14,0,112,0
BRDA:14,0,113,0
BRDA:14,0,114,0
BRDA:14,0,115,0
BRDA:14,0,116,0
BRDA:14,0,117,0
BRDA:14,0,118,0
BRDA:14,0,119,0
BRDA:14,0,120,0
BRDA:14,0,121,0
BRDA:14,0,122,0
BRDA:14,0,123,0
BRDA:14,0,124,0
BRDA:14,0,125,0
BRDA:14,0,126,0
BRDA:14,0,127,0
DA:15,1
BRDA:15,0,0,1
BRDA:15,0,1,0
DA:16,0
BRDA:16,0,0,0
BRDA:16,0,1,0
DA:17,0
BRDA:17,0,0,0
BRDA:17,0,1,0
DA:18,0
BRDA:18,0,0,0
BRDA:18,0,1,0
BRDA:18,0,2,0
BRDA:18,0,3,0
BRDA:18,0,4,0
BRDA:18,0,5,0
BRDA:18,0,6,0
BRDA:18,0,7,0
DA:19,0
BRDA:19,0,0,0
BRDA:19,0,1,0
BRDA:19,0,2,0
BRDA:19,0,3,0
BRDA:19,0,4,0
BRDA:19,0,5,0
BRDA:19,0,6,0
BRDA:19,0,7,0
BRDA:19,0,8,0
BRDA:19,0,9,0
BRDA:19,0,10,0
BRDA:19,0,11,0
BRDA:19,0,12,0
BRDA:19,0,13,0
BRDA:19,0,14,0
BRDA:19,0,15,0
BRDA:19,0,16,0
BRDA:19,0,17,0
BRDA:19,0,18,0
BRDA:19,0,19,0
BRDA:19,0,20,0
BRDA:19,0,21,0
BRDA:19,0,22,0
BRDA:19,0,23,0
BRDA:19,0,24,0
BRDA:19,0,25,0
BRDA:19,0,26,0
BRDA:19,0,27,0
BRDA:19,0,28,0
BRDA:19,0,29,0
BRDA:19,0,30,0
BRDA:19,0,31,0
BRDA:19,0,32,0
BRDA:19,0,33,0
BRDA:19,0,34,0
BRDA:19,0,35,0
BRDA:19,0,36,0
BRDA:19,0,37,0
BRDA:19,0,38,0
BRDA:19,0,39,0
BRDA:19,0,40,0
BRDA:19,0,41,0
BRDA:19,0,42,0
BRDA:19,0,43,0
BRDA:19,0,44,0
BRDA:19,0,45,0
BRDA:19,0,46,0
BRDA:19,0,47,0
BRDA:19,0,48,0
BRDA:19,0,49,0
BRDA:19,0,50,0
BRDA:19,0,51,0
BRDA:19,0,52,0
BRDA:19,0,53,0
BRDA:19,0,54,0
BRDA:19,0,55,0
BRDA:19,0,56,0
BRDA:19,0,57,0
BRDA:19,0,58,0
BRDA:19,0,59,0
BRDA:19,0,60,0
BRDA:19,0,61,0
BRDA:19,0,62,0
BRDA:19,0,63,0
DA:20,1
BRDA:20,0,0,0
BRDA:20,0,1,0
BRDA:20,0,2,0
BRDA:20,0,3,0
BRDA:20,0,4,0
BRDA:20,0,5,0
BRDA:20,0,6,0
BRDA:20,0,7,0
BRDA:20,0,8,0
BRDA:20,0,9,0
BRDA:20,0,10,0
BRDA:20,0,11,0
BRDA:20,0,12,0
BRDA:20,0,13,0
BRDA:20,0,14,0
BRDA:20,0,15,0
BRDA:20,0,16,0
BRDA:20,0,17,0
BRDA:20,0,18,0
BRDA:20,0,19,0
BRDA:20,0,20,0
BRDA:20,0,21,0
BRDA:20,0,22,0
BRDA:20,0,23,0
BRDA:20,0,24,0
BRDA:20,0,25,0
BRDA:20,0,26,0
BRDA:20,0,27,0
BRDA:20,0,28,0
BRDA:20,0,29,0
BRDA:20,0,30,0
BRDA:20,0,31,0
BRDA:20,0,32,0
BRDA:20,0,33,0
BRDA:20,0,34,0
BRDA:20,0,35,0
BRDA:20,0,36,0
BRDA:20,0,37,0
BRDA:20,0,38,0
BRDA:20,0,39,0
BRDA:20,0,40,0
BRDA:20,0,41,0
BRDA:20,0,42,0
BRDA:20,0,43,0
BRDA:20,0,44,1
BRDA:20,0,45,1
BRDA:20,0,46,0
BRDA:20,0,47,0
BRDA:20,0,48,0
BRDA:20,0,49,0
BRDA:20,0,50,0
BRDA:20,0,51,0
BRDA:20,0,52,0
BRDA:20,0,53,0
BRDA:20,0,54,0
BRDA:20,0,55,0
BRDA:20,0,56,1
BRDA:20,0,57,0
BRDA:20,0,58,0
BRDA:20,0,59,0
BRDA:20,0,60,0
BRDA:20,0,61,0
BRDA:20,0,62,0
BRDA:20,0,63,0
DA:21,0
BRDA:21,0,0,0
BRDA:21,0,1,0
DA:22,1
BRDA:22,0,0,1
BRDA:22,0,1,0
DA:23,1
BRDA:23,0,0,0
BRDA:23,0,1,0
BRDA:23,0,2,0
BRDA:23,0,3,0
BRDA:23,0,4,0
BRDA:23,0,5,0
BRDA:23,0,6,0
BRDA:23,0,7,0
BRDA:23,0,8,0
BRDA:23,0,9,0
BRDA:23,0,10,0
BRDA:23,0,11,0
BRDA:23,0,12,0
BRDA:23,0,13,0
BRDA:23,0,14,0
BRDA:23,0,15,0
BRDA:23,0,16,0
BRDA:23,0,17,0
BRDA:23,0,18,0
BRDA:23,0,19,0
BRDA:23,0,20,0
BRDA:23,0,21,0
BRDA:23,0,22,0
BRDA:23,0,23,0
BRDA:23,0,24,0
BRDA:23,0,25,0
BRDA:23,0,26,0
BRDA:23,0,27,0
BRDA:23,0,28,0
BRDA:23,0,29,0
BRDA:23,0,30,0
BRDA:23,0,31,0
BRDA:23,0,32,0
BRDA:23,0,33,0
BRDA:23,0,34,0
BRDA:23,0,35,0
BRDA:23,0,36,0
BRDA:23,0,37,0
BRDA:23,0,38,0
BRDA:23,0,39,0
BRDA:23,0,40,0
BRDA:23,0,41,0
BRDA:23,0,42,0
BRDA:23,0,43,0
BRDA:23,0,44,1
BRDA:23,0,45,1
BRDA:23,0,46,0
BRDA:23,0,47,0
BRDA:23,0,48,0
BRDA:23,0,49,0
BRDA:23,0,50,0
BRDA:23,0,51,0
BRDA:23,0,52,0
BRDA:23,0,53,0
BRDA:23,0,54,0
BRDA:23,0,55,0
BRDA:23,0,56,1
BRDA:23,0,57,0
BRDA:23,0,58,0
BRDA:23,0,59,0
BRDA:23,0,60,0
BRDA:23,0,61,0
BRDA:23,0,62,0
BRDA:23,0,63,0
DA:25,0
BRDA:25,0,0,0
BRDA:25,0,1,0
DA:26,1
BRDA:26,0,0,0
BRDA:26,0,1,0
BRDA:26,0,2,0
BRDA:26,0,3,0
BRDA:26,0,4,0
BRDA:26,0,5,0
BRDA:26,0,6,0
BRDA:26,0,7,0
BRDA:26,0,8,0
BRDA:26,0,9,0
BRDA:26,0,10,0
BRDA:26,0,11,0
BRDA:26,0,12,0
BRDA:26,0,13,0
BRDA:26,0,14,0
BRDA:26,0,15,0
BRDA:26,0,16,0
BRDA:26,0,17,0
BRDA:26,0,18,0
BRDA:26,0,19,0
BRDA:26,0,20,0
BRDA:26,0,21,0
BRDA:26,0,22,0
BRDA:26,0,23,0
BRDA:26,0,24,1
BRDA:26,0,25,0
BRDA:26,0,26,0
BRDA:26,0,27,0
BRDA:26,0,28,0
BRDA:26,0,29,0
BRDA:26,0,30,0
BRDA:26,0,31,0
DA:27,1
BRDA:27,0,0,0
BRDA:27,0,1,0
BRDA:27,0,2,0
BRDA:27,0,3,0
BRDA:27,0,4,0
BRDA:27,0,5,0
BRDA:27,0,6,1
BRDA:27,0,7,0
BRDA:27,0,8,0
BRDA:27,0,9,0
BRDA:27,0,10,0
BRDA:27,0,11,0
BRDA:27,0,12,0
BRDA:27,0,13,0
BRDA:27,0,14,0
BRDA:27,0,15,0
DA:28,0
BRDA:28,0,0,0
BRDA:28,0,1,0
BRDA:28,0,2,0
BRDA:28,0,3,0
BRDA:28,0,4,0
BRDA:28,0,5,0
BRDA:28,0,6,0
BRDA:28,0,7,0
BRDA:28,0,8,0
BRDA:28,0,9,0
BRDA:28,0,10,0
BRDA:28,0,11,0
BRDA:28,0,12,0
BRDA:28,0,13,0
BRDA:28,0,14,0
BRDA:28,0,15,0
BRDA:28,0,16,0
BRDA:28,0,17,0
BRDA:28,0,18,0
BRDA:28,0,19,0
BRDA:28,0,20,0
BRDA:28,0,21,0
BRDA:28,0,22,0
BRDA:28,0,23,0
BRDA:28,0,24,0
BRDA:28,0,25,0
BRDA:28,0,26,0
BRDA:28,0,27,0
BRDA:28,0,28,0
BRDA:28,0,29,0
BRDA:28,0,30,0
BRDA:28,0,31,0
DA:29,1
BRDA:29,0,0,1
BRDA:29,0,1,0
BRDA:29,0,2,0
BRDA:29,0,3,0
BRDA:29,0,4,0
BRDA:29,0,5,0
BRDA:29,0,6,0
BRDA:29,0,7,0
BRDA:29,0,8,0
BRDA:29,0,9,0
BRDA:29,0,10,0
BRDA:29,0,11,0
BRDA:29,0,12,0
BRDA:29,0,13,0
BRDA:29,0,14,1
BRDA:29,0,15,0
BRDA:29,0,16,1
BRDA:29,0,17,0
BRDA:29,0,18,1
BRDA:29,0,19,0
BRDA:29,0,20,1
BRDA:29,0,21,0
BRDA:29,0,22,1
BRDA:29,0,23,0
BRDA:29,0,24,1
BRDA:29,0,25,0
BRDA:29,0,26,1
BRDA:29,0,27,0
BRDA:29,0,28,0
BRDA:29,0,29,0
BRDA:29,0,30,0
BRDA:29,0,31,0
DA:30,0
BRDA:30,0,0,0
BRDA:30,0,1,0
BRDA:30,0,2,0
BRDA:30,0,3,0
BRDA:30,0,4,0
BRDA:30,0,5,0
BRDA:30,0,6,0
BRDA:30,0,7,0
BRDA:30,0,8,0
BRDA:30,0,9,0
BRDA:30,0,10,0
BRDA:30,0,11,0
BRDA:30,0,12,0
BRDA:30,0,13,0
BRDA:30,0,14,0
BRDA:30,0,15,0
BRDA:30,0,16,0
BRDA:30,0,17,0
BRDA:30,0,18,0
BRDA:30,0,19,0
BRDA:30,0,20,0
BRDA:30,0,21,0
BRDA:30,0,22,0
BRDA:30,0,23,0
BRDA:30,0,24,0
BRDA:30,0,25,0
BRDA:30,0,26,0
BRDA:30,0,27,0
BRDA:30,0,28,0
BRDA:30,0,29,0
BRDA:30,0,30,0
BRDA:30,0,31,0
DA:31,0
BRDA:31,0,0,0
BRDA:31,0,1,0
DA:32,0
BRDA:32,0,0,0
BRDA:32,0,1,0
BRDA:32,0,2,0
BRDA:32,0,3,0
BRDA:32,0,4,0
BRDA:32,0,5,0
BRDA:32,0,6,0
BRDA:32,0,7,0
BRDA:32,0,8,0
BRDA:32,0,9,0
BRDA:32,0,10,0
BRDA:32,0,11,0
BRDA:32,0,12,0
BRDA:32,0,13,0
BRDA:32,0,14,0
BRDA:32,0,15,0
DA:33,0
BRDA:33,0,0,0
BRDA:33,0,1,0
DA:34,1
BRDA:34,0,0,0
BRDA:34,0,1,0
BRDA:34,0,2,0
BRDA:34,0,3,0
BRDA:34,0,4,0
BRDA:34,0,5,0
BRDA:34,0,6,0
BRDA:34,0,7,0
BRDA:34,0,8,0
BRDA:34,0,9,0
BRDA:34,0,10,0
BRDA:34,0,11,0
BRDA:34,0,12,0
BRDA:34,0,13,0
BRDA:34,0,14,0
BRDA:34,0,15,0
BRDA:34,0,16,0
BRDA:34,0,17,0
BRDA:34,0,18,0
BRDA:34,0,19,0
BRDA:34,0,20,0
BRDA:34,0,21,0
BRDA:34,0,22,0
BRDA:34,0,23,0
BRDA:34,0,24,0
BRDA:34,0,25,0
BRDA:34,0,26,0
BRDA:34,0,27,0
BRDA:34,0,28,0
BRDA:34,0,29,0
BRDA:34,0,30,0
BRDA:34,0,31,0
BRDA:34,0,32,0
BRDA:34,0,33,0
BRDA:34,0,34,0
BRDA:34,0,35,0
BRDA:34,0,36,0
BRDA:34,0,37,0
BRDA:34,0,38,0
BRDA:34,0,39,0
BRDA:34,0,40,0
BRDA:34,0,41,0
BRDA:34,0,42,0
BRDA:34,0,43,0
BRDA:34,0,44,1
BRDA:34,0,45,1
BRDA:34,0,46,0
BRDA:34,0,47,0
BRDA:34,0,48,0
BRDA:34,0,49,0
BRDA:34,0,50,0
BRDA:34,0,51,0
BRDA:34,0,52,0
BRDA:34,0,53,0
BRDA:34,0,54,0
BRDA:34,0,55,0
BRDA:34,0,56,1
BRDA:34,0,57,0
BRDA:34,0,58,0
BRDA:34,0,59,0
BRDA:34,0,60,0
BRDA:34,0,61,0
BRDA:34,0,62,0
BRDA:34,0,63,0
DA:35,1
BRDA:35,0,0,1
BRDA:35,0,1,1
DA:36,1
BRDA:36,0,0,1
BRDA:36,0,1,0
DA:37,0
BRDA:37,0,0,0
BRDA:37,0,1,0
BRDA:37,0,2,0
BRDA:37,0,3,0
BRDA:37,0,4,0
BRDA:37,0,5,0
BRDA:37,0,6,0
BRDA:37,0,7,0
BRDA:37,0,8,0
BRDA:37,0,9,0
BRDA:37,0,10,0
BRDA:37,0,11,0
BRDA:37,0,12,0
BRDA:37,0,13,0
BRDA:37,0,14,0
BRDA:37,0,15,0
DA:38,0
BRDA:38,0,0,0
BRDA:38,0,1,0
BRDA:38,0,2,0
BRDA:38,0,3,0
BRDA:38,0,4,0
BRDA:38,0,5,0
BRDA:38,0,6,0
BRDA:38,0,7,0
BRDA:38,0,8,0
BRDA:38,0,9,0
BRDA:38,0,10,0
BRDA:38,0,11,0
BRDA:38,0,12,0
BRDA:38,0,13,0
BRDA:38,0,14,0
BRDA:38,0,15,0
DA:39,0
BRDA:39,0,0,0
BRDA:39,0,1,0
BRDA:39,0,2,0
BRDA:39,0,3,0
BRDA:39,0,4,0
BRDA:39,0,5,0
BRDA:39,0,6,0
BRDA:39,0,7,0
BRDA:39,0,8,0
BRDA:39,0,9,0
BRDA:39,0,10,0
BRDA:39,0,11,0
BRDA:39,0,12,0
BRDA:39,0,13,0
BRDA:39,0,14,0
BRDA:39,0,15,0
BRDA:39,0,16,0
BRDA:39,0,17,0
BRDA:39,0,18,0
BRDA:39,0,19,0
BRDA:39,0,20,0
BRDA:39,0,21,0
BRDA:39,0,22,0
BRDA:39,0,23,0
BRDA:39,0,24,0
BRDA:39,0,25,0
BRDA:39,0,26,0
BRDA:39,0,27,0
BRDA:39,0,28,0
BRDA:39,0,29,0
BRDA:39,0,30,0
BRDA:39,0,31,0
DA:40,0
BRDA:40,0,0,0
BRDA:40,0,1,0
BRDA:40,0,2,0
BRDA:40,0,3,0
BRDA:40,0,4,0
BRDA:40,0,5,0
BRDA:40,0,6,0
BRDA:40,0,7,0
DA:41,0
BRDA:41,0,0,0
BRDA:41,0,1,0
BRDA:41,0,2,0
BRDA:41,0,3,0
BRDA:41,0,4,0
BRDA:41,0,5,0
BRDA:41,0,6,0
BRDA:41,0,7,0
BRDA:41,0,8,0
BRDA:41,0,9,0
BRDA:41,0,10,0
BRDA:41,0,11,0
BRDA:41,0,12,0
BRDA:41,0,13,0
BRDA:41,0,14,0
BRDA:41,0,15,0
DA:42,1
BRDA:42,0,0,1
BRDA:42,0,1,1
DA:43,0
BRDA:43,0,0,0
BRDA:43,0,1,0
DA:44,1
BRDA:44,0,0,1
BRDA:44,0,1,1
DA:45,0
BRDA:45,0,0,0
BRDA:45,0,1,0
DA:46,1
BRDA:46,0,0,1
BRDA:46,0,1,0
DA:47,0
BRDA:47,0,0,0
BRDA:47,0,1,0
BRDA:47,0,2,0
BRDA:47,0,3,0
BRDA:47,0,4,0
BRDA:47,0,5,0
BRDA:47,0,6,0
BRDA:47,0,7,0
BRDA:47,0,8,0
BRDA:47,0,9,0
BRDA:47,0,10,0
BRDA:47,0,11,0
BRDA:47,0,12,0
BRDA:47,0,13,0
BRDA:47,0,14,0
BRDA:47,0,15,0
BRDA:47,0,16,0
BRDA:47,0,17,0
BRDA:47,0,18,0
BRDA:47,0,19,0
BRDA:47,0,20,0
BRDA:47,0,21,0
BRDA:47,0,22,0
BRDA:47,0,23,0
BRDA:47,0,24,0
BRDA:47,0,25,0
BRDA:47,0,26,0
BRDA:47,0,27,0
BRDA:47,0,28,0
BRDA:47,0,29,0
BRDA:47,0,30,0
BRDA:47,0,31,0
DA:48,0
BRDA:48,0,0,0
BRDA:48,0,1,0
BRDA:48,0,2,0
BRDA:48,0,3,0
BRDA:48,0,4,0
BRDA:48,0,5,0
BRDA:48,0,6,0
BRDA:48,0,7,0
DA:49,0
BRDA:49,0,0,0
BRDA:49,0,1,0
BRDA:49,0,2,0
BRDA:49,0,3,0
BRDA:49,0,4,0
BRDA:49,0,5,0
BRDA:49,0,6,0
BRDA:49,0,7,0
BRDA:49,0,8,0
BRDA:49,0,9,0
BRDA:49,0,10,0
BRDA:49,0,11,0
BRDA:49,0,12,0
BRDA:49,0,13,0
BRDA:49,0,14,0
BRDA:49,0,15,0
DA:50,0
BRDA:50,0,0,0
BRDA:50,0,1,0
BRDA:50,0,2,0
BRDA:50,0,3,0
BRDA:50,0,4,0
BRDA:50,0,5,0
BRDA:50,0,6,0
BRDA:50,0,7,0
BRDA:50,0,8,0
BRDA:50,0,9,0
BRDA:50,0,10,0
BRDA:50,0,11,0
BRDA:50,0,12,0
BRDA:50,0,13,0
BRDA:50,0,14,0
BRDA:50,0,15,0
DA:51,0
BRDA:51,0,0,0
BRDA:51,0,1,0
BRDA:51,0,2,0
BRDA:51,0,3,0
BRDA:51,0,4,0
BRDA:51,0,5,0
BRDA:51,0,6,0
BRDA:51,0,7,0
BRDA:51,0,8,0
BRDA:51,0,9,0
BRDA:51,0,10,0
BRDA:51,0,11,0
BRDA:51,0,12,0
BRDA:51,0,13,0
BRDA:51,0,14,0
BRDA:51,0,15,0
DA:52,0
BRDA:52,0,0,0
BRDA:52,0,1,0
BRDA:52,0,2,0
BRDA:52,0,3,0
BRDA:52,0,4,0
BRDA:52,0,5,0
BRDA:52,0,6,0
BRDA:52,0,7,0
BRDA:52,0,8,0
BRDA:52,0,9,0
BRDA:52,0,10,0
BRDA:52,0,11,0
BRDA:52,0,12,0
BRDA:52,0,13,0
BRDA:52,0,14,0
BRDA:52,0,15,0
DA:53,0
BRDA:53,0,0,0
BRDA:53,0,1,0
DA:54,0
BRDA:54,0,0,0
BRDA:54,0,1,0
DA:55,0
BRDA:55,0,0,0
BRDA:55,0,1,0
BRDA:55,0,2,0
BRDA:55,0,3,0
BRDA:55,0,4,0
BRDA:55,0,5,0
BRDA:55,0,6,0
BRDA:55,0,7,0
BRDA:55,0,8,0
BRDA:55,0,9,0
BRDA:55,0,10,0
BRDA:55,0,11,0
BRDA:55,0,12,0
BRDA:55,0,13,0
BRDA:55,0,14,0
BRDA:55,0,15,0
BRDA:55,0,16,0
BRDA:55,0,17,0
BRDA:55,0,18,0
BRDA:55,0,19,0
BRDA:55,0,20,0
BRDA:55,0,21,0
BRDA:55,0,22,0
BRDA:55,0,23,0
BRDA:55,0,24,0
BRDA:55,0,25,0
BRDA:55,0,26,0
BRDA:55,0,27,0
BRDA:55,0,28,0
BRDA:55,0,29,0
BRDA:55,0,30,0
BRDA:55,0,31,0
DA:56,0
BRDA:56,0,0,0
BRDA:56,0,1,0
BRDA:56,0,2,0
BRDA:56,0,3,0
BRDA:56,0,4,0
BRDA:56,0,5,0
BRDA:56,0,6,0
BRDA:56,0,7,0
BRDA:56,0,8,0
BRDA:56,0,9,0
BRDA:56,0,10,0
BRDA:56,0,11,0
BRDA:56,0,12,0
BRDA:56,0,13,0
BRDA:56,0,14,0
BRDA:56,0,15,0
BRDA:56,0,16,0
BRDA:56,0,17,0
BRDA:56,0,18,0
BRDA:56,0,19,0
BRDA:56,0,20,0
BRDA:56,0,21,0
BRDA:56,0,22,0
BRDA:56,0,23,0
BRDA:56,0,24,0
BRDA:56,0,25,0
BRDA:56,0,26,0
BRDA:56,0,27,0
BRDA:56,0,28,0
BRDA:56,0,29,0
BRDA:56,0,30,0
BRDA:56,0,31,0
DA:57,0
BRDA:57,0,0,0
BRDA:57,0,1,0
DA:58,0
BRDA:58,0,0,0
BRDA:58,0,1,0
DA:59,0
BRDA:59,0,0,0
BRDA:59,0,1,0
BRDA:59,0,2,0
BRDA:59,0,3,0
BRDA:59,0,4,0
BRDA:59,0,5,0
BRDA:59,0,6,0
BRDA:59,0,7,0
BRDA:59,0,8,0
BRDA:59,0,9,0
BRDA:59,0,10,0
BRDA:59,0,11,0
BRDA:59,0,12,0
BRDA:59,0,13,0
BRDA:59,0,14,0
BRDA:59,0,15,0
BRDA:59,0,16,0
BRDA:59,0,17,0
BRDA:59,0,18,0
BRDA:59,0,19,0
BRDA:59,0,20,0
BRDA:59,0,21,0
BRDA:59,0,22,0
BRDA:59,0,23,0
BRDA:59,0,24,0
BRDA:59,0,25,0
BRDA:59,0,26,0
BRDA:59,0,27,0
BRDA:59,0,28,0
BRDA:59,0,29,0
BRDA:59,0,30,0
BRDA:59,0,31,0
DA:60,1
BRDA:60,0,0,0
BRDA:60,0,1,0
BRDA:60,0,2,1
BRDA:60,0,3,0
DA:61,0
BRDA:61,0,0,0
BRDA:61,0,1,0
BRDA:61,0,2,0
BRDA:61,0,3,0
BRDA:61,0,4,0
BRDA:61,0,5,0
BRDA:61,0,6,0
BRDA:61,0,7,0
BRDA:61,0,8,0
BRDA:61,0,9,0
BRDA:61,0,10,0
BRDA:61,0,11,0
BRDA:61,0,12,0
BRDA:61,0,13,0
BRDA:61,0,14,0
BRDA:61,0,15,0
BRDA:61,0,16,0
BRDA:61,0,17,0
BRDA:61,0,18,0
BRDA:61,0,19,0
BRDA:61,0,20,0
BRDA:61,0,21,0
BRDA:61,0,22,0
BRDA:61,0,23,0
BRDA:61,0,24,0
BRDA:61,0,25,0
BRDA:61,0,26,0
BRDA:61,0,27,0
BRDA:61,0,28,0
BRDA:61,0,29,0
BRDA:61,0,30,0
BRDA:61,0,31,0
DA:62,0
BRDA:62,0,0,0
BRDA:62,0,1,0
BRDA:62,0,2,0
BRDA:62,0,3,0
BRDA:62,0,4,0
BRDA:62,0,5,0
BRDA:62,0,6,0
BRDA:62,0,7,0
DA:63,1
BRDA:63,0,0,0
BRDA:63,0,1,0
BRDA:63,0,2,1
BRDA:63,0,3,1
BRDA:63,0,4,1
BRDA:63,0,5,0
BRDA:63,0,6,0
BRDA:63,0,7,0
BRDA:63,0,8,0
BRDA:63,0,9,0
BRDA:63,0,10,0
BRDA:63,0,11,0
BRDA:63,0,12,1
BRDA:63,0,13,0
BRDA:63,0,14,0
BRDA:63,0,15,0
DA:64,1
BRDA:64,0,0,1
BRDA:64,0,1,0
DA:65,1
BRDA:65,0,0,1
BRDA:65,0,1,0
DA:66,0
BRDA:66,0,0,0
BRDA:66,0,1,0
BRF:1346
BRH:2
end_of_record
SF:../../handoff/rtl/adaptive_aero_control_top_spi_fpga_top.sv
DA:4,26
BRDA:4,0,0,26
BRDA:4,0,1,25
DA:5,1
BRDA:5,0,0,1
BRDA:5,0,1,0
DA:6,8
BRDA:6,0,0,8
BRDA:6,0,1,7
DA:7,8
BRDA:7,0,0,8
BRDA:7,0,1,7
DA:8,8
BRDA:8,0,0,8
BRDA:8,0,1,7
DA:9,6
BRDA:9,0,0,6
BRDA:9,0,1,5
DA:10,0
BRDA:10,0,0,0
BRDA:10,0,1,0
DA:14,1
BRDA:14,0,0,1
BRDA:14,0,1,1
BRDA:14,0,2,1
BRDA:14,0,3,0
BRDA:14,0,4,0
BRDA:14,0,5,0
BRDA:14,0,6,0
BRDA:14,0,7,0
BRDA:14,0,8,0
BRDA:14,0,9,0
BRDA:14,0,10,0
BRDA:14,0,11,0
BRDA:14,0,12,0
BRDA:14,0,13,0
BRDA:14,0,14,0
BRDA:14,0,15,0
BRDA:14,0,16,0
BRDA:14,0,17,0
BRDA:14,0,18,0
BRDA:14,0,19,0
BRDA:14,0,20,0
BRDA:14,0,21,0
BRDA:14,0,22,0
BRDA:14,0,23,0
BRDA:14,0,24,0
BRDA:14,0,25,0
BRDA:14,0,26,0
BRDA:14,0,27,0
BRDA:14,0,28,0
BRDA:14,0,29,0
BRDA:14,0,30,0
BRDA:14,0,31,0
BRDA:14,0,32,0
BRDA:14,0,33,0
BRDA:14,0,34,0
BRDA:14,0,35,0
BRDA:14,0,36,0
BRDA:14,0,37,0
BRDA:14,0,38,0
BRDA:14,0,39,0
BRDA:14,0,40,0
BRDA:14,0,41,0
BRDA:14,0,42,0
BRDA:14,0,43,0
BRDA:14,0,44,0
BRDA:14,0,45,0
BRDA:14,0,46,0
BRDA:14,0,47,0
BRDA:14,0,48,0
BRDA:14,0,49,0
BRDA:14,0,50,0
BRDA:14,0,51,0
BRDA:14,0,52,0
BRDA:14,0,53,0
BRDA:14,0,54,0
BRDA:14,0,55,0
BRDA:14,0,56,0
BRDA:14,0,57,0
BRDA:14,0,58,0
BRDA:14,0,59,0
BRDA:14,0,60,0
BRDA:14,0,61,0
BRDA:14,0,62,1
BRDA:14,0,63,1
BRDA:14,0,64,1
BRDA:14,0,65,0
BRDA:14,0,66,0
BRDA:14,0,67,0
BRDA:14,0,68,1
BRDA:14,0,69,0
BRDA:14,0,70,1
BRDA:14,0,71,0
BRDA:14,0,72,1
BRDA:14,0,73,0
BRDA:14,0,74,0
BRDA:14,0,75,0
BRDA:14,0,76,0
BRDA:14,0,77,0
BRDA:14,0,78,0
BRDA:14,0,79,0
BRDA:14,0,80,0
BRDA:14,0,81,0
BRDA:14,0,82,0
BRDA:14,0,83,0
BRDA:14,0,84,0
BRDA:14,0,85,0
BRDA:14,0,86,0
BRDA:14,0,87,0
BRDA:14,0,88,0
BRDA:14,0,89,0
BRDA:14,0,90,0
BRDA:14,0,91,0
BRDA:14,0,92,0
BRDA:14,0,93,0
BRDA:14,0,94,0
BRDA:14,0,95,0
BRDA:14,0,96,0
BRDA:14,0,97,0
BRDA:14,0,98,0
BRDA:14,0,99,0
BRDA:14,0,100,0
BRDA:14,0,101,0
BRDA:14,0,102,0
BRDA:14,0,103,0
BRDA:14,0,104,0
BRDA:14,0,105,0
BRDA:14,0,106,0
BRDA:14,0,107,0
BRDA:14,0,108,0
BRDA:14,0,109,0
BRDA:14,0,110,0
BRDA:14,0,111,0
BRDA:14,0,112,0
BRDA:14,0,113,0
BRDA:14,0,114,0
BRDA:14,0,115,0
BRDA:14,0,116,0
BRDA:14,0,117,0
BRDA:14,0,118,0
BRDA:14,0,119,0
BRDA:14,0,120,0
BRDA:14,0,121,0
BRDA:14,0,122,0
BRDA:14,0,123,0
BRDA:14,0,124,0
BRDA:14,0,125,0
BRDA:14,0,126,0
BRDA:14,0,127,0
BRDA:14,0,128,0
BRDA:14,0,129,0
BRDA:14,0,130,0
BRDA:14,0,131,0
BRDA:14,0,132,0
BRDA:14,0,133,0
BRDA:14,0,134,1
BRDA:14,0,135,1
BRDA:14,0,136,1
BRDA:14,0,137,0
BRDA:14,0,138,1
BRDA:14,0,139,0
BRDA:14,0,140,1
BRDA:14,0,141,0
BRDA:14,0,142,1
BRDA:14,0,143,0
BRDA:14,0,144,0
BRDA:14,0,145,0
BRDA:14,0,146,0
BRDA:14,0,147,0
BRDA:14,0,148,0
BRDA:14,0,149,0
BRDA:14,0,150,0
BRDA:14,0,151,0
BRDA:14,0,152,0
BRDA:14,0,153,0
BRDA:14,0,154,0
BRDA:14,0,155,0
BRDA:14,0,156,0
BRDA:14,0,157,0
BRDA:14,0,158,0
BRDA:14,0,159,0
BRDA:14,0,160,0
BRDA:14,0,161,0
BRDA:14,0,162,1
BRDA:14,0,163,0
BRDA:14,0,164,0
BRDA:14,0,165,0
BRDA:14,0,166,0
BRDA:14,0,167,0
BRDA:14,0,168,0
BRDA:14,0,169,0
BRDA:14,0,170,0
BRDA:14,0,171,0
BRDA:14,0,172,0
BRDA:14,0,173,0
BRDA:14,0,174,0
BRDA:14,0,175,0
BRDA:14,0,176,0
BRDA:14,0,177,0
BRDA:14,0,178,0
BRDA:14,0,179,0
BRDA:14,0,180,0
BRDA:14,0,181,0
BRDA:14,0,182,0
BRDA:14,0,183,0
BRDA:14,0,184,1
BRDA:14,0,185,0
BRDA:14,0,186,0
BRDA:14,0,187,0
BRDA:14,0,188,0
BRDA:14,0,189,0
BRDA:14,0,190,1
BRDA:14,0,191,1
BRDA:14,0,192,1
BRDA:14,0,193,0
BRDA:14,0,194,1
BRDA:14,0,195,0
BRDA:14,0,196,1
BRDA:14,0,197,0
BRDA:14,0,198,1
BRDA:14,0,199,0
BRDA:14,0,200,0
BRDA:14,0,201,0
BRDA:14,0,202,0
BRDA:14,0,203,0
BRDA:14,0,204,0
BRDA:14,0,205,0
BRDA:14,0,206,1
BRDA:14,0,207,0
BRDA:14,0,208,0
BRDA:14,0,209,0
BRDA:14,0,210,0
BRDA:14,0,211,0
BRDA:14,0,212,0
BRDA:14,0,213,0
BRDA:14,0,214,0
BRDA:14,0,215,0
BRDA:14,0,216,0
BRDA:14,0,217,0
BRDA:14,0,218,0
BRDA:14,0,219,0
BRDA:14,0,220,0
BRDA:14,0,221,0
BRDA:14,0,222,0
BRDA:14,0,223,0
BRDA:14,0,224,0
BRDA:14,0,225,0
BRDA:14,0,226,0
BRDA:14,0,227,0
BRDA:14,0,228,1
BRDA:14,0,229,0
BRDA:14,0,230,0
BRDA:14,0,231,0
BRDA:14,0,232,0
BRDA:14,0,233,0
BRDA:14,0,234,0
BRDA:14,0,235,0
BRDA:14,0,236,0
BRDA:14,0,237,0
BRDA:14,0,238,0
BRDA:14,0,239,0
BRDA:14,0,240,0
BRDA:14,0,241,0
BRDA:14,0,242,0
BRDA:14,0,243,0
BRDA:14,0,244,0
BRDA:14,0,245,0
BRDA:14,0,246,0
BRDA:14,0,247,0
BRDA:14,0,248,0
BRDA:14,0,249,0
BRDA:14,0,250,0
BRDA:14,0,251,0
BRDA:14,0,252,0
BRDA:14,0,253,0
BRDA:14,0,254,0
BRDA:14,0,255,0
BRDA:14,0,256,0
BRDA:14,0,257,0
BRDA:14,0,258,0
BRDA:14,0,259,0
BRDA:14,0,260,1
BRDA:14,0,261,1
BRDA:14,0,262,1
BRDA:14,0,263,0
BRDA:14,0,264,1
BRDA:14,0,265,0
BRDA:14,0,266,1
BRDA:14,0,267,0
BRDA:14,0,268,1
BRDA:14,0,269,0
BRDA:14,0,270,0
BRDA:14,0,271,0
BRDA:14,0,272,0
BRDA:14,0,273,0
BRDA:14,0,274,0
BRDA:14,0,275,0
BRDA:14,0,276,0
BRDA:14,0,277,0
BRDA:14,0,278,0
BRDA:14,0,279,0
BRDA:14,0,280,0
BRDA:14,0,281,0
BRDA:14,0,282,0
BRDA:14,0,283,0
BRDA:14,0,284,0
BRDA:14,0,285,0
BRDA:14,0,286,0
BRDA:14,0,287,0
BRDA:14,0,288,0
BRDA:14,0,289,0
BRDA:14,0,290,0
BRDA:14,0,291,0
BRDA:14,0,292,0
BRDA:14,0,293,0
BRDA:14,0,294,0
BRDA:14,0,295,0
BRDA:14,0,296,0
BRDA:14,0,297,0
BRDA:14,0,298,0
BRDA:14,0,299,0
BRDA:14,0,300,0
BRDA:14,0,301,0
BRDA:14,0,302,0
BRDA:14,0,303,0
BRDA:14,0,304,0
BRDA:14,0,305,0
BRDA:14,0,306,0
BRDA:14,0,307,0
BRDA:14,0,308,0
BRDA:14,0,309,0
BRDA:14,0,310,0
BRDA:14,0,311,0
BRDA:14,0,312,0
BRDA:14,0,313,0
BRDA:14,0,314,0
BRDA:14,0,315,0
BRDA:14,0,316,0
BRDA:14,0,317,0
BRDA:14,0,318,0
BRDA:14,0,319,0
BRDA:14,0,320,0
BRDA:14,0,321,0
BRDA:14,0,322,0
BRDA:14,0,323,0
BRDA:14,0,324,0
BRDA:14,0,325,0
BRDA:14,0,326,0
BRDA:14,0,327,0
BRDA:14,0,328,0
BRDA:14,0,329,0
BRDA:14,0,330,1
BRDA:14,0,331,1
BRDA:14,0,332,1
BRDA:14,0,333,0
BRDA:14,0,334,1
BRDA:14,0,335,0
BRDA:14,0,336,1
BRDA:14,0,337,0
BRDA:14,0,338,0
BRDA:14,0,339,0
BRDA:14,0,340,1
BRDA:14,0,341,1
BRDA:14,0,342,1
BRDA:14,0,343,0
BRDA:14,0,344,0
BRDA:14,0,345,0
BRDA:14,0,346,0
BRDA:14,0,347,0
BRDA:14,0,348,0
BRDA:14,0,349,0
BRDA:14,0,350,0
BRDA:14,0,351,0
BRDA:14,0,352,0
BRDA:14,0,353,0
BRDA:14,0,354,0
BRDA:14,0,355,0
BRDA:14,0,356,0
BRDA:14,0,357,0
BRDA:14,0,358,0
BRDA:14,0,359,0
BRDA:14,0,360,0
BRDA:14,0,361,0
BRDA:14,0,362,0
BRDA:14,0,363,0
BRDA:14,0,364,0
BRDA:14,0,365,0
BRDA:14,0,366,0
BRDA:14,0,367,0
BRDA:14,0,368,0
BRDA:14,0,369,0
BRDA:14,0,370,0
BRDA:14,0,371,0
BRDA:14,0,372,0
BRDA:14,0,373,0
BRDA:14,0,374,0
BRDA:14,0,375,0
BRDA:14,0,376,0
BRDA:14,0,377,0
BRDA:14,0,378,0
BRDA:14,0,379,0
BRDA:14,0,380,0
BRDA:14,0,381,0
BRDA:14,0,382,0
BRDA:14,0,383,0
BRDA:14,0,384,0
BRDA:14,0,385,0
BRDA:14,0,386,0
BRDA:14,0,387,0
BRDA:14,0,388,0
BRDA:14,0,389,0
BRDA:14,0,390,0
BRDA:14,0,391,0
BRDA:14,0,392,0
BRDA:14,0,393,0
BRDA:14,0,394,0
BRDA:14,0,395,0
BRDA:14,0,396,0
BRDA:14,0,397,0
BRDA:14,0,398,0
BRDA:14,0,399,0
BRDA:14,0,400,0
BRDA:14,0,401,0
BRDA:14,0,402,1
BRDA:14,0,403,1
BRDA:14,0,404,1
BRDA:14,0,405,0
BRDA:14,0,406,0
BRDA:14,0,407,0
BRDA:14,0,408,1
BRDA:14,0,409,0
BRDA:14,0,410,1
BRDA:14,0,411,0
BRDA:14,0,412,1
BRDA:14,0,413,0
BRDA:14,0,414,0
BRDA:14,0,415,0
BRDA:14,0,416,0
BRDA:14,0,417,0
BRDA:14,0,418,0
BRDA:14,0,419,0
BRDA:14,0,420,0
BRDA:14,0,421,0
BRDA:14,0,422,0
BRDA:14,0,423,0
BRDA:14,0,424,0
BRDA:14,0,425,0
BRDA:14,0,426,0
BRDA:14,0,427,0
BRDA:14,0,428,0
BRDA:14,0,429,0
BRDA:14,0,430,0
BRDA:14,0,431,0
BRDA:14,0,432,0
BRDA:14,0,433,0
BRDA:14,0,434,0
BRDA:14,0,435,0
BRDA:14,0,436,0
BRDA:14,0,437,0
BRDA:14,0,438,0
BRDA:14,0,439,0
BRDA:14,0,440,0
BRDA:14,0,441,0
BRDA:14,0,442,0
BRDA:14,0,443,0
BRDA:14,0,444,0
BRDA:14,0,445,0
BRDA:14,0,446,0
BRDA:14,0,447,0
BRDA:14,0,448,0
BRDA:14,0,449,0
BRDA:14,0,450,0
BRDA:14,0,451,0
BRDA:14,0,452,0
BRDA:14,0,453,0
BRDA:14,0,454,0
BRDA:14,0,455,0
BRDA:14,0,456,0
BRDA:14,0,457,0
BRDA:14,0,458,0
BRDA:14,0,459,0
BRDA:14,0,460,0
BRDA:14,0,461,0
BRDA:14,0,462,0
BRDA:14,0,463,0
BRDA:14,0,464,0
BRDA:14,0,465,0
BRDA:14,0,466,0
BRDA:14,0,467,0
BRDA:14,0,468,0
BRDA:14,0,469,0
BRDA:14,0,470,0
BRDA:14,0,471,0
BRDA:14,0,472,0
BRDA:14,0,473,0
BRDA:14,0,474,1
BRDA:14,0,475,1
BRDA:14,0,476,1
BRDA:14,0,477,0
BRDA:14,0,478,1
BRDA:14,0,479,0
BRDA:14,0,480,1
BRDA:14,0,481,0
BRDA:14,0,482,1
BRDA:14,0,483,0
BRDA:14,0,484,0
BRDA:14,0,485,0
BRDA:14,0,486,0
BRDA:14,0,487,0
BRDA:14,0,488,0
BRDA:14,0,489,0
BRDA:14,0,490,0
BRDA:14,0,491,0
BRDA:14,0,492,0
BRDA:14,0,493,0
BRDA:14,0,494,0
BRDA:14,0,495,0
BRDA:14,0,496,0
BRDA:14,0,497,0
BRDA:14,0,498,0
BRDA:14,0,499,0
BRDA:14,0,500,0
BRDA:14,0,501,0
BRDA:14,0,502,1
BRDA:14,0,503,0
BRDA:14,0,504,0
BRDA:14,0,505,0
BRDA:14,0,506,0
BRDA:14,0,507,0
BRDA:14,0,508,0
BRDA:14,0,509,0
BRDA:14,0,510,0
BRDA:14,0,511,0
BRDA:14,0,512,0
BRDA:14,0,513,0
BRDA:14,0,514,0
BRDA:14,0,515,0
BRDA:14,0,516,0
BRDA:14,0,517,0
BRDA:14,0,518,0
BRDA:14,0,519,0
BRDA:14,0,520,0
BRDA:14,0,521,0
BRDA:14,0,522,0
BRDA:14,0,523,0
BRDA:14,0,524,1
BRDA:14,0,525,0
BRDA:14,0,526,0
BRDA:14,0,527,0
BRDA:14,0,528,0
BRDA:14,0,529,0
BRDA:14,0,530,1
BRDA:14,0,531,1
BRDA:14,0,532,1
BRDA:14,0,533,0
BRDA:14,0,534,1
BRDA:14,0,535,0
BRDA:14,0,536,1
BRDA:14,0,537,0
BRDA:14,0,538,1
BRDA:14,0,539,0
BRDA:14,0,540,0
BRDA:14,0,541,0
BRDA:14,0,542,0
BRDA:14,0,543,0
BRDA:14,0,544,0
BRDA:14,0,545,0
BRDA:14,0,546,1
BRDA:14,0,547,0
BRDA:14,0,548,0
BRDA:14,0,549,0
BRDA:14,0,550,0
BRDA:14,0,551,0
BRDA:14,0,552,0
BRDA:14,0,553,0
BRDA:14,0,554,0
BRDA:14,0,555,0
BRDA:14,0,556,0
BRDA:14,0,557,0
BRDA:14,0,558,0
BRDA:14,0,559,0
BRDA:14,0,560,0
BRDA:14,0,561,0
BRDA:14,0,562,0
BRDA:14,0,563,0
BRDA:14,0,564,0
BRDA:14,0,565,0
BRDA:14,0,566,0
BRDA:14,0,567,0
BRDA:14,0,568,1
BRDA:14,0,569,0
BRDA:14,0,570,0
BRDA:14,0,571,0
BRDA:14,0,572,0
BRDA:14,0,573,0
BRDA:14,0,574,0
BRDA:14,0,575,0
BRDA:14,0,576,0
BRDA:14,0,577,0
BRDA:14,0,578,0
BRDA:14,0,579,0
BRDA:14,0,580,0
BRDA:14,0,581,0
BRDA:14,0,582,0
BRDA:14,0,583,0
BRDA:14,0,584,0
BRDA:14,0,585,0
BRDA:14,0,586,0
BRDA:14,0,587,0
BRDA:14,0,588,0
BRDA:14,0,589,0
BRDA:14,0,590,0
BRDA:14,0,591,0
BRDA:14,0,592,0
BRDA:14,0,593,0
BRDA:14,0,594,0
BRDA:14,0,595,0
BRDA:14,0,596,0
BRDA:14,0,597,0
BRDA:14,0,598,0
BRDA:14,0,599,0
BRDA:14,0,600,1
BRDA:14,0,601,1
BRDA:14,0,602,1
BRDA:14,0,603,0
BRDA:14,0,604,1
BRDA:14,0,605,0
BRDA:14,0,606,1
BRDA:14,0,607,0
BRDA:14,0,608,1
BRDA:14,0,609,0
BRDA:14,0,610,0
BRDA:14,0,611,0
BRDA:14,0,612,0
BRDA:14,0,613,0
BRDA:14,0,614,0
BRDA:14,0,615,0
BRDA:14,0,616,0
BRDA:14,0,617,0
BRDA:14,0,618,0
BRDA:14,0,619,0
BRDA:14,0,620,0
BRDA:14,0,621,0
BRDA:14,0,622,0
BRDA:14,0,623,0
BRDA:14,0,624,0
BRDA:14,0,625,0
BRDA:14,0,626,0
BRDA:14,0,627,0
BRDA:14,0,628,0
BRDA:14,0,629,0
BRDA:14,0,630,0
BRDA:14,0,631,0
BRDA:14,0,632,0
BRDA:14,0,633,0
BRDA:14,0,634,0
BRDA:14,0,635,0
BRDA:14,0,636,0
BRDA:14,0,637,0
BRDA:14,0,638,0
BRDA:14,0,639,0
BRDA:14,0,640,0
BRDA:14,0,641,0
BRDA:14,0,642,0
BRDA:14,0,643,0
BRDA:14,0,644,0
BRDA:14,0,645,0
BRDA:14,0,646,0
BRDA:14,0,647,0
BRDA:14,0,648,0
BRDA:14,0,649,0
BRDA:14,0,650,0
BRDA:14,0,651,0
BRDA:14,0,652,0
BRDA:14,0,653,0
BRDA:14,0,654,0
BRDA:14,0,655,0
BRDA:14,0,656,0
BRDA:14,0,657,0
BRDA:14,0,658,0
BRDA:14,0,659,0
BRDA:14,0,660,0
BRDA:14,0,661,0
BRDA:14,0,662,0
BRDA:14,0,663,0
BRDA:14,0,664,0
BRDA:14,0,665,0
BRDA:14,0,666,0
BRDA:14,0,667,0
BRDA:14,0,668,0
BRDA:14,0,669,0
BRDA:14,0,670,1
BRDA:14,0,671,1
BRDA:14,0,672,1
BRDA:14,0,673,0
BRDA:14,0,674,1
BRDA:14,0,675,0
BRDA:14,0,676,1
BRDA:14,0,677,0
BRDA:14,0,678,0
BRDA:14,0,679,0
DA:15,3
BRDA:15,0,0,0
BRDA:15,0,1,0
BRDA:15,0,2,1
BRDA:15,0,3,1
BRDA:15,0,4,0
BRDA:15,0,5,0
BRDA:15,0,6,0
BRDA:15,0,7,0
BRDA:15,0,8,2
BRDA:15,0,9,1
BRDA:15,0,10,1
BRDA:15,0,11,1
BRDA:15,0,12,2
BRDA:15,0,13,1
BRDA:15,0,14,1
BRDA:15,0,15,1
BRDA:15,0,16,0
BRDA:15,0,17,0
BRDA:15,0,18,0
BRDA:15,0,19,0
BRDA:15,0,20,0
BRDA:15,0,21,0
BRDA:15,0,22,0
BRDA:15,0,23,0
BRDA:15,0,24,0
BRDA:15,0,25,0
BRDA:15,0,26,0
BRDA:15,0,27,0
BRDA:15,0,28,0
BRDA:15,0,29,0
BRDA:15,0,30,0
BRDA:15,0,31,0
BRDA:15,0,32,0
BRDA:15,0,33,0
BRDA:15,0,34,0
BRDA:15,0,35,0
BRDA:15,0,36,0
BRDA:15,0,37,0
BRDA:15,0,38,0
BRDA:15,0,39,0
BRDA:15,0,40,0
BRDA:15,0,41,0
BRDA:15,0,42,0
BRDA:15,0,43,0
BRDA:15,0,44,0
BRDA:15,0,45,0
BRDA:15,0,46,0
BRDA:15,0,47,0
BRDA:15,0,48,0
BRDA:15,0,49,0
BRDA:15,0,50,0
BRDA:15,0,51,0
BRDA:15,0,52,0
BRDA:15,0,53,0
BRDA:15,0,54,0
BRDA:15,0,55,0
BRDA:15,0,56,0
BRDA:15,0,57,0
BRDA:15,0,58,0
BRDA:15,0,59,0
BRDA:15,0,60,0
BRDA:15,0,61,0
BRDA:15,0,62,0
BRDA:15,0,63,0
BRDA:15,0,64,2
BRDA:15,0,65,1
BRDA:15,0,66,0
BRDA:15,0,67,0
BRDA:15,0,68,1
BRDA:15,0,69,1
BRDA:15,0,70,3
BRDA:15,0,71,1
BRDA:15,0,72,1
BRDA:15,0,73,1
BRDA:15,0,74,0
BRDA:15,0,75,0
BRDA:15,0,76,0
BRDA:15,0,77,0
BRDA:15,0,78,2
BRDA:15,0,79,1
BRDA:15,0,80,1
BRDA:15,0,81,1
BRDA:15,0,82,2
BRDA:15,0,83,1
BRDA:15,0,84,1
BRDA:15,0,85,1
BRDA:15,0,86,0
BRDA:15,0,87,0
BRDA:15,0,88,0
BRDA:15,0,89,0
BRDA:15,0,90,0
BRDA:15,0,91,0
BRDA:15,0,92,0
BRDA:15,0,93,0
BRDA:15,0,94,0
BRDA:15,0,95,0
BRDA:15,0,96,0
BRDA:15,0,97,0
BRDA:15,0,98,0
BRDA:15,0,99,0
BRDA:15,0,100,0
BRDA:15,0,101,0
BRDA:15,0,102,0
BRDA:15,0,103,0
BRDA:15,0,104,0
BRDA:15,0,105,0
BRDA:15,0,106,0
BRDA:15,0,107,0
BRDA:15,0,108,0
BRDA:15,0,109,0
BRDA:15,0,110,0
BRDA:15,0,111,0
BRDA:15,0,112,0
BRDA:15,0,113,0
BRDA:15,0,114,0
BRDA:15,0,115,0
BRDA:15,0,116,0
BRDA:15,0,117,0
BRDA:15,0,118,0
BRDA:15,0,119,0
BRDA:15,0,120,0
BRDA:15,0,121,0
BRDA:15,0,122,0
BRDA:15,0,123,0
BRDA:15,0,124,0
BRDA:15,0,125,0
BRDA:15,0,126,0
BRDA:15,0,127,0
BRDA:15,0,128,0
BRDA:15,0,129,0
BRDA:15,0,130,0
BRDA:15,0,131,0
BRDA:15,0,132,0
BRDA:15,0,133,0
BRDA:15,0,134,0
BRDA:15,0,135,0
BRDA:15,0,136,2
BRDA:15,0,137,1
BRDA:15,0,138,1
BRDA:15,0,139,1
BRDA:15,0,140,3
BRDA:15,0,141,1
BRDA:15,0,142,1
BRDA:15,0,143,1
BRDA:15,0,144,0
BRDA:15,0,145,0
BRDA:15,0,146,0
BRDA:15,0,147,0
BRDA:15,0,148,2
BRDA:15,0,149,1
BRDA:15,0,150,1
BRDA:15,0,151,1
BRDA:15,0,152,2
BRDA:15,0,153,1
BRDA:15,0,154,0
BRDA:15,0,155,0
BRDA:15,0,156,1
BRDA:15,0,157,1
BRDA:15,0,158,0
BRDA:15,0,159,0
BRDA:15,0,160,0
BRDA:15,0,161,0
BRDA:15,0,162,0
BRDA:15,0,163,0
BRDA:15,0,164,0
BRDA:15,0,165,0
BRDA:15,0,166,0
BRDA:15,0,167,0
BRDA:15,0,168,0
BRDA:15,0,169,0
BRDA:15,0,170,0
BRDA:15,0,171,0
BRDA:15,0,172,0
BRDA:15,0,173,0
BRDA:15,0,174,0
BRDA:15,0,175,0
BRDA:15,0,176,0
BRDA:15,0,177,0
BRDA:15,0,178,0
BRDA:15,0,179,0
BRDA:15,0,180,0
BRDA:15,0,181,0
BRDA:15,0,182,0
BRDA:15,0,183,0
BRDA:15,0,184,0
BRDA:15,0,185,0
BRDA:15,0,186,0
BRDA:15,0,187,0
BRDA:15,0,188,0
BRDA:15,0,189,0
BRDA:15,0,190,0
BRDA:15,0,191,0
BRDA:15,0,192,0
BRDA:15,0,193,0
BRDA:15,0,194,0
BRDA:15,0,195,0
BRDA:15,0,196,0
BRDA:15,0,197,0
BRDA:15,0,198,0
BRDA:15,0,199,0
BRDA:15,0,200,0
BRDA:15,0,201,0
BRDA:15,0,202,0
BRDA:15,0,203,0
BRDA:15,0,204,0
BRDA:15,0,205,0
BRDA:15,0,206,2
BRDA:15,0,207,1
BRDA:15,0,208,1
BRDA:15,0,209,1
BRDA:15,0,210,3
BRDA:15,0,211,1
BRDA:15,0,212,1
BRDA:15,0,213,1
BRDA:15,0,214,0
BRDA:15,0,215,0
BRDA:15,0,216,0
BRDA:15,0,217,0
BRDA:15,0,218,0
BRDA:15,0,219,0
BRDA:15,0,220,0
BRDA:15,0,221,0
BRDA:15,0,222,0
BRDA:15,0,223,0
BRDA:15,0,224,0
BRDA:15,0,225,0
BRDA:15,0,226,0
BRDA:15,0,227,0
BRDA:15,0,228,0
BRDA:15,0,229,0
BRDA:15,0,230,0
BRDA:15,0,231,0
BRDA:15,0,232,0
BRDA:15,0,233,0
BRDA:15,0,234,0
BRDA:15,0,235,0
BRDA:15,0,236,0
BRDA:15,0,237,0
BRDA:15,0,238,0
BRDA:15,0,239,0
BRDA:15,0,240,0
BRDA:15,0,241,0
BRDA:15,0,242,0
BRDA:15,0,243,0
BRDA:15,0,244,0
BRDA:15,0,245,0
BRDA:15,0,246,0
BRDA:15,0,247,0
BRDA:15,0,248,2
BRDA:15,0,249,1
BRDA:15,0,250,1
BRDA:15,0,251,1
BRDA:15,0,252,1
BRDA:15,0,253,0
BRDA:15,0,254,0
BRDA:15,0,255,0
BRDA:15,0,256,0
BRDA:15,0,257,0
BRDA:15,0,258,0
BRDA:15,0,259,0
BRDA:15,0,260,2
BRDA:15,0,261,1
BRDA:15,0,262,1
BRDA:15,0,263,0
BRDA:15,0,264,1
BRDA:15,0,265,1
BRDA:15,0,266,2
BRDA:15,0,267,1
BRDA:15,0,268,1
BRDA:15,0,269,1
BRDA:15,0,270,0
BRDA:15,0,271,0
BRDA:15,0,272,0
BRDA:15,0,273,0
BRDA:15,0,274,0
BRDA:15,0,275,0
BRDA:15,0,276,0
BRDA:15,0,277,0
BRDA:15,0,278,0
BRDA:15,0,279,0
BRDA:15,0,280,0
BRDA:15,0,281,0
BRDA:15,0,282,0
BRDA:15,0,283,0
BRDA:15,0,284,0
BRDA:15,0,285,0
BRDA:15,0,286,0
BRDA:15,0,287,0
BRDA:15,0,288,0
BRDA:15,0,289,0
BRDA:15,0,290,0
BRDA:15,0,291,0
BRDA:15,0,292,0
BRDA:15,0,293,0
BRDA:15,0,294,0
BRDA:15,0,295,0
BRDA:15,0,296,0
BRDA:15,0,297,0
BRDA:15,0,298,0
BRDA:15,0,299,0
BRDA:15,0,300,0
BRDA:15,0,301,0
BRDA:15,0,302,0
BRDA:15,0,303,0
BRDA:15,0,304,0
BRDA:15,0,305,0
BRDA:15,0,306,0
BRDA:15,0,307,0
BRDA:15,0,308,0
BRDA:15,0,309,0
BRDA:15,0,310,0
BRDA:15,0,311,0
BRDA:15,0,312,0
BRDA:15,0,313,0
BRDA:15,0,314,0
BRDA:15,0,315,0
BRDA:15,0,316,0
BRDA:15,0,317,0
BRDA:15,0,318,2
BRDA:15,0,319,1
BRDA:15,0,320,1
BRDA:15,0,321,1
BRDA:15,0,322,3
BRDA:15,0,323,1
BRDA:15,0,324,1
BRDA:15,0,325,1
BRDA:15,0,326,0
BRDA:15,0,327,0
BRDA:15,0,328,0
BRDA:15,0,329,0
BRDA:15,0,330,0
BRDA:15,0,331,0
BRDA:15,0,332,2
BRDA:15,0,333,1
BRDA:15,0,334,1
BRDA:15,0,335,1
BRDA:15,0,336,2
BRDA:15,0,337,1
BRDA:15,0,338,1
BRDA:15,0,339,1
BRDA:15,0,340,0
BRDA:15,0,341,0
BRDA:15,0,342,0
BRDA:15,0,343,0
BRDA:15,0,344,0
BRDA:15,0,345,0
BRDA:15,0,346,0
BRDA:15,0,347,0
BRDA:15,0,348,0
BRDA:15,0,349,0
BRDA:15,0,350,2
BRDA:15,0,351,1
BRDA:15,0,352,0
BRDA:15,0,353,0
BRDA:15,0,354,0
BRDA:15,0,355,0
BRDA:15,0,356,0
BRDA:15,0,357,0
BRDA:15,0,358,0
BRDA:15,0,359,0
BRDA:15,0,360,0
BRDA:15,0,361,0
BRDA:15,0,362,0
BRDA:15,0,363,0
BRDA:15,0,364,0
BRDA:15,0,365,0
BRDA:15,0,366,0
BRDA:15,0,367,0
BRDA:15,0,368,0
BRDA:15,0,369,0
BRDA:15,0,370,0
BRDA:15,0,371,0
BRDA:15,0,372,1
BRDA:15,0,373,1
BRDA:15,0,374,0
BRDA:15,0,375,0
BRDA:15,0,376,0
BRDA:15,0,377,0
BRDA:15,0,378,0
BRDA:15,0,379,0
BRDA:15,0,380,0
BRDA:15,0,381,0
BRDA:15,0,382,0
BRDA:15,0,383,0
BRDA:15,0,384,0
BRDA:15,0,385,0
BRDA:15,0,386,0
BRDA:15,0,387,0
BRDA:15,0,388,2
BRDA:15,0,389,1
BRDA:15,0,390,1
BRDA:15,0,391,1
BRDA:15,0,392,3
BRDA:15,0,393,1
BRDA:15,0,394,0
BRDA:15,0,395,0
BRDA:15,0,396,0
BRDA:15,0,397,0
BRDA:15,0,398,1
BRDA:15,0,399,1
BRDA:15,0,400,0
BRDA:15,0,401,0
BRDA:15,0,402,1
BRDA:15,0,403,0
BRDA:15,0,404,0
BRDA:15,0,405,0
BRDA:15,0,406,1
BRDA:15,0,407,0
BRDA:15,0,408,0
BRDA:15,0,409,0
BRDA:15,0,410,0
BRDA:15,0,411,0
BRDA:15,0,412,0
BRDA:15,0,413,0
BRDA:15,0,414,0
BRDA:15,0,415,0
BRDA:15,0,416,0
BRDA:15,0,417,0
BRDA:15,0,418,0
BRDA:15,0,419,0
BRDA:15,0,420,0
BRDA:15,0,421,0
BRDA:15,0,422,0
BRDA:15,0,423,0
BRDA:15,0,424,0
BRDA:15,0,425,0
BRDA:15,0,426,0
BRDA:15,0,427,0
BRDA:15,0,428,0
BRDA:15,0,429,0
BRDA:15,0,430,0
BRDA:15,0,431,0
BRDA:15,0,432,0
BRDA:15,0,433,0
BRDA:15,0,434,0
BRDA:15,0,435,0
BRDA:15,0,436,0
BRDA:15,0,437,0
BRDA:15,0,438,0
BRDA:15,0,439,0
BRDA:15,0,440,0
BRDA:15,0,441,0
BRDA:15,0,442,0
BRDA:15,0,443,0
BRDA:15,0,444,0
BRDA:15,0,445,0
BRDA:15,0,446,0
BRDA:15,0,447,0
BRDA:15,0,448,0
BRDA:15,0,449,0
BRDA:15,0,450,0
BRDA:15,0,451,0
BRDA:15,0,452,0
BRDA:15,0,453,0
BRDA:15,0,454,0
BRDA:15,0,455,0
BRDA:15,0,456,0
BRDA:15,0,457,0
BRDA:15,0,458,1
BRDA:15,0,459,0
BRDA:15,0,460,0
BRDA:15,0,461,0
BRDA:15,0,462,0
BRDA:15,0,463,0
BRDA:15,0,464,2
BRDA:15,0,465,1
BRDA:15,0,466,0
BRDA:15,0,467,0
BRDA:15,0,468,1
BRDA:15,0,469,1
BRDA:15,0,470,0
BRDA:15,0,471,0
BRDA:15,0,472,1
BRDA:15,0,473,0
BRDA:15,0,474,0
BRDA:15,0,475,0
BRDA:15,0,476,1
BRDA:15,0,477,0
BRDA:15,0,478,0
BRDA:15,0,479,0
BRDA:15,0,480,0
BRDA:15,0,481,0
BRDA:15,0,482,0
BRDA:15,0,483,0
BRDA:15,0,484,0
BRDA:15,0,485,0
BRDA:15,0,486,0
BRDA:15,0,487,0
BRDA:15,0,488,0
BRDA:15,0,489,0
BRDA:15,0,490,0
BRDA:15,0,491,0
BRDA:15,0,492,0
BRDA:15,0,493,0
BRDA:15,0,494,0
BRDA:15,0,495,0
BRDA:15,0,496,0
BRDA:15,0,497,0
BRDA:15,0,498,0
BRDA:15,0,499,0
BRDA:15,0,500,0
BRDA:15,0,501,0
BRDA:15,0,502,0
BRDA:15,0,503,0
BRDA:15,0,504,0
BRDA:15,0,505,0
BRDA:15,0,506,0
BRDA:15,0,507,0
BRDA:15,0,508,0
BRDA:15,0,509,0
BRDA:15,0,510,0
BRDA:15,0,511,0
BRDA:15,0,512,0
BRDA:15,0,513,0
BRDA:15,0,514,0
BRDA:15,0,515,0
BRDA:15,0,516,0
BRDA:15,0,517,0
BRDA:15,0,518,0
BRDA:15,0,519,0
BRDA:15,0,520,0
BRDA:15,0,521,0
BRDA:15,0,522,0
BRDA:15,0,523,0
BRDA:15,0,524,0
BRDA:15,0,525,0
BRDA:15,0,526,0
BRDA:15,0,527,0
BRDA:15,0,528,0
BRDA:15,0,529,0
BRDA:15,0,530,1
BRDA:15,0,531,0
BRDA:15,0,532,0
BRDA:15,0,533,0
BRDA:15,0,534,2
BRDA:15,0,535,1
BRDA:15,0,536,0
BRDA:15,0,537,0
BRDA:15,0,538,1
BRDA:15,0,539,1
BRDA:15,0,540,0
BRDA:15,0,541,0
BRDA:15,0,542,1
BRDA:15,0,543,0
BRDA:15,0,544,0
BRDA:15,0,545,0
BRDA:15,0,546,1
BRDA:15,0,547,0
BRDA:15,0,548,0
BRDA:15,0,549,0
BRDA:15,0,550,0
BRDA:15,0,551,0
BRDA:15,0,552,0
BRDA:15,0,553,0
BRDA:15,0,554,0
BRDA:15,0,555,0
BRDA:15,0,556,0
BRDA:15,0,557,0
BRDA:15,0,558,0
BRDA:15,0,559,0
BRDA:15,0,560,0
BRDA:15,0,561,0
BRDA:15,0,562,0
BRDA:15,0,563,0
BRDA:15,0,564,0
BRDA:15,0,565,0
BRDA:15,0,566,0
BRDA:15,0,567,0
BRDA:15,0,568,0
BRDA:15,0,569,0
BRDA:15,0,570,0
BRDA:15,0,571,0
BRDA:15,0,572,0
BRDA:15,0,573,0
BRDA:15,0,574,0
BRDA:15,0,575,0
BRDA:15,0,576,0
BRDA:15,0,577,0
BRDA:15,0,578,0
BRDA:15,0,579,0
BRDA:15,0,580,0
BRDA:15,0,581,0
BRDA:15,0,582,0
BRDA:15,0,583,0
BRDA:15,0,584,0
BRDA:15,0,585,0
BRDA:15,0,586,0
BRDA:15,0,587,0
BRDA:15,0,588,0
BRDA:15,0,589,0
BRDA:15,0,590,0
BRDA:15,0,591,0
BRDA:15,0,592,0
BRDA:15,0,593,0
BRDA:15,0,594,0
BRDA:15,0,595,0
BRDA:15,0,596,0
BRDA:15,0,597,0
BRDA:15,0,598,0
BRDA:15,0,599,0
BRDA:15,0,600,1
BRDA:15,0,601,0
BRDA:15,0,602,0
BRDA:15,0,603,0
BRDA:15,0,604,2
BRDA:15,0,605,1
BRDA:15,0,606,0
BRDA:15,0,607,0
BRDA:15,0,608,1
BRDA:15,0,609,1
BRDA:15,0,610,1
BRDA:15,0,611,0
BRDA:15,0,612,0
BRDA:15,0,613,0
BRDA:15,0,614,0
BRDA:15,0,615,0
BRDA:15,0,616,0
BRDA:15,0,617,0
BRDA:15,0,618,0
BRDA:15,0,619,0
BRDA:15,0,620,0
BRDA:15,0,621,0
BRDA:15,0,622,0
BRDA:15,0,623,0
BRDA:15,0,624,0
BRDA:15,0,625,0
BRDA:15,0,626,0
BRDA:15,0,627,0
BRDA:15,0,628,0
BRDA:15,0,629,0
BRDA:15,0,630,0
BRDA:15,0,631,0
BRDA:15,0,632,0
BRDA:15,0,633,0
BRDA:15,0,634,0
BRDA:15,0,635,0
BRDA:15,0,636,1
BRDA:15,0,637,1
BRDA:15,0,638,0
BRDA:15,0,639,0
BRDA:15,0,640,0
BRDA:15,0,641,0
BRDA:15,0,642,1
BRDA:15,0,643,0
BRDA:15,0,644,0
BRDA:15,0,645,0
BRDA:15,0,646,1
BRDA:15,0,647,1
BRDA:15,0,648,0
BRDA:15,0,649,0
BRDA:15,0,650,1
BRDA:15,0,651,1
BRDA:15,0,652,0
BRDA:15,0,653,0
BRDA:15,0,654,1
BRDA:15,0,655,0
BRDA:15,0,656,0
BRDA:15,0,657,0
BRDA:15,0,658,0
BRDA:15,0,659,0
BRDA:15,0,660,1
BRDA:15,0,661,0
BRDA:15,0,662,0
BRDA:15,0,663,0
BRDA:15,0,664,0
BRDA:15,0,665,0
BRDA:15,0,666,0
BRDA:15,0,667,0
BRDA:15,0,668,0
BRDA:15,0,669,0
BRDA:15,0,670,0
BRDA:15,0,671,0
BRDA:15,0,672,0
BRDA:15,0,673,0
BRDA:15,0,674,0
BRDA:15,0,675,0
BRDA:15,0,676,0
BRDA:15,0,677,0
BRDA:15,0,678,0
BRDA:15,0,679,0
BRDA:15,0,680,0
BRDA:15,0,681,0
BRDA:15,0,682,0
BRDA:15,0,683,0
BRDA:15,0,684,0
BRDA:15,0,685,0
BRDA:15,0,686,0
BRDA:15,0,687,0
BRDA:15,0,688,0
BRDA:15,0,689,0
BRDA:15,0,690,0
BRDA:15,0,691,0
BRDA:15,0,692,0
BRDA:15,0,693,0
BRDA:15,0,694,0
BRDA:15,0,695,0
BRDA:15,0,696,0
BRDA:15,0,697,0
BRDA:15,0,698,0
BRDA:15,0,699,0
BRDA:15,0,700,0
BRDA:15,0,701,0
BRDA:15,0,702,0
BRDA:15,0,703,0
BRDA:15,0,704,0
BRDA:15,0,705,0
BRDA:15,0,706,0
BRDA:15,0,707,0
BRDA:15,0,708,0
BRDA:15,0,709,0
BRDA:15,0,710,0
BRDA:15,0,711,0
BRDA:15,0,712,1
BRDA:15,0,713,0
BRDA:15,0,714,0
BRDA:15,0,715,0
BRDA:15,0,716,2
BRDA:15,0,717,1
BRDA:15,0,718,0
BRDA:15,0,719,0
BRDA:15,0,720,1
BRDA:15,0,721,1
BRDA:15,0,722,0
BRDA:15,0,723,0
BRDA:15,0,724,1
BRDA:15,0,725,0
BRDA:15,0,726,1
BRDA:15,0,727,0
BRDA:15,0,728,0
BRDA:15,0,729,0
BRDA:15,0,730,1
BRDA:15,0,731,0
BRDA:15,0,732,0
BRDA:15,0,733,0
BRDA:15,0,734,0
BRDA:15,0,735,0
BRDA:15,0,736,0
BRDA:15,0,737,0
BRDA:15,0,738,0
BRDA:15,0,739,0
BRDA:15,0,740,0
BRDA:15,0,741,0
BRDA:15,0,742,0
BRDA:15,0,743,0
BRDA:15,0,744,0
BRDA:15,0,745,0
BRDA:15,0,746,0
BRDA:15,0,747,0
BRDA:15,0,748,0
BRDA:15,0,749,0
BRDA:15,0,750,0
BRDA:15,0,751,0
BRDA:15,0,752,0
BRDA:15,0,753,0
BRDA:15,0,754,0
BRDA:15,0,755,0
BRDA:15,0,756,0
BRDA:15,0,757,0
BRDA:15,0,758,0
BRDA:15,0,759,0
BRDA:15,0,760,0
BRDA:15,0,761,0
BRDA:15,0,762,0
BRDA:15,0,763,0
BRDA:15,0,764,0
BRDA:15,0,765,0
BRDA:15,0,766,0
BRDA:15,0,767,0
BRDA:15,0,768,0
BRDA:15,0,769,0
BRDA:15,0,770,0
BRDA:15,0,771,0
BRDA:15,0,772,0
BRDA:15,0,773,0
BRDA:15,0,774,0
BRDA:15,0,775,0
BRDA:15,0,776,0
BRDA:15,0,777,0
BRDA:15,0,778,0
BRDA:15,0,779,0
BRDA:15,0,780,0
BRDA:15,0,781,0
BRDA:15,0,782,1
BRDA:15,0,783,0
BRDA:15,0,784,0
BRDA:15,0,785,0
BRDA:15,0,786,2
BRDA:15,0,787,1
BRDA:15,0,788,0
BRDA:15,0,789,0
BRDA:15,0,790,0
BRDA:15,0,791,0
DA:16,5
BRDA:16,0,0,5
BRDA:16,0,1,5
DA:17,8
BRDA:17,0,0,7
BRDA:17,0,1,7
BRDA:17,0,2,7
BRDA:17,0,3,6
BRDA:17,0,4,8
BRDA:17,0,5,7
DA:18,1
BRDA:18,0,0,1
BRDA:18,0,1,1
DA:19,1
BRDA:19,0,0,1
BRDA:19,0,1,0
BRDA:19,0,2,0
BRDA:19,0,3,0
BRDA:19,0,4,0
BRDA:19,0,5,0
BRDA:19,0,6,0
BRDA:19,0,7,0
BRDA:19,0,8,0
BRDA:19,0,9,0
BRDA:19,0,10,0
BRDA:19,0,11,0
BRDA:19,0,12,0
BRDA:19,0,13,0
BRDA:19,0,14,0
BRDA:19,0,15,0
BRDA:19,0,16,0
BRDA:19,0,17,0
BRDA:19,0,18,0
BRDA:19,0,19,0
BRDA:19,0,20,0
BRDA:19,0,21,0
BRDA:19,0,22,1
BRDA:19,0,23,0
BRDA:19,0,24,0
BRDA:19,0,25,0
BRDA:19,0,26,0
BRDA:19,0,27,0
BRDA:19,0,28,0
BRDA:19,0,29,0
BRDA:19,0,30,0
BRDA:19,0,31,0
BRDA:19,0,32,0
BRDA:19,0,33,0
BRDA:19,0,34,0
BRDA:19,0,35,0
BRDA:19,0,36,0
BRDA:19,0,37,0
BRDA:19,0,38,0
BRDA:19,0,39,0
BRDA:19,0,40,0
BRDA:19,0,41,0
BRDA:19,0,42,0
BRDA:19,0,43,0
BRDA:19,0,44,1
BRDA:19,0,45,0
BRDA:19,0,46,0
BRDA:19,0,47,0
BRDA:19,0,48,0
BRDA:19,0,49,0
BRDA:19,0,50,0
BRDA:19,0,51,0
BRDA:19,0,52,0
BRDA:19,0,53,0
BRDA:19,0,54,0
BRDA:19,0,55,0
BRDA:19,0,56,0
BRDA:19,0,57,0
BRDA:19,0,58,0
BRDA:19,0,59,0
BRDA:19,0,60,0
BRDA:19,0,61,0
BRDA:19,0,62,0
BRDA:19,0,63,0
BRDA:19,0,64,0
BRDA:19,0,65,0
BRDA:19,0,66,1
BRDA:19,0,67,0
BRDA:19,0,68,0
BRDA:19,0,69,0
BRDA:19,0,70,0
BRDA:19,0,71,0
BRDA:19,0,72,0
BRDA:19,0,73,0
BRDA:19,0,74,0
BRDA:19,0,75,0
BRDA:19,0,76,0
BRDA:19,0,77,0
BRDA:19,0,78,0
BRDA:19,0,79,0
BRDA:19,0,80,0
BRDA:19,0,81,0
BRDA:19,0,82,0
BRDA:19,0,83,0
BRDA:19,0,84,0
BRDA:19,0,85,0
BRDA:19,0,86,0
BRDA:19,0,87,0
BRDA:19,0,88,0
BRDA:19,0,89,0
BRDA:19,0,90,0
BRDA:19,0,91,0
BRDA:19,0,92,0
BRDA:19,0,93,0
BRDA:19,0,94,0
BRDA:19,0,95,0
BRDA:19,0,96,0
BRDA:19,0,97,0
BRDA:19,0,98,0
BRDA:19,0,99,0
BRDA:19,0,100,0
BRDA:19,0,101,0
BRDA:19,0,102,0
BRDA:19,0,103,0
BRDA:19,0,104,0
BRDA:19,0,105,0
BRDA:19,0,106,0
BRDA:19,0,107,0
BRDA:19,0,108,0
BRDA:19,0,109,0
BRDA:19,0,110,0
BRDA:19,0,111,0
BRDA:19,0,112,0
BRDA:19,0,113,0
BRDA:19,0,114,0
BRDA:19,0,115,0
BRDA:19,0,116,0
BRDA:19,0,117,0
BRDA:19,0,118,0
BRDA:19,0,119,0
BRDA:19,0,120,0
BRDA:19,0,121,0
BRDA:19,0,122,0
BRDA:19,0,123,0
BRDA:19,0,124,0
BRDA:19,0,125,0
BRDA:19,0,126,0
BRDA:19,0,127,0
DA:20,0
BRDA:20,0,0,0
BRDA:20,0,1,0
DA:21,0
BRDA:21,0,0,0
BRDA:21,0,1,0
DA:22,0
BRDA:22,0,0,0
BRDA:22,0,1,0
DA:23,0
BRDA:23,0,0,0
BRDA:23,0,1,0
BRDA:23,0,2,0
BRDA:23,0,3,0
BRDA:23,0,4,0
BRDA:23,0,5,0
BRDA:23,0,6,0
BRDA:23,0,7,0
BRDA:23,0,8,0
BRDA:23,0,9,0
BRDA:23,0,10,0
BRDA:23,0,11,0
BRDA:23,0,12,0
BRDA:23,0,13,0
BRDA:23,0,14,0
BRDA:23,0,15,0
BRDA:23,0,16,0
BRDA:23,0,17,0
BRDA:23,0,18,0
BRDA:23,0,19,0
BRDA:23,0,20,0
BRDA:23,0,21,0
BRDA:23,0,22,0
BRDA:23,0,23,0
BRDA:23,0,24,0
BRDA:23,0,25,0
BRDA:23,0,26,0
BRDA:23,0,27,0
BRDA:23,0,28,0
BRDA:23,0,29,0
BRDA:23,0,30,0
BRDA:23,0,31,0
BRDA:23,0,32,0
BRDA:23,0,33,0
BRDA:23,0,34,0
BRDA:23,0,35,0
BRDA:23,0,36,0
BRDA:23,0,37,0
BRDA:23,0,38,0
BRDA:23,0,39,0
BRDA:23,0,40,0
BRDA:23,0,41,0
BRDA:23,0,42,0
BRDA:23,0,43,0
BRDA:23,0,44,0
BRDA:23,0,45,0
BRDA:23,0,46,0
BRDA:23,0,47,0
BRDA:23,0,48,0
BRDA:23,0,49,0
BRDA:23,0,50,0
BRDA:23,0,51,0
BRDA:23,0,52,0
BRDA:23,0,53,0
BRDA:23,0,54,0
BRDA:23,0,55,0
BRDA:23,0,56,0
BRDA:23,0,57,0
BRDA:23,0,58,0
BRDA:23,0,59,0
BRDA:23,0,60,0
BRDA:23,0,61,0
BRDA:23,0,62,0
BRDA:23,0,63,0
BRDA:23,0,64,0
BRDA:23,0,65,0
BRDA:23,0,66,0
BRDA:23,0,67,0
BRDA:23,0,68,0
BRDA:23,0,69,0
BRDA:23,0,70,0
BRDA:23,0,71,0
BRDA:23,0,72,0
BRDA:23,0,73,0
BRDA:23,0,74,0
BRDA:23,0,75,0
BRDA:23,0,76,0
BRDA:23,0,77,0
BRDA:23,0,78,0
BRDA:23,0,79,0
BRDA:23,0,80,0
BRDA:23,0,81,0
BRDA:23,0,82,0
BRDA:23,0,83,0
BRDA:23,0,84,0
BRDA:23,0,85,0
BRDA:23,0,86,0
BRDA:23,0,87,0
BRDA:23,0,88,0
BRDA:23,0,89,0
BRDA:23,0,90,0
BRDA:23,0,91,0
BRDA:23,0,92,0
BRDA:23,0,93,0
BRDA:23,0,94,0
BRDA:23,0,95,0
BRDA:23,0,96,0
BRDA:23,0,97,0
BRDA:23,0,98,0
BRDA:23,0,99,0
BRDA:23,0,100,0
BRDA:23,0,101,0
BRDA:23,0,102,0
BRDA:23,0,103,0
BRDA:23,0,104,0
BRDA:23,0,105,0
BRDA:23,0,106,0
BRDA:23,0,107,0
BRDA:23,0,108,0
BRDA:23,0,109,0
BRDA:23,0,110,0
BRDA:23,0,111,0
BRDA:23,0,112,0
BRDA:23,0,113,0
BRDA:23,0,114,0
BRDA:23,0,115,0
BRDA:23,0,116,0
BRDA:23,0,117,0
BRDA:23,0,118,0
BRDA:23,0,119,0
BRDA:23,0,120,0
BRDA:23,0,121,0
BRDA:23,0,122,0
BRDA:23,0,123,0
BRDA:23,0,124,0
BRDA:23,0,125,0
BRDA:23,0,126,0
BRDA:23,0,127,0
DA:24,0
BRDA:24,0,0,0
BRDA:24,0,1,0
DA:25,0
BRDA:25,0,0,0
BRDA:25,0,1,0
DA:26,0
BRDA:26,0,0,0
BRDA:26,0,1,0
BRDA:26,0,2,0
BRDA:26,0,3,0
BRDA:26,0,4,0
BRDA:26,0,5,0
BRDA:26,0,6,0
BRDA:26,0,7,0
DA:27,0
BRDA:27,0,0,0
BRDA:27,0,1,0
BRDA:27,0,2,0
BRDA:27,0,3,0
BRDA:27,0,4,0
BRDA:27,0,5,0
BRDA:27,0,6,0
BRDA:27,0,7,0
BRDA:27,0,8,0
BRDA:27,0,9,0
BRDA:27,0,10,0
BRDA:27,0,11,0
BRDA:27,0,12,0
BRDA:27,0,13,0
BRDA:27,0,14,0
BRDA:27,0,15,0
BRDA:27,0,16,0
BRDA:27,0,17,0
BRDA:27,0,18,0
BRDA:27,0,19,0
BRDA:27,0,20,0
BRDA:27,0,21,0
BRDA:27,0,22,0
BRDA:27,0,23,0
BRDA:27,0,24,0
BRDA:27,0,25,0
BRDA:27,0,26,0
BRDA:27,0,27,0
BRDA:27,0,28,0
BRDA:27,0,29,0
BRDA:27,0,30,0
BRDA:27,0,31,0
BRDA:27,0,32,0
BRDA:27,0,33,0
BRDA:27,0,34,0
BRDA:27,0,35,0
BRDA:27,0,36,0
BRDA:27,0,37,0
BRDA:27,0,38,0
BRDA:27,0,39,0
BRDA:27,0,40,0
BRDA:27,0,41,0
BRDA:27,0,42,0
BRDA:27,0,43,0
BRDA:27,0,44,0
BRDA:27,0,45,0
BRDA:27,0,46,0
BRDA:27,0,47,0
BRDA:27,0,48,0
BRDA:27,0,49,0
BRDA:27,0,50,0
BRDA:27,0,51,0
BRDA:27,0,52,0
BRDA:27,0,53,0
BRDA:27,0,54,0
BRDA:27,0,55,0
BRDA:27,0,56,0
BRDA:27,0,57,0
BRDA:27,0,58,0
BRDA:27,0,59,0
BRDA:27,0,60,0
BRDA:27,0,61,0
BRDA:27,0,62,0
BRDA:27,0,63,0
DA:28,1
BRDA:28,0,0,1
BRDA:28,0,1,0
DA:29,0
BRDA:29,0,0,0
BRDA:29,0,1,0
DA:30,0
BRDA:30,0,0,0
BRDA:30,0,1,0
BRDA:30,0,2,0
BRDA:30,0,3,0
BRDA:30,0,4,0
BRDA:30,0,5,0
BRDA:30,0,6,0
BRDA:30,0,7,0
BRDA:30,0,8,0
BRDA:30,0,9,0
BRDA:30,0,10,0
BRDA:30,0,11,0
BRDA:30,0,12,0
BRDA:30,0,13,0
BRDA:30,0,14,0
BRDA:30,0,15,0
BRDA:30,0,16,0
BRDA:30,0,17,0
BRDA:30,0,18,0
BRDA:30,0,19,0
BRDA:30,0,20,0
BRDA:30,0,21,0
BRDA:30,0,22,0
BRDA:30,0,23,0
BRDA:30,0,24,0
BRDA:30,0,25,0
BRDA:30,0,26,0
BRDA:30,0,27,0
BRDA:30,0,28,0
BRDA:30,0,29,0
BRDA:30,0,30,0
BRDA:30,0,31,0
BRDA:30,0,32,0
BRDA:30,0,33,0
BRDA:30,0,34,0
BRDA:30,0,35,0
BRDA:30,0,36,0
BRDA:30,0,37,0
BRDA:30,0,38,0
BRDA:30,0,39,0
BRDA:30,0,40,0
BRDA:30,0,41,0
BRDA:30,0,42,0
BRDA:30,0,43,0
BRDA:30,0,44,0
BRDA:30,0,45,0
BRDA:30,0,46,0
BRDA:30,0,47,0
BRDA:30,0,48,0
BRDA:30,0,49,0
BRDA:30,0,50,0
BRDA:30,0,51,0
BRDA:30,0,52,0
BRDA:30,0,53,0
BRDA:30,0,54,0
BRDA:30,0,55,0
BRDA:30,0,56,0
BRDA:30,0,57,0
BRDA:30,0,58,0
BRDA:30,0,59,0
BRDA:30,0,60,0
BRDA:30,0,61,0
BRDA:30,0,62,0
BRDA:30,0,63,0
BRDA:30,0,64,0
BRDA:30,0,65,0
BRDA:30,0,66,0
BRDA:30,0,67,0
BRDA:30,0,68,0
BRDA:30,0,69,0
BRDA:30,0,70,0
BRDA:30,0,71,0
BRDA:30,0,72,0
BRDA:30,0,73,0
BRDA:30,0,74,0
BRDA:30,0,75,0
BRDA:30,0,76,0
BRDA:30,0,77,0
BRDA:30,0,78,0
BRDA:30,0,79,0
BRDA:30,0,80,0
BRDA:30,0,81,0
BRDA:30,0,82,0
BRDA:30,0,83,0
BRDA:30,0,84,0
BRDA:30,0,85,0
BRDA:30,0,86,0
BRDA:30,0,87,0
BRDA:30,0,88,0
BRDA:30,0,89,0
BRDA:30,0,90,0
BRDA:30,0,91,0
BRDA:30,0,92,0
BRDA:30,0,93,0
BRDA:30,0,94,0
BRDA:30,0,95,0
BRDA:30,0,96,0
BRDA:30,0,97,0
BRDA:30,0,98,0
BRDA:30,0,99,0
BRDA:30,0,100,0
BRDA:30,0,101,0
BRDA:30,0,102,0
BRDA:30,0,103,0
BRDA:30,0,104,0
BRDA:30,0,105,0
BRDA:30,0,106,0
BRDA:30,0,107,0
BRDA:30,0,108,0
BRDA:30,0,109,0
BRDA:30,0,110,0
BRDA:30,0,111,0
BRDA:30,0,112,0
BRDA:30,0,113,0
BRDA:30,0,114,0
BRDA:30,0,115,0
BRDA:30,0,116,0
BRDA:30,0,117,0
BRDA:30,0,118,0
BRDA:30,0,119,0
BRDA:30,0,120,0
BRDA:30,0,121,0
BRDA:30,0,122,0
BRDA:30,0,123,0
BRDA:30,0,124,0
BRDA:30,0,125,0
BRDA:30,0,126,0
BRDA:30,0,127,0
DA:31,0
BRDA:31,0,0,0
BRDA:31,0,1,0
DA:32,0
BRDA:32,0,0,0
BRDA:32,0,1,0
BRDA:32,0,2,0
BRDA:32,0,3,0
BRDA:32,0,4,0
BRDA:32,0,5,0
BRDA:32,0,6,0
BRDA:32,0,7,0
BRDA:32,0,8,0
BRDA:32,0,9,0
BRDA:32,0,10,0
BRDA:32,0,11,0
BRDA:32,0,12,0
BRDA:32,0,13,0
BRDA:32,0,14,0
BRDA:32,0,15,0
BRDA:32,0,16,0
BRDA:32,0,17,0
BRDA:32,0,18,0
BRDA:32,0,19,0
BRDA:32,0,20,0
BRDA:32,0,21,0
BRDA:32,0,22,0
BRDA:32,0,23,0
BRDA:32,0,24,0
BRDA:32,0,25,0
BRDA:32,0,26,0
BRDA:32,0,27,0
BRDA:32,0,28,0
BRDA:32,0,29,0
BRDA:32,0,30,0
BRDA:32,0,31,0
BRDA:32,0,32,0
BRDA:32,0,33,0
BRDA:32,0,34,0
BRDA:32,0,35,0
BRDA:32,0,36,0
BRDA:32,0,37,0
BRDA:32,0,38,0
BRDA:32,0,39,0
BRDA:32,0,40,0
BRDA:32,0,41,0
BRDA:32,0,42,0
BRDA:32,0,43,0
BRDA:32,0,44,0
BRDA:32,0,45,0
BRDA:32,0,46,0
BRDA:32,0,47,0
BRDA:32,0,48,0
BRDA:32,0,49,0
BRDA:32,0,50,0
BRDA:32,0,51,0
BRDA:32,0,52,0
BRDA:32,0,53,0
BRDA:32,0,54,0
BRDA:32,0,55,0
BRDA:32,0,56,0
BRDA:32,0,57,0
BRDA:32,0,58,0
BRDA:32,0,59,0
BRDA:32,0,60,0
BRDA:32,0,61,0
BRDA:32,0,62,0
BRDA:32,0,63,0
BRDA:32,0,64,0
BRDA:32,0,65,0
BRDA:32,0,66,0
BRDA:32,0,67,0
BRDA:32,0,68,0
BRDA:32,0,69,0
BRDA:32,0,70,0
BRDA:32,0,71,0
BRDA:32,0,72,0
BRDA:32,0,73,0
BRDA:32,0,74,0
BRDA:32,0,75,0
BRDA:32,0,76,0
BRDA:32,0,77,0
BRDA:32,0,78,0
BRDA:32,0,79,0
BRDA:32,0,80,0
BRDA:32,0,81,0
BRDA:32,0,82,0
BRDA:32,0,83,0
BRDA:32,0,84,0
BRDA:32,0,85,0
BRDA:32,0,86,0
BRDA:32,0,87,0
BRDA:32,0,88,0
BRDA:32,0,89,0
BRDA:32,0,90,0
BRDA:32,0,91,0
BRDA:32,0,92,0
BRDA:32,0,93,0
BRDA:32,0,94,0
BRDA:32,0,95,0
BRDA:32,0,96,0
BRDA:32,0,97,0
BRDA:32,0,98,0
BRDA:32,0,99,0
BRDA:32,0,100,0
BRDA:32,0,101,0
BRDA:32,0,102,0
BRDA:32,0,103,0
BRDA:32,0,104,0
BRDA:32,0,105,0
BRDA:32,0,106,0
BRDA:32,0,107,0
BRDA:32,0,108,0
BRDA:32,0,109,0
BRDA:32,0,110,0
BRDA:32,0,111,0
BRDA:32,0,112,0
BRDA:32,0,113,0
BRDA:32,0,114,0
BRDA:32,0,115,0
BRDA:32,0,116,0
BRDA:32,0,117,0
BRDA:32,0,118,0
BRDA:32,0,119,0
BRDA:32,0,120,0
BRDA:32,0,121,0
BRDA:32,0,122,0
BRDA:32,0,123,0
BRDA:32,0,124,0
BRDA:32,0,125,0
BRDA:32,0,126,0
BRDA:32,0,127,0
DA:33,1
BRDA:33,0,0,1
BRDA:33,0,1,0
DA:34,1
BRDA:34,0,0,0
BRDA:34,0,1,0
BRDA:34,0,2,0
BRDA:34,0,3,0
BRDA:34,0,4,0
BRDA:34,0,5,0
BRDA:34,0,6,0
BRDA:34,0,7,0
BRDA:34,0,8,0
BRDA:34,0,9,0
BRDA:34,0,10,0
BRDA:34,0,11,0
BRDA:34,0,12,0
BRDA:34,0,13,0
BRDA:34,0,14,0
BRDA:34,0,15,0
BRDA:34,0,16,0
BRDA:34,0,17,0
BRDA:34,0,18,0
BRDA:34,0,19,0
BRDA:34,0,20,0
BRDA:34,0,21,0
BRDA:34,0,22,0
BRDA:34,0,23,0
BRDA:34,0,24,0
BRDA:34,0,25,0
BRDA:34,0,26,0
BRDA:34,0,27,0
BRDA:34,0,28,0
BRDA:34,0,29,0
BRDA:34,0,30,0
BRDA:34,0,31,0
BRDA:34,0,32,0
BRDA:34,0,33,0
BRDA:34,0,34,0
BRDA:34,0,35,0
BRDA:34,0,36,0
BRDA:34,0,37,0
BRDA:34,0,38,0
BRDA:34,0,39,0
BRDA:34,0,40,0
BRDA:34,0,41,0
BRDA:34,0,42,0
BRDA:34,0,43,0
BRDA:34,0,44,1
BRDA:34,0,45,1
BRDA:34,0,46,0
BRDA:34,0,47,0
BRDA:34,0,48,0
BRDA:34,0,49,0
BRDA:34,0,50,0
BRDA:34,0,51,0
BRDA:34,0,52,0
BRDA:34,0,53,0
BRDA:34,0,54,0
BRDA:34,0,55,0
BRDA:34,0,56,1
BRDA:34,0,57,0
BRDA:34,0,58,0
BRDA:34,0,59,0
BRDA:34,0,60,0
BRDA:34,0,61,0
BRDA:34,0,62,0
BRDA:34,0,63,0
DA:35,0
BRDA:35,0,0,0
BRDA:35,0,1,0
DA:36,1
BRDA:36,0,0,1
BRDA:36,0,1,0
DA:37,1
BRDA:37,0,0,0
BRDA:37,0,1,0
BRDA:37,0,2,0
BRDA:37,0,3,0
BRDA:37,0,4,0
BRDA:37,0,5,0
BRDA:37,0,6,0
BRDA:37,0,7,0
BRDA:37,0,8,0
BRDA:37,0,9,0
BRDA:37,0,10,0
BRDA:37,0,11,0
BRDA:37,0,12,0
BRDA:37,0,13,0
BRDA:37,0,14,0
BRDA:37,0,15,0
BRDA:37,0,16,0
BRDA:37,0,17,0
BRDA:37,0,18,0
BRDA:37,0,19,0
BRDA:37,0,20,0
BRDA:37,0,21,0
BRDA:37,0,22,0
BRDA:37,0,23,0
BRDA:37,0,24,0
BRDA:37,0,25,0
BRDA:37,0,26,0
BRDA:37,0,27,0
BRDA:37,0,28,0
BRDA:37,0,29,0
BRDA:37,0,30,0
BRDA:37,0,31,0
BRDA:37,0,32,0
BRDA:37,0,33,0
BRDA:37,0,34,0
BRDA:37,0,35,0
BRDA:37,0,36,0
BRDA:37,0,37,0
BRDA:37,0,38,0
BRDA:37,0,39,0
BRDA:37,0,40,0
BRDA:37,0,41,0
BRDA:37,0,42,0
BRDA:37,0,43,0
BRDA:37,0,44,1
BRDA:37,0,45,1
BRDA:37,0,46,0
BRDA:37,0,47,0
BRDA:37,0,48,0
BRDA:37,0,49,0
BRDA:37,0,50,0
BRDA:37,0,51,0
BRDA:37,0,52,0
BRDA:37,0,53,0
BRDA:37,0,54,0
BRDA:37,0,55,0
BRDA:37,0,56,1
BRDA:37,0,57,0
BRDA:37,0,58,0
BRDA:37,0,59,0
BRDA:37,0,60,0
BRDA:37,0,61,0
BRDA:37,0,62,0
BRDA:37,0,63,0
DA:48,2
BRDA:48,0,0,0
BRDA:48,0,1,0
BRDA:48,0,2,1
BRDA:48,0,3,1
BRDA:48,0,4,0
BRDA:48,0,5,0
BRDA:48,0,6,1
BRDA:48,0,7,0
BRDA:48,0,8,0
BRDA:48,0,9,0
BRDA:48,0,10,1
BRDA:48,0,11,0
BRDA:48,0,12,0
BRDA:48,0,13,0
BRDA:48,0,14,0
BRDA:48,0,15,0
BRDA:48,0,16,0
BRDA:48,0,17,0
BRDA:48,0,18,0
BRDA:48,0,19,0
BRDA:48,0,20,0
BRDA:48,0,21,0
BRDA:48,0,22,0
BRDA:48,0,23,0
BRDA:48,0,24,0
BRDA:48,0,25,0
BRDA:48,0,26,0
BRDA:48,0,27,0
BRDA:48,0,28,0
BRDA:48,0,29,0
BRDA:48,0,30,0
BRDA:48,0,31,0
BRDA:48,0,32,0
BRDA:48,0,33,0
BRDA:48,0,34,0
BRDA:48,0,35,0
BRDA:48,0,36,0
BRDA:48,0,37,0
BRDA:48,0,38,0
BRDA:48,0,39,0
BRDA:48,0,40,0
BRDA:48,0,41,0
BRDA:48,0,42,0
BRDA:48,0,43,0
BRDA:48,0,44,0
BRDA:48,0,45,0
BRDA:48,0,46,0
BRDA:48,0,47,0
BRDA:48,0,48,0
BRDA:48,0,49,0
BRDA:48,0,50,0
BRDA:48,0,51,0
BRDA:48,0,52,0
BRDA:48,0,53,0
BRDA:48,0,54,0
BRDA:48,0,55,0
BRDA:48,0,56,0
BRDA:48,0,57,0
BRDA:48,0,58,0
BRDA:48,0,59,0
BRDA:48,0,60,0
BRDA:48,0,61,0
BRDA:48,0,62,1
BRDA:48,0,63,0
BRDA:48,0,64,0
BRDA:48,0,65,0
BRDA:48,0,66,0
BRDA:48,0,67,0
BRDA:48,0,68,2
BRDA:48,0,69,1
BRDA:48,0,70,0
BRDA:48,0,71,0
BRDA:48,0,72,1
BRDA:48,0,73,1
BRDA:48,0,74,0
BRDA:48,0,75,0
BRDA:48,0,76,1
BRDA:48,0,77,0
BRDA:48,0,78,0
BRDA:48,0,79,0
BRDA:48,0,80,1
BRDA:48,0,81,0
BRDA:48,0,82,0
BRDA:48,0,83,0
BRDA:48,0,84,0
BRDA:48,0,85,0
BRDA:48,0,86,0
BRDA:48,0,87,0
BRDA:48,0,88,0
BRDA:48,0,89,0
BRDA:48,0,90,0
BRDA:48,0,91,0
BRDA:48,0,92,0
BRDA:48,0,93,0
BRDA:48,0,94,0
BRDA:48,0,95,0
BRDA:48,0,96,0
BRDA:48,0,97,0
BRDA:48,0,98,0
BRDA:48,0,99,0
BRDA:48,0,100,0
BRDA:48,0,101,0
BRDA:48,0,102,0
BRDA:48,0,103,0
BRDA:48,0,104,0
BRDA:48,0,105,0
BRDA:48,0,106,0
BRDA:48,0,107,0
BRDA:48,0,108,0
BRDA:48,0,109,0
BRDA:48,0,110,0
BRDA:48,0,111,0
BRDA:48,0,112,0
BRDA:48,0,113,0
BRDA:48,0,114,0
BRDA:48,0,115,0
BRDA:48,0,116,0
BRDA:48,0,117,0
BRDA:48,0,118,0
BRDA:48,0,119,0
BRDA:48,0,120,0
BRDA:48,0,121,0
BRDA:48,0,122,0
BRDA:48,0,123,0
BRDA:48,0,124,0
BRDA:48,0,125,0
BRDA:48,0,126,0
BRDA:48,0,127,0
BRDA:48,0,128,0
BRDA:48,0,129,0
BRDA:48,0,130,0
BRDA:48,0,131,0
BRDA:48,0,132,0
BRDA:48,0,133,0
BRDA:48,0,134,1
BRDA:48,0,135,0
BRDA:48,0,136,0
BRDA:48,0,137,0
BRDA:48,0,138,2
BRDA:48,0,139,1
BRDA:48,0,140,0
BRDA:48,0,141,0
BRDA:48,0,142,1
BRDA:48,0,143,1
BRDA:48,0,144,0
BRDA:48,0,145,0
BRDA:48,0,146,1
BRDA:48,0,147,0
BRDA:48,0,148,0
BRDA:48,0,149,0
BRDA:48,0,150,1
BRDA:48,0,151,0
BRDA:48,0,152,0
BRDA:48,0,153,0
BRDA:48,0,154,0
BRDA:48,0,155,0
BRDA:48,0,156,0
BRDA:48,0,157,0
BRDA:48,0,158,0
BRDA:48,0,159,0
BRDA:48,0,160,0
BRDA:48,0,161,0
BRDA:48,0,162,0
BRDA:48,0,163,0
BRDA:48,0,164,0
BRDA:48,0,165,0
BRDA:48,0,166,0
BRDA:48,0,167,0
BRDA:48,0,168,0
BRDA:48,0,169,0
BRDA:48,0,170,0
BRDA:48,0,171,0
BRDA:48,0,172,0
BRDA:48,0,173,0
BRDA:48,0,174,0
BRDA:48,0,175,0
BRDA:48,0,176,0
BRDA:48,0,177,0
BRDA:48,0,178,0
BRDA:48,0,179,0
BRDA:48,0,180,0
BRDA:48,0,181,0
BRDA:48,0,182,0
BRDA:48,0,183,0
BRDA:48,0,184,0
BRDA:48,0,185,0
BRDA:48,0,186,0
BRDA:48,0,187,0
BRDA:48,0,188,0
BRDA:48,0,189,0
BRDA:48,0,190,0
BRDA:48,0,191,0
BRDA:48,0,192,0
BRDA:48,0,193,0
BRDA:48,0,194,0
BRDA:48,0,195,0
BRDA:48,0,196,0
BRDA:48,0,197,0
BRDA:48,0,198,0
BRDA:48,0,199,0
BRDA:48,0,200,0
BRDA:48,0,201,0
BRDA:48,0,202,0
BRDA:48,0,203,0
BRDA:48,0,204,1
BRDA:48,0,205,0
BRDA:48,0,206,0
BRDA:48,0,207,0
BRDA:48,0,208,2
BRDA:48,0,209,1
BRDA:48,0,210,0
BRDA:48,0,211,0
BRDA:48,0,212,1
BRDA:48,0,213,1
BRDA:48,0,214,1
BRDA:48,0,215,0
BRDA:48,0,216,0
BRDA:48,0,217,0
BRDA:48,0,218,0
BRDA:48,0,219,0
BRDA:48,0,220,0
BRDA:48,0,221,0
BRDA:48,0,222,0
BRDA:48,0,223,0
BRDA:48,0,224,0
BRDA:48,0,225,0
BRDA:48,0,226,0
BRDA:48,0,227,0
BRDA:48,0,228,0
BRDA:48,0,229,0
BRDA:48,0,230,0
BRDA:48,0,231,0
BRDA:48,0,232,0
BRDA:48,0,233,0
BRDA:48,0,234,0
BRDA:48,0,235,0
BRDA:48,0,236,0
BRDA:48,0,237,0
BRDA:48,0,238,0
BRDA:48,0,239,0
BRDA:48,0,240,1
BRDA:48,0,241,1
BRDA:48,0,242,0
BRDA:48,0,243,0
BRDA:48,0,244,0
BRDA:48,0,245,0
BRDA:48,0,246,1
BRDA:48,0,247,0
BRDA:48,0,248,0
BRDA:48,0,249,0
BRDA:48,0,250,1
BRDA:48,0,251,1
BRDA:48,0,252,0
BRDA:48,0,253,0
BRDA:48,0,254,1
BRDA:48,0,255,1
BRDA:48,0,256,0
BRDA:48,0,257,0
BRDA:48,0,258,1
BRDA:48,0,259,0
BRDA:48,0,260,0
BRDA:48,0,261,0
BRDA:48,0,262,0
BRDA:48,0,263,0
BRDA:48,0,264,1
BRDA:48,0,265,0
BRDA:48,0,266,0
BRDA:48,0,267,0
BRDA:48,0,268,0
BRDA:48,0,269,0
BRDA:48,0,270,0
BRDA:48,0,271,0
BRDA:48,0,272,0
BRDA:48,0,273,0
BRDA:48,0,274,0
BRDA:48,0,275,0
BRDA:48,0,276,0
BRDA:48,0,277,0
BRDA:48,0,278,0
BRDA:48,0,279,0
BRDA:48,0,280,0
BRDA:48,0,281,0
BRDA:48,0,282,0
BRDA:48,0,283,0
BRDA:48,0,284,0
BRDA:48,0,285,0
BRDA:48,0,286,0
BRDA:48,0,287,0
BRDA:48,0,288,0
BRDA:48,0,289,0
BRDA:48,0,290,0
BRDA:48,0,291,0
BRDA:48,0,292,0
BRDA:48,0,293,0
BRDA:48,0,294,0
BRDA:48,0,295,0
BRDA:48,0,296,0
BRDA:48,0,297,0
BRDA:48,0,298,0
BRDA:48,0,299,0
BRDA:48,0,300,0
BRDA:48,0,301,0
BRDA:48,0,302,0
BRDA:48,0,303,0
BRDA:48,0,304,0
BRDA:48,0,305,0
BRDA:48,0,306,0
BRDA:48,0,307,0
BRDA:48,0,308,0
BRDA:48,0,309,0
BRDA:48,0,310,0
BRDA:48,0,311,0
BRDA:48,0,312,0
BRDA:48,0,313,0
BRDA:48,0,314,0
BRDA:48,0,315,0
BRDA:48,0,316,1
BRDA:48,0,317,0
BRDA:48,0,318,0
BRDA:48,0,319,0
BRDA:48,0,320,2
BRDA:48,0,321,1
BRDA:48,0,322,0
BRDA:48,0,323,0
BRDA:48,0,324,1
BRDA:48,0,325,1
BRDA:48,0,326,0
BRDA:48,0,327,0
BRDA:48,0,328,1
BRDA:48,0,329,0
BRDA:48,0,330,1
BRDA:48,0,331,0
BRDA:48,0,332,0
BRDA:48,0,333,0
BRDA:48,0,334,1
BRDA:48,0,335,0
BRDA:48,0,336,0
BRDA:48,0,337,0
BRDA:48,0,338,0
BRDA:48,0,339,0
BRDA:48,0,340,0
BRDA:48,0,341,0
BRDA:48,0,342,0
BRDA:48,0,343,0
BRDA:48,0,344,0
BRDA:48,0,345,0
BRDA:48,0,346,0
BRDA:48,0,347,0
BRDA:48,0,348,0
BRDA:48,0,349,0
BRDA:48,0,350,0
BRDA:48,0,351,0
BRDA:48,0,352,0
BRDA:48,0,353,0
BRDA:48,0,354,0
BRDA:48,0,355,0
BRDA:48,0,356,0
BRDA:48,0,357,0
BRDA:48,0,358,0
BRDA:48,0,359,0
BRDA:48,0,360,0
BRDA:48,0,361,0
BRDA:48,0,362,0
BRDA:48,0,363,0
BRDA:48,0,364,0
BRDA:48,0,365,0
BRDA:48,0,366,0
BRDA:48,0,367,0
BRDA:48,0,368,0
BRDA:48,0,369,0
BRDA:48,0,370,0
BRDA:48,0,371,0
BRDA:48,0,372,0
BRDA:48,0,373,0
BRDA:48,0,374,0
BRDA:48,0,375,0
BRDA:48,0,376,0
BRDA:48,0,377,0
BRDA:48,0,378,0
BRDA:48,0,379,0
BRDA:48,0,380,0
BRDA:48,0,381,0
BRDA:48,0,382,0
BRDA:48,0,383,0
BRDA:48,0,384,0
BRDA:48,0,385,0
BRDA:48,0,386,1
BRDA:48,0,387,0
BRDA:48,0,388,0
BRDA:48,0,389,0
BRDA:48,0,390,2
BRDA:48,0,391,1
BRDA:48,0,392,0
BRDA:48,0,393,0
BRDA:48,0,394,0
BRDA:48,0,395,0
DA:52,15
DA:53,9
BRDA:53,0,0,9
BRDA:53,0,1,6
DA:54,6
DA:56,8
DA:57,6
BRDA:57,0,0,6
BRDA:57,0,1,2
BRDA:57,0,2,6
BRDA:57,0,3,2
DA:58,6
DA:59,5
BRDA:59,0,0,5
BRDA:59,0,1,1
BRDA:59,0,2,5
BRDA:59,0,3,1
DA:60,1
DA:65,26
DA:66,25
BRDA:66,0,0,1
BRDA:66,0,1,25
BRDA:66,0,2,1
BRDA:66,0,3,25
DA:67,1
DA:68,1
DA:69,25
DA:70,25
DA:71,19
BRDA:71,0,0,11
BRDA:71,0,1,14
BRDA:71,0,2,6
BRDA:71,0,3,6
BRDA:71,0,4,19
DA:72,25
DA:75,167
BRDA:75,0,0,101
BRDA:75,0,1,66
BRDA:75,0,2,167
BRDA:75,0,3,66
BRDA:75,0,4,101
BRF:2650
BRH:12
end_of_record
SF:../../handoff/rtl/command_validator.v
DA:2,26
BRDA:2,0,0,26
BRDA:2,0,1,25
DA:3,1
BRDA:3,0,0,1
BRDA:3,0,1,0
DA:4,1
BRDA:4,0,0,1
BRDA:4,0,1,1
DA:5,1
BRDA:5,0,0,1
BRDA:5,0,1,0
DA:6,0
BRDA:6,0,0,0
BRDA:6,0,1,0
BRDA:6,0,2,0
BRDA:6,0,3,0
BRDA:6,0,4,0
BRDA:6,0,5,0
BRDA:6,0,6,0
BRDA:6,0,7,0
BRDA:6,0,8,0
BRDA:6,0,9,0
BRDA:6,0,10,0
BRDA:6,0,11,0
BRDA:6,0,12,0
BRDA:6,0,13,0
BRDA:6,0,14,0
BRDA:6,0,15,0
DA:7,0
BRDA:7,0,0,0
BRDA:7,0,1,0
BRDA:7,0,2,0
BRDA:7,0,3,0
BRDA:7,0,4,0
BRDA:7,0,5,0
BRDA:7,0,6,0
BRDA:7,0,7,0
BRDA:7,0,8,0
BRDA:7,0,9,0
BRDA:7,0,10,0
BRDA:7,0,11,0
BRDA:7,0,12,0
BRDA:7,0,13,0
BRDA:7,0,14,0
BRDA:7,0,15,0
DA:8,0
BRDA:8,0,0,0
BRDA:8,0,1,0
BRDA:8,0,2,0
BRDA:8,0,3,0
BRDA:8,0,4,0
BRDA:8,0,5,0
BRDA:8,0,6,0
BRDA:8,0,7,0
BRDA:8,0,8,0
BRDA:8,0,9,0
BRDA:8,0,10,0
BRDA:8,0,11,0
BRDA:8,0,12,0
BRDA:8,0,13,0
BRDA:8,0,14,0
BRDA:8,0,15,0
BRDA:8,0,16,0
BRDA:8,0,17,0
BRDA:8,0,18,0
BRDA:8,0,19,0
BRDA:8,0,20,0
BRDA:8,0,21,0
BRDA:8,0,22,0
BRDA:8,0,23,0
BRDA:8,0,24,0
BRDA:8,0,25,0
BRDA:8,0,26,0
BRDA:8,0,27,0
BRDA:8,0,28,0
BRDA:8,0,29,0
BRDA:8,0,30,0
BRDA:8,0,31,0
DA:9,0
BRDA:9,0,0,0
BRDA:9,0,1,0
BRDA:9,0,2,0
BRDA:9,0,3,0
BRDA:9,0,4,0
BRDA:9,0,5,0
BRDA:9,0,6,0
BRDA:9,0,7,0
DA:10,0
BRDA:10,0,0,0
BRDA:10,0,1,0
BRDA:10,0,2,0
BRDA:10,0,3,0
BRDA:10,0,4,0
BRDA:10,0,5,0
BRDA:10,0,6,0
BRDA:10,0,7,0
BRDA:10,0,8,0
BRDA:10,0,9,0
BRDA:10,0,10,0
BRDA:10,0,11,0
BRDA:10,0,12,0
BRDA:10,0,13,0
BRDA:10,0,14,0
BRDA:10,0,15,0
DA:11,1
BRDA:11,0,0,1
BRDA:11,0,1,1
DA:12,1
BRDA:12,0,0,0
BRDA:12,0,1,0
BRDA:12,0,2,0
BRDA:12,0,3,0
BRDA:12,0,4,0
BRDA:12,0,5,0
BRDA:12,0,6,1
BRDA:12,0,7,0
BRDA:12,0,8,0
BRDA:12,0,9,0
BRDA:12,0,10,0
BRDA:12,0,11,0
BRDA:12,0,12,0
BRDA:12,0,13,0
BRDA:12,0,14,0
BRDA:12,0,15,0
DA:13,0
BRDA:13,0,0,0
BRDA:13,0,1,0
BRDA:13,0,2,0
BRDA:13,0,3,0
BRDA:13,0,4,0
BRDA:13,0,5,0
BRDA:13,0,6,0
BRDA:13,0,7,0
BRDA:13,0,8,0
BRDA:13,0,9,0
BRDA:13,0,10,0
BRDA:13,0,11,0
BRDA:13,0,12,0
BRDA:13,0,13,0
BRDA:13,0,14,0
BRDA:13,0,15,0
DA:14,0
BRDA:14,0,0,0
BRDA:14,0,1,0
DA:15,1
BRDA:15,0,0,1
BRDA:15,0,1,1
DA:16,0
BRDA:16,0,0,0
BRDA:16,0,1,0
DA:17,1
BRDA:17,0,0,1
BRDA:17,0,1,0
DA:18,0
BRDA:18,0,0,0
BRDA:18,0,1,0
BRDA:18,0,2,0
BRDA:18,0,3,0
BRDA:18,0,4,0
BRDA:18,0,5,0
BRDA:18,0,6,0
BRDA:18,0,7,0
BRDA:18,0,8,0
BRDA:18,0,9,0
BRDA:18,0,10,0
BRDA:18,0,11,0
BRDA:18,0,12,0
BRDA:18,0,13,0
BRDA:18,0,14,0
BRDA:18,0,15,0
BRDA:18,0,16,0
BRDA:18,0,17,0
BRDA:18,0,18,0
BRDA:18,0,19,0
BRDA:18,0,20,0
BRDA:18,0,21,0
BRDA:18,0,22,0
BRDA:18,0,23,0
BRDA:18,0,24,0
BRDA:18,0,25,0
BRDA:18,0,26,0
BRDA:18,0,27,0
BRDA:18,0,28,0
BRDA:18,0,29,0
BRDA:18,0,30,0
BRDA:18,0,31,0
DA:19,0
BRDA:19,0,0,0
BRDA:19,0,1,0
BRDA:19,0,2,0
BRDA:19,0,3,0
BRDA:19,0,4,0
BRDA:19,0,5,0
BRDA:19,0,6,0
BRDA:19,0,7,0
DA:20,0
BRDA:20,0,0,0
BRDA:20,0,1,0
BRDA:20,0,2,0
BRDA:20,0,3,0
BRDA:20,0,4,0
BRDA:20,0,5,0
BRDA:20,0,6,0
BRDA:20,0,7,0
BRDA:20,0,8,0
BRDA:20,0,9,0
BRDA:20,0,10,0
BRDA:20,0,11,0
BRDA:20,0,12,0
BRDA:20,0,13,0
BRDA:20,0,14,0
BRDA:20,0,15,0
DA:21,0
BRDA:21,0,0,0
BRDA:21,0,1,0
BRDA:21,0,2,0
BRDA:21,0,3,0
BRDA:21,0,4,0
BRDA:21,0,5,0
BRDA:21,0,6,0
BRDA:21,0,7,0
BRDA:21,0,8,0
BRDA:21,0,9,0
BRDA:21,0,10,0
BRDA:21,0,11,0
BRDA:21,0,12,0
BRDA:21,0,13,0
BRDA:21,0,14,0
BRDA:21,0,15,0
DA:22,0
BRDA:22,0,0,0
BRDA:22,0,1,0
BRDA:22,0,2,0
BRDA:22,0,3,0
BRDA:22,0,4,0
BRDA:22,0,5,0
BRDA:22,0,6,0
BRDA:22,0,7,0
BRDA:22,0,8,0
BRDA:22,0,9,0
BRDA:22,0,10,0
BRDA:22,0,11,0
BRDA:22,0,12,0
BRDA:22,0,13,0
BRDA:22,0,14,0
BRDA:22,0,15,0
DA:25,0
BRDA:25,0,0,0
BRDA:25,0,1,0
BRDA:25,0,2,0
BRDA:25,0,3,0
BRDA:25,0,4,0
BRDA:25,0,5,0
BRDA:25,0,6,0
BRDA:25,0,7,0
BRDA:25,0,8,0
BRDA:25,0,9,0
BRDA:25,0,10,0
BRDA:25,0,11,0
BRDA:25,0,12,0
BRDA:25,0,13,0
BRDA:25,0,14,0
BRDA:25,0,15,0
DA:27,26
DA:28,25
BRDA:28,0,0,1
BRDA:28,0,1,25
BRDA:28,0,2,1
BRDA:28,0,3,25
DA:29,1
DA:30,1
DA:31,1
DA:32,1
DA:33,1
DA:34,1
DA:35,1
DA:36,1
DA:37,1
DA:38,1
DA:39,1
DA:40,25
DA:41,25
DA:42,25
DA:43,25
DA:44,25
DA:45,24
BRDA:45,0,0,24
BRDA:45,0,1,1
DA:46,1
DA:47,1
BRDA:47,0,0,0
BRDA:47,0,1,0
BRDA:47,0,2,1
BRDA:47,0,3,0
DA:48,0
DA:49,1
DA:50,1
DA:51,0
BRDA:51,0,0,0
BRDA:51,0,1,0
BRDA:51,0,2,0
BRDA:51,0,3,0
BRDA:51,0,4,0
DA:52,0
DA:53,0
DA:54,0
DA:55,0
DA:56,0
DA:57,0
DA:58,0
DA:59,0
DA:60,0
DA:63,21
BRDA:63,0,0,21
BRDA:63,0,1,4
DA:64,4
BRF:259
BRH:6
end_of_record
SF:../../handoff/rtl/control_register_bank.v
DA:2,26
BRDA:2,0,0,26
BRDA:2,0,1,25
DA:3,1
BRDA:3,0,0,1
BRDA:3,0,1,0
DA:4,0
BRDA:4,0,0,0
BRDA:4,0,1,0
DA:5,0
BRDA:5,0,0,0
BRDA:5,0,1,0
DA:6,0
BRDA:6,0,0,0
BRDA:6,0,1,0
BRDA:6,0,2,0
BRDA:6,0,3,0
BRDA:6,0,4,0
BRDA:6,0,5,0
BRDA:6,0,6,0
BRDA:6,0,7,0
DA:7,0
BRDA:7,0,0,0
BRDA:7,0,1,0
BRDA:7,0,2,0
BRDA:7,0,3,0
BRDA:7,0,4,0
BRDA:7,0,5,0
BRDA:7,0,6,0
BRDA:7,0,7,0
BRDA:7,0,8,0
BRDA:7,0,9,0
BRDA:7,0,10,0
BRDA:7,0,11,0
BRDA:7,0,12,0
BRDA:7,0,13,0
BRDA:7,0,14,0
BRDA:7,0,15,0
BRDA:7,0,16,0
BRDA:7,0,17,0
BRDA:7,0,18,0
BRDA:7,0,19,0
BRDA:7,0,20,0
BRDA:7,0,21,0
BRDA:7,0,22,0
BRDA:7,0,23,0
BRDA:7,0,24,0
BRDA:7,0,25,0
BRDA:7,0,26,0
BRDA:7,0,27,0
BRDA:7,0,28,0
BRDA:7,0,29,0
BRDA:7,0,30,0
BRDA:7,0,31,0
BRDA:7,0,32,0
BRDA:7,0,33,0
BRDA:7,0,34,0
BRDA:7,0,35,0
BRDA:7,0,36,0
BRDA:7,0,37,0
BRDA:7,0,38,0
BRDA:7,0,39,0
BRDA:7,0,40,0
BRDA:7,0,41,0
BRDA:7,0,42,0
BRDA:7,0,43,0
BRDA:7,0,44,0
BRDA:7,0,45,0
BRDA:7,0,46,0
BRDA:7,0,47,0
BRDA:7,0,48,0
BRDA:7,0,49,0
BRDA:7,0,50,0
BRDA:7,0,51,0
BRDA:7,0,52,0
BRDA:7,0,53,0
BRDA:7,0,54,0
BRDA:7,0,55,0
BRDA:7,0,56,0
BRDA:7,0,57,0
BRDA:7,0,58,0
BRDA:7,0,59,0
BRDA:7,0,60,0
BRDA:7,0,61,0
BRDA:7,0,62,0
BRDA:7,0,63,0
DA:8,1
BRDA:8,0,0,0
BRDA:8,0,1,0
BRDA:8,0,2,0
BRDA:8,0,3,0
BRDA:8,0,4,0
BRDA:8,0,5,0
BRDA:8,0,6,0
BRDA:8,0,7,0
BRDA:8,0,8,0
BRDA:8,0,9,0
BRDA:8,0,10,0
BRDA:8,0,11,0
BRDA:8,0,12,0
BRDA:8,0,13,0
BRDA:8,0,14,0
BRDA:8,0,15,0
BRDA:8,0,16,0
BRDA:8,0,17,0
BRDA:8,0,18,0
BRDA:8,0,19,0
BRDA:8,0,20,0
BRDA:8,0,21,0
BRDA:8,0,22,0
BRDA:8,0,23,0
BRDA:8,0,24,0
BRDA:8,0,25,0
BRDA:8,0,26,0
BRDA:8,0,27,0
BRDA:8,0,28,0
BRDA:8,0,29,0
BRDA:8,0,30,0
BRDA:8,0,31,0
BRDA:8,0,32,0
BRDA:8,0,33,0
BRDA:8,0,34,0
BRDA:8,0,35,0
BRDA:8,0,36,0
BRDA:8,0,37,0
BRDA:8,0,38,0
BRDA:8,0,39,0
BRDA:8,0,40,0
BRDA:8,0,41,0
BRDA:8,0,42,0
BRDA:8,0,43,0
BRDA:8,0,44,1
BRDA:8,0,45,1
BRDA:8,0,46,0
BRDA:8,0,47,0
BRDA:8,0,48,0
BRDA:8,0,49,0
BRDA:8,0,50,0
BRDA:8,0,51,0
BRDA:8,0,52,0
BRDA:8,0,53,0
BRDA:8,0,54,0
BRDA:8,0,55,0
BRDA:8,0,56,1
BRDA:8,0,57,0
BRDA:8,0,58,0
BRDA:8,0,59,0
BRDA:8,0,60,0
BRDA:8,0,61,0
BRDA:8,0,62,0
BRDA:8,0,63,0
DA:9,0
BRDA:9,0,0,0
BRDA:9,0,1,0
DA:10,0
BRDA:10,0,0,0
BRDA:10,0,1,0
DA:11,1
BRDA:11,0,0,0
BRDA:11,0,1,0
BRDA:11,0,2,0
BRDA:11,0,3,0
BRDA:11,0,4,0
BRDA:11,0,5,0
BRDA:11,0,6,0
BRDA:11,0,7,0
BRDA:11,0,8,0
BRDA:11,0,9,0
BRDA:11,0,10,0
BRDA:11,0,11,0
BRDA:11,0,12,0
BRDA:11,0,13,0
BRDA:11,0,14,0
BRDA:11,0,15,0
BRDA:11,0,16,0
BRDA:11,0,17,0
BRDA:11,0,18,0
BRDA:11,0,19,0
BRDA:11,0,20,0
BRDA:11,0,21,0
BRDA:11,0,22,0
BRDA:11,0,23,0
BRDA:11,0,24,1
BRDA:11,0,25,0
BRDA:11,0,26,0
BRDA:11,0,27,0
BRDA:11,0,28,0
BRDA:11,0,29,0
BRDA:11,0,30,0
BRDA:11,0,31,0
DA:12,1
BRDA:12,0,0,0
BRDA:12,0,1,0
BRDA:12,0,2,0
BRDA:12,0,3,0
BRDA:12,0,4,0
BRDA:12,0,5,0
BRDA:12,0,6,1
BRDA:12,0,7,0
BRDA:12,0,8,0
BRDA:12,0,9,0
BRDA:12,0,10,0
BRDA:12,0,11,0
BRDA:12,0,12,0
BRDA:12,0,13,0
BRDA:12,0,14,0
BRDA:12,0,15,0
DA:13,0
BRDA:13,0,0,0
BRDA:13,0,1,0
BRDA:13,0,2,0
BRDA:13,0,3,0
BRDA:13,0,4,0
BRDA:13,0,5,0
BRDA:13,0,6,0
BRDA:13,0,7,0
BRDA:13,0,8,0
BRDA:13,0,9,0
BRDA:13,0,10,0
BRDA:13,0,11,0
BRDA:13,0,12,0
BRDA:13,0,13,0
BRDA:13,0,14,0
BRDA:13,0,15,0
BRDA:13,0,16,0
BRDA:13,0,17,0
BRDA:13,0,18,0
BRDA:13,0,19,0
BRDA:13,0,20,0
BRDA:13,0,21,0
BRDA:13,0,22,0
BRDA:13,0,23,0
BRDA:13,0,24,0
BRDA:13,0,25,0
BRDA:13,0,26,0
BRDA:13,0,27,0
BRDA:13,0,28,0
BRDA:13,0,29,0
BRDA:13,0,30,0
BRDA:13,0,31,0
DA:14,1
BRDA:14,0,0,1
BRDA:14,0,1,0
BRDA:14,0,2,0
BRDA:14,0,3,0
BRDA:14,0,4,0
BRDA:14,0,5,0
BRDA:14,0,6,0
BRDA:14,0,7,0
BRDA:14,0,8,0
BRDA:14,0,9,0
BRDA:14,0,10,0
BRDA:14,0,11,0
BRDA:14,0,12,0
BRDA:14,0,13,0
BRDA:14,0,14,1
BRDA:14,0,15,0
BRDA:14,0,16,1
BRDA:14,0,17,0
BRDA:14,0,18,1
BRDA:14,0,19,0
BRDA:14,0,20,1
BRDA:14,0,21,0
BRDA:14,0,22,1
BRDA:14,0,23,0
BRDA:14,0,24,1
BRDA:14,0,25,0
BRDA:14,0,26,1
BRDA:14,0,27,0
BRDA:14,0,28,0
BRDA:14,0,29,0
BRDA:14,0,30,0
BRDA:14,0,31,0
DA:15,0
BRDA:15,0,0,0
BRDA:15,0,1,0
BRDA:15,0,2,0
BRDA:15,0,3,0
BRDA:15,0,4,0
BRDA:15,0,5,0
BRDA:15,0,6,0
BRDA:15,0,7,0
BRDA:15,0,8,0
BRDA:15,0,9,0
BRDA:15,0,10,0
BRDA:15,0,11,0
BRDA:15,0,12,0
BRDA:15,0,13,0
BRDA:15,0,14,0
BRDA:15,0,15,0
BRDA:15,0,16,0
BRDA:15,0,17,0
BRDA:15,0,18,0
BRDA:15,0,19,0
BRDA:15,0,20,0
BRDA:15,0,21,0
BRDA:15,0,22,0
BRDA:15,0,23,0
BRDA:15,0,24,0
BRDA:15,0,25,0
BRDA:15,0,26,0
BRDA:15,0,27,0
BRDA:15,0,28,0
BRDA:15,0,29,0
BRDA:15,0,30,0
BRDA:15,0,31,0
DA:16,0
BRDA:16,0,0,0
BRDA:16,0,1,0
DA:17,0
BRDA:17,0,0,0
BRDA:17,0,1,0
BRDA:17,0,2,0
BRDA:17,0,3,0
BRDA:17,0,4,0
BRDA:17,0,5,0
BRDA:17,0,6,0
BRDA:17,0,7,0
BRDA:17,0,8,0
BRDA:17,0,9,0
BRDA:17,0,10,0
BRDA:17,0,11,0
BRDA:17,0,12,0
BRDA:17,0,13,0
BRDA:17,0,14,0
BRDA:17,0,15,0
DA:18,0
BRDA:18,0,0,0
BRDA:18,0,1,0
DA:19,1
BRDA:19,0,0,0
BRDA:19,0,1,0
BRDA:19,0,2,0
BRDA:19,0,3,0
BRDA:19,0,4,0
BRDA:19,0,5,0
BRDA:19,0,6,0
BRDA:19,0,7,0
BRDA:19,0,8,0
BRDA:19,0,9,0
BRDA:19,0,10,0
BRDA:19,0,11,0
BRDA:19,0,12,0
BRDA:19,0,13,0
BRDA:19,0,14,0
BRDA:19,0,15,0
BRDA:19,0,16,0
BRDA:19,0,17,0
BRDA:19,0,18,0
BRDA:19,0,19,0
BRDA:19,0,20,0
BRDA:19,0,21,0
BRDA:19,0,22,0
BRDA:19,0,23,0
BRDA:19,0,24,0
BRDA:19,0,25,0
BRDA:19,0,26,0
BRDA:19,0,27,0
BRDA:19,0,28,0
BRDA:19,0,29,0
BRDA:19,0,30,0
BRDA:19,0,31,0
BRDA:19,0,32,0
BRDA:19,0,33,0
BRDA:19,0,34,0
BRDA:19,0,35,0
BRDA:19,0,36,0
BRDA:19,0,37,0
BRDA:19,0,38,0
BRDA:19,0,39,0
BRDA:19,0,40,0
BRDA:19,0,41,0
BRDA:19,0,42,0
BRDA:19,0,43,0
BRDA:19,0,44,1
BRDA:19,0,45,1
BRDA:19,0,46,0
BRDA:19,0,47,0
BRDA:19,0,48,0
BRDA:19,0,49,0
BRDA:19,0,50,0
BRDA:19,0,51,0
BRDA:19,0,52,0
BRDA:19,0,53,0
BRDA:19,0,54,0
BRDA:19,0,55,0
BRDA:19,0,56,1
BRDA:19,0,57,0
BRDA:19,0,58,0
BRDA:19,0,59,0
BRDA:19,0,60,0
BRDA:19,0,61,0
BRDA:19,0,62,0
BRDA:19,0,63,0
DA:22,1
BRDA:22,0,0,0
BRDA:22,0,1,0
BRDA:22,0,2,0
BRDA:22,0,3,0
BRDA:22,0,4,0
BRDA:22,0,5,0
BRDA:22,0,6,0
BRDA:22,0,7,0
BRDA:22,0,8,0
BRDA:22,0,9,0
BRDA:22,0,10,0
BRDA:22,0,11,0
BRDA:22,0,12,0
BRDA:22,0,13,0
BRDA:22,0,14,0
BRDA:22,0,15,0
BRDA:22,0,16,0
BRDA:22,0,17,0
BRDA:22,0,18,0
BRDA:22,0,19,0
BRDA:22,0,20,0
BRDA:22,0,21,0
BRDA:22,0,22,0
BRDA:22,0,23,0
BRDA:22,0,24,0
BRDA:22,0,25,0
BRDA:22,0,26,0
BRDA:22,0,27,0
BRDA:22,0,28,0
BRDA:22,0,29,0
BRDA:22,0,30,0
BRDA:22,0,31,0
BRDA:22,0,32,0
BRDA:22,0,33,0
BRDA:22,0,34,0
BRDA:22,0,35,0
BRDA:22,0,36,0
BRDA:22,0,37,0
BRDA:22,0,38,0
BRDA:22,0,39,0
BRDA:22,0,40,0
BRDA:22,0,41,0
BRDA:22,0,42,0
BRDA:22,0,43,0
BRDA:22,0,44,1
BRDA:22,0,45,1
BRDA:22,0,46,0
BRDA:22,0,47,0
BRDA:22,0,48,0
BRDA:22,0,49,0
BRDA:22,0,50,0
BRDA:22,0,51,0
BRDA:22,0,52,0
BRDA:22,0,53,0
BRDA:22,0,54,0
BRDA:22,0,55,0
BRDA:22,0,56,1
BRDA:22,0,57,0
BRDA:22,0,58,0
BRDA:22,0,59,0
BRDA:22,0,60,0
BRDA:22,0,61,0
BRDA:22,0,62,0
BRDA:22,0,63,0
DA:23,0
BRDA:23,0,0,0
BRDA:23,0,1,0
DA:28,26
DA:29,25
BRDA:29,0,0,1
BRDA:29,0,1,25
BRDA:29,0,2,1
BRDA:29,0,3,25
DA:30,1
DA:31,1
DA:32,1
DA:33,1
DA:34,1
DA:35,1
DA:36,1
DA:37,1
DA:38,1
DA:39,1
DA:40,1
DA:41,25
DA:42,25
DA:43,25
DA:44,25
BRDA:44,0,0,25
BRDA:44,0,1,25
BRDA:44,0,2,0
BRDA:44,0,3,25
BRDA:44,0,4,0
DA:45,0
DA:46,0
DA:47,0
DA:48,0
DA:49,0
DA:51,0
DA:52,0
DA:53,0
DA:55,0
DA:56,0
DA:58,0
DA:59,0
DA:61,0
DA:62,0
DA:64,0
DA:65,0
DA:67,0
DA:71,25
DA:72,25
DA:73,0
DA:74,0
DA:75,0
DA:76,0
DA:77,0
DA:78,0
DA:79,0
DA:80,0
BRF:451
BRH:7
end_of_record
SF:../../handoff/rtl/fallback_fsm.v
DA:2,26
BRDA:2,0,0,26
BRDA:2,0,1,25
DA:3,1
BRDA:3,0,0,1
BRDA:3,0,1,0
DA:4,0
BRDA:4,0,0,0
BRDA:4,0,1,0
DA:5,0
BRDA:5,0,0,0
BRDA:5,0,1,0
DA:6,1
BRDA:6,0,0,1
BRDA:6,0,1,1
DA:7,0
BRDA:7,0,0,0
BRDA:7,0,1,0
DA:8,1
BRDA:8,0,0,1
BRDA:8,0,1,0
DA:9,0
BRDA:9,0,0,0
BRDA:9,0,1,0
DA:10,0
BRDA:10,0,0,0
BRDA:10,0,1,0
DA:11,0
BRDA:11,0,0,0
BRDA:11,0,1,0
DA:12,0
BRDA:12,0,0,0
BRDA:12,0,1,0
BRDA:12,0,2,0
BRDA:12,0,3,0
BRDA:12,0,4,0
BRDA:12,0,5,0
BRDA:12,0,6,0
BRDA:12,0,7,0
BRDA:12,0,8,0
BRDA:12,0,9,0
BRDA:12,0,10,0
BRDA:12,0,11,0
BRDA:12,0,12,0
BRDA:12,0,13,0
BRDA:12,0,14,0
BRDA:12,0,15,0
DA:13,0
BRDA:13,0,0,0
BRDA:13,0,1,0
BRDA:13,0,2,0
BRDA:13,0,3,0
BRDA:13,0,4,0
BRDA:13,0,5,0
BRDA:13,0,6,0
BRDA:13,0,7,0
BRDA:13,0,8,0
BRDA:13,0,9,0
BRDA:13,0,10,0
BRDA:13,0,11,0
BRDA:13,0,12,0
BRDA:13,0,13,0
BRDA:13,0,14,0
BRDA:13,0,15,0
BRDA:13,0,16,0
BRDA:13,0,17,0
BRDA:13,0,18,0
BRDA:13,0,19,0
BRDA:13,0,20,0
BRDA:13,0,21,0
BRDA:13,0,22,0
BRDA:13,0,23,0
BRDA:13,0,24,0
BRDA:13,0,25,0
BRDA:13,0,26,0
BRDA:13,0,27,0
BRDA:13,0,28,0
BRDA:13,0,29,0
BRDA:13,0,30,0
BRDA:13,0,31,0
DA:14,0
BRDA:14,0,0,0
BRDA:14,0,1,0
BRDA:14,0,2,0
BRDA:14,0,3,0
BRDA:14,0,4,0
BRDA:14,0,5,0
BRDA:14,0,6,0
BRDA:14,0,7,0
DA:15,0
BRDA:15,0,0,0
BRDA:15,0,1,0
BRDA:15,0,2,0
BRDA:15,0,3,0
BRDA:15,0,4,0
BRDA:15,0,5,0
BRDA:15,0,6,0
BRDA:15,0,7,0
BRDA:15,0,8,0
BRDA:15,0,9,0
BRDA:15,0,10,0
BRDA:15,0,11,0
BRDA:15,0,12,0
BRDA:15,0,13,0
BRDA:15,0,14,0
BRDA:15,0,15,0
BRDA:15,0,16,0
BRDA:15,0,17,0
BRDA:15,0,18,0
BRDA:15,0,19,0
BRDA:15,0,20,0
BRDA:15,0,21,0
BRDA:15,0,22,0
BRDA:15,0,23,0
BRDA:15,0,24,0
BRDA:15,0,25,0
BRDA:15,0,26,0
BRDA:15,0,27,0
BRDA:15,0,28,0
BRDA:15,0,29,0
BRDA:15,0,30,0
BRDA:15,0,31,0
DA:16,0
BRDA:16,0,0,0
BRDA:16,0,1,0
DA:17,0
BRDA:17,0,0,0
BRDA:17,0,1,0
DA:18,1
BRDA:18,0,0,0
BRDA:18,0,1,0
BRDA:18,0,2,1
BRDA:18,0,3,0
DA:19,0
BRDA:19,0,0,0
BRDA:19,0,1,0
BRDA:19,0,2,0
BRDA:19,0,3,0
BRDA:19,0,4,0
BRDA:19,0,5,0
BRDA:19,0,6,0
BRDA:19,0,7,0
BRDA:19,0,8,0
BRDA:19,0,9,0
BRDA:19,0,10,0
BRDA:19,0,11,0
BRDA:19,0,12,0
BRDA:19,0,13,0
BRDA:19,0,14,0
BRDA:19,0,15,0
BRDA:19,0,16,0
BRDA:19,0,17,0
BRDA:19,0,18,0
BRDA:19,0,19,0
BRDA:19,0,20,0
BRDA:19,0,21,0
BRDA:19,0,22,0
BRDA:19,0,23,0
BRDA:19,0,24,0
BRDA:19,0,25,0
BRDA:19,0,26,0
BRDA:19,0,27,0
BRDA:19,0,28,0
BRDA:19,0,29,0
BRDA:19,0,30,0
BRDA:19,0,31,0
DA:20,0
BRDA:20,0,0,0
BRDA:20,0,1,0
BRDA:20,0,2,0
BRDA:20,0,3,0
BRDA:20,0,4,0
BRDA:20,0,5,0
BRDA:20,0,6,0
BRDA:20,0,7,0
DA:21,1
BRDA:21,0,0,0
BRDA:21,0,1,0
BRDA:21,0,2,1
BRDA:21,0,3,1
BRDA:21,0,4,1
BRDA:21,0,5,0
BRDA:21,0,6,0
BRDA:21,0,7,0
BRDA:21,0,8,0
BRDA:21,0,9,0
BRDA:21,0,10,0
BRDA:21,0,11,0
BRDA:21,0,12,1
BRDA:21,0,13,0
BRDA:21,0,14,0
BRDA:21,0,15,0
DA:22,1
BRDA:22,0,0,1
BRDA:22,0,1,0
DA:29,26
DA:30,25
BRDA:30,0,0,1
BRDA:30,0,1,25
BRDA:30,0,2,1
BRDA:30,0,3,25
DA:31,1
DA:32,1
DA:33,1
DA:34,1
DA:35,1
DA:36,25
DA:37,25
DA:38,25
BRDA:38,0,0,0
BRDA:38,0,1,25
BRDA:38,0,2,0
BRDA:38,0,3,3
BRDA:38,0,4,1
BRDA:38,0,5,0
BRDA:38,0,6,25
DA:39,25
DA:40,25
DA:41,25
DA:42,25
DA:43,0
BRDA:43,0,0,0
BRDA:43,0,1,0
BRDA:43,0,2,0
BRDA:43,0,3,0
DA:44,0
DA:45,0
DA:46,0
DA:47,0
DA:48,0
BRDA:48,0,0,0
BRDA:48,0,1,0
BRDA:48,0,2,0
BRDA:48,0,3,0
BRDA:48,0,4,0
DA:49,0
DA:50,0
DA:51,0
DA:52,0
DA:53,0
DA:54,0
DA:55,0
DA:56,0
DA:57,0
DA:59,25
DA:60,25
DA:61,25
DA:62,25
DA:63,25
DA:64,25
DA:65,25
DA:66,25
BRF:194
BRH:6
end_of_record
SF:../../handoff/rtl/status_telemetry.v
DA:2,26
BRDA:2,0,0,26
BRDA:2,0,1,25
DA:3,1
BRDA:3,0,0,1
BRDA:3,0,1,0
DA:4,0
BRDA:4,0,0,0
BRDA:4,0,1,0
DA:5,0
BRDA:5,0,0,0
BRDA:5,0,1,0
DA:6,1
BRDA:6,0,0,1
BRDA:6,0,1,1
DA:7,0
BRDA:7,0,0,0
BRDA:7,0,1,0
DA:8,0
BRDA:8,0,0,0
BRDA:8,0,1,0
DA:9,0
BRDA:9,0,0,0
BRDA:9,0,1,0
DA:10,1
BRDA:10,0,0,1
BRDA:10,0,1,0
DA:11,0
BRDA:11,0,0,0
BRDA:11,0,1,0
BRDA:11,0,2,0
BRDA:11,0,3,0
BRDA:11,0,4,0
BRDA:11,0,5,0
BRDA:11,0,6,0
BRDA:11,0,7,0
BRDA:11,0,8,0
BRDA:11,0,9,0
BRDA:11,0,10,0
BRDA:11,0,11,0
BRDA:11,0,12,0
BRDA:11,0,13,0
BRDA:11,0,14,0
BRDA:11,0,15,0
DA:12,1
BRDA:12,0,0,0
BRDA:12,0,1,0
BRDA:12,0,2,0
BRDA:12,0,3,0
BRDA:12,0,4,0
BRDA:12,0,5,0
BRDA:12,0,6,0
BRDA:12,0,7,0
BRDA:12,0,8,0
BRDA:12,0,9,0
BRDA:12,0,10,0
BRDA:12,0,11,0
BRDA:12,0,12,0
BRDA:12,0,13,0
BRDA:12,0,14,0
BRDA:12,0,15,0
BRDA:12,0,16,0
BRDA:12,0,17,0
BRDA:12,0,18,0
BRDA:12,0,19,0
BRDA:12,0,20,0
BRDA:12,0,21,0
BRDA:12,0,22,0
BRDA:12,0,23,0
BRDA:12,0,24,0
BRDA:12,0,25,0
BRDA:12,0,26,0
BRDA:12,0,27,0
BRDA:12,0,28,0
BRDA:12,0,29,0
BRDA:12,0,30,0
BRDA:12,0,31,0
BRDA:12,0,32,0
BRDA:12,0,33,0
BRDA:12,0,34,0
BRDA:12,0,35,0
BRDA:12,0,36,0
BRDA:12,0,37,0
BRDA:12,0,38,0
BRDA:12,0,39,0
BRDA:12,0,40,0
BRDA:12,0,41,0
BRDA:12,0,42,0
BRDA:12,0,43,0
BRDA:12,0,44,1
BRDA:12,0,45,1
BRDA:12,0,46,0
BRDA:12,0,47,0
BRDA:12,0,48,0
BRDA:12,0,49,0
BRDA:12,0,50,0
BRDA:12,0,51,0
BRDA:12,0,52,0
BRDA:12,0,53,0
BRDA:12,0,54,0
BRDA:12,0,55,0
BRDA:12,0,56,1
BRDA:12,0,57,0
BRDA:12,0,58,0
BRDA:12,0,59,0
BRDA:12,0,60,0
BRDA:12,0,61,0
BRDA:12,0,62,0
BRDA:12,0,63,0
DA:13,1
BRDA:13,0,0,1
BRDA:13,0,1,0
DA:16,26
DA:17,25
BRDA:17,0,0,1
BRDA:17,0,1,25
BRDA:17,0,2,1
BRDA:17,0,3,25
DA:18,1
DA:19,1
DA:20,25
DA:21,25
DA:22,25
BRF:104
BRH:4
end_of_record
SF:../../handoff/rtl/stream_rx.v
DA:2,26
BRDA:2,0,0,26
BRDA:2,0,1,25
DA:3,1
BRDA:3,0,0,1
BRDA:3,0,1,0
DA:4,1
BRDA:4,0,0,1
BRDA:4,0,1,1
DA:5,1
BRDA:5,0,0,1
BRDA:5,0,1,0
BRDA:5,0,2,0
BRDA:5,0,3,0
BRDA:5,0,4,0
BRDA:5,0,5,0
BRDA:5,0,6,0
BRDA:5,0,7,0
BRDA:5,0,8,0
BRDA:5,0,9,0
BRDA:5,0,10,0
BRDA:5,0,11,0
BRDA:5,0,12,0
BRDA:5,0,13,0
BRDA:5,0,14,0
BRDA:5,0,15,0
BRDA:5,0,16,0
BRDA:5,0,17,0
BRDA:5,0,18,0
BRDA:5,0,19,0
BRDA:5,0,20,0
BRDA:5,0,21,0
BRDA:5,0,22,1
BRDA:5,0,23,0
BRDA:5,0,24,0
BRDA:5,0,25,0
BRDA:5,0,26,0
BRDA:5,0,27,0
BRDA:5,0,28,0
BRDA:5,0,29,0
BRDA:5,0,30,0
BRDA:5,0,31,0
BRDA:5,0,32,0
BRDA:5,0,33,0
BRDA:5,0,34,0
BRDA:5,0,35,0
BRDA:5,0,36,0
BRDA:5,0,37,0
BRDA:5,0,38,0
BRDA:5,0,39,0
BRDA:5,0,40,0
BRDA:5,0,41,0
BRDA:5,0,42,0
BRDA:5,0,43,0
BRDA:5,0,44,1
BRDA:5,0,45,0
BRDA:5,0,46,0
BRDA:5,0,47,0
BRDA:5,0,48,0
BRDA:5,0,49,0
BRDA:5,0,50,0
BRDA:5,0,51,0
BRDA:5,0,52,0
BRDA:5,0,53,0
BRDA:5,0,54,0
BRDA:5,0,55,0
BRDA:5,0,56,0
BRDA:5,0,57,0
BRDA:5,0,58,0
BRDA:5,0,59,0
BRDA:5,0,60,0
BRDA:5,0,61,0
BRDA:5,0,62,0
BRDA:5,0,63,0
BRDA:5,0,64,0
BRDA:5,0,65,0
BRDA:5,0,66,1
BRDA:5,0,67,0
BRDA:5,0,68,0
BRDA:5,0,69,0
BRDA:5,0,70,0
BRDA:5,0,71,0
BRDA:5,0,72,0
BRDA:5,0,73,0
BRDA:5,0,74,0
BRDA:5,0,75,0
BRDA:5,0,76,0
BRDA:5,0,77,0
BRDA:5,0,78,0
BRDA:5,0,79,0
BRDA:5,0,80,0
BRDA:5,0,81,0
BRDA:5,0,82,0
BRDA:5,0,83,0
BRDA:5,0,84,0
BRDA:5,0,85,0
BRDA:5,0,86,0
BRDA:5,0,87,0
BRDA:5,0,88,0
BRDA:5,0,89,0
BRDA:5,0,90,0
BRDA:5,0,91,0
BRDA:5,0,92,0
BRDA:5,0,93,0
BRDA:5,0,94,0
BRDA:5,0,95,0
BRDA:5,0,96,0
BRDA:5,0,97,0
BRDA:5,0,98,0
BRDA:5,0,99,0
BRDA:5,0,100,0
BRDA:5,0,101,0
BRDA:5,0,102,0
BRDA:5,0,103,0
BRDA:5,0,104,0
BRDA:5,0,105,0
BRDA:5,0,106,0
BRDA:5,0,107,0
BRDA:5,0,108,0
BRDA:5,0,109,0
BRDA:5,0,110,0
BRDA:5,0,111,0
BRDA:5,0,112,0
BRDA:5,0,113,0
BRDA:5,0,114,0
BRDA:5,0,115,0
BRDA:5,0,116,0
BRDA:5,0,117,0
BRDA:5,0,118,0
BRDA:5,0,119,0
BRDA:5,0,120,0
BRDA:5,0,121,0
BRDA:5,0,122,0
BRDA:5,0,123,0
BRDA:5,0,124,0
BRDA:5,0,125,0
BRDA:5,0,126,0
BRDA:5,0,127,0
DA:6,1
BRDA:6,0,0,1
BRDA:6,0,1,0
DA:7,1
BRDA:7,0,0,1
BRDA:7,0,1,1
DA:8,1
BRDA:8,0,0,1
BRDA:8,0,1,0
DA:9,0
BRDA:9,0,0,0
BRDA:9,0,1,0
BRDA:9,0,2,0
BRDA:9,0,3,0
BRDA:9,0,4,0
BRDA:9,0,5,0
BRDA:9,0,6,0
BRDA:9,0,7,0
BRDA:9,0,8,0
BRDA:9,0,9,0
BRDA:9,0,10,0
BRDA:9,0,11,0
BRDA:9,0,12,0
BRDA:9,0,13,0
BRDA:9,0,14,0
BRDA:9,0,15,0
DA:10,0
BRDA:10,0,0,0
BRDA:10,0,1,0
BRDA:10,0,2,0
BRDA:10,0,3,0
BRDA:10,0,4,0
BRDA:10,0,5,0
BRDA:10,0,6,0
BRDA:10,0,7,0
BRDA:10,0,8,0
BRDA:10,0,9,0
BRDA:10,0,10,0
BRDA:10,0,11,0
BRDA:10,0,12,0
BRDA:10,0,13,0
BRDA:10,0,14,0
BRDA:10,0,15,0
DA:11,0
BRDA:11,0,0,0
BRDA:11,0,1,0
BRDA:11,0,2,0
BRDA:11,0,3,0
BRDA:11,0,4,0
BRDA:11,0,5,0
BRDA:11,0,6,0
BRDA:11,0,7,0
BRDA:11,0,8,0
BRDA:11,0,9,0
BRDA:11,0,10,0
BRDA:11,0,11,0
BRDA:11,0,12,0
BRDA:11,0,13,0
BRDA:11,0,14,0
BRDA:11,0,15,0
BRDA:11,0,16,0
BRDA:11,0,17,0
BRDA:11,0,18,0
BRDA:11,0,19,0
BRDA:11,0,20,0
BRDA:11,0,21,0
BRDA:11,0,22,0
BRDA:11,0,23,0
BRDA:11,0,24,0
BRDA:11,0,25,0
BRDA:11,0,26,0
BRDA:11,0,27,0
BRDA:11,0,28,0
BRDA:11,0,29,0
BRDA:11,0,30,0
BRDA:11,0,31,0
DA:12,0
BRDA:12,0,0,0
BRDA:12,0,1,0
BRDA:12,0,2,0
BRDA:12,0,3,0
BRDA:12,0,4,0
BRDA:12,0,5,0
BRDA:12,0,6,0
BRDA:12,0,7,0
DA:13,0
BRDA:13,0,0,0
BRDA:13,0,1,0
BRDA:13,0,2,0
BRDA:13,0,3,0
BRDA:13,0,4,0
BRDA:13,0,5,0
BRDA:13,0,6,0
BRDA:13,0,7,0
BRDA:13,0,8,0
BRDA:13,0,9,0
BRDA:13,0,10,0
BRDA:13,0,11,0
BRDA:13,0,12,0
BRDA:13,0,13,0
BRDA:13,0,14,0
BRDA:13,0,15,0
DA:14,1
BRDA:14,0,0,1
BRDA:14,0,1,1
DA:17,0
BRDA:17,0,0,0
BRDA:17,0,1,0
BRDA:17,0,2,0
BRDA:17,0,3,0
BRDA:17,0,4,0
BRDA:17,0,5,0
BRDA:17,0,6,0
BRDA:17,0,7,0
BRDA:17,0,8,0
BRDA:17,0,9,0
BRDA:17,0,10,0
BRDA:17,0,11,0
BRDA:17,0,12,0
BRDA:17,0,13,0
BRDA:17,0,14,0
BRDA:17,0,15,0
DA:18,1
BRDA:18,0,0,1
BRDA:18,0,1,0
BRDA:18,0,2,1
BRDA:18,0,3,0
BRDA:18,0,4,0
BRDA:18,0,5,0
BRDA:18,0,6,0
BRDA:18,0,7,0
BRDA:18,0,8,0
BRDA:18,0,9,0
BRDA:18,0,10,0
BRDA:18,0,11,0
BRDA:18,0,12,0
BRDA:18,0,13,0
BRDA:18,0,14,0
BRDA:18,0,15,0
DA:20,26
DA:21,25
BRDA:21,0,0,1
BRDA:21,0,1,25
BRDA:21,0,2,1
BRDA:21,0,3,25
DA:22,1
DA:23,1
DA:24,1
DA:25,1
DA:26,1
DA:27,1
DA:28,1
DA:29,1
DA:30,1
DA:31,1
DA:32,1
DA:33,25
DA:34,25
DA:35,25
DA:36,25
DA:37,19
BRDA:37,0,0,19
BRDA:37,0,1,1
BRDA:37,0,2,19
BRDA:37,0,3,6
BRDA:37,0,4,6
DA:38,6
DA:39,6
DA:40,6
DA:41,6
DA:42,6
DA:43,6
DA:44,6
DA:45,6
DA:46,6
DA:47,6
BRF:271
BRH:6
end_of_record
SF:../../handoff/rtl/timeout_monitor.v
DA:2,26
BRDA:2,0,0,26
BRDA:2,0,1,25
DA:3,1
BRDA:3,0,0,1
BRDA:3,0,1,0
DA:4,0
BRDA:4,0,0,0
BRDA:4,0,1,0
DA:5,0
BRDA:5,0,0,0
BRDA:5,0,1,0
DA:6,1
BRDA:6,0,0,1
BRDA:6,0,1,0
DA:7,0
BRDA:7,0,0,0
BRDA:7,0,1,0
DA:8,1
BRDA:8,0,0,0
BRDA:8,0,1,0
BRDA:8,0,2,0
BRDA:8,0,3,0
BRDA:8,0,4,0
BRDA:8,0,5,0
BRDA:8,0,6,0
BRDA:8,0,7,0
BRDA:8,0,8,0
BRDA:8,0,9,0
BRDA:8,0,10,0
BRDA:8,0,11,0
BRDA:8,0,12,0
BRDA:8,0,13,0
BRDA:8,0,14,0
BRDA:8,0,15,0
BRDA:8,0,16,0
BRDA:8,0,17,0
BRDA:8,0,18,0
BRDA:8,0,19,0
BRDA:8,0,20,0
BRDA:8,0,21,0
BRDA:8,0,22,0
BRDA:8,0,23,0
BRDA:8,0,24,1
BRDA:8,0,25,0
BRDA:8,0,26,0
BRDA:8,0,27,0
BRDA:8,0,28,0
BRDA:8,0,29,0
BRDA:8,0,30,0
BRDA:8,0,31,0
DA:9,0
BRDA:9,0,0,0
BRDA:9,0,1,0
DA:10,0
BRDA:10,0,0,0
BRDA:10,0,1,0
DA:11,0
BRDA:11,0,0,0
BRDA:11,0,1,0
BRDA:11,0,2,0
BRDA:11,0,3,0
BRDA:11,0,4,0
BRDA:11,0,5,0
BRDA:11,0,6,0
BRDA:11,0,7,0
BRDA:11,0,8,0
BRDA:11,0,9,0
BRDA:11,0,10,0
BRDA:11,0,11,0
BRDA:11,0,12,0
BRDA:11,0,13,0
BRDA:11,0,14,0
BRDA:11,0,15,0
BRDA:11,0,16,0
BRDA:11,0,17,0
BRDA:11,0,18,0
BRDA:11,0,19,0
BRDA:11,0,20,0
BRDA:11,0,21,0
BRDA:11,0,22,0
BRDA:11,0,23,0
BRDA:11,0,24,0
BRDA:11,0,25,0
BRDA:11,0,26,0
BRDA:11,0,27,0
BRDA:11,0,28,0
BRDA:11,0,29,0
BRDA:11,0,30,0
BRDA:11,0,31,0
DA:14,26
DA:15,25
BRDA:15,0,0,1
BRDA:15,0,1,25
BRDA:15,0,2,1
BRDA:15,0,3,25
DA:16,1
DA:17,1
DA:18,1
DA:19,25
DA:20,25
BRDA:20,0,0,25
BRDA:20,0,1,25
BRDA:20,0,2,0
BRDA:20,0,3,0
BRDA:20,0,4,0
BRDA:20,0,5,0
BRDA:20,0,6,0
DA:21,0
DA:22,0
BRDA:22,0,0,0
BRDA:22,0,1,0
BRDA:22,0,2,0
BRDA:22,0,3,0
DA:23,0
DA:24,0
DA:25,0
DA:26,0
BRDA:26,0,0,0
BRDA:26,0,1,0
DA:27,0
DA:28,0
DA:29,0
DA:31,25
DA:32,25
DA:33,25
DA:34,25
BRF:97
BRH:6
end_of_record
