TN:verilator_coverage
SF:../../handoff/rtl/pwm_fpga_demo.v
DA:2,25
BRDA:2,0,0,25
BRDA:2,0,1,24
DA:3,0
BRDA:3,0,0,0
BRDA:3,0,1,0
DA:6,13
BRDA:6,0,0,13
BRDA:6,0,1,12
BRDA:6,0,2,6
BRDA:6,0,3,6
BRDA:6,0,4,3
BRDA:6,0,5,3
BRDA:6,0,6,2
BRDA:6,0,7,1
BRDA:6,0,8,1
BRDA:6,0,9,0
BRDA:6,0,10,0
BRDA:6,0,11,0
BRDA:6,0,12,0
BRDA:6,0,13,0
BRDA:6,0,14,0
BRDA:6,0,15,0
DA:7,0
BRDA:7,0,0,0
BRDA:7,0,1,0
BRDA:7,0,2,0
BRDA:7,0,3,0
BRDA:7,0,4,0
BRDA:7,0,5,0
BRDA:7,0,6,0
BRDA:7,0,7,0
BRDA:7,0,8,0
BRDA:7,0,9,0
BRDA:7,0,10,0
BRDA:7,0,11,0
BRDA:7,0,12,0
BRDA:7,0,13,0
BRDA:7,0,14,0
BRDA:7,0,15,0
DA:8,1
BRDA:8,0,0,1
BRDA:8,0,1,0
DA:9,13
BRDA:9,0,0,13
BRDA:9,0,1,12
BRDA:9,0,2,0
BRDA:9,0,3,0
BRDA:9,0,4,0
BRDA:9,0,5,0
BRDA:9,0,6,0
BRDA:9,0,7,0
BRDA:9,0,8,0
BRDA:9,0,9,0
BRDA:9,0,10,0
BRDA:9,0,11,0
BRDA:9,0,12,0
BRDA:9,0,13,0
BRDA:9,0,14,6
BRDA:9,0,15,6
BRDA:9,0,16,3
BRDA:9,0,17,3
BRDA:9,0,18,2
BRDA:9,0,19,1
BRDA:9,0,20,1
BRDA:9,0,21,0
BRDA:9,0,22,0
BRDA:9,0,23,0
BRDA:9,0,24,0
BRDA:9,0,25,0
BRDA:9,0,26,0
BRDA:9,0,27,0
BRDA:9,0,28,0
BRDA:9,0,29,0
BRDA:9,0,30,0
BRDA:9,0,31,0
DA:11,0
BRDA:11,0,0,0
BRDA:11,0,1,0
DA:16,25
DA:17,25
DA:19,25
BRDA:19,0,0,0
BRDA:19,0,1,25
DA:20,0
DA:22,0
BRDA:22,0,0,0
BRDA:22,0,1,0
DA:23,0
BRDA:23,0,0,0
BRDA:23,0,1,0
DA:24,0
DA:25,0
DA:26,0
DA:27,0
DA:29,0
DA:30,0
BRDA:30,0,0,0
BRDA:30,0,1,0
DA:31,0
DA:32,0
DA:33,0
DA:34,0
DA:37,25
DA:38,25
DA:42,1
DA:43,1
DA:44,1
DA:45,1
DA:46,1
BRF:80
BRH:7
end_of_record
