TN:verilator_coverage
SF:../../handoff/rtl/adaptive_aero_actuator_control.v
DA:24,26
BRDA:24,0,0,26
BRDA:24,0,1,25
DA:25,1
BRDA:25,0,0,1
BRDA:25,0,1,0
DA:26,0
BRDA:26,0,0,0
BRDA:26,0,1,0
DA:27,0
BRDA:27,0,0,0
BRDA:27,0,1,0
DA:28,0
BRDA:28,0,0,0
BRDA:28,0,1,0
BRDA:28,0,2,0
BRDA:28,0,3,0
BRDA:28,0,4,0
BRDA:28,0,5,0
BRDA:28,0,6,0
BRDA:28,0,7,0
BRDA:28,0,8,0
BRDA:28,0,9,0
BRDA:28,0,10,0
BRDA:28,0,11,0
BRDA:28,0,12,0
BRDA:28,0,13,0
BRDA:28,0,14,0
BRDA:28,0,15,0
BRDA:28,0,16,0
BRDA:28,0,17,0
BRDA:28,0,18,0
BRDA:28,0,19,0
BRDA:28,0,20,0
BRDA:28,0,21,0
BRDA:28,0,22,0
BRDA:28,0,23,0
BRDA:28,0,24,0
BRDA:28,0,25,0
BRDA:28,0,26,0
BRDA:28,0,27,0
BRDA:28,0,28,0
BRDA:28,0,29,0
BRDA:28,0,30,0
BRDA:28,0,31,0
DA:29,0
BRDA:29,0,0,0
BRDA:29,0,1,0
BRDA:29,0,2,0
BRDA:29,0,3,0
BRDA:29,0,4,0
BRDA:29,0,5,0
BRDA:29,0,6,0
BRDA:29,0,7,0
BRDA:29,0,8,0
BRDA:29,0,9,0
BRDA:29,0,10,0
BRDA:29,0,11,0
BRDA:29,0,12,0
BRDA:29,0,13,0
BRDA:29,0,14,0
BRDA:29,0,15,0
BRDA:29,0,16,0
BRDA:29,0,17,0
BRDA:29,0,18,0
BRDA:29,0,19,0
BRDA:29,0,20,0
BRDA:29,0,21,0
BRDA:29,0,22,0
BRDA:29,0,23,0
BRDA:29,0,24,0
BRDA:29,0,25,0
BRDA:29,0,26,0
BRDA:29,0,27,0
BRDA:29,0,28,0
BRDA:29,0,29,0
BRDA:29,0,30,0
BRDA:29,0,31,0
DA:30,0
BRDA:30,0,0,0
BRDA:30,0,1,0
BRDA:30,0,2,0
BRDA:30,0,3,0
BRDA:30,0,4,0
BRDA:30,0,5,0
BRDA:30,0,6,0
BRDA:30,0,7,0
BRDA:30,0,8,0
BRDA:30,0,9,0
BRDA:30,0,10,0
BRDA:30,0,11,0
BRDA:30,0,12,0
BRDA:30,0,13,0
BRDA:30,0,14,0
BRDA:30,0,15,0
BRDA:30,0,16,0
BRDA:30,0,17,0
BRDA:30,0,18,0
BRDA:30,0,19,0
BRDA:30,0,20,0
BRDA:30,0,21,0
BRDA:30,0,22,0
BRDA:30,0,23,0
BRDA:30,0,24,0
BRDA:30,0,25,0
BRDA:30,0,26,0
BRDA:30,0,27,0
BRDA:30,0,28,0
BRDA:30,0,29,0
BRDA:30,0,30,0
BRDA:30,0,31,0
DA:31,0
BRDA:31,0,0,0
BRDA:31,0,1,0
BRDA:31,0,2,0
BRDA:31,0,3,0
BRDA:31,0,4,0
BRDA:31,0,5,0
BRDA:31,0,6,0
BRDA:31,0,7,0
BRDA:31,0,8,0
BRDA:31,0,9,0
BRDA:31,0,10,0
BRDA:31,0,11,0
BRDA:31,0,12,0
BRDA:31,0,13,0
BRDA:31,0,14,0
BRDA:31,0,15,0
BRDA:31,0,16,0
BRDA:31,0,17,0
BRDA:31,0,18,0
BRDA:31,0,19,0
BRDA:31,0,20,0
BRDA:31,0,21,0
BRDA:31,0,22,0
BRDA:31,0,23,0
BRDA:31,0,24,0
BRDA:31,0,25,0
BRDA:31,0,26,0
BRDA:31,0,27,0
BRDA:31,0,28,0
BRDA:31,0,29,0
BRDA:31,0,30,0
BRDA:31,0,31,0
BRDA:31,0,32,0
BRDA:31,0,33,0
BRDA:31,0,34,0
BRDA:31,0,35,0
BRDA:31,0,36,0
BRDA:31,0,37,0
BRDA:31,0,38,0
BRDA:31,0,39,0
BRDA:31,0,40,0
BRDA:31,0,41,0
BRDA:31,0,42,0
BRDA:31,0,43,0
BRDA:31,0,44,0
BRDA:31,0,45,0
BRDA:31,0,46,0
BRDA:31,0,47,0
BRDA:31,0,48,0
BRDA:31,0,49,0
BRDA:31,0,50,0
BRDA:31,0,51,0
BRDA:31,0,52,0
BRDA:31,0,53,0
BRDA:31,0,54,0
BRDA:31,0,55,0
BRDA:31,0,56,0
BRDA:31,0,57,0
BRDA:31,0,58,0
BRDA:31,0,59,0
BRDA:31,0,60,0
BRDA:31,0,61,0
BRDA:31,0,62,0
BRDA:31,0,63,0
BRDA:31,0,64,0
BRDA:31,0,65,0
BRDA:31,0,66,0
BRDA:31,0,67,0
BRDA:31,0,68,0
BRDA:31,0,69,0
BRDA:31,0,70,0
BRDA:31,0,71,0
BRDA:31,0,72,0
BRDA:31,0,73,0
BRDA:31,0,74,0
BRDA:31,0,75,0
BRDA:31,0,76,0
BRDA:31,0,77,0
BRDA:31,0,78,0
BRDA:31,0,79,0
BRDA:31,0,80,0
BRDA:31,0,81,0
BRDA:31,0,82,0
BRDA:31,0,83,0
BRDA:31,0,84,0
BRDA:31,0,85,0
BRDA:31,0,86,0
BRDA:31,0,87,0
BRDA:31,0,88,0
BRDA:31,0,89,0
BRDA:31,0,90,0
BRDA:31,0,91,0
BRDA:31,0,92,0
BRDA:31,0,93,0
BRDA:31,0,94,0
BRDA:31,0,95,0
BRDA:31,0,96,0
BRDA:31,0,97,0
BRDA:31,0,98,0
BRDA:31,0,99,0
BRDA:31,0,100,0
BRDA:31,0,101,0
BRDA:31,0,102,0
BRDA:31,0,103,0
BRDA:31,0,104,0
BRDA:31,0,105,0
BRDA:31,0,106,0
BRDA:31,0,107,0
BRDA:31,0,108,0
BRDA:31,0,109,0
BRDA:31,0,110,0
BRDA:31,0,111,0
BRDA:31,0,112,0
BRDA:31,0,113,0
BRDA:31,0,114,0
BRDA:31,0,115,0
BRDA:31,0,116,0
BRDA:31,0,117,0
BRDA:31,0,118,0
BRDA:31,0,119,0
BRDA:31,0,120,0
BRDA:31,0,121,0
BRDA:31,0,122,0
BRDA:31,0,123,0
BRDA:31,0,124,0
BRDA:31,0,125,0
BRDA:31,0,126,0
BRDA:31,0,127,0
DA:32,0
BRDA:32,0,0,0
BRDA:32,0,1,0
DA:33,0
BRDA:33,0,0,0
BRDA:33,0,1,0
DA:34,0
BRDA:34,0,0,0
BRDA:34,0,1,0
DA:35,0
BRDA:35,0,0,0
BRDA:35,0,1,0
DA:36,0
BRDA:36,0,0,0
BRDA:36,0,1,0
DA:37,0
BRDA:37,0,0,0
BRDA:37,0,1,0
DA:38,0
BRDA:38,0,0,0
BRDA:38,0,1,0
DA:39,0
BRDA:39,0,0,0
BRDA:39,0,1,0
DA:40,0
BRDA:40,0,0,0
BRDA:40,0,1,0
DA:41,0
BRDA:41,0,0,0
BRDA:41,0,1,0
BRDA:41,0,2,0
BRDA:41,0,3,0
BRDA:41,0,4,0
BRDA:41,0,5,0
BRDA:41,0,6,0
BRDA:41,0,7,0
BRDA:41,0,8,0
BRDA:41,0,9,0
BRDA:41,0,10,0
BRDA:41,0,11,0
BRDA:41,0,12,0
BRDA:41,0,13,0
BRDA:41,0,14,0
BRDA:41,0,15,0
BRDA:41,0,16,0
BRDA:41,0,17,0
BRDA:41,0,18,0
BRDA:41,0,19,0
BRDA:41,0,20,0
BRDA:41,0,21,0
BRDA:41,0,22,0
BRDA:41,0,23,0
BRDA:41,0,24,0
BRDA:41,0,25,0
BRDA:41,0,26,0
BRDA:41,0,27,0
BRDA:41,0,28,0
BRDA:41,0,29,0
BRDA:41,0,30,0
BRDA:41,0,31,0
BRDA:41,0,32,0
BRDA:41,0,33,0
BRDA:41,0,34,0
BRDA:41,0,35,0
BRDA:41,0,36,0
BRDA:41,0,37,0
BRDA:41,0,38,0
BRDA:41,0,39,0
BRDA:41,0,40,0
BRDA:41,0,41,0
BRDA:41,0,42,0
BRDA:41,0,43,0
BRDA:41,0,44,0
BRDA:41,0,45,0
BRDA:41,0,46,0
BRDA:41,0,47,0
BRDA:41,0,48,0
BRDA:41,0,49,0
BRDA:41,0,50,0
BRDA:41,0,51,0
BRDA:41,0,52,0
BRDA:41,0,53,0
BRDA:41,0,54,0
BRDA:41,0,55,0
BRDA:41,0,56,0
BRDA:41,0,57,0
BRDA:41,0,58,0
BRDA:41,0,59,0
BRDA:41,0,60,0
BRDA:41,0,61,0
BRDA:41,0,62,0
BRDA:41,0,63,0
DA:42,0
BRDA:42,0,0,0
BRDA:42,0,1,0
BRDA:42,0,2,0
BRDA:42,0,3,0
BRDA:42,0,4,0
BRDA:42,0,5,0
BRDA:42,0,6,0
BRDA:42,0,7,0
BRDA:42,0,8,0
BRDA:42,0,9,0
BRDA:42,0,10,0
BRDA:42,0,11,0
BRDA:42,0,12,0
BRDA:42,0,13,0
BRDA:42,0,14,0
BRDA:42,0,15,0
BRDA:42,0,16,0
BRDA:42,0,17,0
BRDA:42,0,18,0
BRDA:42,0,19,0
BRDA:42,0,20,0
BRDA:42,0,21,0
BRDA:42,0,22,0
BRDA:42,0,23,0
BRDA:42,0,24,0
BRDA:42,0,25,0
BRDA:42,0,26,0
BRDA:42,0,27,0
BRDA:42,0,28,0
BRDA:42,0,29,0
BRDA:42,0,30,0
BRDA:42,0,31,0
BRDA:42,0,32,0
BRDA:42,0,33,0
BRDA:42,0,34,0
BRDA:42,0,35,0
BRDA:42,0,36,0
BRDA:42,0,37,0
BRDA:42,0,38,0
BRDA:42,0,39,0
BRDA:42,0,40,0
BRDA:42,0,41,0
BRDA:42,0,42,0
BRDA:42,0,43,0
BRDA:42,0,44,0
BRDA:42,0,45,0
BRDA:42,0,46,0
BRDA:42,0,47,0
BRDA:42,0,48,0
BRDA:42,0,49,0
BRDA:42,0,50,0
BRDA:42,0,51,0
BRDA:42,0,52,0
BRDA:42,0,53,0
BRDA:42,0,54,0
BRDA:42,0,55,0
BRDA:42,0,56,0
BRDA:42,0,57,0
BRDA:42,0,58,0
BRDA:42,0,59,0
BRDA:42,0,60,0
BRDA:42,0,61,0
BRDA:42,0,62,0
BRDA:42,0,63,0
DA:43,0
BRDA:43,0,0,0
BRDA:43,0,1,0
DA:44,1
BRDA:44,0,0,1
BRDA:44,0,1,0
DA:46,0
BRDA:46,0,0,0
BRDA:46,0,1,0
DA:47,0
BRDA:47,0,0,0
BRDA:47,0,1,0
BRDA:47,0,2,0
BRDA:47,0,3,0
BRDA:47,0,4,0
BRDA:47,0,5,0
BRDA:47,0,6,0
BRDA:47,0,7,0
BRDA:47,0,8,0
BRDA:47,0,9,0
BRDA:47,0,10,0
BRDA:47,0,11,0
BRDA:47,0,12,0
BRDA:47,0,13,0
BRDA:47,0,14,0
BRDA:47,0,15,0
BRDA:47,0,16,0
BRDA:47,0,17,0
BRDA:47,0,18,0
BRDA:47,0,19,0
BRDA:47,0,20,0
BRDA:47,0,21,0
BRDA:47,0,22,0
BRDA:47,0,23,0
BRDA:47,0,24,0
BRDA:47,0,25,0
BRDA:47,0,26,0
BRDA:47,0,27,0
BRDA:47,0,28,0
BRDA:47,0,29,0
BRDA:47,0,30,0
BRDA:47,0,31,0
BRDA:47,0,32,0
BRDA:47,0,33,0
BRDA:47,0,34,0
BRDA:47,0,35,0
BRDA:47,0,36,0
BRDA:47,0,37,0
BRDA:47,0,38,0
BRDA:47,0,39,0
BRDA:47,0,40,0
BRDA:47,0,41,0
BRDA:47,0,42,0
BRDA:47,0,43,0
BRDA:47,0,44,0
BRDA:47,0,45,0
BRDA:47,0,46,0
BRDA:47,0,47,0
BRDA:47,0,48,0
BRDA:47,0,49,0
BRDA:47,0,50,0
BRDA:47,0,51,0
BRDA:47,0,52,0
BRDA:47,0,53,0
BRDA:47,0,54,0
BRDA:47,0,55,0
BRDA:47,0,56,0
BRDA:47,0,57,0
BRDA:47,0,58,0
BRDA:47,0,59,0
BRDA:47,0,60,0
BRDA:47,0,61,0
BRDA:47,0,62,0
BRDA:47,0,63,0
DA:48,0
BRDA:48,0,0,0
BRDA:48,0,1,0
BRDA:48,0,2,0
BRDA:48,0,3,0
BRDA:48,0,4,0
BRDA:48,0,5,0
BRDA:48,0,6,0
BRDA:48,0,7,0
BRDA:48,0,8,0
BRDA:48,0,9,0
BRDA:48,0,10,0
BRDA:48,0,11,0
BRDA:48,0,12,0
BRDA:48,0,13,0
BRDA:48,0,14,0
BRDA:48,0,15,0
BRDA:48,0,16,0
BRDA:48,0,17,0
BRDA:48,0,18,0
BRDA:48,0,19,0
BRDA:48,0,20,0
BRDA:48,0,21,0
BRDA:48,0,22,0
BRDA:48,0,23,0
BRDA:48,0,24,0
BRDA:48,0,25,0
BRDA:48,0,26,0
BRDA:48,0,27,0
BRDA:48,0,28,0
BRDA:48,0,29,0
BRDA:48,0,30,0
BRDA:48,0,31,0
BRDA:48,0,32,0
BRDA:48,0,33,0
BRDA:48,0,34,0
BRDA:48,0,35,0
BRDA:48,0,36,0
BRDA:48,0,37,0
BRDA:48,0,38,0
BRDA:48,0,39,0
BRDA:48,0,40,0
BRDA:48,0,41,0
BRDA:48,0,42,0
BRDA:48,0,43,0
BRDA:48,0,44,0
BRDA:48,0,45,0
BRDA:48,0,46,0
BRDA:48,0,47,0
BRDA:48,0,48,0
BRDA:48,0,49,0
BRDA:48,0,50,0
BRDA:48,0,51,0
BRDA:48,0,52,0
BRDA:48,0,53,0
BRDA:48,0,54,0
BRDA:48,0,55,0
BRDA:48,0,56,0
BRDA:48,0,57,0
BRDA:48,0,58,0
BRDA:48,0,59,0
BRDA:48,0,60,0
BRDA:48,0,61,0
BRDA:48,0,62,0
BRDA:48,0,63,0
DA:49,0
BRDA:49,0,0,0
BRDA:49,0,1,0
DA:50,1
BRDA:50,0,0,1
BRDA:50,0,1,0
DA:51,0
BRDA:51,0,0,0
BRDA:51,0,1,0
BRDA:51,0,2,0
BRDA:51,0,3,0
BRDA:51,0,4,0
BRDA:51,0,5,0
BRDA:51,0,6,0
BRDA:51,0,7,0
BRDA:51,0,8,0
BRDA:51,0,9,0
BRDA:51,0,10,0
BRDA:51,0,11,0
BRDA:51,0,12,0
BRDA:51,0,13,0
BRDA:51,0,14,0
BRDA:51,0,15,0
BRDA:51,0,16,0
BRDA:51,0,17,0
BRDA:51,0,18,0
BRDA:51,0,19,0
BRDA:51,0,20,0
BRDA:51,0,21,0
BRDA:51,0,22,0
BRDA:51,0,23,0
BRDA:51,0,24,0
BRDA:51,0,25,0
BRDA:51,0,26,0
BRDA:51,0,27,0
BRDA:51,0,28,0
BRDA:51,0,29,0
BRDA:51,0,30,0
BRDA:51,0,31,0
BRDA:51,0,32,0
BRDA:51,0,33,0
BRDA:51,0,34,0
BRDA:51,0,35,0
BRDA:51,0,36,0
BRDA:51,0,37,0
BRDA:51,0,38,0
BRDA:51,0,39,0
BRDA:51,0,40,0
BRDA:51,0,41,0
BRDA:51,0,42,0
BRDA:51,0,43,0
BRDA:51,0,44,0
BRDA:51,0,45,0
BRDA:51,0,46,0
BRDA:51,0,47,0
BRDA:51,0,48,0
BRDA:51,0,49,0
BRDA:51,0,50,0
BRDA:51,0,51,0
BRDA:51,0,52,0
BRDA:51,0,53,0
BRDA:51,0,54,0
BRDA:51,0,55,0
BRDA:51,0,56,0
BRDA:51,0,57,0
BRDA:51,0,58,0
BRDA:51,0,59,0
BRDA:51,0,60,0
BRDA:51,0,61,0
BRDA:51,0,62,0
BRDA:51,0,63,0
DA:52,0
BRDA:52,0,0,0
BRDA:52,0,1,0
BRDA:52,0,2,0
BRDA:52,0,3,0
BRDA:52,0,4,0
BRDA:52,0,5,0
BRDA:52,0,6,0
BRDA:52,0,7,0
BRDA:52,0,8,0
BRDA:52,0,9,0
BRDA:52,0,10,0
BRDA:52,0,11,0
BRDA:52,0,12,0
BRDA:52,0,13,0
BRDA:52,0,14,0
BRDA:52,0,15,0
BRDA:52,0,16,0
BRDA:52,0,17,0
BRDA:52,0,18,0
BRDA:52,0,19,0
BRDA:52,0,20,0
BRDA:52,0,21,0
BRDA:52,0,22,0
BRDA:52,0,23,0
BRDA:52,0,24,0
BRDA:52,0,25,0
BRDA:52,0,26,0
BRDA:52,0,27,0
BRDA:52,0,28,0
BRDA:52,0,29,0
BRDA:52,0,30,0
BRDA:52,0,31,0
BRDA:52,0,32,0
BRDA:52,0,33,0
BRDA:52,0,34,0
BRDA:52,0,35,0
BRDA:52,0,36,0
BRDA:52,0,37,0
BRDA:52,0,38,0
BRDA:52,0,39,0
BRDA:52,0,40,0
BRDA:52,0,41,0
BRDA:52,0,42,0
BRDA:52,0,43,0
BRDA:52,0,44,0
BRDA:52,0,45,0
BRDA:52,0,46,0
BRDA:52,0,47,0
BRDA:52,0,48,0
BRDA:52,0,49,0
BRDA:52,0,50,0
BRDA:52,0,51,0
BRDA:52,0,52,0
BRDA:52,0,53,0
BRDA:52,0,54,0
BRDA:52,0,55,0
BRDA:52,0,56,0
BRDA:52,0,57,0
BRDA:52,0,58,0
BRDA:52,0,59,0
BRDA:52,0,60,0
BRDA:52,0,61,0
BRDA:52,0,62,0
BRDA:52,0,63,0
DA:53,0
BRDA:53,0,0,0
BRDA:53,0,1,0
BRDA:53,0,2,0
BRDA:53,0,3,0
BRDA:53,0,4,0
BRDA:53,0,5,0
BRDA:53,0,6,0
BRDA:53,0,7,0
BRDA:53,0,8,0
BRDA:53,0,9,0
BRDA:53,0,10,0
BRDA:53,0,11,0
BRDA:53,0,12,0
BRDA:53,0,13,0
BRDA:53,0,14,0
BRDA:53,0,15,0
BRDA:53,0,16,0
BRDA:53,0,17,0
BRDA:53,0,18,0
BRDA:53,0,19,0
BRDA:53,0,20,0
BRDA:53,0,21,0
BRDA:53,0,22,0
BRDA:53,0,23,0
BRDA:53,0,24,0
BRDA:53,0,25,0
BRDA:53,0,26,0
BRDA:53,0,27,0
BRDA:53,0,28,0
BRDA:53,0,29,0
BRDA:53,0,30,0
BRDA:53,0,31,0
BRDA:53,0,32,0
BRDA:53,0,33,0
BRDA:53,0,34,0
BRDA:53,0,35,0
BRDA:53,0,36,0
BRDA:53,0,37,0
BRDA:53,0,38,0
BRDA:53,0,39,0
BRDA:53,0,40,0
BRDA:53,0,41,0
BRDA:53,0,42,0
BRDA:53,0,43,0
BRDA:53,0,44,0
BRDA:53,0,45,0
BRDA:53,0,46,0
BRDA:53,0,47,0
BRDA:53,0,48,0
BRDA:53,0,49,0
BRDA:53,0,50,0
BRDA:53,0,51,0
BRDA:53,0,52,0
BRDA:53,0,53,0
BRDA:53,0,54,0
BRDA:53,0,55,0
BRDA:53,0,56,0
BRDA:53,0,57,0
BRDA:53,0,58,0
BRDA:53,0,59,0
BRDA:53,0,60,0
BRDA:53,0,61,0
BRDA:53,0,62,0
BRDA:53,0,63,0
DA:54,0
BRDA:54,0,0,0
BRDA:54,0,1,0
BRDA:54,0,2,0
BRDA:54,0,3,0
BRDA:54,0,4,0
BRDA:54,0,5,0
BRDA:54,0,6,0
BRDA:54,0,7,0
BRDA:54,0,8,0
BRDA:54,0,9,0
BRDA:54,0,10,0
BRDA:54,0,11,0
BRDA:54,0,12,0
BRDA:54,0,13,0
BRDA:54,0,14,0
BRDA:54,0,15,0
BRDA:54,0,16,0
BRDA:54,0,17,0
BRDA:54,0,18,0
BRDA:54,0,19,0
BRDA:54,0,20,0
BRDA:54,0,21,0
BRDA:54,0,22,0
BRDA:54,0,23,0
BRDA:54,0,24,0
BRDA:54,0,25,0
BRDA:54,0,26,0
BRDA:54,0,27,0
BRDA:54,0,28,0
BRDA:54,0,29,0
BRDA:54,0,30,0
BRDA:54,0,31,0
BRDA:54,0,32,0
BRDA:54,0,33,0
BRDA:54,0,34,0
BRDA:54,0,35,0
BRDA:54,0,36,0
BRDA:54,0,37,0
BRDA:54,0,38,0
BRDA:54,0,39,0
BRDA:54,0,40,0
BRDA:54,0,41,0
BRDA:54,0,42,0
BRDA:54,0,43,0
BRDA:54,0,44,0
BRDA:54,0,45,0
BRDA:54,0,46,0
BRDA:54,0,47,0
BRDA:54,0,48,0
BRDA:54,0,49,0
BRDA:54,0,50,0
BRDA:54,0,51,0
BRDA:54,0,52,0
BRDA:54,0,53,0
BRDA:54,0,54,0
BRDA:54,0,55,0
BRDA:54,0,56,0
BRDA:54,0,57,0
BRDA:54,0,58,0
BRDA:54,0,59,0
BRDA:54,0,60,0
BRDA:54,0,61,0
BRDA:54,0,62,0
BRDA:54,0,63,0
DA:55,0
BRDA:55,0,0,0
BRDA:55,0,1,0
BRDA:55,0,2,0
BRDA:55,0,3,0
BRDA:55,0,4,0
BRDA:55,0,5,0
BRDA:55,0,6,0
BRDA:55,0,7,0
BRDA:55,0,8,0
BRDA:55,0,9,0
BRDA:55,0,10,0
BRDA:55,0,11,0
BRDA:55,0,12,0
BRDA:55,0,13,0
BRDA:55,0,14,0
BRDA:55,0,15,0
BRDA:55,0,16,0
BRDA:55,0,17,0
BRDA:55,0,18,0
BRDA:55,0,19,0
BRDA:55,0,20,0
BRDA:55,0,21,0
BRDA:55,0,22,0
BRDA:55,0,23,0
BRDA:55,0,24,0
BRDA:55,0,25,0
BRDA:55,0,26,0
BRDA:55,0,27,0
BRDA:55,0,28,0
BRDA:55,0,29,0
BRDA:55,0,30,0
BRDA:55,0,31,0
BRDA:55,0,32,0
BRDA:55,0,33,0
BRDA:55,0,34,0
BRDA:55,0,35,0
BRDA:55,0,36,0
BRDA:55,0,37,0
BRDA:55,0,38,0
BRDA:55,0,39,0
BRDA:55,0,40,0
BRDA:55,0,41,0
BRDA:55,0,42,0
BRDA:55,0,43,0
BRDA:55,0,44,0
BRDA:55,0,45,0
BRDA:55,0,46,0
BRDA:55,0,47,0
BRDA:55,0,48,0
BRDA:55,0,49,0
BRDA:55,0,50,0
BRDA:55,0,51,0
BRDA:55,0,52,0
BRDA:55,0,53,0
BRDA:55,0,54,0
BRDA:55,0,55,0
BRDA:55,0,56,0
BRDA:55,0,57,0
BRDA:55,0,58,0
BRDA:55,0,59,0
BRDA:55,0,60,0
BRDA:55,0,61,0
BRDA:55,0,62,0
BRDA:55,0,63,0
DA:56,0
BRDA:56,0,0,0
BRDA:56,0,1,0
BRDA:56,0,2,0
BRDA:56,0,3,0
BRDA:56,0,4,0
BRDA:56,0,5,0
BRDA:56,0,6,0
BRDA:56,0,7,0
BRDA:56,0,8,0
BRDA:56,0,9,0
BRDA:56,0,10,0
BRDA:56,0,11,0
BRDA:56,0,12,0
BRDA:56,0,13,0
BRDA:56,0,14,0
BRDA:56,0,15,0
BRDA:56,0,16,0
BRDA:56,0,17,0
BRDA:56,0,18,0
BRDA:56,0,19,0
BRDA:56,0,20,0
BRDA:56,0,21,0
BRDA:56,0,22,0
BRDA:56,0,23,0
BRDA:56,0,24,0
BRDA:56,0,25,0
BRDA:56,0,26,0
BRDA:56,0,27,0
BRDA:56,0,28,0
BRDA:56,0,29,0
BRDA:56,0,30,0
BRDA:56,0,31,0
BRDA:56,0,32,0
BRDA:56,0,33,0
BRDA:56,0,34,0
BRDA:56,0,35,0
BRDA:56,0,36,0
BRDA:56,0,37,0
BRDA:56,0,38,0
BRDA:56,0,39,0
BRDA:56,0,40,0
BRDA:56,0,41,0
BRDA:56,0,42,0
BRDA:56,0,43,0
BRDA:56,0,44,0
BRDA:56,0,45,0
BRDA:56,0,46,0
BRDA:56,0,47,0
BRDA:56,0,48,0
BRDA:56,0,49,0
BRDA:56,0,50,0
BRDA:56,0,51,0
BRDA:56,0,52,0
BRDA:56,0,53,0
BRDA:56,0,54,0
BRDA:56,0,55,0
BRDA:56,0,56,0
BRDA:56,0,57,0
BRDA:56,0,58,0
BRDA:56,0,59,0
BRDA:56,0,60,0
BRDA:56,0,61,0
BRDA:56,0,62,0
BRDA:56,0,63,0
DA:57,0
BRDA:57,0,0,0
BRDA:57,0,1,0
BRDA:57,0,2,0
BRDA:57,0,3,0
BRDA:57,0,4,0
BRDA:57,0,5,0
BRDA:57,0,6,0
BRDA:57,0,7,0
BRDA:57,0,8,0
BRDA:57,0,9,0
BRDA:57,0,10,0
BRDA:57,0,11,0
BRDA:57,0,12,0
BRDA:57,0,13,0
BRDA:57,0,14,0
BRDA:57,0,15,0
BRDA:57,0,16,0
BRDA:57,0,17,0
BRDA:57,0,18,0
BRDA:57,0,19,0
BRDA:57,0,20,0
BRDA:57,0,21,0
BRDA:57,0,22,0
BRDA:57,0,23,0
BRDA:57,0,24,0
BRDA:57,0,25,0
BRDA:57,0,26,0
BRDA:57,0,27,0
BRDA:57,0,28,0
BRDA:57,0,29,0
BRDA:57,0,30,0
BRDA:57,0,31,0
BRDA:57,0,32,0
BRDA:57,0,33,0
BRDA:57,0,34,0
BRDA:57,0,35,0
BRDA:57,0,36,0
BRDA:57,0,37,0
BRDA:57,0,38,0
BRDA:57,0,39,0
BRDA:57,0,40,0
BRDA:57,0,41,0
BRDA:57,0,42,0
BRDA:57,0,43,0
BRDA:57,0,44,0
BRDA:57,0,45,0
BRDA:57,0,46,0
BRDA:57,0,47,0
BRDA:57,0,48,0
BRDA:57,0,49,0
BRDA:57,0,50,0
BRDA:57,0,51,0
BRDA:57,0,52,0
BRDA:57,0,53,0
BRDA:57,0,54,0
BRDA:57,0,55,0
BRDA:57,0,56,0
BRDA:57,0,57,0
BRDA:57,0,58,0
BRDA:57,0,59,0
BRDA:57,0,60,0
BRDA:57,0,61,0
BRDA:57,0,62,0
BRDA:57,0,63,0
DA:58,0
BRDA:58,0,0,0
BRDA:58,0,1,0
BRDA:58,0,2,0
BRDA:58,0,3,0
BRDA:58,0,4,0
BRDA:58,0,5,0
BRDA:58,0,6,0
BRDA:58,0,7,0
BRDA:58,0,8,0
BRDA:58,0,9,0
BRDA:58,0,10,0
BRDA:58,0,11,0
BRDA:58,0,12,0
BRDA:58,0,13,0
BRDA:58,0,14,0
BRDA:58,0,15,0
BRDA:58,0,16,0
BRDA:58,0,17,0
BRDA:58,0,18,0
BRDA:58,0,19,0
BRDA:58,0,20,0
BRDA:58,0,21,0
BRDA:58,0,22,0
BRDA:58,0,23,0
BRDA:58,0,24,0
BRDA:58,0,25,0
BRDA:58,0,26,0
BRDA:58,0,27,0
BRDA:58,0,28,0
BRDA:58,0,29,0
BRDA:58,0,30,0
BRDA:58,0,31,0
BRDA:58,0,32,0
BRDA:58,0,33,0
BRDA:58,0,34,0
BRDA:58,0,35,0
BRDA:58,0,36,0
BRDA:58,0,37,0
BRDA:58,0,38,0
BRDA:58,0,39,0
BRDA:58,0,40,0
BRDA:58,0,41,0
BRDA:58,0,42,0
BRDA:58,0,43,0
BRDA:58,0,44,0
BRDA:58,0,45,0
BRDA:58,0,46,0
BRDA:58,0,47,0
BRDA:58,0,48,0
BRDA:58,0,49,0
BRDA:58,0,50,0
BRDA:58,0,51,0
BRDA:58,0,52,0
BRDA:58,0,53,0
BRDA:58,0,54,0
BRDA:58,0,55,0
BRDA:58,0,56,0
BRDA:58,0,57,0
BRDA:58,0,58,0
BRDA:58,0,59,0
BRDA:58,0,60,0
BRDA:58,0,61,0
BRDA:58,0,62,0
BRDA:58,0,63,0
DA:66,26
DA:67,25
BRDA:67,0,0,25
BRDA:67,0,1,1
BRDA:67,0,2,25
BRDA:67,0,3,1
DA:68,1
DA:69,1
DA:70,1
DA:71,1
DA:72,1
DA:73,1
DA:74,1
DA:75,1
DA:76,1
DA:77,1
DA:78,1
DA:79,1
DA:80,1
DA:81,25
DA:82,25
DA:83,25
DA:84,25
DA:85,25
BRDA:85,0,0,0
BRDA:85,0,1,25
BRDA:85,0,2,0
BRDA:85,0,3,25
BRDA:85,0,4,0
BRDA:85,0,5,25
BRDA:85,0,6,0
BRDA:85,0,7,25
BRDA:85,0,8,0
BRDA:85,0,9,0
BRDA:85,0,10,0
DA:86,0
DA:87,0
DA:88,0
DA:89,0
DA:90,0
DA:91,0
DA:92,0
DA:93,0
BRDA:93,0,0,0
BRDA:93,0,1,0
DA:94,0
DA:95,0
DA:96,0
DA:97,0
DA:99,0
BRDA:99,0,0,0
BRDA:99,0,1,0
DA:100,0
BRDA:100,0,0,0
BRDA:100,0,1,0
BRDA:100,0,2,0
BRDA:100,0,3,0
DA:101,0
DA:102,0
DA:103,0
BRDA:103,0,0,0
BRDA:103,0,1,0
BRDA:103,0,2,0
BRDA:103,0,3,0
BRDA:103,0,4,0
DA:104,0
DA:105,0
DA:106,0
DA:107,0
DA:109,0
DA:110,0
DA:112,0
DA:113,0
BRDA:113,0,0,0
BRDA:113,0,1,0
DA:114,0
DA:115,0
DA:116,0
DA:117,0
DA:120,25
BRDA:120,0,0,0
BRDA:120,0,1,25
BRDA:120,0,2,25
BRDA:120,0,3,0
BRDA:120,0,4,0
BRDA:120,0,5,0
BRDA:120,0,6,0
BRDA:120,0,7,0
DA:121,0
DA:122,0
BRF:1066
BRH:10
end_of_record
SF:../../handoff/rtl/adaptive_aero_control_mmio.v
DA:42,26
BRDA:42,0,0,26
BRDA:42,0,1,25
DA:43,1
BRDA:43,0,0,1
BRDA:43,0,1,0
DA:44,1
BRDA:44,0,0,1
BRDA:44,0,1,1
BRDA:44,0,2,0
BRDA:44,0,3,0
BRDA:44,0,4,0
BRDA:44,0,5,0
BRDA:44,0,6,0
BRDA:44,0,7,0
BRDA:44,0,8,0
BRDA:44,0,9,0
BRDA:44,0,10,0
BRDA:44,0,11,0
BRDA:44,0,12,0
BRDA:44,0,13,0
BRDA:44,0,14,0
BRDA:44,0,15,0
BRDA:44,0,16,0
BRDA:44,0,17,0
BRDA:44,0,18,0
BRDA:44,0,19,0
BRDA:44,0,20,0
BRDA:44,0,21,0
BRDA:44,0,22,1
BRDA:44,0,23,0
BRDA:44,0,24,0
BRDA:44,0,25,0
BRDA:44,0,26,0
BRDA:44,0,27,0
BRDA:44,0,28,0
BRDA:44,0,29,0
BRDA:44,0,30,0
BRDA:44,0,31,0
BRDA:44,0,32,0
BRDA:44,0,33,0
BRDA:44,0,34,0
BRDA:44,0,35,0
BRDA:44,0,36,0
BRDA:44,0,37,0
BRDA:44,0,38,0
BRDA:44,0,39,0
BRDA:44,0,40,0
BRDA:44,0,41,0
BRDA:44,0,42,0
BRDA:44,0,43,0
BRDA:44,0,44,1
BRDA:44,0,45,0
BRDA:44,0,46,0
BRDA:44,0,47,0
BRDA:44,0,48,0
BRDA:44,0,49,0
BRDA:44,0,50,1
BRDA:44,0,51,0
BRDA:44,0,52,1
BRDA:44,0,53,0
BRDA:44,0,54,0
BRDA:44,0,55,0
BRDA:44,0,56,0
BRDA:44,0,57,0
BRDA:44,0,58,0
BRDA:44,0,59,0
BRDA:44,0,60,0
BRDA:44,0,61,0
BRDA:44,0,62,0
BRDA:44,0,63,0
DA:45,0
BRDA:45,0,0,0
BRDA:45,0,1,0
BRDA:45,0,2,0
BRDA:45,0,3,0
BRDA:45,0,4,0
BRDA:45,0,5,0
BRDA:45,0,6,0
BRDA:45,0,7,0
BRDA:45,0,8,0
BRDA:45,0,9,0
BRDA:45,0,10,0
BRDA:45,0,11,0
BRDA:45,0,12,0
BRDA:45,0,13,0
BRDA:45,0,14,0
BRDA:45,0,15,0
BRDA:45,0,16,0
BRDA:45,0,17,0
BRDA:45,0,18,0
BRDA:45,0,19,0
BRDA:45,0,20,0
BRDA:45,0,21,0
BRDA:45,0,22,0
BRDA:45,0,23,0
BRDA:45,0,24,0
BRDA:45,0,25,0
BRDA:45,0,26,0
BRDA:45,0,27,0
BRDA:45,0,28,0
BRDA:45,0,29,0
BRDA:45,0,30,0
BRDA:45,0,31,0
BRDA:45,0,32,0
BRDA:45,0,33,0
BRDA:45,0,34,0
BRDA:45,0,35,0
BRDA:45,0,36,0
BRDA:45,0,37,0
BRDA:45,0,38,0
BRDA:45,0,39,0
BRDA:45,0,40,0
BRDA:45,0,41,0
BRDA:45,0,42,0
BRDA:45,0,43,0
BRDA:45,0,44,0
BRDA:45,0,45,0
BRDA:45,0,46,0
BRDA:45,0,47,0
BRDA:45,0,48,0
BRDA:45,0,49,0
BRDA:45,0,50,0
BRDA:45,0,51,0
BRDA:45,0,52,0
BRDA:45,0,53,0
BRDA:45,0,54,0
BRDA:45,0,55,0
BRDA:45,0,56,0
BRDA:45,0,57,0
BRDA:45,0,58,0
BRDA:45,0,59,0
BRDA:45,0,60,0
BRDA:45,0,61,0
BRDA:45,0,62,0
BRDA:45,0,63,0
DA:46,1
BRDA:46,0,0,0
BRDA:46,0,1,0
BRDA:46,0,2,0
BRDA:46,0,3,0
BRDA:46,0,4,0
BRDA:46,0,5,0
BRDA:46,0,6,0
BRDA:46,0,7,0
BRDA:46,0,8,0
BRDA:46,0,9,0
BRDA:46,0,10,0
BRDA:46,0,11,0
BRDA:46,0,12,0
BRDA:46,0,13,0
BRDA:46,0,14,0
BRDA:46,0,15,0
BRDA:46,0,16,0
BRDA:46,0,17,0
BRDA:46,0,18,0
BRDA:46,0,19,0
BRDA:46,0,20,0
BRDA:46,0,21,0
BRDA:46,0,22,0
BRDA:46,0,23,0
BRDA:46,0,24,0
BRDA:46,0,25,0
BRDA:46,0,26,0
BRDA:46,0,27,0
BRDA:46,0,28,0
BRDA:46,0,29,0
BRDA:46,0,30,0
BRDA:46,0,31,0
BRDA:46,0,32,0
BRDA:46,0,33,0
BRDA:46,0,34,0
BRDA:46,0,35,0
BRDA:46,0,36,0
BRDA:46,0,37,0
BRDA:46,0,38,0
BRDA:46,0,39,0
BRDA:46,0,40,0
BRDA:46,0,41,0
BRDA:46,0,42,0
BRDA:46,0,43,0
BRDA:46,0,44,0
BRDA:46,0,45,0
BRDA:46,0,46,0
BRDA:46,0,47,0
BRDA:46,0,48,0
BRDA:46,0,49,0
BRDA:46,0,50,0
BRDA:46,0,51,0
BRDA:46,0,52,0
BRDA:46,0,53,0
BRDA:46,0,54,0
BRDA:46,0,55,0
BRDA:46,0,56,1
BRDA:46,0,57,0
BRDA:46,0,58,0
BRDA:46,0,59,0
BRDA:46,0,60,0
BRDA:46,0,61,0
BRDA:46,0,62,0
BRDA:46,0,63,0
DA:47,0
BRDA:47,0,0,0
BRDA:47,0,1,0
DA:48,0
BRDA:48,0,0,0
BRDA:48,0,1,0
DA:49,0
BRDA:49,0,0,0
BRDA:49,0,1,0
DA:50,0
BRDA:50,0,0,0
BRDA:50,0,1,0
DA:51,0
BRDA:51,0,0,0
BRDA:51,0,1,0
DA:52,0
BRDA:52,0,0,0
BRDA:52,0,1,0
DA:53,0
BRDA:53,0,0,0
BRDA:53,0,1,0
BRDA:53,0,2,0
BRDA:53,0,3,0
BRDA:53,0,4,0
BRDA:53,0,5,0
BRDA:53,0,6,0
BRDA:53,0,7,0
DA:54,0
BRDA:54,0,0,0
BRDA:54,0,1,0
BRDA:54,0,2,0
BRDA:54,0,3,0
BRDA:54,0,4,0
BRDA:54,0,5,0
DA:55,0
BRDA:55,0,0,0
BRDA:55,0,1,0
BRDA:55,0,2,0
BRDA:55,0,3,0
DA:56,0
BRDA:56,0,0,0
BRDA:56,0,1,0
DA:57,0
BRDA:57,0,0,0
BRDA:57,0,1,0
DA:58,0
BRDA:58,0,0,0
BRDA:58,0,1,0
DA:59,0
BRDA:59,0,0,0
BRDA:59,0,1,0
DA:60,0
BRDA:60,0,0,0
BRDA:60,0,1,0
BRDA:60,0,2,0
BRDA:60,0,3,0
DA:61,0
BRDA:61,0,0,0
BRDA:61,0,1,0
BRDA:61,0,2,0
BRDA:61,0,3,0
BRDA:61,0,4,0
BRDA:61,0,5,0
BRDA:61,0,6,0
BRDA:61,0,7,0
BRDA:61,0,8,0
BRDA:61,0,9,0
BRDA:61,0,10,0
BRDA:61,0,11,0
BRDA:61,0,12,0
BRDA:61,0,13,0
BRDA:61,0,14,0
BRDA:61,0,15,0
BRDA:61,0,16,0
BRDA:61,0,17,0
BRDA:61,0,18,0
BRDA:61,0,19,0
BRDA:61,0,20,0
BRDA:61,0,21,0
BRDA:61,0,22,0
BRDA:61,0,23,0
BRDA:61,0,24,0
BRDA:61,0,25,0
BRDA:61,0,26,0
BRDA:61,0,27,0
BRDA:61,0,28,0
BRDA:61,0,29,0
BRDA:61,0,30,0
BRDA:61,0,31,0
DA:62,0
BRDA:62,0,0,0
BRDA:62,0,1,0
BRDA:62,0,2,0
BRDA:62,0,3,0
BRDA:62,0,4,0
BRDA:62,0,5,0
BRDA:62,0,6,0
BRDA:62,0,7,0
BRDA:62,0,8,0
BRDA:62,0,9,0
BRDA:62,0,10,0
BRDA:62,0,11,0
BRDA:62,0,12,0
BRDA:62,0,13,0
BRDA:62,0,14,0
BRDA:62,0,15,0
BRDA:62,0,16,0
BRDA:62,0,17,0
BRDA:62,0,18,0
BRDA:62,0,19,0
BRDA:62,0,20,0
BRDA:62,0,21,0
BRDA:62,0,22,0
BRDA:62,0,23,0
BRDA:62,0,24,0
BRDA:62,0,25,0
BRDA:62,0,26,0
BRDA:62,0,27,0
BRDA:62,0,28,0
BRDA:62,0,29,0
BRDA:62,0,30,0
BRDA:62,0,31,0
DA:63,0
BRDA:63,0,0,0
BRDA:63,0,1,0
BRDA:63,0,2,0
BRDA:63,0,3,0
BRDA:63,0,4,0
BRDA:63,0,5,0
BRDA:63,0,6,0
BRDA:63,0,7,0
BRDA:63,0,8,0
BRDA:63,0,9,0
BRDA:63,0,10,0
BRDA:63,0,11,0
BRDA:63,0,12,0
BRDA:63,0,13,0
BRDA:63,0,14,0
BRDA:63,0,15,0
BRDA:63,0,16,0
BRDA:63,0,17,0
BRDA:63,0,18,0
BRDA:63,0,19,0
BRDA:63,0,20,0
BRDA:63,0,21,0
BRDA:63,0,22,0
BRDA:63,0,23,0
BRDA:63,0,24,0
BRDA:63,0,25,0
BRDA:63,0,26,0
BRDA:63,0,27,0
BRDA:63,0,28,0
BRDA:63,0,29,0
BRDA:63,0,30,0
BRDA:63,0,31,0
DA:64,0
BRDA:64,0,0,0
BRDA:64,0,1,0
BRDA:64,0,2,0
BRDA:64,0,3,0
BRDA:64,0,4,0
BRDA:64,0,5,0
BRDA:64,0,6,0
BRDA:64,0,7,0
BRDA:64,0,8,0
BRDA:64,0,9,0
BRDA:64,0,10,0
BRDA:64,0,11,0
BRDA:64,0,12,0
BRDA:64,0,13,0
BRDA:64,0,14,0
BRDA:64,0,15,0
BRDA:64,0,16,0
BRDA:64,0,17,0
BRDA:64,0,18,0
BRDA:64,0,19,0
BRDA:64,0,20,0
BRDA:64,0,21,0
BRDA:64,0,22,0
BRDA:64,0,23,0
BRDA:64,0,24,0
BRDA:64,0,25,0
BRDA:64,0,26,0
BRDA:64,0,27,0
BRDA:64,0,28,0
BRDA:64,0,29,0
BRDA:64,0,30,0
BRDA:64,0,31,0
DA:65,0
BRDA:65,0,0,0
BRDA:65,0,1,0
BRDA:65,0,2,0
BRDA:65,0,3,0
BRDA:65,0,4,0
BRDA:65,0,5,0
BRDA:65,0,6,0
BRDA:65,0,7,0
BRDA:65,0,8,0
BRDA:65,0,9,0
BRDA:65,0,10,0
BRDA:65,0,11,0
BRDA:65,0,12,0
BRDA:65,0,13,0
BRDA:65,0,14,0
BRDA:65,0,15,0
BRDA:65,0,16,0
BRDA:65,0,17,0
BRDA:65,0,18,0
BRDA:65,0,19,0
BRDA:65,0,20,0
BRDA:65,0,21,0
BRDA:65,0,22,0
BRDA:65,0,23,0
BRDA:65,0,24,0
BRDA:65,0,25,0
BRDA:65,0,26,0
BRDA:65,0,27,0
BRDA:65,0,28,0
BRDA:65,0,29,0
BRDA:65,0,30,0
BRDA:65,0,31,0
DA:66,0
BRDA:66,0,0,0
BRDA:66,0,1,0
BRDA:66,0,2,0
BRDA:66,0,3,0
BRDA:66,0,4,0
BRDA:66,0,5,0
BRDA:66,0,6,0
BRDA:66,0,7,0
BRDA:66,0,8,0
BRDA:66,0,9,0
BRDA:66,0,10,0
BRDA:66,0,11,0
BRDA:66,0,12,0
BRDA:66,0,13,0
BRDA:66,0,14,0
BRDA:66,0,15,0
BRDA:66,0,16,0
BRDA:66,0,17,0
BRDA:66,0,18,0
BRDA:66,0,19,0
BRDA:66,0,20,0
BRDA:66,0,21,0
BRDA:66,0,22,0
BRDA:66,0,23,0
BRDA:66,0,24,0
BRDA:66,0,25,0
BRDA:66,0,26,0
BRDA:66,0,27,0
BRDA:66,0,28,0
BRDA:66,0,29,0
BRDA:66,0,30,0
BRDA:66,0,31,0
BRDA:66,0,32,0
BRDA:66,0,33,0
BRDA:66,0,34,0
BRDA:66,0,35,0
BRDA:66,0,36,0
BRDA:66,0,37,0
BRDA:66,0,38,0
BRDA:66,0,39,0
BRDA:66,0,40,0
BRDA:66,0,41,0
BRDA:66,0,42,0
BRDA:66,0,43,0
BRDA:66,0,44,0
BRDA:66,0,45,0
BRDA:66,0,46,0
BRDA:66,0,47,0
BRDA:66,0,48,0
BRDA:66,0,49,0
BRDA:66,0,50,0
BRDA:66,0,51,0
BRDA:66,0,52,0
BRDA:66,0,53,0
BRDA:66,0,54,0
BRDA:66,0,55,0
BRDA:66,0,56,0
BRDA:66,0,57,0
BRDA:66,0,58,0
BRDA:66,0,59,0
BRDA:66,0,60,0
BRDA:66,0,61,0
BRDA:66,0,62,0
BRDA:66,0,63,0
DA:67,0
BRDA:67,0,0,0
BRDA:67,0,1,0
DA:68,0
BRDA:68,0,0,0
BRDA:68,0,1,0
DA:69,0
BRDA:69,0,0,0
BRDA:69,0,1,0
DA:70,0
BRDA:70,0,0,0
BRDA:70,0,1,0
DA:71,0
BRDA:71,0,0,0
BRDA:71,0,1,0
DA:72,0
BRDA:72,0,0,0
BRDA:72,0,1,0
DA:73,0
BRDA:73,0,0,0
BRDA:73,0,1,0
DA:74,1
BRDA:74,0,0,1
BRDA:74,0,1,0
DA:75,0
BRDA:75,0,0,0
BRDA:75,0,1,0
DA:76,0
BRDA:76,0,0,0
BRDA:76,0,1,0
BRDA:76,0,2,0
BRDA:76,0,3,0
BRDA:76,0,4,0
BRDA:76,0,5,0
BRDA:76,0,6,0
BRDA:76,0,7,0
BRDA:76,0,8,0
BRDA:76,0,9,0
BRDA:76,0,10,0
BRDA:76,0,11,0
BRDA:76,0,12,0
BRDA:76,0,13,0
BRDA:76,0,14,0
BRDA:76,0,15,0
BRDA:76,0,16,0
BRDA:76,0,17,0
BRDA:76,0,18,0
BRDA:76,0,19,0
BRDA:76,0,20,0
BRDA:76,0,21,0
BRDA:76,0,22,0
BRDA:76,0,23,0
BRDA:76,0,24,0
BRDA:76,0,25,0
BRDA:76,0,26,0
BRDA:76,0,27,0
BRDA:76,0,28,0
BRDA:76,0,29,0
BRDA:76,0,30,0
BRDA:76,0,31,0
DA:77,0
BRDA:77,0,0,0
BRDA:77,0,1,0
BRDA:77,0,2,0
BRDA:77,0,3,0
BRDA:77,0,4,0
BRDA:77,0,5,0
BRDA:77,0,6,0
BRDA:77,0,7,0
BRDA:77,0,8,0
BRDA:77,0,9,0
BRDA:77,0,10,0
BRDA:77,0,11,0
BRDA:77,0,12,0
BRDA:77,0,13,0
BRDA:77,0,14,0
BRDA:77,0,15,0
BRDA:77,0,16,0
BRDA:77,0,17,0
BRDA:77,0,18,0
BRDA:77,0,19,0
BRDA:77,0,20,0
BRDA:77,0,21,0
BRDA:77,0,22,0
BRDA:77,0,23,0
BRDA:77,0,24,0
BRDA:77,0,25,0
BRDA:77,0,26,0
BRDA:77,0,27,0
BRDA:77,0,28,0
BRDA:77,0,29,0
BRDA:77,0,30,0
BRDA:77,0,31,0
BRDA:77,0,32,0
BRDA:77,0,33,0
BRDA:77,0,34,0
BRDA:77,0,35,0
BRDA:77,0,36,0
BRDA:77,0,37,0
BRDA:77,0,38,0
BRDA:77,0,39,0
BRDA:77,0,40,0
BRDA:77,0,41,0
BRDA:77,0,42,0
BRDA:77,0,43,0
BRDA:77,0,44,0
BRDA:77,0,45,0
BRDA:77,0,46,0
BRDA:77,0,47,0
BRDA:77,0,48,0
BRDA:77,0,49,0
BRDA:77,0,50,0
BRDA:77,0,51,0
BRDA:77,0,52,0
BRDA:77,0,53,0
BRDA:77,0,54,0
BRDA:77,0,55,0
BRDA:77,0,56,0
BRDA:77,0,57,0
BRDA:77,0,58,0
BRDA:77,0,59,0
BRDA:77,0,60,0
BRDA:77,0,61,0
BRDA:77,0,62,0
BRDA:77,0,63,0
DA:78,0
BRDA:78,0,0,0
BRDA:78,0,1,0
BRDA:78,0,2,0
BRDA:78,0,3,0
BRDA:78,0,4,0
BRDA:78,0,5,0
BRDA:78,0,6,0
BRDA:78,0,7,0
BRDA:78,0,8,0
BRDA:78,0,9,0
BRDA:78,0,10,0
BRDA:78,0,11,0
BRDA:78,0,12,0
BRDA:78,0,13,0
BRDA:78,0,14,0
BRDA:78,0,15,0
BRDA:78,0,16,0
BRDA:78,0,17,0
BRDA:78,0,18,0
BRDA:78,0,19,0
BRDA:78,0,20,0
BRDA:78,0,21,0
BRDA:78,0,22,0
BRDA:78,0,23,0
BRDA:78,0,24,0
BRDA:78,0,25,0
BRDA:78,0,26,0
BRDA:78,0,27,0
BRDA:78,0,28,0
BRDA:78,0,29,0
BRDA:78,0,30,0
BRDA:78,0,31,0
BRDA:78,0,32,0
BRDA:78,0,33,0
BRDA:78,0,34,0
BRDA:78,0,35,0
BRDA:78,0,36,0
BRDA:78,0,37,0
BRDA:78,0,38,0
BRDA:78,0,39,0
BRDA:78,0,40,0
BRDA:78,0,41,0
BRDA:78,0,42,0
BRDA:78,0,43,0
BRDA:78,0,44,0
BRDA:78,0,45,0
BRDA:78,0,46,0
BRDA:78,0,47,0
BRDA:78,0,48,0
BRDA:78,0,49,0
BRDA:78,0,50,0
BRDA:78,0,51,0
BRDA:78,0,52,0
BRDA:78,0,53,0
BRDA:78,0,54,0
BRDA:78,0,55,0
BRDA:78,0,56,0
BRDA:78,0,57,0
BRDA:78,0,58,0
BRDA:78,0,59,0
BRDA:78,0,60,0
BRDA:78,0,61,0
BRDA:78,0,62,0
BRDA:78,0,63,0
BRDA:78,0,64,0
BRDA:78,0,65,0
BRDA:78,0,66,0
BRDA:78,0,67,0
BRDA:78,0,68,0
BRDA:78,0,69,0
BRDA:78,0,70,0
BRDA:78,0,71,0
BRDA:78,0,72,0
BRDA:78,0,73,0
BRDA:78,0,74,0
BRDA:78,0,75,0
BRDA:78,0,76,0
BRDA:78,0,77,0
BRDA:78,0,78,0
BRDA:78,0,79,0
BRDA:78,0,80,0
BRDA:78,0,81,0
BRDA:78,0,82,0
BRDA:78,0,83,0
BRDA:78,0,84,0
BRDA:78,0,85,0
BRDA:78,0,86,0
BRDA:78,0,87,0
BRDA:78,0,88,0
BRDA:78,0,89,0
BRDA:78,0,90,0
BRDA:78,0,91,0
BRDA:78,0,92,0
BRDA:78,0,93,0
BRDA:78,0,94,0
BRDA:78,0,95,0
BRDA:78,0,96,0
BRDA:78,0,97,0
BRDA:78,0,98,0
BRDA:78,0,99,0
BRDA:78,0,100,0
BRDA:78,0,101,0
BRDA:78,0,102,0
BRDA:78,0,103,0
BRDA:78,0,104,0
BRDA:78,0,105,0
BRDA:78,0,106,0
BRDA:78,0,107,0
BRDA:78,0,108,0
BRDA:78,0,109,0
BRDA:78,0,110,0
BRDA:78,0,111,0
BRDA:78,0,112,0
BRDA:78,0,113,0
BRDA:78,0,114,0
BRDA:78,0,115,0
BRDA:78,0,116,0
BRDA:78,0,117,0
BRDA:78,0,118,0
BRDA:78,0,119,0
BRDA:78,0,120,0
BRDA:78,0,121,0
BRDA:78,0,122,0
BRDA:78,0,123,0
BRDA:78,0,124,0
BRDA:78,0,125,0
BRDA:78,0,126,0
BRDA:78,0,127,0
DA:79,1
BRDA:79,0,0,1
BRDA:79,0,1,0
BRDA:79,0,2,0
BRDA:79,0,3,0
BRDA:79,0,4,0
BRDA:79,0,5,0
BRDA:79,0,6,0
BRDA:79,0,7,0
BRDA:79,0,8,0
BRDA:79,0,9,0
BRDA:79,0,10,0
BRDA:79,0,11,0
BRDA:79,0,12,0
BRDA:79,0,13,0
BRDA:79,0,14,0
BRDA:79,0,15,0
BRDA:79,0,16,0
BRDA:79,0,17,0
BRDA:79,0,18,0
BRDA:79,0,19,0
BRDA:79,0,20,0
BRDA:79,0,21,0
BRDA:79,0,22,0
BRDA:79,0,23,0
BRDA:79,0,24,0
BRDA:79,0,25,0
BRDA:79,0,26,0
BRDA:79,0,27,0
BRDA:79,0,28,0
BRDA:79,0,29,0
BRDA:79,0,30,0
BRDA:79,0,31,0
DA:80,0
BRDA:80,0,0,0
BRDA:80,0,1,0
DA:82,0
BRDA:82,0,0,0
BRDA:82,0,1,0
DA:83,0
BRDA:83,0,0,0
BRDA:83,0,1,0
DA:84,0
BRDA:84,0,0,0
BRDA:84,0,1,0
DA:85,0
BRDA:85,0,0,0
BRDA:85,0,1,0
DA:86,0
BRDA:86,0,0,0
BRDA:86,0,1,0
BRDA:86,0,2,0
BRDA:86,0,3,0
DA:87,0
BRDA:87,0,0,0
BRDA:87,0,1,0
BRDA:87,0,2,0
BRDA:87,0,3,0
BRDA:87,0,4,0
BRDA:87,0,5,0
BRDA:87,0,6,0
BRDA:87,0,7,0
BRDA:87,0,8,0
BRDA:87,0,9,0
BRDA:87,0,10,0
BRDA:87,0,11,0
BRDA:87,0,12,0
BRDA:87,0,13,0
BRDA:87,0,14,0
BRDA:87,0,15,0
BRDA:87,0,16,0
BRDA:87,0,17,0
BRDA:87,0,18,0
BRDA:87,0,19,0
BRDA:87,0,20,0
BRDA:87,0,21,0
BRDA:87,0,22,0
BRDA:87,0,23,0
BRDA:87,0,24,0
BRDA:87,0,25,0
BRDA:87,0,26,0
BRDA:87,0,27,0
BRDA:87,0,28,0
BRDA:87,0,29,0
BRDA:87,0,30,0
BRDA:87,0,31,0
DA:88,0
BRDA:88,0,0,0
BRDA:88,0,1,0
BRDA:88,0,2,0
BRDA:88,0,3,0
BRDA:88,0,4,0
BRDA:88,0,5,0
BRDA:88,0,6,0
BRDA:88,0,7,0
BRDA:88,0,8,0
BRDA:88,0,9,0
BRDA:88,0,10,0
BRDA:88,0,11,0
BRDA:88,0,12,0
BRDA:88,0,13,0
BRDA:88,0,14,0
BRDA:88,0,15,0
BRDA:88,0,16,0
BRDA:88,0,17,0
BRDA:88,0,18,0
BRDA:88,0,19,0
BRDA:88,0,20,0
BRDA:88,0,21,0
BRDA:88,0,22,0
BRDA:88,0,23,0
BRDA:88,0,24,0
BRDA:88,0,25,0
BRDA:88,0,26,0
BRDA:88,0,27,0
BRDA:88,0,28,0
BRDA:88,0,29,0
BRDA:88,0,30,0
BRDA:88,0,31,0
DA:89,0
BRDA:89,0,0,0
BRDA:89,0,1,0
BRDA:89,0,2,0
BRDA:89,0,3,0
BRDA:89,0,4,0
BRDA:89,0,5,0
BRDA:89,0,6,0
BRDA:89,0,7,0
BRDA:89,0,8,0
BRDA:89,0,9,0
BRDA:89,0,10,0
BRDA:89,0,11,0
BRDA:89,0,12,0
BRDA:89,0,13,0
BRDA:89,0,14,0
BRDA:89,0,15,0
BRDA:89,0,16,0
BRDA:89,0,17,0
BRDA:89,0,18,0
BRDA:89,0,19,0
BRDA:89,0,20,0
BRDA:89,0,21,0
BRDA:89,0,22,0
BRDA:89,0,23,0
BRDA:89,0,24,0
BRDA:89,0,25,0
BRDA:89,0,26,0
BRDA:89,0,27,0
BRDA:89,0,28,0
BRDA:89,0,29,0
BRDA:89,0,30,0
BRDA:89,0,31,0
DA:90,0
BRDA:90,0,0,0
BRDA:90,0,1,0
BRDA:90,0,2,0
BRDA:90,0,3,0
BRDA:90,0,4,0
BRDA:90,0,5,0
BRDA:90,0,6,0
BRDA:90,0,7,0
BRDA:90,0,8,0
BRDA:90,0,9,0
BRDA:90,0,10,0
BRDA:90,0,11,0
BRDA:90,0,12,0
BRDA:90,0,13,0
BRDA:90,0,14,0
BRDA:90,0,15,0
BRDA:90,0,16,0
BRDA:90,0,17,0
BRDA:90,0,18,0
BRDA:90,0,19,0
BRDA:90,0,20,0
BRDA:90,0,21,0
BRDA:90,0,22,0
BRDA:90,0,23,0
BRDA:90,0,24,0
BRDA:90,0,25,0
BRDA:90,0,26,0
BRDA:90,0,27,0
BRDA:90,0,28,0
BRDA:90,0,29,0
BRDA:90,0,30,0
BRDA:90,0,31,0
DA:91,0
BRDA:91,0,0,0
BRDA:91,0,1,0
BRDA:91,0,2,0
BRDA:91,0,3,0
BRDA:91,0,4,0
BRDA:91,0,5,0
BRDA:91,0,6,0
BRDA:91,0,7,0
BRDA:91,0,8,0
BRDA:91,0,9,0
BRDA:91,0,10,0
BRDA:91,0,11,0
BRDA:91,0,12,0
BRDA:91,0,13,0
BRDA:91,0,14,0
BRDA:91,0,15,0
BRDA:91,0,16,0
BRDA:91,0,17,0
BRDA:91,0,18,0
BRDA:91,0,19,0
BRDA:91,0,20,0
BRDA:91,0,21,0
BRDA:91,0,22,0
BRDA:91,0,23,0
BRDA:91,0,24,0
BRDA:91,0,25,0
BRDA:91,0,26,0
BRDA:91,0,27,0
BRDA:91,0,28,0
BRDA:91,0,29,0
BRDA:91,0,30,0
BRDA:91,0,31,0
DA:92,0
BRDA:92,0,0,0
BRDA:92,0,1,0
BRDA:92,0,2,0
BRDA:92,0,3,0
BRDA:92,0,4,0
BRDA:92,0,5,0
BRDA:92,0,6,0
BRDA:92,0,7,0
BRDA:92,0,8,0
BRDA:92,0,9,0
BRDA:92,0,10,0
BRDA:92,0,11,0
BRDA:92,0,12,0
BRDA:92,0,13,0
BRDA:92,0,14,0
BRDA:92,0,15,0
BRDA:92,0,16,0
BRDA:92,0,17,0
BRDA:92,0,18,0
BRDA:92,0,19,0
BRDA:92,0,20,0
BRDA:92,0,21,0
BRDA:92,0,22,0
BRDA:92,0,23,0
BRDA:92,0,24,0
BRDA:92,0,25,0
BRDA:92,0,26,0
BRDA:92,0,27,0
BRDA:92,0,28,0
BRDA:92,0,29,0
BRDA:92,0,30,0
BRDA:92,0,31,0
BRDA:92,0,32,0
BRDA:92,0,33,0
BRDA:92,0,34,0
BRDA:92,0,35,0
BRDA:92,0,36,0
BRDA:92,0,37,0
BRDA:92,0,38,0
BRDA:92,0,39,0
BRDA:92,0,40,0
BRDA:92,0,41,0
BRDA:92,0,42,0
BRDA:92,0,43,0
BRDA:92,0,44,0
BRDA:92,0,45,0
BRDA:92,0,46,0
BRDA:92,0,47,0
BRDA:92,0,48,0
BRDA:92,0,49,0
BRDA:92,0,50,0
BRDA:92,0,51,0
BRDA:92,0,52,0
BRDA:92,0,53,0
BRDA:92,0,54,0
BRDA:92,0,55,0
BRDA:92,0,56,0
BRDA:92,0,57,0
BRDA:92,0,58,0
BRDA:92,0,59,0
BRDA:92,0,60,0
BRDA:92,0,61,0
BRDA:92,0,62,0
BRDA:92,0,63,0
DA:93,0
BRDA:93,0,0,0
BRDA:93,0,1,0
DA:94,1
BRDA:94,0,0,0
BRDA:94,0,1,0
BRDA:94,0,2,0
BRDA:94,0,3,0
BRDA:94,0,4,0
BRDA:94,0,5,0
BRDA:94,0,6,0
BRDA:94,0,7,0
BRDA:94,0,8,0
BRDA:94,0,9,0
BRDA:94,0,10,0
BRDA:94,0,11,0
BRDA:94,0,12,0
BRDA:94,0,13,0
BRDA:94,0,14,0
BRDA:94,0,15,0
BRDA:94,0,16,0
BRDA:94,0,17,0
BRDA:94,0,18,0
BRDA:94,0,19,0
BRDA:94,0,20,0
BRDA:94,0,21,0
BRDA:94,0,22,0
BRDA:94,0,23,0
BRDA:94,0,24,0
BRDA:94,0,25,0
BRDA:94,0,26,0
BRDA:94,0,27,0
BRDA:94,0,28,0
BRDA:94,0,29,0
BRDA:94,0,30,0
BRDA:94,0,31,0
BRDA:94,0,32,0
BRDA:94,0,33,0
BRDA:94,0,34,0
BRDA:94,0,35,0
BRDA:94,0,36,0
BRDA:94,0,37,0
BRDA:94,0,38,0
BRDA:94,0,39,0
BRDA:94,0,40,0
BRDA:94,0,41,0
BRDA:94,0,42,0
BRDA:94,0,43,0
BRDA:94,0,44,0
BRDA:94,0,45,0
BRDA:94,0,46,0
BRDA:94,0,47,0
BRDA:94,0,48,0
BRDA:94,0,49,0
BRDA:94,0,50,0
BRDA:94,0,51,0
BRDA:94,0,52,0
BRDA:94,0,53,0
BRDA:94,0,54,0
BRDA:94,0,55,0
BRDA:94,0,56,1
BRDA:94,0,57,0
BRDA:94,0,58,0
BRDA:94,0,59,0
BRDA:94,0,60,0
BRDA:94,0,61,0
BRDA:94,0,62,0
BRDA:94,0,63,0
DA:95,0
BRDA:95,0,0,0
BRDA:95,0,1,0
DA:96,0
BRDA:96,0,0,0
BRDA:96,0,1,0
DA:97,1
BRDA:97,0,0,1
BRDA:97,0,1,1
BRDA:97,0,2,0
BRDA:97,0,3,0
BRDA:97,0,4,0
BRDA:97,0,5,0
BRDA:97,0,6,0
BRDA:97,0,7,0
BRDA:97,0,8,0
BRDA:97,0,9,0
BRDA:97,0,10,0
BRDA:97,0,11,0
BRDA:97,0,12,0
BRDA:97,0,13,0
BRDA:97,0,14,0
BRDA:97,0,15,0
BRDA:97,0,16,0
BRDA:97,0,17,0
BRDA:97,0,18,0
BRDA:97,0,19,0
BRDA:97,0,20,0
BRDA:97,0,21,0
BRDA:97,0,22,1
BRDA:97,0,23,0
BRDA:97,0,24,0
BRDA:97,0,25,0
BRDA:97,0,26,0
BRDA:97,0,27,0
BRDA:97,0,28,0
BRDA:97,0,29,0
BRDA:97,0,30,0
BRDA:97,0,31,0
BRDA:97,0,32,0
BRDA:97,0,33,0
BRDA:97,0,34,0
BRDA:97,0,35,0
BRDA:97,0,36,0
BRDA:97,0,37,0
BRDA:97,0,38,0
BRDA:97,0,39,0
BRDA:97,0,40,0
BRDA:97,0,41,0
BRDA:97,0,42,0
BRDA:97,0,43,0
BRDA:97,0,44,1
BRDA:97,0,45,0
BRDA:97,0,46,0
BRDA:97,0,47,0
BRDA:97,0,48,0
BRDA:97,0,49,0
BRDA:97,0,50,1
BRDA:97,0,51,0
BRDA:97,0,52,1
BRDA:97,0,53,0
BRDA:97,0,54,0
BRDA:97,0,55,0
BRDA:97,0,56,0
BRDA:97,0,57,0
BRDA:97,0,58,0
BRDA:97,0,59,0
BRDA:97,0,60,0
BRDA:97,0,61,0
BRDA:97,0,62,0
BRDA:97,0,63,0
DA:98,1
BRDA:98,0,0,0
BRDA:98,0,1,0
BRDA:98,0,2,0
BRDA:98,0,3,0
BRDA:98,0,4,0
BRDA:98,0,5,0
BRDA:98,0,6,0
BRDA:98,0,7,0
BRDA:98,0,8,0
BRDA:98,0,9,0
BRDA:98,0,10,0
BRDA:98,0,11,0
BRDA:98,0,12,0
BRDA:98,0,13,0
BRDA:98,0,14,0
BRDA:98,0,15,0
BRDA:98,0,16,0
BRDA:98,0,17,0
BRDA:98,0,18,0
BRDA:98,0,19,0
BRDA:98,0,20,0
BRDA:98,0,21,0
BRDA:98,0,22,0
BRDA:98,0,23,0
BRDA:98,0,24,0
BRDA:98,0,25,0
BRDA:98,0,26,0
BRDA:98,0,27,0
BRDA:98,0,28,0
BRDA:98,0,29,0
BRDA:98,0,30,0
BRDA:98,0,31,0
BRDA:98,0,32,0
BRDA:98,0,33,0
BRDA:98,0,34,0
BRDA:98,0,35,0
BRDA:98,0,36,0
BRDA:98,0,37,0
BRDA:98,0,38,0
BRDA:98,0,39,0
BRDA:98,0,40,0
BRDA:98,0,41,0
BRDA:98,0,42,0
BRDA:98,0,43,0
BRDA:98,0,44,0
BRDA:98,0,45,0
BRDA:98,0,46,0
BRDA:98,0,47,0
BRDA:98,0,48,0
BRDA:98,0,49,0
BRDA:98,0,50,0
BRDA:98,0,51,0
BRDA:98,0,52,0
BRDA:98,0,53,0
BRDA:98,0,54,0
BRDA:98,0,55,0
BRDA:98,0,56,1
BRDA:98,0,57,1
BRDA:98,0,58,0
BRDA:98,0,59,0
BRDA:98,0,60,0
BRDA:98,0,61,0
BRDA:98,0,62,0
BRDA:98,0,63,0
DA:99,0
BRDA:99,0,0,0
BRDA:99,0,1,0
DA:100,0
BRDA:100,0,0,0
BRDA:100,0,1,0
DA:101,0
BRDA:101,0,0,0
BRDA:101,0,1,0
DA:102,0
BRDA:102,0,0,0
BRDA:102,0,1,0
BRDA:102,0,2,0
BRDA:102,0,3,0
BRDA:102,0,4,0
BRDA:102,0,5,0
BRDA:102,0,6,0
BRDA:102,0,7,0
BRDA:102,0,8,0
BRDA:102,0,9,0
BRDA:102,0,10,0
BRDA:102,0,11,0
BRDA:102,0,12,0
BRDA:102,0,13,0
BRDA:102,0,14,0
BRDA:102,0,15,0
BRDA:102,0,16,0
BRDA:102,0,17,0
BRDA:102,0,18,0
BRDA:102,0,19,0
BRDA:102,0,20,0
BRDA:102,0,21,0
BRDA:102,0,22,0
BRDA:102,0,23,0
BRDA:102,0,24,0
BRDA:102,0,25,0
BRDA:102,0,26,0
BRDA:102,0,27,0
BRDA:102,0,28,0
BRDA:102,0,29,0
BRDA:102,0,30,0
BRDA:102,0,31,0
BRDA:102,0,32,0
BRDA:102,0,33,0
BRDA:102,0,34,0
BRDA:102,0,35,0
BRDA:102,0,36,0
BRDA:102,0,37,0
BRDA:102,0,38,0
BRDA:102,0,39,0
BRDA:102,0,40,0
BRDA:102,0,41,0
BRDA:102,0,42,0
BRDA:102,0,43,0
BRDA:102,0,44,0
BRDA:102,0,45,0
BRDA:102,0,46,0
BRDA:102,0,47,0
BRDA:102,0,48,0
BRDA:102,0,49,0
BRDA:102,0,50,0
BRDA:102,0,51,0
BRDA:102,0,52,0
BRDA:102,0,53,0
BRDA:102,0,54,0
BRDA:102,0,55,0
BRDA:102,0,56,0
BRDA:102,0,57,0
BRDA:102,0,58,0
BRDA:102,0,59,0
BRDA:102,0,60,0
BRDA:102,0,61,0
BRDA:102,0,62,0
BRDA:102,0,63,0
DA:103,0
BRDA:103,0,0,0
BRDA:103,0,1,0
BRDA:103,0,2,0
BRDA:103,0,3,0
BRDA:103,0,4,0
BRDA:103,0,5,0
BRDA:103,0,6,0
BRDA:103,0,7,0
BRDA:103,0,8,0
BRDA:103,0,9,0
BRDA:103,0,10,0
BRDA:103,0,11,0
BRDA:103,0,12,0
BRDA:103,0,13,0
BRDA:103,0,14,0
BRDA:103,0,15,0
BRDA:103,0,16,0
BRDA:103,0,17,0
BRDA:103,0,18,0
BRDA:103,0,19,0
BRDA:103,0,20,0
BRDA:103,0,21,0
BRDA:103,0,22,0
BRDA:103,0,23,0
BRDA:103,0,24,0
BRDA:103,0,25,0
BRDA:103,0,26,0
BRDA:103,0,27,0
BRDA:103,0,28,0
BRDA:103,0,29,0
BRDA:103,0,30,0
BRDA:103,0,31,0
BRDA:103,0,32,0
BRDA:103,0,33,0
BRDA:103,0,34,0
BRDA:103,0,35,0
BRDA:103,0,36,0
BRDA:103,0,37,0
BRDA:103,0,38,0
BRDA:103,0,39,0
BRDA:103,0,40,0
BRDA:103,0,41,0
BRDA:103,0,42,0
BRDA:103,0,43,0
BRDA:103,0,44,0
BRDA:103,0,45,0
BRDA:103,0,46,0
BRDA:103,0,47,0
BRDA:103,0,48,0
BRDA:103,0,49,0
BRDA:103,0,50,0
BRDA:103,0,51,0
BRDA:103,0,52,0
BRDA:103,0,53,0
BRDA:103,0,54,0
BRDA:103,0,55,0
BRDA:103,0,56,0
BRDA:103,0,57,0
BRDA:103,0,58,0
BRDA:103,0,59,0
BRDA:103,0,60,0
BRDA:103,0,61,0
BRDA:103,0,62,0
BRDA:103,0,63,0
DA:104,0
BRDA:104,0,0,0
BRDA:104,0,1,0
BRDA:104,0,2,0
BRDA:104,0,3,0
BRDA:104,0,4,0
BRDA:104,0,5,0
BRDA:104,0,6,0
BRDA:104,0,7,0
BRDA:104,0,8,0
BRDA:104,0,9,0
BRDA:104,0,10,0
BRDA:104,0,11,0
BRDA:104,0,12,0
BRDA:104,0,13,0
BRDA:104,0,14,0
BRDA:104,0,15,0
BRDA:104,0,16,0
BRDA:104,0,17,0
BRDA:104,0,18,0
BRDA:104,0,19,0
BRDA:104,0,20,0
BRDA:104,0,21,0
BRDA:104,0,22,0
BRDA:104,0,23,0
BRDA:104,0,24,0
BRDA:104,0,25,0
BRDA:104,0,26,0
BRDA:104,0,27,0
BRDA:104,0,28,0
BRDA:104,0,29,0
BRDA:104,0,30,0
BRDA:104,0,31,0
BRDA:104,0,32,0
BRDA:104,0,33,0
BRDA:104,0,34,0
BRDA:104,0,35,0
BRDA:104,0,36,0
BRDA:104,0,37,0
BRDA:104,0,38,0
BRDA:104,0,39,0
BRDA:104,0,40,0
BRDA:104,0,41,0
BRDA:104,0,42,0
BRDA:104,0,43,0
BRDA:104,0,44,0
BRDA:104,0,45,0
BRDA:104,0,46,0
BRDA:104,0,47,0
BRDA:104,0,48,0
BRDA:104,0,49,0
BRDA:104,0,50,0
BRDA:104,0,51,0
BRDA:104,0,52,0
BRDA:104,0,53,0
BRDA:104,0,54,0
BRDA:104,0,55,0
BRDA:104,0,56,0
BRDA:104,0,57,0
BRDA:104,0,58,0
BRDA:104,0,59,0
BRDA:104,0,60,0
BRDA:104,0,61,0
BRDA:104,0,62,0
BRDA:104,0,63,0
DA:105,0
BRDA:105,0,0,0
BRDA:105,0,1,0
BRDA:105,0,2,0
BRDA:105,0,3,0
BRDA:105,0,4,0
BRDA:105,0,5,0
BRDA:105,0,6,0
BRDA:105,0,7,0
BRDA:105,0,8,0
BRDA:105,0,9,0
BRDA:105,0,10,0
BRDA:105,0,11,0
BRDA:105,0,12,0
BRDA:105,0,13,0
BRDA:105,0,14,0
BRDA:105,0,15,0
BRDA:105,0,16,0
BRDA:105,0,17,0
BRDA:105,0,18,0
BRDA:105,0,19,0
BRDA:105,0,20,0
BRDA:105,0,21,0
BRDA:105,0,22,0
BRDA:105,0,23,0
BRDA:105,0,24,0
BRDA:105,0,25,0
BRDA:105,0,26,0
BRDA:105,0,27,0
BRDA:105,0,28,0
BRDA:105,0,29,0
BRDA:105,0,30,0
BRDA:105,0,31,0
BRDA:105,0,32,0
BRDA:105,0,33,0
BRDA:105,0,34,0
BRDA:105,0,35,0
BRDA:105,0,36,0
BRDA:105,0,37,0
BRDA:105,0,38,0
BRDA:105,0,39,0
BRDA:105,0,40,0
BRDA:105,0,41,0
BRDA:105,0,42,0
BRDA:105,0,43,0
BRDA:105,0,44,0
BRDA:105,0,45,0
BRDA:105,0,46,0
BRDA:105,0,47,0
BRDA:105,0,48,0
BRDA:105,0,49,0
BRDA:105,0,50,0
BRDA:105,0,51,0
BRDA:105,0,52,0
BRDA:105,0,53,0
BRDA:105,0,54,0
BRDA:105,0,55,0
BRDA:105,0,56,0
BRDA:105,0,57,0
BRDA:105,0,58,0
BRDA:105,0,59,0
BRDA:105,0,60,0
BRDA:105,0,61,0
BRDA:105,0,62,0
BRDA:105,0,63,0
DA:106,0
BRDA:106,0,0,0
BRDA:106,0,1,0
BRDA:106,0,2,0
BRDA:106,0,3,0
BRDA:106,0,4,0
BRDA:106,0,5,0
BRDA:106,0,6,0
BRDA:106,0,7,0
BRDA:106,0,8,0
BRDA:106,0,9,0
BRDA:106,0,10,0
BRDA:106,0,11,0
BRDA:106,0,12,0
BRDA:106,0,13,0
BRDA:106,0,14,0
BRDA:106,0,15,0
BRDA:106,0,16,0
BRDA:106,0,17,0
BRDA:106,0,18,0
BRDA:106,0,19,0
BRDA:106,0,20,0
BRDA:106,0,21,0
BRDA:106,0,22,0
BRDA:106,0,23,0
BRDA:106,0,24,0
BRDA:106,0,25,0
BRDA:106,0,26,0
BRDA:106,0,27,0
BRDA:106,0,28,0
BRDA:106,0,29,0
BRDA:106,0,30,0
BRDA:106,0,31,0
BRDA:106,0,32,0
BRDA:106,0,33,0
BRDA:106,0,34,0
BRDA:106,0,35,0
BRDA:106,0,36,0
BRDA:106,0,37,0
BRDA:106,0,38,0
BRDA:106,0,39,0
BRDA:106,0,40,0
BRDA:106,0,41,0
BRDA:106,0,42,0
BRDA:106,0,43,0
BRDA:106,0,44,0
BRDA:106,0,45,0
BRDA:106,0,46,0
BRDA:106,0,47,0
BRDA:106,0,48,0
BRDA:106,0,49,0
BRDA:106,0,50,0
BRDA:106,0,51,0
BRDA:106,0,52,0
BRDA:106,0,53,0
BRDA:106,0,54,0
BRDA:106,0,55,0
BRDA:106,0,56,0
BRDA:106,0,57,0
BRDA:106,0,58,0
BRDA:106,0,59,0
BRDA:106,0,60,0
BRDA:106,0,61,0
BRDA:106,0,62,0
BRDA:106,0,63,0
DA:107,0
BRDA:107,0,0,0
BRDA:107,0,1,0
BRDA:107,0,2,0
BRDA:107,0,3,0
BRDA:107,0,4,0
BRDA:107,0,5,0
BRDA:107,0,6,0
BRDA:107,0,7,0
BRDA:107,0,8,0
BRDA:107,0,9,0
BRDA:107,0,10,0
BRDA:107,0,11,0
BRDA:107,0,12,0
BRDA:107,0,13,0
BRDA:107,0,14,0
BRDA:107,0,15,0
BRDA:107,0,16,0
BRDA:107,0,17,0
BRDA:107,0,18,0
BRDA:107,0,19,0
BRDA:107,0,20,0
BRDA:107,0,21,0
BRDA:107,0,22,0
BRDA:107,0,23,0
BRDA:107,0,24,0
BRDA:107,0,25,0
BRDA:107,0,26,0
BRDA:107,0,27,0
BRDA:107,0,28,0
BRDA:107,0,29,0
BRDA:107,0,30,0
BRDA:107,0,31,0
BRDA:107,0,32,0
BRDA:107,0,33,0
BRDA:107,0,34,0
BRDA:107,0,35,0
BRDA:107,0,36,0
BRDA:107,0,37,0
BRDA:107,0,38,0
BRDA:107,0,39,0
BRDA:107,0,40,0
BRDA:107,0,41,0
BRDA:107,0,42,0
BRDA:107,0,43,0
BRDA:107,0,44,0
BRDA:107,0,45,0
BRDA:107,0,46,0
BRDA:107,0,47,0
BRDA:107,0,48,0
BRDA:107,0,49,0
BRDA:107,0,50,0
BRDA:107,0,51,0
BRDA:107,0,52,0
BRDA:107,0,53,0
BRDA:107,0,54,0
BRDA:107,0,55,0
BRDA:107,0,56,0
BRDA:107,0,57,0
BRDA:107,0,58,0
BRDA:107,0,59,0
BRDA:107,0,60,0
BRDA:107,0,61,0
BRDA:107,0,62,0
BRDA:107,0,63,0
DA:108,0
BRDA:108,0,0,0
BRDA:108,0,1,0
BRDA:108,0,2,0
BRDA:108,0,3,0
BRDA:108,0,4,0
BRDA:108,0,5,0
BRDA:108,0,6,0
BRDA:108,0,7,0
BRDA:108,0,8,0
BRDA:108,0,9,0
BRDA:108,0,10,0
BRDA:108,0,11,0
BRDA:108,0,12,0
BRDA:108,0,13,0
BRDA:108,0,14,0
BRDA:108,0,15,0
BRDA:108,0,16,0
BRDA:108,0,17,0
BRDA:108,0,18,0
BRDA:108,0,19,0
BRDA:108,0,20,0
BRDA:108,0,21,0
BRDA:108,0,22,0
BRDA:108,0,23,0
BRDA:108,0,24,0
BRDA:108,0,25,0
BRDA:108,0,26,0
BRDA:108,0,27,0
BRDA:108,0,28,0
BRDA:108,0,29,0
BRDA:108,0,30,0
BRDA:108,0,31,0
BRDA:108,0,32,0
BRDA:108,0,33,0
BRDA:108,0,34,0
BRDA:108,0,35,0
BRDA:108,0,36,0
BRDA:108,0,37,0
BRDA:108,0,38,0
BRDA:108,0,39,0
BRDA:108,0,40,0
BRDA:108,0,41,0
BRDA:108,0,42,0
BRDA:108,0,43,0
BRDA:108,0,44,0
BRDA:108,0,45,0
BRDA:108,0,46,0
BRDA:108,0,47,0
BRDA:108,0,48,0
BRDA:108,0,49,0
BRDA:108,0,50,0
BRDA:108,0,51,0
BRDA:108,0,52,0
BRDA:108,0,53,0
BRDA:108,0,54,0
BRDA:108,0,55,0
BRDA:108,0,56,0
BRDA:108,0,57,0
BRDA:108,0,58,0
BRDA:108,0,59,0
BRDA:108,0,60,0
BRDA:108,0,61,0
BRDA:108,0,62,0
BRDA:108,0,63,0
DA:109,0
BRDA:109,0,0,0
BRDA:109,0,1,0
BRDA:109,0,2,0
BRDA:109,0,3,0
BRDA:109,0,4,0
BRDA:109,0,5,0
BRDA:109,0,6,0
BRDA:109,0,7,0
BRDA:109,0,8,0
BRDA:109,0,9,0
BRDA:109,0,10,0
BRDA:109,0,11,0
BRDA:109,0,12,0
BRDA:109,0,13,0
BRDA:109,0,14,0
BRDA:109,0,15,0
BRDA:109,0,16,0
BRDA:109,0,17,0
BRDA:109,0,18,0
BRDA:109,0,19,0
BRDA:109,0,20,0
BRDA:109,0,21,0
BRDA:109,0,22,0
BRDA:109,0,23,0
BRDA:109,0,24,0
BRDA:109,0,25,0
BRDA:109,0,26,0
BRDA:109,0,27,0
BRDA:109,0,28,0
BRDA:109,0,29,0
BRDA:109,0,30,0
BRDA:109,0,31,0
BRDA:109,0,32,0
BRDA:109,0,33,0
BRDA:109,0,34,0
BRDA:109,0,35,0
BRDA:109,0,36,0
BRDA:109,0,37,0
BRDA:109,0,38,0
BRDA:109,0,39,0
BRDA:109,0,40,0
BRDA:109,0,41,0
BRDA:109,0,42,0
BRDA:109,0,43,0
BRDA:109,0,44,0
BRDA:109,0,45,0
BRDA:109,0,46,0
BRDA:109,0,47,0
BRDA:109,0,48,0
BRDA:109,0,49,0
BRDA:109,0,50,0
BRDA:109,0,51,0
BRDA:109,0,52,0
BRDA:109,0,53,0
BRDA:109,0,54,0
BRDA:109,0,55,0
BRDA:109,0,56,0
BRDA:109,0,57,0
BRDA:109,0,58,0
BRDA:109,0,59,0
BRDA:109,0,60,0
BRDA:109,0,61,0
BRDA:109,0,62,0
BRDA:109,0,63,0
DA:128,153
DA:129,153
DA:130,153
BRDA:130,0,0,153
BRDA:130,0,1,153
BRDA:130,0,2,0
BRDA:130,0,3,153
DA:131,153
BRDA:131,0,0,153
BRDA:131,0,1,153
BRDA:131,0,2,0
BRDA:131,0,3,153
DA:132,153
BRDA:132,0,0,153
BRDA:132,0,1,153
BRDA:132,0,2,0
BRDA:132,0,3,0
DA:133,153
DA:134,153
DA:135,153
DA:136,153
DA:137,153
DA:138,153
DA:139,153
DA:140,153
DA:141,153
DA:142,153
DA:143,153
DA:144,153
DA:145,153
DA:146,153
DA:147,153
DA:148,153
DA:149,153
DA:150,153
DA:151,153
DA:152,153
DA:153,128
DA:154,24
DA:155,0
DA:156,0
DA:157,0
DA:158,0
DA:159,0
DA:160,1
DA:161,0
DA:162,0
DA:163,0
DA:164,0
DA:165,0
DA:166,0
DA:167,0
DA:171,26
DA:172,25
BRDA:172,0,0,25
BRDA:172,0,1,1
BRDA:172,0,2,25
BRDA:172,0,3,1
DA:173,1
DA:174,1
DA:175,1
DA:176,1
DA:177,1
DA:178,1
DA:179,1
DA:180,1
DA:181,1
DA:182,1
DA:183,1
DA:184,1
DA:185,1
DA:186,1
DA:187,1
DA:188,25
DA:189,25
DA:190,25
DA:191,25
DA:192,25
DA:193,25
BRDA:193,0,0,25
BRDA:193,0,1,25
BRDA:193,0,2,25
BRDA:193,0,3,0
DA:194,25
DA:195,25
BRDA:195,0,0,0
BRDA:195,0,1,25
DA:196,0
DA:197,0
DA:198,0
BRDA:198,0,0,0
BRDA:198,0,1,0
DA:199,0
DA:200,0
DA:201,0
DA:204,0
DA:205,0
BRDA:205,0,0,0
BRDA:205,0,1,0
DA:207,0
DA:208,0
BRDA:208,0,0,0
BRDA:208,0,1,0
DA:210,0
DA:211,0
BRDA:211,0,0,0
BRDA:211,0,1,0
DA:213,0
DA:214,0
BRDA:214,0,0,0
BRDA:214,0,1,0
DA:216,0
DA:217,0
BRDA:217,0,0,0
BRDA:217,0,1,0
DA:219,0
DA:220,0
BRDA:220,0,0,0
BRDA:220,0,1,0
DA:221,0
DA:222,0
DA:225,0
DA:226,0
BRDA:226,0,0,0
BRDA:226,0,1,0
BRDA:226,0,2,0
BRDA:226,0,3,0
BRDA:226,0,4,0
DA:228,0
DA:231,0
BRDA:231,0,0,0
BRDA:231,0,1,0
BRDA:231,0,2,0
BRDA:231,0,3,0
BRDA:231,0,4,0
BRDA:231,0,5,0
BRF:1737
BRH:16
end_of_record
SF:../../handoff/rtl/adaptive_aero_control_top.v
DA:27,26
BRDA:27,0,0,26
BRDA:27,0,1,25
DA:28,1
BRDA:28,0,0,1
BRDA:28,0,1,0
DA:29,1
BRDA:29,0,0,1
BRDA:29,0,1,1
BRDA:29,0,2,0
BRDA:29,0,3,0
BRDA:29,0,4,0
BRDA:29,0,5,0
BRDA:29,0,6,0
BRDA:29,0,7,0
BRDA:29,0,8,0
BRDA:29,0,9,0
BRDA:29,0,10,0
BRDA:29,0,11,0
BRDA:29,0,12,0
BRDA:29,0,13,0
BRDA:29,0,14,0
BRDA:29,0,15,0
BRDA:29,0,16,0
BRDA:29,0,17,0
BRDA:29,0,18,0
BRDA:29,0,19,0
BRDA:29,0,20,0
BRDA:29,0,21,0
BRDA:29,0,22,1
BRDA:29,0,23,0
BRDA:29,0,24,0
BRDA:29,0,25,0
BRDA:29,0,26,0
BRDA:29,0,27,0
BRDA:29,0,28,0
BRDA:29,0,29,0
BRDA:29,0,30,0
BRDA:29,0,31,0
BRDA:29,0,32,0
BRDA:29,0,33,0
BRDA:29,0,34,0
BRDA:29,0,35,0
BRDA:29,0,36,0
BRDA:29,0,37,0
BRDA:29,0,38,0
BRDA:29,0,39,0
BRDA:29,0,40,0
BRDA:29,0,41,0
BRDA:29,0,42,0
BRDA:29,0,43,0
BRDA:29,0,44,1
BRDA:29,0,45,0
BRDA:29,0,46,0
BRDA:29,0,47,0
BRDA:29,0,48,0
BRDA:29,0,49,0
BRDA:29,0,50,1
BRDA:29,0,51,0
BRDA:29,0,52,1
BRDA:29,0,53,0
BRDA:29,0,54,0
BRDA:29,0,55,0
BRDA:29,0,56,0
BRDA:29,0,57,0
BRDA:29,0,58,0
BRDA:29,0,59,0
BRDA:29,0,60,0
BRDA:29,0,61,0
BRDA:29,0,62,0
BRDA:29,0,63,0
DA:30,0
BRDA:30,0,0,0
BRDA:30,0,1,0
BRDA:30,0,2,0
BRDA:30,0,3,0
BRDA:30,0,4,0
BRDA:30,0,5,0
BRDA:30,0,6,0
BRDA:30,0,7,0
BRDA:30,0,8,0
BRDA:30,0,9,0
BRDA:30,0,10,0
BRDA:30,0,11,0
BRDA:30,0,12,0
BRDA:30,0,13,0
BRDA:30,0,14,0
BRDA:30,0,15,0
BRDA:30,0,16,0
BRDA:30,0,17,0
BRDA:30,0,18,0
BRDA:30,0,19,0
BRDA:30,0,20,0
BRDA:30,0,21,0
BRDA:30,0,22,0
BRDA:30,0,23,0
BRDA:30,0,24,0
BRDA:30,0,25,0
BRDA:30,0,26,0
BRDA:30,0,27,0
BRDA:30,0,28,0
BRDA:30,0,29,0
BRDA:30,0,30,0
BRDA:30,0,31,0
BRDA:30,0,32,0
BRDA:30,0,33,0
BRDA:30,0,34,0
BRDA:30,0,35,0
BRDA:30,0,36,0
BRDA:30,0,37,0
BRDA:30,0,38,0
BRDA:30,0,39,0
BRDA:30,0,40,0
BRDA:30,0,41,0
BRDA:30,0,42,0
BRDA:30,0,43,0
BRDA:30,0,44,0
BRDA:30,0,45,0
BRDA:30,0,46,0
BRDA:30,0,47,0
BRDA:30,0,48,0
BRDA:30,0,49,0
BRDA:30,0,50,0
BRDA:30,0,51,0
BRDA:30,0,52,0
BRDA:30,0,53,0
BRDA:30,0,54,0
BRDA:30,0,55,0
BRDA:30,0,56,0
BRDA:30,0,57,0
BRDA:30,0,58,0
BRDA:30,0,59,0
BRDA:30,0,60,0
BRDA:30,0,61,0
BRDA:30,0,62,0
BRDA:30,0,63,0
DA:31,1
BRDA:31,0,0,0
BRDA:31,0,1,0
BRDA:31,0,2,0
BRDA:31,0,3,0
BRDA:31,0,4,0
BRDA:31,0,5,0
BRDA:31,0,6,0
BRDA:31,0,7,0
BRDA:31,0,8,0
BRDA:31,0,9,0
BRDA:31,0,10,0
BRDA:31,0,11,0
BRDA:31,0,12,0
BRDA:31,0,13,0
BRDA:31,0,14,0
BRDA:31,0,15,0
BRDA:31,0,16,0
BRDA:31,0,17,0
BRDA:31,0,18,0
BRDA:31,0,19,0
BRDA:31,0,20,0
BRDA:31,0,21,0
BRDA:31,0,22,0
BRDA:31,0,23,0
BRDA:31,0,24,0
BRDA:31,0,25,0
BRDA:31,0,26,0
BRDA:31,0,27,0
BRDA:31,0,28,0
BRDA:31,0,29,0
BRDA:31,0,30,0
BRDA:31,0,31,0
BRDA:31,0,32,0
BRDA:31,0,33,0
BRDA:31,0,34,0
BRDA:31,0,35,0
BRDA:31,0,36,0
BRDA:31,0,37,0
BRDA:31,0,38,0
BRDA:31,0,39,0
BRDA:31,0,40,0
BRDA:31,0,41,0
BRDA:31,0,42,0
BRDA:31,0,43,0
BRDA:31,0,44,0
BRDA:31,0,45,0
BRDA:31,0,46,0
BRDA:31,0,47,0
BRDA:31,0,48,0
BRDA:31,0,49,0
BRDA:31,0,50,0
BRDA:31,0,51,0
BRDA:31,0,52,0
BRDA:31,0,53,0
BRDA:31,0,54,0
BRDA:31,0,55,0
BRDA:31,0,56,1
BRDA:31,0,57,0
BRDA:31,0,58,0
BRDA:31,0,59,0
BRDA:31,0,60,0
BRDA:31,0,61,0
BRDA:31,0,62,0
BRDA:31,0,63,0
DA:32,0
BRDA:32,0,0,0
BRDA:32,0,1,0
DA:33,0
BRDA:33,0,0,0
BRDA:33,0,1,0
DA:34,0
BRDA:34,0,0,0
BRDA:34,0,1,0
DA:35,0
BRDA:35,0,0,0
BRDA:35,0,1,0
DA:36,0
BRDA:36,0,0,0
BRDA:36,0,1,0
DA:37,0
BRDA:37,0,0,0
BRDA:37,0,1,0
DA:38,0
BRDA:38,0,0,0
BRDA:38,0,1,0
BRDA:38,0,2,0
BRDA:38,0,3,0
BRDA:38,0,4,0
BRDA:38,0,5,0
BRDA:38,0,6,0
BRDA:38,0,7,0
DA:39,0
BRDA:39,0,0,0
BRDA:39,0,1,0
BRDA:39,0,2,0
BRDA:39,0,3,0
BRDA:39,0,4,0
BRDA:39,0,5,0
DA:40,0
BRDA:40,0,0,0
BRDA:40,0,1,0
BRDA:40,0,2,0
BRDA:40,0,3,0
DA:41,0
BRDA:41,0,0,0
BRDA:41,0,1,0
DA:42,0
BRDA:42,0,0,0
BRDA:42,0,1,0
DA:43,0
BRDA:43,0,0,0
BRDA:43,0,1,0
BRDA:43,0,2,0
BRDA:43,0,3,0
BRDA:43,0,4,0
BRDA:43,0,5,0
BRDA:43,0,6,0
BRDA:43,0,7,0
BRDA:43,0,8,0
BRDA:43,0,9,0
BRDA:43,0,10,0
BRDA:43,0,11,0
BRDA:43,0,12,0
BRDA:43,0,13,0
BRDA:43,0,14,0
BRDA:43,0,15,0
BRDA:43,0,16,0
BRDA:43,0,17,0
BRDA:43,0,18,0
BRDA:43,0,19,0
BRDA:43,0,20,0
BRDA:43,0,21,0
BRDA:43,0,22,0
BRDA:43,0,23,0
BRDA:43,0,24,0
BRDA:43,0,25,0
BRDA:43,0,26,0
BRDA:43,0,27,0
BRDA:43,0,28,0
BRDA:43,0,29,0
BRDA:43,0,30,0
BRDA:43,0,31,0
BRDA:43,0,32,0
BRDA:43,0,33,0
BRDA:43,0,34,0
BRDA:43,0,35,0
BRDA:43,0,36,0
BRDA:43,0,37,0
BRDA:43,0,38,0
BRDA:43,0,39,0
BRDA:43,0,40,0
BRDA:43,0,41,0
BRDA:43,0,42,0
BRDA:43,0,43,0
BRDA:43,0,44,0
BRDA:43,0,45,0
BRDA:43,0,46,0
BRDA:43,0,47,0
BRDA:43,0,48,0
BRDA:43,0,49,0
BRDA:43,0,50,0
BRDA:43,0,51,0
BRDA:43,0,52,0
BRDA:43,0,53,0
BRDA:43,0,54,0
BRDA:43,0,55,0
BRDA:43,0,56,0
BRDA:43,0,57,0
BRDA:43,0,58,0
BRDA:43,0,59,0
BRDA:43,0,60,0
BRDA:43,0,61,0
BRDA:43,0,62,0
BRDA:43,0,63,0
BRDA:43,0,64,0
BRDA:43,0,65,0
BRDA:43,0,66,0
BRDA:43,0,67,0
BRDA:43,0,68,0
BRDA:43,0,69,0
BRDA:43,0,70,0
BRDA:43,0,71,0
BRDA:43,0,72,0
BRDA:43,0,73,0
BRDA:43,0,74,0
BRDA:43,0,75,0
BRDA:43,0,76,0
BRDA:43,0,77,0
BRDA:43,0,78,0
BRDA:43,0,79,0
BRDA:43,0,80,0
BRDA:43,0,81,0
BRDA:43,0,82,0
BRDA:43,0,83,0
BRDA:43,0,84,0
BRDA:43,0,85,0
BRDA:43,0,86,0
BRDA:43,0,87,0
BRDA:43,0,88,0
BRDA:43,0,89,0
BRDA:43,0,90,0
BRDA:43,0,91,0
BRDA:43,0,92,0
BRDA:43,0,93,0
BRDA:43,0,94,0
BRDA:43,0,95,0
BRDA:43,0,96,0
BRDA:43,0,97,0
BRDA:43,0,98,0
BRDA:43,0,99,0
BRDA:43,0,100,0
BRDA:43,0,101,0
BRDA:43,0,102,0
BRDA:43,0,103,0
BRDA:43,0,104,0
BRDA:43,0,105,0
BRDA:43,0,106,0
BRDA:43,0,107,0
BRDA:43,0,108,0
BRDA:43,0,109,0
BRDA:43,0,110,0
BRDA:43,0,111,0
BRDA:43,0,112,0
BRDA:43,0,113,0
BRDA:43,0,114,0
BRDA:43,0,115,0
BRDA:43,0,116,0
BRDA:43,0,117,0
BRDA:43,0,118,0
BRDA:43,0,119,0
BRDA:43,0,120,0
BRDA:43,0,121,0
BRDA:43,0,122,0
BRDA:43,0,123,0
BRDA:43,0,124,0
BRDA:43,0,125,0
BRDA:43,0,126,0
BRDA:43,0,127,0
DA:44,0
BRDA:44,0,0,0
BRDA:44,0,1,0
DA:45,0
BRDA:45,0,0,0
BRDA:45,0,1,0
DA:46,0
BRDA:46,0,0,0
BRDA:46,0,1,0
BRDA:46,0,2,0
BRDA:46,0,3,0
BRDA:46,0,4,0
BRDA:46,0,5,0
BRDA:46,0,6,0
BRDA:46,0,7,0
BRDA:46,0,8,0
BRDA:46,0,9,0
BRDA:46,0,10,0
BRDA:46,0,11,0
BRDA:46,0,12,0
BRDA:46,0,13,0
BRDA:46,0,14,0
BRDA:46,0,15,0
BRDA:46,0,16,0
BRDA:46,0,17,0
BRDA:46,0,18,0
BRDA:46,0,19,0
BRDA:46,0,20,0
BRDA:46,0,21,0
BRDA:46,0,22,0
BRDA:46,0,23,0
BRDA:46,0,24,0
BRDA:46,0,25,0
BRDA:46,0,26,0
BRDA:46,0,27,0
BRDA:46,0,28,0
BRDA:46,0,29,0
BRDA:46,0,30,0
BRDA:46,0,31,0
BRDA:46,0,32,0
BRDA:46,0,33,0
BRDA:46,0,34,0
BRDA:46,0,35,0
BRDA:46,0,36,0
BRDA:46,0,37,0
BRDA:46,0,38,0
BRDA:46,0,39,0
BRDA:46,0,40,0
BRDA:46,0,41,0
BRDA:46,0,42,0
BRDA:46,0,43,0
BRDA:46,0,44,0
BRDA:46,0,45,0
BRDA:46,0,46,0
BRDA:46,0,47,0
BRDA:46,0,48,0
BRDA:46,0,49,0
BRDA:46,0,50,0
BRDA:46,0,51,0
BRDA:46,0,52,0
BRDA:46,0,53,0
BRDA:46,0,54,0
BRDA:46,0,55,0
BRDA:46,0,56,0
BRDA:46,0,57,0
BRDA:46,0,58,0
BRDA:46,0,59,0
BRDA:46,0,60,0
BRDA:46,0,61,0
BRDA:46,0,62,0
BRDA:46,0,63,0
BRDA:46,0,64,0
BRDA:46,0,65,0
BRDA:46,0,66,0
BRDA:46,0,67,0
BRDA:46,0,68,0
BRDA:46,0,69,0
BRDA:46,0,70,0
BRDA:46,0,71,0
BRDA:46,0,72,0
BRDA:46,0,73,0
BRDA:46,0,74,0
BRDA:46,0,75,0
BRDA:46,0,76,0
BRDA:46,0,77,0
BRDA:46,0,78,0
BRDA:46,0,79,0
BRDA:46,0,80,0
BRDA:46,0,81,0
BRDA:46,0,82,0
BRDA:46,0,83,0
BRDA:46,0,84,0
BRDA:46,0,85,0
BRDA:46,0,86,0
BRDA:46,0,87,0
BRDA:46,0,88,0
BRDA:46,0,89,0
BRDA:46,0,90,0
BRDA:46,0,91,0
BRDA:46,0,92,0
BRDA:46,0,93,0
BRDA:46,0,94,0
BRDA:46,0,95,0
BRDA:46,0,96,0
BRDA:46,0,97,0
BRDA:46,0,98,0
BRDA:46,0,99,0
BRDA:46,0,100,0
BRDA:46,0,101,0
BRDA:46,0,102,0
BRDA:46,0,103,0
BRDA:46,0,104,0
BRDA:46,0,105,0
BRDA:46,0,106,0
BRDA:46,0,107,0
BRDA:46,0,108,0
BRDA:46,0,109,0
BRDA:46,0,110,0
BRDA:46,0,111,0
BRDA:46,0,112,0
BRDA:46,0,113,0
BRDA:46,0,114,0
BRDA:46,0,115,0
BRDA:46,0,116,0
BRDA:46,0,117,0
BRDA:46,0,118,0
BRDA:46,0,119,0
BRDA:46,0,120,0
BRDA:46,0,121,0
BRDA:46,0,122,0
BRDA:46,0,123,0
BRDA:46,0,124,0
BRDA:46,0,125,0
BRDA:46,0,126,0
BRDA:46,0,127,0
DA:47,1
BRDA:47,0,0,1
BRDA:47,0,1,0
DA:48,0
BRDA:48,0,0,0
BRDA:48,0,1,0
DA:49,0
BRDA:49,0,0,0
BRDA:49,0,1,0
DA:50,0
BRDA:50,0,0,0
BRDA:50,0,1,0
BRDA:50,0,2,0
BRDA:50,0,3,0
BRDA:50,0,4,0
BRDA:50,0,5,0
BRDA:50,0,6,0
BRDA:50,0,7,0
BRDA:50,0,8,0
BRDA:50,0,9,0
BRDA:50,0,10,0
BRDA:50,0,11,0
BRDA:50,0,12,0
BRDA:50,0,13,0
BRDA:50,0,14,0
BRDA:50,0,15,0
BRDA:50,0,16,0
BRDA:50,0,17,0
BRDA:50,0,18,0
BRDA:50,0,19,0
BRDA:50,0,20,0
BRDA:50,0,21,0
BRDA:50,0,22,0
BRDA:50,0,23,0
BRDA:50,0,24,0
BRDA:50,0,25,0
BRDA:50,0,26,0
BRDA:50,0,27,0
BRDA:50,0,28,0
BRDA:50,0,29,0
BRDA:50,0,30,0
BRDA:50,0,31,0
BRDA:50,0,32,0
BRDA:50,0,33,0
BRDA:50,0,34,0
BRDA:50,0,35,0
BRDA:50,0,36,0
BRDA:50,0,37,0
BRDA:50,0,38,0
BRDA:50,0,39,0
BRDA:50,0,40,0
BRDA:50,0,41,0
BRDA:50,0,42,0
BRDA:50,0,43,0
BRDA:50,0,44,0
BRDA:50,0,45,0
BRDA:50,0,46,0
BRDA:50,0,47,0
BRDA:50,0,48,0
BRDA:50,0,49,0
BRDA:50,0,50,0
BRDA:50,0,51,0
BRDA:50,0,52,0
BRDA:50,0,53,0
BRDA:50,0,54,0
BRDA:50,0,55,0
BRDA:50,0,56,0
BRDA:50,0,57,0
BRDA:50,0,58,0
BRDA:50,0,59,0
BRDA:50,0,60,0
BRDA:50,0,61,0
BRDA:50,0,62,0
BRDA:50,0,63,0
DA:51,0
BRDA:51,0,0,0
BRDA:51,0,1,0
DA:52,0
BRDA:52,0,0,0
BRDA:52,0,1,0
DA:53,0
BRDA:53,0,0,0
BRDA:53,0,1,0
DA:54,0
BRDA:54,0,0,0
BRDA:54,0,1,0
DA:55,0
BRDA:55,0,0,0
BRDA:55,0,1,0
BRDA:55,0,2,0
BRDA:55,0,3,0
DA:56,0
BRDA:56,0,0,0
BRDA:56,0,1,0
BRDA:56,0,2,0
BRDA:56,0,3,0
BRDA:56,0,4,0
BRDA:56,0,5,0
BRDA:56,0,6,0
BRDA:56,0,7,0
BRDA:56,0,8,0
BRDA:56,0,9,0
BRDA:56,0,10,0
BRDA:56,0,11,0
BRDA:56,0,12,0
BRDA:56,0,13,0
BRDA:56,0,14,0
BRDA:56,0,15,0
BRDA:56,0,16,0
BRDA:56,0,17,0
BRDA:56,0,18,0
BRDA:56,0,19,0
BRDA:56,0,20,0
BRDA:56,0,21,0
BRDA:56,0,22,0
BRDA:56,0,23,0
BRDA:56,0,24,0
BRDA:56,0,25,0
BRDA:56,0,26,0
BRDA:56,0,27,0
BRDA:56,0,28,0
BRDA:56,0,29,0
BRDA:56,0,30,0
BRDA:56,0,31,0
DA:57,0
BRDA:57,0,0,0
BRDA:57,0,1,0
BRDA:57,0,2,0
BRDA:57,0,3,0
BRDA:57,0,4,0
BRDA:57,0,5,0
BRDA:57,0,6,0
BRDA:57,0,7,0
BRDA:57,0,8,0
BRDA:57,0,9,0
BRDA:57,0,10,0
BRDA:57,0,11,0
BRDA:57,0,12,0
BRDA:57,0,13,0
BRDA:57,0,14,0
BRDA:57,0,15,0
BRDA:57,0,16,0
BRDA:57,0,17,0
BRDA:57,0,18,0
BRDA:57,0,19,0
BRDA:57,0,20,0
BRDA:57,0,21,0
BRDA:57,0,22,0
BRDA:57,0,23,0
BRDA:57,0,24,0
BRDA:57,0,25,0
BRDA:57,0,26,0
BRDA:57,0,27,0
BRDA:57,0,28,0
BRDA:57,0,29,0
BRDA:57,0,30,0
BRDA:57,0,31,0
DA:58,0
BRDA:58,0,0,0
BRDA:58,0,1,0
BRDA:58,0,2,0
BRDA:58,0,3,0
BRDA:58,0,4,0
BRDA:58,0,5,0
BRDA:58,0,6,0
BRDA:58,0,7,0
BRDA:58,0,8,0
BRDA:58,0,9,0
BRDA:58,0,10,0
BRDA:58,0,11,0
BRDA:58,0,12,0
BRDA:58,0,13,0
BRDA:58,0,14,0
BRDA:58,0,15,0
BRDA:58,0,16,0
BRDA:58,0,17,0
BRDA:58,0,18,0
BRDA:58,0,19,0
BRDA:58,0,20,0
BRDA:58,0,21,0
BRDA:58,0,22,0
BRDA:58,0,23,0
BRDA:58,0,24,0
BRDA:58,0,25,0
BRDA:58,0,26,0
BRDA:58,0,27,0
BRDA:58,0,28,0
BRDA:58,0,29,0
BRDA:58,0,30,0
BRDA:58,0,31,0
DA:59,0
BRDA:59,0,0,0
BRDA:59,0,1,0
BRDA:59,0,2,0
BRDA:59,0,3,0
BRDA:59,0,4,0
BRDA:59,0,5,0
BRDA:59,0,6,0
BRDA:59,0,7,0
BRDA:59,0,8,0
BRDA:59,0,9,0
BRDA:59,0,10,0
BRDA:59,0,11,0
BRDA:59,0,12,0
BRDA:59,0,13,0
BRDA:59,0,14,0
BRDA:59,0,15,0
BRDA:59,0,16,0
BRDA:59,0,17,0
BRDA:59,0,18,0
BRDA:59,0,19,0
BRDA:59,0,20,0
BRDA:59,0,21,0
BRDA:59,0,22,0
BRDA:59,0,23,0
BRDA:59,0,24,0
BRDA:59,0,25,0
BRDA:59,0,26,0
BRDA:59,0,27,0
BRDA:59,0,28,0
BRDA:59,0,29,0
BRDA:59,0,30,0
BRDA:59,0,31,0
DA:60,0
BRDA:60,0,0,0
BRDA:60,0,1,0
BRDA:60,0,2,0
BRDA:60,0,3,0
BRDA:60,0,4,0
BRDA:60,0,5,0
BRDA:60,0,6,0
BRDA:60,0,7,0
BRDA:60,0,8,0
BRDA:60,0,9,0
BRDA:60,0,10,0
BRDA:60,0,11,0
BRDA:60,0,12,0
BRDA:60,0,13,0
BRDA:60,0,14,0
BRDA:60,0,15,0
BRDA:60,0,16,0
BRDA:60,0,17,0
BRDA:60,0,18,0
BRDA:60,0,19,0
BRDA:60,0,20,0
BRDA:60,0,21,0
BRDA:60,0,22,0
BRDA:60,0,23,0
BRDA:60,0,24,0
BRDA:60,0,25,0
BRDA:60,0,26,0
BRDA:60,0,27,0
BRDA:60,0,28,0
BRDA:60,0,29,0
BRDA:60,0,30,0
BRDA:60,0,31,0
DA:61,0
BRDA:61,0,0,0
BRDA:61,0,1,0
BRDA:61,0,2,0
BRDA:61,0,3,0
BRDA:61,0,4,0
BRDA:61,0,5,0
BRDA:61,0,6,0
BRDA:61,0,7,0
BRDA:61,0,8,0
BRDA:61,0,9,0
BRDA:61,0,10,0
BRDA:61,0,11,0
BRDA:61,0,12,0
BRDA:61,0,13,0
BRDA:61,0,14,0
BRDA:61,0,15,0
BRDA:61,0,16,0
BRDA:61,0,17,0
BRDA:61,0,18,0
BRDA:61,0,19,0
BRDA:61,0,20,0
BRDA:61,0,21,0
BRDA:61,0,22,0
BRDA:61,0,23,0
BRDA:61,0,24,0
BRDA:61,0,25,0
BRDA:61,0,26,0
BRDA:61,0,27,0
BRDA:61,0,28,0
BRDA:61,0,29,0
BRDA:61,0,30,0
BRDA:61,0,31,0
BRDA:61,0,32,0
BRDA:61,0,33,0
BRDA:61,0,34,0
BRDA:61,0,35,0
BRDA:61,0,36,0
BRDA:61,0,37,0
BRDA:61,0,38,0
BRDA:61,0,39,0
BRDA:61,0,40,0
BRDA:61,0,41,0
BRDA:61,0,42,0
BRDA:61,0,43,0
BRDA:61,0,44,0
BRDA:61,0,45,0
BRDA:61,0,46,0
BRDA:61,0,47,0
BRDA:61,0,48,0
BRDA:61,0,49,0
BRDA:61,0,50,0
BRDA:61,0,51,0
BRDA:61,0,52,0
BRDA:61,0,53,0
BRDA:61,0,54,0
BRDA:61,0,55,0
BRDA:61,0,56,0
BRDA:61,0,57,0
BRDA:61,0,58,0
BRDA:61,0,59,0
BRDA:61,0,60,0
BRDA:61,0,61,0
BRDA:61,0,62,0
BRDA:61,0,63,0
DA:62,0
BRDA:62,0,0,0
BRDA:62,0,1,0
DA:63,0
BRDA:63,0,0,0
BRDA:63,0,1,0
DA:64,0
BRDA:64,0,0,0
BRDA:64,0,1,0
DA:65,0
BRDA:65,0,0,0
BRDA:65,0,1,0
DA:66,0
BRDA:66,0,0,0
BRDA:66,0,1,0
DA:67,0
BRDA:67,0,0,0
BRDA:67,0,1,0
DA:68,0
BRDA:68,0,0,0
BRDA:68,0,1,0
DA:69,1
BRDA:69,0,0,1
BRDA:69,0,1,0
DA:70,0
BRDA:70,0,0,0
BRDA:70,0,1,0
DA:71,0
BRDA:71,0,0,0
BRDA:71,0,1,0
BRDA:71,0,2,0
BRDA:71,0,3,0
BRDA:71,0,4,0
BRDA:71,0,5,0
BRDA:71,0,6,0
BRDA:71,0,7,0
BRDA:71,0,8,0
BRDA:71,0,9,0
BRDA:71,0,10,0
BRDA:71,0,11,0
BRDA:71,0,12,0
BRDA:71,0,13,0
BRDA:71,0,14,0
BRDA:71,0,15,0
BRDA:71,0,16,0
BRDA:71,0,17,0
BRDA:71,0,18,0
BRDA:71,0,19,0
BRDA:71,0,20,0
BRDA:71,0,21,0
BRDA:71,0,22,0
BRDA:71,0,23,0
BRDA:71,0,24,0
BRDA:71,0,25,0
BRDA:71,0,26,0
BRDA:71,0,27,0
BRDA:71,0,28,0
BRDA:71,0,29,0
BRDA:71,0,30,0
BRDA:71,0,31,0
DA:72,0
BRDA:72,0,0,0
BRDA:72,0,1,0
BRDA:72,0,2,0
BRDA:72,0,3,0
BRDA:72,0,4,0
BRDA:72,0,5,0
BRDA:72,0,6,0
BRDA:72,0,7,0
BRDA:72,0,8,0
BRDA:72,0,9,0
BRDA:72,0,10,0
BRDA:72,0,11,0
BRDA:72,0,12,0
BRDA:72,0,13,0
BRDA:72,0,14,0
BRDA:72,0,15,0
BRDA:72,0,16,0
BRDA:72,0,17,0
BRDA:72,0,18,0
BRDA:72,0,19,0
BRDA:72,0,20,0
BRDA:72,0,21,0
BRDA:72,0,22,0
BRDA:72,0,23,0
BRDA:72,0,24,0
BRDA:72,0,25,0
BRDA:72,0,26,0
BRDA:72,0,27,0
BRDA:72,0,28,0
BRDA:72,0,29,0
BRDA:72,0,30,0
BRDA:72,0,31,0
BRDA:72,0,32,0
BRDA:72,0,33,0
BRDA:72,0,34,0
BRDA:72,0,35,0
BRDA:72,0,36,0
BRDA:72,0,37,0
BRDA:72,0,38,0
BRDA:72,0,39,0
BRDA:72,0,40,0
BRDA:72,0,41,0
BRDA:72,0,42,0
BRDA:72,0,43,0
BRDA:72,0,44,0
BRDA:72,0,45,0
BRDA:72,0,46,0
BRDA:72,0,47,0
BRDA:72,0,48,0
BRDA:72,0,49,0
BRDA:72,0,50,0
BRDA:72,0,51,0
BRDA:72,0,52,0
BRDA:72,0,53,0
BRDA:72,0,54,0
BRDA:72,0,55,0
BRDA:72,0,56,0
BRDA:72,0,57,0
BRDA:72,0,58,0
BRDA:72,0,59,0
BRDA:72,0,60,0
BRDA:72,0,61,0
BRDA:72,0,62,0
BRDA:72,0,63,0
DA:73,0
BRDA:73,0,0,0
BRDA:73,0,1,0
BRDA:73,0,2,0
BRDA:73,0,3,0
BRDA:73,0,4,0
BRDA:73,0,5,0
BRDA:73,0,6,0
BRDA:73,0,7,0
BRDA:73,0,8,0
BRDA:73,0,9,0
BRDA:73,0,10,0
BRDA:73,0,11,0
BRDA:73,0,12,0
BRDA:73,0,13,0
BRDA:73,0,14,0
BRDA:73,0,15,0
BRDA:73,0,16,0
BRDA:73,0,17,0
BRDA:73,0,18,0
BRDA:73,0,19,0
BRDA:73,0,20,0
BRDA:73,0,21,0
BRDA:73,0,22,0
BRDA:73,0,23,0
BRDA:73,0,24,0
BRDA:73,0,25,0
BRDA:73,0,26,0
BRDA:73,0,27,0
BRDA:73,0,28,0
BRDA:73,0,29,0
BRDA:73,0,30,0
BRDA:73,0,31,0
BRDA:73,0,32,0
BRDA:73,0,33,0
BRDA:73,0,34,0
BRDA:73,0,35,0
BRDA:73,0,36,0
BRDA:73,0,37,0
BRDA:73,0,38,0
BRDA:73,0,39,0
BRDA:73,0,40,0
BRDA:73,0,41,0
BRDA:73,0,42,0
BRDA:73,0,43,0
BRDA:73,0,44,0
BRDA:73,0,45,0
BRDA:73,0,46,0
BRDA:73,0,47,0
BRDA:73,0,48,0
BRDA:73,0,49,0
BRDA:73,0,50,0
BRDA:73,0,51,0
BRDA:73,0,52,0
BRDA:73,0,53,0
BRDA:73,0,54,0
BRDA:73,0,55,0
BRDA:73,0,56,0
BRDA:73,0,57,0
BRDA:73,0,58,0
BRDA:73,0,59,0
BRDA:73,0,60,0
BRDA:73,0,61,0
BRDA:73,0,62,0
BRDA:73,0,63,0
BRDA:73,0,64,0
BRDA:73,0,65,0
BRDA:73,0,66,0
BRDA:73,0,67,0
BRDA:73,0,68,0
BRDA:73,0,69,0
BRDA:73,0,70,0
BRDA:73,0,71,0
BRDA:73,0,72,0
BRDA:73,0,73,0
BRDA:73,0,74,0
BRDA:73,0,75,0
BRDA:73,0,76,0
BRDA:73,0,77,0
BRDA:73,0,78,0
BRDA:73,0,79,0
BRDA:73,0,80,0
BRDA:73,0,81,0
BRDA:73,0,82,0
BRDA:73,0,83,0
BRDA:73,0,84,0
BRDA:73,0,85,0
BRDA:73,0,86,0
BRDA:73,0,87,0
BRDA:73,0,88,0
BRDA:73,0,89,0
BRDA:73,0,90,0
BRDA:73,0,91,0
BRDA:73,0,92,0
BRDA:73,0,93,0
BRDA:73,0,94,0
BRDA:73,0,95,0
BRDA:73,0,96,0
BRDA:73,0,97,0
BRDA:73,0,98,0
BRDA:73,0,99,0
BRDA:73,0,100,0
BRDA:73,0,101,0
BRDA:73,0,102,0
BRDA:73,0,103,0
BRDA:73,0,104,0
BRDA:73,0,105,0
BRDA:73,0,106,0
BRDA:73,0,107,0
BRDA:73,0,108,0
BRDA:73,0,109,0
BRDA:73,0,110,0
BRDA:73,0,111,0
BRDA:73,0,112,0
BRDA:73,0,113,0
BRDA:73,0,114,0
BRDA:73,0,115,0
BRDA:73,0,116,0
BRDA:73,0,117,0
BRDA:73,0,118,0
BRDA:73,0,119,0
BRDA:73,0,120,0
BRDA:73,0,121,0
BRDA:73,0,122,0
BRDA:73,0,123,0
BRDA:73,0,124,0
BRDA:73,0,125,0
BRDA:73,0,126,0
BRDA:73,0,127,0
DA:74,1
BRDA:74,0,0,1
BRDA:74,0,1,0
BRDA:74,0,2,0
BRDA:74,0,3,0
BRDA:74,0,4,0
BRDA:74,0,5,0
BRDA:74,0,6,0
BRDA:74,0,7,0
BRDA:74,0,8,0
BRDA:74,0,9,0
BRDA:74,0,10,0
BRDA:74,0,11,0
BRDA:74,0,12,0
BRDA:74,0,13,0
BRDA:74,0,14,0
BRDA:74,0,15,0
BRDA:74,0,16,0
BRDA:74,0,17,0
BRDA:74,0,18,0
BRDA:74,0,19,0
BRDA:74,0,20,0
BRDA:74,0,21,0
BRDA:74,0,22,0
BRDA:74,0,23,0
BRDA:74,0,24,0
BRDA:74,0,25,0
BRDA:74,0,26,0
BRDA:74,0,27,0
BRDA:74,0,28,0
BRDA:74,0,29,0
BRDA:74,0,30,0
BRDA:74,0,31,0
DA:75,0
BRDA:75,0,0,0
BRDA:75,0,1,0
DA:76,0
BRDA:76,0,0,0
BRDA:76,0,1,0
DA:77,0
BRDA:77,0,0,0
BRDA:77,0,1,0
DA:78,0
BRDA:78,0,0,0
BRDA:78,0,1,0
DA:79,0
BRDA:79,0,0,0
BRDA:79,0,1,0
DA:80,0
BRDA:80,0,0,0
BRDA:80,0,1,0
DA:81,0
BRDA:81,0,0,0
BRDA:81,0,1,0
DA:82,0
BRDA:82,0,0,0
BRDA:82,0,1,0
BRDA:82,0,2,0
BRDA:82,0,3,0
BRDA:82,0,4,0
BRDA:82,0,5,0
BRDA:82,0,6,0
BRDA:82,0,7,0
BRDA:82,0,8,0
BRDA:82,0,9,0
BRDA:82,0,10,0
BRDA:82,0,11,0
BRDA:82,0,12,0
BRDA:82,0,13,0
BRDA:82,0,14,0
BRDA:82,0,15,0
BRDA:82,0,16,0
BRDA:82,0,17,0
BRDA:82,0,18,0
BRDA:82,0,19,0
BRDA:82,0,20,0
BRDA:82,0,21,0
BRDA:82,0,22,0
BRDA:82,0,23,0
BRDA:82,0,24,0
BRDA:82,0,25,0
BRDA:82,0,26,0
BRDA:82,0,27,0
BRDA:82,0,28,0
BRDA:82,0,29,0
BRDA:82,0,30,0
BRDA:82,0,31,0
BRDA:82,0,32,0
BRDA:82,0,33,0
BRDA:82,0,34,0
BRDA:82,0,35,0
BRDA:82,0,36,0
BRDA:82,0,37,0
BRDA:82,0,38,0
BRDA:82,0,39,0
BRDA:82,0,40,0
BRDA:82,0,41,0
BRDA:82,0,42,0
BRDA:82,0,43,0
BRDA:82,0,44,0
BRDA:82,0,45,0
BRDA:82,0,46,0
BRDA:82,0,47,0
BRDA:82,0,48,0
BRDA:82,0,49,0
BRDA:82,0,50,0
BRDA:82,0,51,0
BRDA:82,0,52,0
BRDA:82,0,53,0
BRDA:82,0,54,0
BRDA:82,0,55,0
BRDA:82,0,56,0
BRDA:82,0,57,0
BRDA:82,0,58,0
BRDA:82,0,59,0
BRDA:82,0,60,0
BRDA:82,0,61,0
BRDA:82,0,62,0
BRDA:82,0,63,0
BRDA:82,0,64,0
BRDA:82,0,65,0
BRDA:82,0,66,0
BRDA:82,0,67,0
BRDA:82,0,68,0
BRDA:82,0,69,0
BRDA:82,0,70,0
BRDA:82,0,71,0
BRDA:82,0,72,0
BRDA:82,0,73,0
BRDA:82,0,74,0
BRDA:82,0,75,0
BRDA:82,0,76,0
BRDA:82,0,77,0
BRDA:82,0,78,0
BRDA:82,0,79,0
BRDA:82,0,80,0
BRDA:82,0,81,0
BRDA:82,0,82,0
BRDA:82,0,83,0
BRDA:82,0,84,0
BRDA:82,0,85,0
BRDA:82,0,86,0
BRDA:82,0,87,0
BRDA:82,0,88,0
BRDA:82,0,89,0
BRDA:82,0,90,0
BRDA:82,0,91,0
BRDA:82,0,92,0
BRDA:82,0,93,0
BRDA:82,0,94,0
BRDA:82,0,95,0
BRDA:82,0,96,0
BRDA:82,0,97,0
BRDA:82,0,98,0
BRDA:82,0,99,0
BRDA:82,0,100,0
BRDA:82,0,101,0
BRDA:82,0,102,0
BRDA:82,0,103,0
BRDA:82,0,104,0
BRDA:82,0,105,0
BRDA:82,0,106,0
BRDA:82,0,107,0
BRDA:82,0,108,0
BRDA:82,0,109,0
BRDA:82,0,110,0
BRDA:82,0,111,0
BRDA:82,0,112,0
BRDA:82,0,113,0
BRDA:82,0,114,0
BRDA:82,0,115,0
BRDA:82,0,116,0
BRDA:82,0,117,0
BRDA:82,0,118,0
BRDA:82,0,119,0
BRDA:82,0,120,0
BRDA:82,0,121,0
BRDA:82,0,122,0
BRDA:82,0,123,0
BRDA:82,0,124,0
BRDA:82,0,125,0
BRDA:82,0,126,0
BRDA:82,0,127,0
DA:83,0
BRDA:83,0,0,0
BRDA:83,0,1,0
BRDA:83,0,2,0
BRDA:83,0,3,0
BRDA:83,0,4,0
BRDA:83,0,5,0
BRDA:83,0,6,0
BRDA:83,0,7,0
BRDA:83,0,8,0
BRDA:83,0,9,0
BRDA:83,0,10,0
BRDA:83,0,11,0
BRDA:83,0,12,0
BRDA:83,0,13,0
BRDA:83,0,14,0
BRDA:83,0,15,0
BRDA:83,0,16,0
BRDA:83,0,17,0
BRDA:83,0,18,0
BRDA:83,0,19,0
BRDA:83,0,20,0
BRDA:83,0,21,0
BRDA:83,0,22,0
BRDA:83,0,23,0
BRDA:83,0,24,0
BRDA:83,0,25,0
BRDA:83,0,26,0
BRDA:83,0,27,0
BRDA:83,0,28,0
BRDA:83,0,29,0
BRDA:83,0,30,0
BRDA:83,0,31,0
DA:84,0
BRDA:84,0,0,0
BRDA:84,0,1,0
DA:85,0
BRDA:85,0,0,0
BRDA:85,0,1,0
DA:86,1
BRDA:86,0,0,1
BRDA:86,0,1,0
BRF:1250
BRH:2
end_of_record
SF:../../handoff/rtl/adaptive_aero_control_top_spi_fpga_top.sv
DA:4,26
BRDA:4,0,0,26
BRDA:4,0,1,25
DA:5,1
BRDA:5,0,0,1
BRDA:5,0,1,0
DA:6,8
BRDA:6,0,0,8
BRDA:6,0,1,7
DA:7,8
BRDA:7,0,0,8
BRDA:7,0,1,7
DA:8,8
BRDA:8,0,0,8
BRDA:8,0,1,7
DA:9,0
BRDA:9,0,0,0
BRDA:9,0,1,0
DA:10,0
BRDA:10,0,0,0
BRDA:10,0,1,0
DA:14,1
BRDA:14,0,0,1
BRDA:14,0,1,1
BRDA:14,0,2,1
BRDA:14,0,3,0
BRDA:14,0,4,0
BRDA:14,0,5,0
BRDA:14,0,6,0
BRDA:14,0,7,0
BRDA:14,0,8,0
BRDA:14,0,9,0
BRDA:14,0,10,0
BRDA:14,0,11,0
BRDA:14,0,12,0
BRDA:14,0,13,0
BRDA:14,0,14,0
BRDA:14,0,15,0
BRDA:14,0,16,0
BRDA:14,0,17,0
BRDA:14,0,18,0
BRDA:14,0,19,0
BRDA:14,0,20,0
BRDA:14,0,21,0
BRDA:14,0,22,0
BRDA:14,0,23,0
BRDA:14,0,24,0
BRDA:14,0,25,0
BRDA:14,0,26,0
BRDA:14,0,27,0
BRDA:14,0,28,0
BRDA:14,0,29,0
BRDA:14,0,30,0
BRDA:14,0,31,0
BRDA:14,0,32,0
BRDA:14,0,33,0
BRDA:14,0,34,0
BRDA:14,0,35,0
BRDA:14,0,36,0
BRDA:14,0,37,0
BRDA:14,0,38,0
BRDA:14,0,39,0
BRDA:14,0,40,0
BRDA:14,0,41,0
BRDA:14,0,42,0
BRDA:14,0,43,0
BRDA:14,0,44,0
BRDA:14,0,45,0
BRDA:14,0,46,0
BRDA:14,0,47,0
BRDA:14,0,48,0
BRDA:14,0,49,0
BRDA:14,0,50,0
BRDA:14,0,51,0
BRDA:14,0,52,0
BRDA:14,0,53,0
BRDA:14,0,54,0
BRDA:14,0,55,0
BRDA:14,0,56,0
BRDA:14,0,57,0
BRDA:14,0,58,0
BRDA:14,0,59,0
BRDA:14,0,60,0
BRDA:14,0,61,0
BRDA:14,0,62,1
BRDA:14,0,63,1
BRDA:14,0,64,1
BRDA:14,0,65,0
BRDA:14,0,66,0
BRDA:14,0,67,0
BRDA:14,0,68,1
BRDA:14,0,69,0
BRDA:14,0,70,1
BRDA:14,0,71,0
BRDA:14,0,72,1
BRDA:14,0,73,0
BRDA:14,0,74,0
BRDA:14,0,75,0
BRDA:14,0,76,0
BRDA:14,0,77,0
BRDA:14,0,78,0
BRDA:14,0,79,0
BRDA:14,0,80,0
BRDA:14,0,81,0
BRDA:14,0,82,0
BRDA:14,0,83,0
BRDA:14,0,84,0
BRDA:14,0,85,0
BRDA:14,0,86,0
BRDA:14,0,87,0
BRDA:14,0,88,0
BRDA:14,0,89,0
BRDA:14,0,90,0
BRDA:14,0,91,0
BRDA:14,0,92,0
BRDA:14,0,93,0
BRDA:14,0,94,0
BRDA:14,0,95,0
BRDA:14,0,96,0
BRDA:14,0,97,0
BRDA:14,0,98,0
BRDA:14,0,99,0
BRDA:14,0,100,0
BRDA:14,0,101,0
BRDA:14,0,102,0
BRDA:14,0,103,0
BRDA:14,0,104,0
BRDA:14,0,105,0
BRDA:14,0,106,0
BRDA:14,0,107,0
BRDA:14,0,108,1
BRDA:14,0,109,0
BRDA:14,0,110,0
BRDA:14,0,111,0
BRDA:14,0,112,0
BRDA:14,0,113,0
BRDA:14,0,114,0
BRDA:14,0,115,0
BRDA:14,0,116,0
BRDA:14,0,117,0
BRDA:14,0,118,0
BRDA:14,0,119,0
BRDA:14,0,120,0
BRDA:14,0,121,0
BRDA:14,0,122,0
BRDA:14,0,123,0
BRDA:14,0,124,0
BRDA:14,0,125,0
BRDA:14,0,126,0
BRDA:14,0,127,0
BRDA:14,0,128,0
BRDA:14,0,129,0
BRDA:14,0,130,1
BRDA:14,0,131,0
BRDA:14,0,132,0
BRDA:14,0,133,0
BRDA:14,0,134,0
BRDA:14,0,135,0
BRDA:14,0,136,1
BRDA:14,0,137,1
BRDA:14,0,138,1
BRDA:14,0,139,0
BRDA:14,0,140,1
BRDA:14,0,141,0
BRDA:14,0,142,1
BRDA:14,0,143,0
BRDA:14,0,144,1
BRDA:14,0,145,0
BRDA:14,0,146,0
BRDA:14,0,147,0
BRDA:14,0,148,0
BRDA:14,0,149,0
BRDA:14,0,150,0
BRDA:14,0,151,0
BRDA:14,0,152,1
BRDA:14,0,153,0
BRDA:14,0,154,0
BRDA:14,0,155,0
BRDA:14,0,156,0
BRDA:14,0,157,0
BRDA:14,0,158,0
BRDA:14,0,159,0
BRDA:14,0,160,0
BRDA:14,0,161,0
BRDA:14,0,162,0
BRDA:14,0,163,0
BRDA:14,0,164,0
BRDA:14,0,165,0
BRDA:14,0,166,0
BRDA:14,0,167,0
BRDA:14,0,168,0
BRDA:14,0,169,0
BRDA:14,0,170,0
BRDA:14,0,171,0
BRDA:14,0,172,0
BRDA:14,0,173,0
BRDA:14,0,174,1
BRDA:14,0,175,0
BRDA:14,0,176,0
BRDA:14,0,177,0
BRDA:14,0,178,0
BRDA:14,0,179,0
BRDA:14,0,180,0
BRDA:14,0,181,0
BRDA:14,0,182,0
BRDA:14,0,183,0
BRDA:14,0,184,0
BRDA:14,0,185,0
BRDA:14,0,186,0
BRDA:14,0,187,0
BRDA:14,0,188,0
BRDA:14,0,189,0
BRDA:14,0,190,0
BRDA:14,0,191,0
BRDA:14,0,192,0
BRDA:14,0,193,0
BRDA:14,0,194,0
BRDA:14,0,195,0
BRDA:14,0,196,0
BRDA:14,0,197,0
BRDA:14,0,198,0
BRDA:14,0,199,0
BRDA:14,0,200,0
BRDA:14,0,201,0
BRDA:14,0,202,0
BRDA:14,0,203,0
BRDA:14,0,204,0
BRDA:14,0,205,0
BRDA:14,0,206,1
BRDA:14,0,207,1
BRDA:14,0,208,1
BRDA:14,0,209,0
BRDA:14,0,210,1
BRDA:14,0,211,0
BRDA:14,0,212,1
BRDA:14,0,213,0
BRDA:14,0,214,1
BRDA:14,0,215,0
BRDA:14,0,216,0
BRDA:14,0,217,0
BRDA:14,0,218,0
BRDA:14,0,219,0
BRDA:14,0,220,0
BRDA:14,0,221,0
BRDA:14,0,222,0
BRDA:14,0,223,0
BRDA:14,0,224,0
BRDA:14,0,225,0
BRDA:14,0,226,0
BRDA:14,0,227,0
BRDA:14,0,228,0
BRDA:14,0,229,0
BRDA:14,0,230,0
BRDA:14,0,231,0
BRDA:14,0,232,0
BRDA:14,0,233,0
BRDA:14,0,234,0
BRDA:14,0,235,0
BRDA:14,0,236,0
BRDA:14,0,237,0
BRDA:14,0,238,0
BRDA:14,0,239,0
BRDA:14,0,240,0
BRDA:14,0,241,0
BRDA:14,0,242,0
BRDA:14,0,243,0
BRDA:14,0,244,0
BRDA:14,0,245,0
BRDA:14,0,246,0
BRDA:14,0,247,0
BRDA:14,0,248,0
BRDA:14,0,249,0
BRDA:14,0,250,0
BRDA:14,0,251,0
BRDA:14,0,252,0
BRDA:14,0,253,0
BRDA:14,0,254,0
BRDA:14,0,255,0
BRDA:14,0,256,0
BRDA:14,0,257,0
BRDA:14,0,258,0
BRDA:14,0,259,0
BRDA:14,0,260,0
BRDA:14,0,261,0
BRDA:14,0,262,0
BRDA:14,0,263,0
BRDA:14,0,264,0
BRDA:14,0,265,0
BRDA:14,0,266,0
BRDA:14,0,267,0
BRDA:14,0,268,0
BRDA:14,0,269,0
BRDA:14,0,270,0
BRDA:14,0,271,0
BRDA:14,0,272,0
BRDA:14,0,273,0
BRDA:14,0,274,0
BRDA:14,0,275,0
BRDA:14,0,276,1
BRDA:14,0,277,1
BRDA:14,0,278,1
BRDA:14,0,279,0
BRDA:14,0,280,1
BRDA:14,0,281,0
BRDA:14,0,282,1
BRDA:14,0,283,0
BRDA:14,0,284,0
BRDA:14,0,285,0
BRDA:14,0,286,1
BRDA:14,0,287,1
BRDA:14,0,288,1
BRDA:14,0,289,0
BRDA:14,0,290,0
BRDA:14,0,291,0
BRDA:14,0,292,0
BRDA:14,0,293,0
BRDA:14,0,294,0
BRDA:14,0,295,0
BRDA:14,0,296,0
BRDA:14,0,297,0
BRDA:14,0,298,0
BRDA:14,0,299,0
BRDA:14,0,300,0
BRDA:14,0,301,0
BRDA:14,0,302,0
BRDA:14,0,303,0
BRDA:14,0,304,0
BRDA:14,0,305,0
BRDA:14,0,306,0
BRDA:14,0,307,0
BRDA:14,0,308,0
BRDA:14,0,309,0
BRDA:14,0,310,0
BRDA:14,0,311,0
BRDA:14,0,312,0
BRDA:14,0,313,0
BRDA:14,0,314,0
BRDA:14,0,315,0
BRDA:14,0,316,0
BRDA:14,0,317,0
BRDA:14,0,318,0
BRDA:14,0,319,0
BRDA:14,0,320,0
BRDA:14,0,321,0
BRDA:14,0,322,0
BRDA:14,0,323,0
BRDA:14,0,324,0
BRDA:14,0,325,0
BRDA:14,0,326,0
BRDA:14,0,327,0
BRDA:14,0,328,0
BRDA:14,0,329,0
BRDA:14,0,330,0
BRDA:14,0,331,0
BRDA:14,0,332,0
BRDA:14,0,333,0
BRDA:14,0,334,0
BRDA:14,0,335,0
BRDA:14,0,336,0
BRDA:14,0,337,0
BRDA:14,0,338,0
BRDA:14,0,339,0
BRDA:14,0,340,0
BRDA:14,0,341,0
BRDA:14,0,342,0
BRDA:14,0,343,0
BRDA:14,0,344,0
BRDA:14,0,345,0
BRDA:14,0,346,0
BRDA:14,0,347,0
BRDA:14,0,348,1
BRDA:14,0,349,1
BRDA:14,0,350,1
BRDA:14,0,351,0
BRDA:14,0,352,0
BRDA:14,0,353,0
BRDA:14,0,354,1
BRDA:14,0,355,0
BRDA:14,0,356,1
BRDA:14,0,357,0
BRDA:14,0,358,1
BRDA:14,0,359,0
BRDA:14,0,360,0
BRDA:14,0,361,0
BRDA:14,0,362,0
BRDA:14,0,363,0
BRDA:14,0,364,0
BRDA:14,0,365,0
BRDA:14,0,366,0
BRDA:14,0,367,0
BRDA:14,0,368,0
BRDA:14,0,369,0
BRDA:14,0,370,0
BRDA:14,0,371,0
BRDA:14,0,372,0
BRDA:14,0,373,0
BRDA:14,0,374,0
BRDA:14,0,375,0
BRDA:14,0,376,0
BRDA:14,0,377,0
BRDA:14,0,378,0
BRDA:14,0,379,0
BRDA:14,0,380,0
BRDA:14,0,381,0
BRDA:14,0,382,0
BRDA:14,0,383,0
BRDA:14,0,384,0
BRDA:14,0,385,0
BRDA:14,0,386,0
BRDA:14,0,387,0
BRDA:14,0,388,0
BRDA:14,0,389,0
BRDA:14,0,390,0
BRDA:14,0,391,0
BRDA:14,0,392,0
BRDA:14,0,393,0
BRDA:14,0,394,1
BRDA:14,0,395,0
BRDA:14,0,396,0
BRDA:14,0,397,0
BRDA:14,0,398,0
BRDA:14,0,399,0
BRDA:14,0,400,0
BRDA:14,0,401,0
BRDA:14,0,402,0
BRDA:14,0,403,0
BRDA:14,0,404,0
BRDA:14,0,405,0
BRDA:14,0,406,0
BRDA:14,0,407,0
BRDA:14,0,408,0
BRDA:14,0,409,0
BRDA:14,0,410,0
BRDA:14,0,411,0
BRDA:14,0,412,0
BRDA:14,0,413,0
BRDA:14,0,414,0
BRDA:14,0,415,0
BRDA:14,0,416,1
BRDA:14,0,417,0
BRDA:14,0,418,0
BRDA:14,0,419,0
BRDA:14,0,420,0
BRDA:14,0,421,0
BRDA:14,0,422,1
BRDA:14,0,423,1
BRDA:14,0,424,1
BRDA:14,0,425,0
BRDA:14,0,426,1
BRDA:14,0,427,0
BRDA:14,0,428,1
BRDA:14,0,429,0
BRDA:14,0,430,1
BRDA:14,0,431,0
BRDA:14,0,432,0
BRDA:14,0,433,0
BRDA:14,0,434,0
BRDA:14,0,435,0
BRDA:14,0,436,0
BRDA:14,0,437,0
BRDA:14,0,438,1
BRDA:14,0,439,0
BRDA:14,0,440,0
BRDA:14,0,441,0
BRDA:14,0,442,0
BRDA:14,0,443,0
BRDA:14,0,444,0
BRDA:14,0,445,0
BRDA:14,0,446,0
BRDA:14,0,447,0
BRDA:14,0,448,0
BRDA:14,0,449,0
BRDA:14,0,450,0
BRDA:14,0,451,0
BRDA:14,0,452,0
BRDA:14,0,453,0
BRDA:14,0,454,0
BRDA:14,0,455,0
BRDA:14,0,456,0
BRDA:14,0,457,0
BRDA:14,0,458,0
BRDA:14,0,459,0
BRDA:14,0,460,1
BRDA:14,0,461,0
BRDA:14,0,462,0
BRDA:14,0,463,0
BRDA:14,0,464,0
BRDA:14,0,465,0
BRDA:14,0,466,0
BRDA:14,0,467,0
BRDA:14,0,468,0
BRDA:14,0,469,0
BRDA:14,0,470,0
BRDA:14,0,471,0
BRDA:14,0,472,0
BRDA:14,0,473,0
BRDA:14,0,474,0
BRDA:14,0,475,0
BRDA:14,0,476,0
BRDA:14,0,477,0
BRDA:14,0,478,0
BRDA:14,0,479,0
BRDA:14,0,480,0
BRDA:14,0,481,0
BRDA:14,0,482,0
BRDA:14,0,483,0
BRDA:14,0,484,0
BRDA:14,0,485,0
BRDA:14,0,486,0
BRDA:14,0,487,0
BRDA:14,0,488,0
BRDA:14,0,489,0
BRDA:14,0,490,0
BRDA:14,0,491,0
BRDA:14,0,492,1
BRDA:14,0,493,1
BRDA:14,0,494,1
BRDA:14,0,495,0
BRDA:14,0,496,1
BRDA:14,0,497,0
BRDA:14,0,498,1
BRDA:14,0,499,0
BRDA:14,0,500,1
BRDA:14,0,501,0
BRDA:14,0,502,0
BRDA:14,0,503,0
BRDA:14,0,504,0
BRDA:14,0,505,0
BRDA:14,0,506,0
BRDA:14,0,507,0
BRDA:14,0,508,0
BRDA:14,0,509,0
BRDA:14,0,510,0
BRDA:14,0,511,0
BRDA:14,0,512,0
BRDA:14,0,513,0
BRDA:14,0,514,0
BRDA:14,0,515,0
BRDA:14,0,516,0
BRDA:14,0,517,0
BRDA:14,0,518,0
BRDA:14,0,519,0
BRDA:14,0,520,0
BRDA:14,0,521,0
BRDA:14,0,522,0
BRDA:14,0,523,0
BRDA:14,0,524,0
BRDA:14,0,525,0
BRDA:14,0,526,0
BRDA:14,0,527,0
BRDA:14,0,528,0
BRDA:14,0,529,0
BRDA:14,0,530,0
BRDA:14,0,531,0
BRDA:14,0,532,0
BRDA:14,0,533,0
BRDA:14,0,534,0
BRDA:14,0,535,0
BRDA:14,0,536,0
BRDA:14,0,537,0
BRDA:14,0,538,0
BRDA:14,0,539,0
BRDA:14,0,540,0
BRDA:14,0,541,0
BRDA:14,0,542,0
BRDA:14,0,543,0
BRDA:14,0,544,0
BRDA:14,0,545,0
BRDA:14,0,546,0
BRDA:14,0,547,0
BRDA:14,0,548,0
BRDA:14,0,549,0
BRDA:14,0,550,0
BRDA:14,0,551,0
BRDA:14,0,552,0
BRDA:14,0,553,0
BRDA:14,0,554,0
BRDA:14,0,555,0
BRDA:14,0,556,0
BRDA:14,0,557,0
BRDA:14,0,558,0
BRDA:14,0,559,0
BRDA:14,0,560,0
BRDA:14,0,561,0
BRDA:14,0,562,1
BRDA:14,0,563,1
BRDA:14,0,564,1
BRDA:14,0,565,0
BRDA:14,0,566,1
BRDA:14,0,567,0
BRDA:14,0,568,1
BRDA:14,0,569,0
BRDA:14,0,570,0
BRDA:14,0,571,0
DA:15,2
BRDA:15,0,0,0
BRDA:15,0,1,0
BRDA:15,0,2,0
BRDA:15,0,3,0
BRDA:15,0,4,0
BRDA:15,0,5,0
BRDA:15,0,6,0
BRDA:15,0,7,0
BRDA:15,0,8,0
BRDA:15,0,9,0
BRDA:15,0,10,0
BRDA:15,0,11,0
BRDA:15,0,12,0
BRDA:15,0,13,0
BRDA:15,0,14,0
BRDA:15,0,15,0
BRDA:15,0,16,0
BRDA:15,0,17,0
BRDA:15,0,18,0
BRDA:15,0,19,0
BRDA:15,0,20,0
BRDA:15,0,21,0
BRDA:15,0,22,0
BRDA:15,0,23,0
BRDA:15,0,24,1
BRDA:15,0,25,0
BRDA:15,0,26,0
BRDA:15,0,27,0
BRDA:15,0,28,0
BRDA:15,0,29,0
BRDA:15,0,30,0
BRDA:15,0,31,0
BRDA:15,0,32,0
BRDA:15,0,33,0
BRDA:15,0,34,0
BRDA:15,0,35,0
BRDA:15,0,36,0
BRDA:15,0,37,0
BRDA:15,0,38,0
BRDA:15,0,39,0
BRDA:15,0,40,0
BRDA:15,0,41,0
BRDA:15,0,42,0
BRDA:15,0,43,0
BRDA:15,0,44,0
BRDA:15,0,45,0
BRDA:15,0,46,0
BRDA:15,0,47,0
BRDA:15,0,48,0
BRDA:15,0,49,0
BRDA:15,0,50,0
BRDA:15,0,51,0
BRDA:15,0,52,0
BRDA:15,0,53,0
BRDA:15,0,54,0
BRDA:15,0,55,0
BRDA:15,0,56,0
BRDA:15,0,57,0
BRDA:15,0,58,0
BRDA:15,0,59,0
BRDA:15,0,60,0
BRDA:15,0,61,0
BRDA:15,0,62,0
BRDA:15,0,63,0
BRDA:15,0,64,0
BRDA:15,0,65,0
BRDA:15,0,66,0
BRDA:15,0,67,0
BRDA:15,0,68,2
BRDA:15,0,69,1
BRDA:15,0,70,1
BRDA:15,0,71,1
BRDA:15,0,72,0
BRDA:15,0,73,0
BRDA:15,0,74,0
BRDA:15,0,75,0
BRDA:15,0,76,0
BRDA:15,0,77,0
BRDA:15,0,78,0
BRDA:15,0,79,0
BRDA:15,0,80,0
BRDA:15,0,81,0
BRDA:15,0,82,0
BRDA:15,0,83,0
BRDA:15,0,84,0
BRDA:15,0,85,0
BRDA:15,0,86,0
BRDA:15,0,87,0
BRDA:15,0,88,0
BRDA:15,0,89,0
BRDA:15,0,90,0
BRDA:15,0,91,0
BRDA:15,0,92,0
BRDA:15,0,93,0
BRDA:15,0,94,0
BRDA:15,0,95,0
BRDA:15,0,96,0
BRDA:15,0,97,0
BRDA:15,0,98,0
BRDA:15,0,99,0
BRDA:15,0,100,0
BRDA:15,0,101,0
BRDA:15,0,102,0
BRDA:15,0,103,0
BRDA:15,0,104,0
BRDA:15,0,105,0
BRDA:15,0,106,0
BRDA:15,0,107,0
BRDA:15,0,108,0
BRDA:15,0,109,0
BRDA:15,0,110,0
BRDA:15,0,111,0
BRDA:15,0,112,0
BRDA:15,0,113,0
BRDA:15,0,114,0
BRDA:15,0,115,0
BRDA:15,0,116,0
BRDA:15,0,117,0
BRDA:15,0,118,0
BRDA:15,0,119,0
BRDA:15,0,120,0
BRDA:15,0,121,0
BRDA:15,0,122,0
BRDA:15,0,123,0
BRDA:15,0,124,2
BRDA:15,0,125,1
BRDA:15,0,126,1
BRDA:15,0,127,1
BRDA:15,0,128,0
BRDA:15,0,129,0
BRDA:15,0,130,0
BRDA:15,0,131,0
BRDA:15,0,132,0
BRDA:15,0,133,0
BRDA:15,0,134,0
BRDA:15,0,135,0
BRDA:15,0,136,0
BRDA:15,0,137,0
BRDA:15,0,138,0
BRDA:15,0,139,0
BRDA:15,0,140,0
BRDA:15,0,141,0
BRDA:15,0,142,0
BRDA:15,0,143,0
BRDA:15,0,144,0
BRDA:15,0,145,0
BRDA:15,0,146,0
BRDA:15,0,147,0
BRDA:15,0,148,0
BRDA:15,0,149,0
BRDA:15,0,150,0
BRDA:15,0,151,0
BRDA:15,0,152,0
BRDA:15,0,153,0
BRDA:15,0,154,0
BRDA:15,0,155,0
BRDA:15,0,156,0
BRDA:15,0,157,0
BRDA:15,0,158,0
BRDA:15,0,159,0
BRDA:15,0,160,0
BRDA:15,0,161,0
BRDA:15,0,162,0
BRDA:15,0,163,0
BRDA:15,0,164,0
BRDA:15,0,165,0
BRDA:15,0,166,0
BRDA:15,0,167,0
BRDA:15,0,168,0
BRDA:15,0,169,0
BRDA:15,0,170,0
BRDA:15,0,171,0
BRDA:15,0,172,0
BRDA:15,0,173,0
BRDA:15,0,174,0
BRDA:15,0,175,0
BRDA:15,0,176,0
BRDA:15,0,177,0
BRDA:15,0,178,0
BRDA:15,0,179,0
BRDA:15,0,180,0
BRDA:15,0,181,0
BRDA:15,0,182,0
BRDA:15,0,183,0
BRDA:15,0,184,0
BRDA:15,0,185,0
BRDA:15,0,186,0
BRDA:15,0,187,0
BRDA:15,0,188,0
BRDA:15,0,189,0
BRDA:15,0,190,0
BRDA:15,0,191,0
BRDA:15,0,192,0
BRDA:15,0,193,0
BRDA:15,0,194,2
BRDA:15,0,195,1
BRDA:15,0,196,1
BRDA:15,0,197,1
BRDA:15,0,198,0
BRDA:15,0,199,0
BRDA:15,0,200,0
BRDA:15,0,201,0
BRDA:15,0,202,0
BRDA:15,0,203,0
BRDA:15,0,204,0
BRDA:15,0,205,0
BRDA:15,0,206,0
BRDA:15,0,207,0
BRDA:15,0,208,0
BRDA:15,0,209,0
BRDA:15,0,210,0
BRDA:15,0,211,0
BRDA:15,0,212,0
BRDA:15,0,213,0
BRDA:15,0,214,0
BRDA:15,0,215,0
BRDA:15,0,216,0
BRDA:15,0,217,0
BRDA:15,0,218,0
BRDA:15,0,219,0
BRDA:15,0,220,0
BRDA:15,0,221,0
BRDA:15,0,222,0
BRDA:15,0,223,0
BRDA:15,0,224,0
BRDA:15,0,225,0
BRDA:15,0,226,0
BRDA:15,0,227,0
BRDA:15,0,228,0
BRDA:15,0,229,0
BRDA:15,0,230,0
BRDA:15,0,231,0
BRDA:15,0,232,0
BRDA:15,0,233,0
BRDA:15,0,234,0
BRDA:15,0,235,0
BRDA:15,0,236,0
BRDA:15,0,237,0
BRDA:15,0,238,0
BRDA:15,0,239,0
BRDA:15,0,240,0
BRDA:15,0,241,0
BRDA:15,0,242,0
BRDA:15,0,243,0
BRDA:15,0,244,0
BRDA:15,0,245,0
BRDA:15,0,246,0
BRDA:15,0,247,0
BRDA:15,0,248,0
BRDA:15,0,249,0
BRDA:15,0,250,0
BRDA:15,0,251,0
BRDA:15,0,252,0
BRDA:15,0,253,0
BRDA:15,0,254,0
BRDA:15,0,255,0
BRDA:15,0,256,0
BRDA:15,0,257,0
BRDA:15,0,258,0
BRDA:15,0,259,0
BRDA:15,0,260,0
BRDA:15,0,261,0
BRDA:15,0,262,0
BRDA:15,0,263,0
BRDA:15,0,264,2
BRDA:15,0,265,1
BRDA:15,0,266,1
BRDA:15,0,267,1
BRDA:15,0,268,0
BRDA:15,0,269,0
BRDA:15,0,270,0
BRDA:15,0,271,0
BRDA:15,0,272,0
BRDA:15,0,273,0
BRDA:15,0,274,0
BRDA:15,0,275,0
BRDA:15,0,276,0
BRDA:15,0,277,0
BRDA:15,0,278,0
BRDA:15,0,279,0
BRDA:15,0,280,0
BRDA:15,0,281,0
BRDA:15,0,282,0
BRDA:15,0,283,0
BRDA:15,0,284,0
BRDA:15,0,285,0
BRDA:15,0,286,0
BRDA:15,0,287,0
BRDA:15,0,288,0
BRDA:15,0,289,0
BRDA:15,0,290,1
BRDA:15,0,291,0
BRDA:15,0,292,0
BRDA:15,0,293,0
BRDA:15,0,294,0
BRDA:15,0,295,0
BRDA:15,0,296,0
BRDA:15,0,297,0
BRDA:15,0,298,0
BRDA:15,0,299,0
BRDA:15,0,300,0
BRDA:15,0,301,0
BRDA:15,0,302,0
BRDA:15,0,303,0
BRDA:15,0,304,0
BRDA:15,0,305,0
BRDA:15,0,306,0
BRDA:15,0,307,0
BRDA:15,0,308,0
BRDA:15,0,309,0
BRDA:15,0,310,0
BRDA:15,0,311,0
BRDA:15,0,312,0
BRDA:15,0,313,0
BRDA:15,0,314,0
BRDA:15,0,315,0
BRDA:15,0,316,0
BRDA:15,0,317,0
BRDA:15,0,318,0
BRDA:15,0,319,0
BRDA:15,0,320,0
BRDA:15,0,321,0
BRDA:15,0,322,0
BRDA:15,0,323,0
BRDA:15,0,324,0
BRDA:15,0,325,0
BRDA:15,0,326,0
BRDA:15,0,327,0
BRDA:15,0,328,0
BRDA:15,0,329,0
BRDA:15,0,330,0
BRDA:15,0,331,0
BRDA:15,0,332,0
BRDA:15,0,333,0
BRDA:15,0,334,1
BRDA:15,0,335,0
BRDA:15,0,336,0
BRDA:15,0,337,0
BRDA:15,0,338,0
BRDA:15,0,339,0
BRDA:15,0,340,0
BRDA:15,0,341,0
BRDA:15,0,342,0
BRDA:15,0,343,0
BRDA:15,0,344,0
BRDA:15,0,345,0
BRDA:15,0,346,0
BRDA:15,0,347,0
BRDA:15,0,348,0
BRDA:15,0,349,0
BRDA:15,0,350,0
BRDA:15,0,351,0
BRDA:15,0,352,0
BRDA:15,0,353,0
BRDA:15,0,354,0
BRDA:15,0,355,0
BRDA:15,0,356,0
BRDA:15,0,357,0
BRDA:15,0,358,0
BRDA:15,0,359,0
BRDA:15,0,360,0
BRDA:15,0,361,0
BRDA:15,0,362,0
BRDA:15,0,363,0
BRDA:15,0,364,0
BRDA:15,0,365,0
BRDA:15,0,366,0
BRDA:15,0,367,0
BRDA:15,0,368,0
BRDA:15,0,369,0
BRDA:15,0,370,0
BRDA:15,0,371,0
BRDA:15,0,372,0
BRDA:15,0,373,0
BRDA:15,0,374,0
BRDA:15,0,375,0
BRDA:15,0,376,0
BRDA:15,0,377,0
BRDA:15,0,378,0
BRDA:15,0,379,0
BRDA:15,0,380,0
BRDA:15,0,381,0
BRDA:15,0,382,0
BRDA:15,0,383,0
BRDA:15,0,384,0
BRDA:15,0,385,0
BRDA:15,0,386,0
BRDA:15,0,387,0
BRDA:15,0,388,0
BRDA:15,0,389,0
BRDA:15,0,390,0
BRDA:15,0,391,0
BRDA:15,0,392,1
BRDA:15,0,393,0
BRDA:15,0,394,0
BRDA:15,0,395,0
BRDA:15,0,396,0
BRDA:15,0,397,0
BRDA:15,0,398,0
BRDA:15,0,399,0
BRDA:15,0,400,0
BRDA:15,0,401,0
BRDA:15,0,402,0
BRDA:15,0,403,0
BRDA:15,0,404,0
BRDA:15,0,405,0
BRDA:15,0,406,0
BRDA:15,0,407,0
BRDA:15,0,408,0
BRDA:15,0,409,0
BRDA:15,0,410,0
BRDA:15,0,411,0
BRDA:15,0,412,0
BRDA:15,0,413,0
BRDA:15,0,414,0
BRDA:15,0,415,0
BRDA:15,0,416,0
BRDA:15,0,417,0
BRDA:15,0,418,0
BRDA:15,0,419,0
BRDA:15,0,420,0
BRDA:15,0,421,0
BRDA:15,0,422,0
BRDA:15,0,423,0
BRDA:15,0,424,0
BRDA:15,0,425,0
BRDA:15,0,426,0
BRDA:15,0,427,0
BRDA:15,0,428,0
BRDA:15,0,429,0
BRDA:15,0,430,0
BRDA:15,0,431,0
BRDA:15,0,432,0
BRDA:15,0,433,0
BRDA:15,0,434,0
BRDA:15,0,435,0
BRDA:15,0,436,0
BRDA:15,0,437,0
BRDA:15,0,438,0
BRDA:15,0,439,0
BRDA:15,0,440,0
BRDA:15,0,441,0
BRDA:15,0,442,0
BRDA:15,0,443,0
BRDA:15,0,444,0
BRDA:15,0,445,0
BRDA:15,0,446,0
BRDA:15,0,447,0
BRDA:15,0,448,0
BRDA:15,0,449,0
BRDA:15,0,450,0
BRDA:15,0,451,0
[...]
BRDA:41,0,12,0
BRDA:41,0,13,0
BRDA:41,0,14,0
BRDA:41,0,15,0
BRDA:41,0,16,0
BRDA:41,0,17,0
BRDA:41,0,18,0
BRDA:41,0,19,0
BRDA:41,0,20,0
BRDA:41,0,21,0
BRDA:41,0,22,0
BRDA:41,0,23,0
BRDA:41,0,24,0
BRDA:41,0,25,0
BRDA:41,0,26,0
BRDA:41,0,27,0
BRDA:41,0,28,0
BRDA:41,0,29,0
BRDA:41,0,30,0
BRDA:41,0,31,0
BRDA:41,0,32,0
BRDA:41,0,33,0
BRDA:41,0,34,0
BRDA:41,0,35,0
BRDA:41,0,36,0
BRDA:41,0,37,0
BRDA:41,0,38,0
BRDA:41,0,39,0
BRDA:41,0,40,0
BRDA:41,0,41,0
BRDA:41,0,42,0
BRDA:41,0,43,0
BRDA:41,0,44,0
BRDA:41,0,45,0
BRDA:41,0,46,0
BRDA:41,0,47,0
BRDA:41,0,48,0
BRDA:41,0,49,0
BRDA:41,0,50,0
BRDA:41,0,51,0
BRDA:41,0,52,0
BRDA:41,0,53,0
BRDA:41,0,54,0
BRDA:41,0,55,0
BRDA:41,0,56,0
BRDA:41,0,57,0
BRDA:41,0,58,0
BRDA:41,0,59,0
BRDA:41,0,60,0
BRDA:41,0,61,0
BRDA:41,0,62,0
BRDA:41,0,63,0
BRDA:41,0,64,0
BRDA:41,0,65,0
BRDA:41,0,66,0
BRDA:41,0,67,0
BRDA:41,0,68,0
BRDA:41,0,69,0
BRDA:41,0,70,0
BRDA:41,0,71,0
BRDA:41,0,72,0
BRDA:41,0,73,0
BRDA:41,0,74,0
BRDA:41,0,75,0
BRDA:41,0,76,0
BRDA:41,0,77,0
BRDA:41,0,78,0
BRDA:41,0,79,0
BRDA:41,0,80,0
BRDA:41,0,81,0
BRDA:41,0,82,0
BRDA:41,0,83,0
BRDA:41,0,84,0
BRDA:41,0,85,0
BRDA:41,0,86,0
BRDA:41,0,87,0
BRDA:41,0,88,0
BRDA:41,0,89,0
BRDA:41,0,90,0
BRDA:41,0,91,0
BRDA:41,0,92,0
BRDA:41,0,93,0
BRDA:41,0,94,0
BRDA:41,0,95,0
BRDA:41,0,96,0
BRDA:41,0,97,0
BRDA:41,0,98,0
BRDA:41,0,99,0
BRDA:41,0,100,0
BRDA:41,0,101,0
BRDA:41,0,102,0
BRDA:41,0,103,0
BRDA:41,0,104,0
BRDA:41,0,105,0
BRDA:41,0,106,0
BRDA:41,0,107,0
BRDA:41,0,108,0
BRDA:41,0,109,0
BRDA:41,0,110,0
BRDA:41,0,111,0
BRDA:41,0,112,0
BRDA:41,0,113,0
BRDA:41,0,114,0
BRDA:41,0,115,0
BRDA:41,0,116,0
BRDA:41,0,117,0
BRDA:41,0,118,0
BRDA:41,0,119,0
BRDA:41,0,120,0
BRDA:41,0,121,0
BRDA:41,0,122,0
BRDA:41,0,123,0
BRDA:41,0,124,0
BRDA:41,0,125,0
BRDA:41,0,126,0
BRDA:41,0,127,0
DA:42,0
BRDA:42,0,0,0
BRDA:42,0,1,0
DA:43,0
BRDA:43,0,0,0
BRDA:43,0,1,0
DA:44,0
BRDA:44,0,0,0
BRDA:44,0,1,0
BRDA:44,0,2,0
BRDA:44,0,3,0
BRDA:44,0,4,0
BRDA:44,0,5,0
BRDA:44,0,6,0
BRDA:44,0,7,0
BRDA:44,0,8,0
BRDA:44,0,9,0
BRDA:44,0,10,0
BRDA:44,0,11,0
BRDA:44,0,12,0
BRDA:44,0,13,0
BRDA:44,0,14,0
BRDA:44,0,15,0
BRDA:44,0,16,0
BRDA:44,0,17,0
BRDA:44,0,18,0
BRDA:44,0,19,0
BRDA:44,0,20,0
BRDA:44,0,21,0
BRDA:44,0,22,0
BRDA:44,0,23,0
BRDA:44,0,24,0
BRDA:44,0,25,0
BRDA:44,0,26,0
BRDA:44,0,27,0
BRDA:44,0,28,0
BRDA:44,0,29,0
BRDA:44,0,30,0
BRDA:44,0,31,0
BRDA:44,0,32,0
BRDA:44,0,33,0
BRDA:44,0,34,0
BRDA:44,0,35,0
BRDA:44,0,36,0
BRDA:44,0,37,0
BRDA:44,0,38,0
BRDA:44,0,39,0
BRDA:44,0,40,0
BRDA:44,0,41,0
BRDA:44,0,42,0
BRDA:44,0,43,0
BRDA:44,0,44,0
BRDA:44,0,45,0
BRDA:44,0,46,0
BRDA:44,0,47,0
BRDA:44,0,48,0
BRDA:44,0,49,0
BRDA:44,0,50,0
BRDA:44,0,51,0
BRDA:44,0,52,0
BRDA:44,0,53,0
BRDA:44,0,54,0
BRDA:44,0,55,0
BRDA:44,0,56,0
BRDA:44,0,57,0
BRDA:44,0,58,0
BRDA:44,0,59,0
BRDA:44,0,60,0
BRDA:44,0,61,0
BRDA:44,0,62,0
BRDA:44,0,63,0
BRDA:44,0,64,0
BRDA:44,0,65,0
BRDA:44,0,66,0
BRDA:44,0,67,0
BRDA:44,0,68,0
BRDA:44,0,69,0
BRDA:44,0,70,0
BRDA:44,0,71,0
BRDA:44,0,72,0
BRDA:44,0,73,0
BRDA:44,0,74,0
BRDA:44,0,75,0
BRDA:44,0,76,0
BRDA:44,0,77,0
BRDA:44,0,78,0
BRDA:44,0,79,0
BRDA:44,0,80,0
BRDA:44,0,81,0
BRDA:44,0,82,0
BRDA:44,0,83,0
BRDA:44,0,84,0
BRDA:44,0,85,0
BRDA:44,0,86,0
BRDA:44,0,87,0
BRDA:44,0,88,0
BRDA:44,0,89,0
BRDA:44,0,90,0
BRDA:44,0,91,0
BRDA:44,0,92,0
BRDA:44,0,93,0
BRDA:44,0,94,0
BRDA:44,0,95,0
BRDA:44,0,96,0
BRDA:44,0,97,0
BRDA:44,0,98,0
BRDA:44,0,99,0
BRDA:44,0,100,0
BRDA:44,0,101,0
BRDA:44,0,102,0
BRDA:44,0,103,0
BRDA:44,0,104,0
BRDA:44,0,105,0
BRDA:44,0,106,0
BRDA:44,0,107,0
BRDA:44,0,108,0
BRDA:44,0,109,0
BRDA:44,0,110,0
BRDA:44,0,111,0
BRDA:44,0,112,0
BRDA:44,0,113,0
BRDA:44,0,114,0
BRDA:44,0,115,0
BRDA:44,0,116,0
BRDA:44,0,117,0
BRDA:44,0,118,0
BRDA:44,0,119,0
BRDA:44,0,120,0
BRDA:44,0,121,0
BRDA:44,0,122,0
BRDA:44,0,123,0
BRDA:44,0,124,0
BRDA:44,0,125,0
BRDA:44,0,126,0
BRDA:44,0,127,0
DA:45,1
BRDA:45,0,0,1
BRDA:45,0,1,0
DA:46,0
BRDA:46,0,0,0
BRDA:46,0,1,0
DA:47,0
BRDA:47,0,0,0
BRDA:47,0,1,0
DA:48,0
BRDA:48,0,0,0
BRDA:48,0,1,0
DA:49,0
BRDA:49,0,0,0
BRDA:49,0,1,0
DA:50,0
BRDA:50,0,0,0
BRDA:50,0,1,0
DA:51,0
BRDA:51,0,0,0
BRDA:51,0,1,0
DA:52,0
BRDA:52,0,0,0
BRDA:52,0,1,0
BRDA:52,0,2,0
BRDA:52,0,3,0
BRDA:52,0,4,0
BRDA:52,0,5,0
BRDA:52,0,6,0
BRDA:52,0,7,0
BRDA:52,0,8,0
BRDA:52,0,9,0
BRDA:52,0,10,0
BRDA:52,0,11,0
BRDA:52,0,12,0
BRDA:52,0,13,0
BRDA:52,0,14,0
BRDA:52,0,15,0
BRDA:52,0,16,0
BRDA:52,0,17,0
BRDA:52,0,18,0
BRDA:52,0,19,0
BRDA:52,0,20,0
BRDA:52,0,21,0
BRDA:52,0,22,0
BRDA:52,0,23,0
BRDA:52,0,24,0
BRDA:52,0,25,0
BRDA:52,0,26,0
BRDA:52,0,27,0
BRDA:52,0,28,0
BRDA:52,0,29,0
BRDA:52,0,30,0
BRDA:52,0,31,0
BRDA:52,0,32,0
BRDA:52,0,33,0
BRDA:52,0,34,0
BRDA:52,0,35,0
BRDA:52,0,36,0
BRDA:52,0,37,0
BRDA:52,0,38,0
BRDA:52,0,39,0
BRDA:52,0,40,0
BRDA:52,0,41,0
BRDA:52,0,42,0
BRDA:52,0,43,0
BRDA:52,0,44,0
BRDA:52,0,45,0
BRDA:52,0,46,0
BRDA:52,0,47,0
BRDA:52,0,48,0
BRDA:52,0,49,0
BRDA:52,0,50,0
BRDA:52,0,51,0
BRDA:52,0,52,0
BRDA:52,0,53,0
BRDA:52,0,54,0
BRDA:52,0,55,0
BRDA:52,0,56,0
BRDA:52,0,57,0
BRDA:52,0,58,0
BRDA:52,0,59,0
BRDA:52,0,60,0
BRDA:52,0,61,0
BRDA:52,0,62,0
BRDA:52,0,63,0
BRDA:52,0,64,0
BRDA:52,0,65,0
BRDA:52,0,66,0
BRDA:52,0,67,0
BRDA:52,0,68,0
BRDA:52,0,69,0
BRDA:52,0,70,0
BRDA:52,0,71,0
BRDA:52,0,72,0
BRDA:52,0,73,0
BRDA:52,0,74,0
BRDA:52,0,75,0
BRDA:52,0,76,0
BRDA:52,0,77,0
BRDA:52,0,78,0
BRDA:52,0,79,0
BRDA:52,0,80,0
BRDA:52,0,81,0
BRDA:52,0,82,0
BRDA:52,0,83,0
BRDA:52,0,84,0
BRDA:52,0,85,0
BRDA:52,0,86,0
BRDA:52,0,87,0
BRDA:52,0,88,0
BRDA:52,0,89,0
BRDA:52,0,90,0
BRDA:52,0,91,0
BRDA:52,0,92,0
BRDA:52,0,93,0
BRDA:52,0,94,0
BRDA:52,0,95,0
BRDA:52,0,96,0
BRDA:52,0,97,0
BRDA:52,0,98,0
BRDA:52,0,99,0
BRDA:52,0,100,0
BRDA:52,0,101,0
BRDA:52,0,102,0
BRDA:52,0,103,0
BRDA:52,0,104,0
BRDA:52,0,105,0
BRDA:52,0,106,0
BRDA:52,0,107,0
BRDA:52,0,108,0
BRDA:52,0,109,0
BRDA:52,0,110,0
BRDA:52,0,111,0
BRDA:52,0,112,0
BRDA:52,0,113,0
BRDA:52,0,114,0
BRDA:52,0,115,0
BRDA:52,0,116,0
BRDA:52,0,117,0
BRDA:52,0,118,0
BRDA:52,0,119,0
BRDA:52,0,120,0
BRDA:52,0,121,0
BRDA:52,0,122,0
BRDA:52,0,123,0
BRDA:52,0,124,0
BRDA:52,0,125,0
BRDA:52,0,126,0
BRDA:52,0,127,0
DA:53,0
BRDA:53,0,0,0
BRDA:53,0,1,0
BRDA:53,0,2,0
BRDA:53,0,3,0
BRDA:53,0,4,0
BRDA:53,0,5,0
BRDA:53,0,6,0
BRDA:53,0,7,0
BRDA:53,0,8,0
BRDA:53,0,9,0
BRDA:53,0,10,0
BRDA:53,0,11,0
BRDA:53,0,12,0
BRDA:53,0,13,0
BRDA:53,0,14,0
BRDA:53,0,15,0
BRDA:53,0,16,0
BRDA:53,0,17,0
BRDA:53,0,18,0
BRDA:53,0,19,0
BRDA:53,0,20,0
BRDA:53,0,21,0
BRDA:53,0,22,0
BRDA:53,0,23,0
BRDA:53,0,24,0
BRDA:53,0,25,0
BRDA:53,0,26,0
BRDA:53,0,27,0
BRDA:53,0,28,0
BRDA:53,0,29,0
BRDA:53,0,30,0
BRDA:53,0,31,0
DA:54,0
BRDA:54,0,0,0
BRDA:54,0,1,0
BRDA:54,0,2,0
BRDA:54,0,3,0
BRDA:54,0,4,0
BRDA:54,0,5,0
BRDA:54,0,6,0
BRDA:54,0,7,0
BRDA:54,0,8,0
BRDA:54,0,9,0
BRDA:54,0,10,0
BRDA:54,0,11,0
BRDA:54,0,12,0
BRDA:54,0,13,0
BRDA:54,0,14,0
BRDA:54,0,15,0
BRDA:54,0,16,0
BRDA:54,0,17,0
BRDA:54,0,18,0
BRDA:54,0,19,0
BRDA:54,0,20,0
BRDA:54,0,21,0
BRDA:54,0,22,0
BRDA:54,0,23,0
BRDA:54,0,24,0
BRDA:54,0,25,0
BRDA:54,0,26,0
BRDA:54,0,27,0
BRDA:54,0,28,0
BRDA:54,0,29,0
BRDA:54,0,30,0
BRDA:54,0,31,0
DA:55,1
BRDA:55,0,0,1
BRDA:55,0,1,0
BRDA:55,0,2,0
BRDA:55,0,3,0
BRDA:55,0,4,0
BRDA:55,0,5,0
BRDA:55,0,6,0
BRDA:55,0,7,0
BRDA:55,0,8,0
BRDA:55,0,9,0
BRDA:55,0,10,0
BRDA:55,0,11,0
BRDA:55,0,12,0
BRDA:55,0,13,0
BRDA:55,0,14,0
BRDA:55,0,15,0
BRDA:55,0,16,0
BRDA:55,0,17,0
BRDA:55,0,18,0
BRDA:55,0,19,0
BRDA:55,0,20,0
BRDA:55,0,21,0
BRDA:55,0,22,0
BRDA:55,0,23,0
BRDA:55,0,24,0
BRDA:55,0,25,0
BRDA:55,0,26,0
BRDA:55,0,27,0
BRDA:55,0,28,0
BRDA:55,0,29,0
BRDA:55,0,30,0
BRDA:55,0,31,0
DA:56,0
BRDA:56,0,0,0
BRDA:56,0,1,0
DA:58,0
BRDA:58,0,0,0
BRDA:58,0,1,0
DA:59,0
BRDA:59,0,0,0
BRDA:59,0,1,0
BRDA:59,0,2,0
BRDA:59,0,3,0
BRDA:59,0,4,0
BRDA:59,0,5,0
BRDA:59,0,6,0
BRDA:59,0,7,0
BRDA:59,0,8,0
BRDA:59,0,9,0
BRDA:59,0,10,0
BRDA:59,0,11,0
BRDA:59,0,12,0
BRDA:59,0,13,0
BRDA:59,0,14,0
BRDA:59,0,15,0
BRDA:59,0,16,0
BRDA:59,0,17,0
BRDA:59,0,18,0
BRDA:59,0,19,0
BRDA:59,0,20,0
BRDA:59,0,21,0
BRDA:59,0,22,0
BRDA:59,0,23,0
BRDA:59,0,24,0
BRDA:59,0,25,0
BRDA:59,0,26,0
BRDA:59,0,27,0
BRDA:59,0,28,0
BRDA:59,0,29,0
BRDA:59,0,30,0
BRDA:59,0,31,0
BRDA:59,0,32,0
BRDA:59,0,33,0
BRDA:59,0,34,0
BRDA:59,0,35,0
BRDA:59,0,36,0
BRDA:59,0,37,0
BRDA:59,0,38,0
BRDA:59,0,39,0
BRDA:59,0,40,0
BRDA:59,0,41,0
BRDA:59,0,42,0
BRDA:59,0,43,0
BRDA:59,0,44,0
BRDA:59,0,45,0
BRDA:59,0,46,0
BRDA:59,0,47,0
BRDA:59,0,48,0
BRDA:59,0,49,0
BRDA:59,0,50,0
BRDA:59,0,51,0
BRDA:59,0,52,0
BRDA:59,0,53,0
BRDA:59,0,54,0
BRDA:59,0,55,0
BRDA:59,0,56,0
BRDA:59,0,57,0
BRDA:59,0,58,0
BRDA:59,0,59,0
BRDA:59,0,60,0
BRDA:59,0,61,0
BRDA:59,0,62,0
BRDA:59,0,63,0
BRDA:59,0,64,0
BRDA:59,0,65,0
BRDA:59,0,66,0
BRDA:59,0,67,0
BRDA:59,0,68,0
BRDA:59,0,69,0
BRDA:59,0,70,0
BRDA:59,0,71,0
BRDA:59,0,72,0
BRDA:59,0,73,0
BRDA:59,0,74,0
BRDA:59,0,75,0
BRDA:59,0,76,0
BRDA:59,0,77,0
BRDA:59,0,78,0
BRDA:59,0,79,0
BRDA:59,0,80,0
BRDA:59,0,81,0
BRDA:59,0,82,0
BRDA:59,0,83,0
BRDA:59,0,84,0
BRDA:59,0,85,0
BRDA:59,0,86,0
BRDA:59,0,87,0
BRDA:59,0,88,0
BRDA:59,0,89,0
BRDA:59,0,90,0
BRDA:59,0,91,0
BRDA:59,0,92,0
BRDA:59,0,93,0
BRDA:59,0,94,0
BRDA:59,0,95,0
BRDA:59,0,96,0
BRDA:59,0,97,0
BRDA:59,0,98,0
BRDA:59,0,99,0
BRDA:59,0,100,0
BRDA:59,0,101,0
BRDA:59,0,102,0
BRDA:59,0,103,0
BRDA:59,0,104,0
BRDA:59,0,105,0
BRDA:59,0,106,0
BRDA:59,0,107,0
BRDA:59,0,108,0
BRDA:59,0,109,0
BRDA:59,0,110,0
BRDA:59,0,111,0
BRDA:59,0,112,0
BRDA:59,0,113,0
BRDA:59,0,114,0
BRDA:59,0,115,0
BRDA:59,0,116,0
BRDA:59,0,117,0
BRDA:59,0,118,0
BRDA:59,0,119,0
BRDA:59,0,120,0
BRDA:59,0,121,0
BRDA:59,0,122,0
BRDA:59,0,123,0
BRDA:59,0,124,0
BRDA:59,0,125,0
BRDA:59,0,126,0
BRDA:59,0,127,0
DA:60,1
BRDA:60,0,0,1
BRDA:60,0,1,0
DA:61,0
BRDA:61,0,0,0
BRDA:61,0,1,0
DA:62,0
BRDA:62,0,0,0
BRDA:62,0,1,0
DA:63,0
BRDA:63,0,0,0
BRDA:63,0,1,0
DA:64,0
BRDA:64,0,0,0
BRDA:64,0,1,0
DA:65,0
BRDA:65,0,0,0
BRDA:65,0,1,0
DA:66,0
BRDA:66,0,0,0
BRDA:66,0,1,0
DA:67,0
BRDA:67,0,0,0
BRDA:67,0,1,0
BRDA:67,0,2,0
BRDA:67,0,3,0
BRDA:67,0,4,0
BRDA:67,0,5,0
BRDA:67,0,6,0
BRDA:67,0,7,0
BRDA:67,0,8,0
BRDA:67,0,9,0
BRDA:67,0,10,0
BRDA:67,0,11,0
BRDA:67,0,12,0
BRDA:67,0,13,0
BRDA:67,0,14,0
BRDA:67,0,15,0
BRDA:67,0,16,0
BRDA:67,0,17,0
BRDA:67,0,18,0
BRDA:67,0,19,0
BRDA:67,0,20,0
BRDA:67,0,21,0
BRDA:67,0,22,0
BRDA:67,0,23,0
BRDA:67,0,24,0
BRDA:67,0,25,0
BRDA:67,0,26,0
BRDA:67,0,27,0
BRDA:67,0,28,0
BRDA:67,0,29,0
BRDA:67,0,30,0
BRDA:67,0,31,0
BRDA:67,0,32,0
BRDA:67,0,33,0
BRDA:67,0,34,0
BRDA:67,0,35,0
BRDA:67,0,36,0
BRDA:67,0,37,0
BRDA:67,0,38,0
BRDA:67,0,39,0
BRDA:67,0,40,0
BRDA:67,0,41,0
BRDA:67,0,42,0
BRDA:67,0,43,0
BRDA:67,0,44,0
BRDA:67,0,45,0
BRDA:67,0,46,0
BRDA:67,0,47,0
BRDA:67,0,48,0
BRDA:67,0,49,0
BRDA:67,0,50,0
BRDA:67,0,51,0
BRDA:67,0,52,0
BRDA:67,0,53,0
BRDA:67,0,54,0
BRDA:67,0,55,0
BRDA:67,0,56,0
BRDA:67,0,57,0
BRDA:67,0,58,0
BRDA:67,0,59,0
BRDA:67,0,60,0
BRDA:67,0,61,0
BRDA:67,0,62,0
BRDA:67,0,63,0
BRDA:67,0,64,0
BRDA:67,0,65,0
BRDA:67,0,66,0
BRDA:67,0,67,0
BRDA:67,0,68,0
BRDA:67,0,69,0
BRDA:67,0,70,0
BRDA:67,0,71,0
BRDA:67,0,72,0
BRDA:67,0,73,0
BRDA:67,0,74,0
BRDA:67,0,75,0
BRDA:67,0,76,0
BRDA:67,0,77,0
BRDA:67,0,78,0
BRDA:67,0,79,0
BRDA:67,0,80,0
BRDA:67,0,81,0
BRDA:67,0,82,0
BRDA:67,0,83,0
BRDA:67,0,84,0
BRDA:67,0,85,0
BRDA:67,0,86,0
BRDA:67,0,87,0
BRDA:67,0,88,0
BRDA:67,0,89,0
BRDA:67,0,90,0
BRDA:67,0,91,0
BRDA:67,0,92,0
BRDA:67,0,93,0
BRDA:67,0,94,0
BRDA:67,0,95,0
BRDA:67,0,96,0
BRDA:67,0,97,0
BRDA:67,0,98,0
BRDA:67,0,99,0
BRDA:67,0,100,0
BRDA:67,0,101,0
BRDA:67,0,102,0
BRDA:67,0,103,0
BRDA:67,0,104,0
BRDA:67,0,105,0
BRDA:67,0,106,0
BRDA:67,0,107,0
BRDA:67,0,108,0
BRDA:67,0,109,0
BRDA:67,0,110,0
BRDA:67,0,111,0
BRDA:67,0,112,0
BRDA:67,0,113,0
BRDA:67,0,114,0
BRDA:67,0,115,0
BRDA:67,0,116,0
BRDA:67,0,117,0
BRDA:67,0,118,0
BRDA:67,0,119,0
BRDA:67,0,120,0
BRDA:67,0,121,0
BRDA:67,0,122,0
BRDA:67,0,123,0
BRDA:67,0,124,0
BRDA:67,0,125,0
BRDA:67,0,126,0
BRDA:67,0,127,0
DA:68,0
BRDA:68,0,0,0
BRDA:68,0,1,0
BRDA:68,0,2,0
BRDA:68,0,3,0
BRDA:68,0,4,0
BRDA:68,0,5,0
BRDA:68,0,6,0
BRDA:68,0,7,0
BRDA:68,0,8,0
BRDA:68,0,9,0
BRDA:68,0,10,0
BRDA:68,0,11,0
BRDA:68,0,12,0
BRDA:68,0,13,0
BRDA:68,0,14,0
BRDA:68,0,15,0
BRDA:68,0,16,0
BRDA:68,0,17,0
BRDA:68,0,18,0
BRDA:68,0,19,0
BRDA:68,0,20,0
BRDA:68,0,21,0
BRDA:68,0,22,0
BRDA:68,0,23,0
BRDA:68,0,24,0
BRDA:68,0,25,0
BRDA:68,0,26,0
BRDA:68,0,27,0
BRDA:68,0,28,0
BRDA:68,0,29,0
BRDA:68,0,30,0
BRDA:68,0,31,0
DA:69,0
BRDA:69,0,0,0
BRDA:69,0,1,0
BRDA:69,0,2,0
BRDA:69,0,3,0
BRDA:69,0,4,0
BRDA:69,0,5,0
BRDA:69,0,6,0
BRDA:69,0,7,0
BRDA:69,0,8,0
BRDA:69,0,9,0
BRDA:69,0,10,0
BRDA:69,0,11,0
BRDA:69,0,12,0
BRDA:69,0,13,0
BRDA:69,0,14,0
BRDA:69,0,15,0
BRDA:69,0,16,0
BRDA:69,0,17,0
BRDA:69,0,18,0
BRDA:69,0,19,0
BRDA:69,0,20,0
BRDA:69,0,21,0
BRDA:69,0,22,0
BRDA:69,0,23,0
BRDA:69,0,24,0
BRDA:69,0,25,0
BRDA:69,0,26,0
BRDA:69,0,27,0
BRDA:69,0,28,0
BRDA:69,0,29,0
BRDA:69,0,30,0
BRDA:69,0,31,0
DA:70,1
BRDA:70,0,0,1
BRDA:70,0,1,0
BRDA:70,0,2,0
BRDA:70,0,3,0
BRDA:70,0,4,0
BRDA:70,0,5,0
BRDA:70,0,6,0
BRDA:70,0,7,0
BRDA:70,0,8,0
BRDA:70,0,9,0
BRDA:70,0,10,0
BRDA:70,0,11,0
BRDA:70,0,12,0
BRDA:70,0,13,0
BRDA:70,0,14,0
BRDA:70,0,15,0
BRDA:70,0,16,0
BRDA:70,0,17,0
BRDA:70,0,18,0
BRDA:70,0,19,0
BRDA:70,0,20,0
BRDA:70,0,21,0
BRDA:70,0,22,0
BRDA:70,0,23,0
BRDA:70,0,24,0
BRDA:70,0,25,0
BRDA:70,0,26,0
BRDA:70,0,27,0
BRDA:70,0,28,0
BRDA:70,0,29,0
BRDA:70,0,30,0
BRDA:70,0,31,0
DA:71,0
BRDA:71,0,0,0
BRDA:71,0,1,0
DA:72,0
BRDA:72,0,0,0
BRDA:72,0,1,0
BRDA:72,0,2,0
BRDA:72,0,3,0
BRDA:72,0,4,0
BRDA:72,0,5,0
BRDA:72,0,6,0
BRDA:72,0,7,0
BRDA:72,0,8,0
BRDA:72,0,9,0
BRDA:72,0,10,0
BRDA:72,0,11,0
BRDA:72,0,12,0
BRDA:72,0,13,0
BRDA:72,0,14,0
BRDA:72,0,15,0
BRDA:72,0,16,0
BRDA:72,0,17,0
BRDA:72,0,18,0
BRDA:72,0,19,0
BRDA:72,0,20,0
BRDA:72,0,21,0
BRDA:72,0,22,0
BRDA:72,0,23,0
BRDA:72,0,24,0
BRDA:72,0,25,0
BRDA:72,0,26,0
BRDA:72,0,27,0
BRDA:72,0,28,0
BRDA:72,0,29,0
BRDA:72,0,30,0
BRDA:72,0,31,0
DA:73,0
BRDA:73,0,0,0
BRDA:73,0,1,0
BRDA:73,0,2,0
BRDA:73,0,3,0
BRDA:73,0,4,0
BRDA:73,0,5,0
BRDA:73,0,6,0
BRDA:73,0,7,0
BRDA:73,0,8,0
BRDA:73,0,9,0
BRDA:73,0,10,0
BRDA:73,0,11,0
BRDA:73,0,12,0
BRDA:73,0,13,0
BRDA:73,0,14,0
BRDA:73,0,15,0
BRDA:73,0,16,0
BRDA:73,0,17,0
BRDA:73,0,18,0
BRDA:73,0,19,0
BRDA:73,0,20,0
BRDA:73,0,21,0
BRDA:73,0,22,0
BRDA:73,0,23,0
BRDA:73,0,24,0
BRDA:73,0,25,0
BRDA:73,0,26,0
BRDA:73,0,27,0
BRDA:73,0,28,0
BRDA:73,0,29,0
BRDA:73,0,30,0
BRDA:73,0,31,0
DA:74,0
BRDA:74,0,0,0
BRDA:74,0,1,0
DA:75,1
BRDA:75,0,0,1
BRDA:75,0,1,0
BRDA:75,0,2,0
BRDA:75,0,3,0
BRDA:75,0,4,0
BRDA:75,0,5,0
BRDA:75,0,6,0
BRDA:75,0,7,0
BRDA:75,0,8,0
BRDA:75,0,9,0
BRDA:75,0,10,0
BRDA:75,0,11,0
BRDA:75,0,12,0
BRDA:75,0,13,0
BRDA:75,0,14,0
BRDA:75,0,15,0
BRDA:75,0,16,0
BRDA:75,0,17,0
BRDA:75,0,18,0
BRDA:75,0,19,0
BRDA:75,0,20,0
BRDA:75,0,21,0
BRDA:75,0,22,0
BRDA:75,0,23,0
BRDA:75,0,24,0
BRDA:75,0,25,0
BRDA:75,0,26,0
BRDA:75,0,27,0
BRDA:75,0,28,0
BRDA:75,0,29,0
BRDA:75,0,30,0
BRDA:75,0,31,0
DA:76,0
BRDA:76,0,0,0
BRDA:76,0,1,0
BRDA:76,0,2,0
BRDA:76,0,3,0
BRDA:76,0,4,0
BRDA:76,0,5,0
BRDA:76,0,6,0
BRDA:76,0,7,0
BRDA:76,0,8,0
BRDA:76,0,9,0
BRDA:76,0,10,0
BRDA:76,0,11,0
BRDA:76,0,12,0
BRDA:76,0,13,0
BRDA:76,0,14,0
BRDA:76,0,15,0
BRDA:76,0,16,0
BRDA:76,0,17,0
BRDA:76,0,18,0
BRDA:76,0,19,0
BRDA:76,0,20,0
BRDA:76,0,21,0
BRDA:76,0,22,0
BRDA:76,0,23,0
BRDA:76,0,24,0
BRDA:76,0,25,0
BRDA:76,0,26,0
BRDA:76,0,27,0
BRDA:76,0,28,0
BRDA:76,0,29,0
BRDA:76,0,30,0
BRDA:76,0,31,0
BRDA:76,0,32,0
BRDA:76,0,33,0
BRDA:76,0,34,0
BRDA:76,0,35,0
BRDA:76,0,36,0
BRDA:76,0,37,0
BRDA:76,0,38,0
BRDA:76,0,39,0
BRDA:76,0,40,0
BRDA:76,0,41,0
BRDA:76,0,42,0
BRDA:76,0,43,0
BRDA:76,0,44,0
BRDA:76,0,45,0
BRDA:76,0,46,0
BRDA:76,0,47,0
BRDA:76,0,48,0
BRDA:76,0,49,0
BRDA:76,0,50,0
BRDA:76,0,51,0
BRDA:76,0,52,0
BRDA:76,0,53,0
BRDA:76,0,54,0
BRDA:76,0,55,0
BRDA:76,0,56,0
BRDA:76,0,57,0
BRDA:76,0,58,0
BRDA:76,0,59,0
BRDA:76,0,60,0
BRDA:76,0,61,0
BRDA:76,0,62,0
BRDA:76,0,63,0
BRDA:76,0,64,0
BRDA:76,0,65,0
BRDA:76,0,66,0
BRDA:76,0,67,0
BRDA:76,0,68,0
BRDA:76,0,69,0
BRDA:76,0,70,0
BRDA:76,0,71,0
BRDA:76,0,72,0
BRDA:76,0,73,0
BRDA:76,0,74,0
BRDA:76,0,75,0
BRDA:76,0,76,0
BRDA:76,0,77,0
BRDA:76,0,78,0
BRDA:76,0,79,0
BRDA:76,0,80,0
BRDA:76,0,81,0
BRDA:76,0,82,0
BRDA:76,0,83,0
BRDA:76,0,84,0
BRDA:76,0,85,0
BRDA:76,0,86,0
BRDA:76,0,87,0
BRDA:76,0,88,0
BRDA:76,0,89,0
BRDA:76,0,90,0
BRDA:76,0,91,0
BRDA:76,0,92,0
BRDA:76,0,93,0
BRDA:76,0,94,0
BRDA:76,0,95,0
BRDA:76,0,96,0
BRDA:76,0,97,0
BRDA:76,0,98,0
BRDA:76,0,99,0
BRDA:76,0,100,0
BRDA:76,0,101,0
BRDA:76,0,102,0
BRDA:76,0,103,0
BRDA:76,0,104,0
BRDA:76,0,105,0
BRDA:76,0,106,0
BRDA:76,0,107,0
BRDA:76,0,108,0
BRDA:76,0,109,0
BRDA:76,0,110,0
BRDA:76,0,111,0
BRDA:76,0,112,0
BRDA:76,0,113,0
BRDA:76,0,114,0
BRDA:76,0,115,0
BRDA:76,0,116,0
BRDA:76,0,117,0
BRDA:76,0,118,0
BRDA:76,0,119,0
BRDA:76,0,120,0
BRDA:76,0,121,0
BRDA:76,0,122,0
BRDA:76,0,123,0
BRDA:76,0,124,0
BRDA:76,0,125,0
BRDA:76,0,126,0
BRDA:76,0,127,0
DA:77,0
BRDA:77,0,0,0
BRDA:77,0,1,0
BRDA:77,0,2,0
BRDA:77,0,3,0
BRDA:77,0,4,0
BRDA:77,0,5,0
BRDA:77,0,6,0
BRDA:77,0,7,0
BRDA:77,0,8,0
BRDA:77,0,9,0
BRDA:77,0,10,0
BRDA:77,0,11,0
BRDA:77,0,12,0
BRDA:77,0,13,0
BRDA:77,0,14,0
BRDA:77,0,15,0
BRDA:77,0,16,0
BRDA:77,0,17,0
BRDA:77,0,18,0
BRDA:77,0,19,0
BRDA:77,0,20,0
BRDA:77,0,21,0
BRDA:77,0,22,0
BRDA:77,0,23,0
BRDA:77,0,24,0
BRDA:77,0,25,0
BRDA:77,0,26,0
BRDA:77,0,27,0
BRDA:77,0,28,0
BRDA:77,0,29,0
BRDA:77,0,30,0
BRDA:77,0,31,0
BRDA:77,0,32,0
BRDA:77,0,33,0
BRDA:77,0,34,0
BRDA:77,0,35,0
BRDA:77,0,36,0
BRDA:77,0,37,0
BRDA:77,0,38,0
BRDA:77,0,39,0
BRDA:77,0,40,0
BRDA:77,0,41,0
BRDA:77,0,42,0
BRDA:77,0,43,0
BRDA:77,0,44,0
BRDA:77,0,45,0
BRDA:77,0,46,0
BRDA:77,0,47,0
BRDA:77,0,48,0
BRDA:77,0,49,0
BRDA:77,0,50,0
BRDA:77,0,51,0
BRDA:77,0,52,0
BRDA:77,0,53,0
BRDA:77,0,54,0
BRDA:77,0,55,0
BRDA:77,0,56,0
BRDA:77,0,57,0
BRDA:77,0,58,0
BRDA:77,0,59,0
BRDA:77,0,60,0
BRDA:77,0,61,0
BRDA:77,0,62,0
BRDA:77,0,63,0
BRDA:77,0,64,0
BRDA:77,0,65,0
BRDA:77,0,66,0
BRDA:77,0,67,0
BRDA:77,0,68,0
BRDA:77,0,69,0
BRDA:77,0,70,0
BRDA:77,0,71,0
BRDA:77,0,72,0
BRDA:77,0,73,0
BRDA:77,0,74,0
BRDA:77,0,75,0
BRDA:77,0,76,0
BRDA:77,0,77,0
BRDA:77,0,78,0
BRDA:77,0,79,0
BRDA:77,0,80,0
BRDA:77,0,81,0
BRDA:77,0,82,0
BRDA:77,0,83,0
BRDA:77,0,84,0
BRDA:77,0,85,0
BRDA:77,0,86,0
BRDA:77,0,87,0
BRDA:77,0,88,0
BRDA:77,0,89,0
BRDA:77,0,90,0
BRDA:77,0,91,0
BRDA:77,0,92,0
BRDA:77,0,93,0
BRDA:77,0,94,0
BRDA:77,0,95,0
BRDA:77,0,96,0
BRDA:77,0,97,0
BRDA:77,0,98,0
BRDA:77,0,99,0
BRDA:77,0,100,0
BRDA:77,0,101,0
BRDA:77,0,102,0
BRDA:77,0,103,0
BRDA:77,0,104,0
BRDA:77,0,105,0
BRDA:77,0,106,0
BRDA:77,0,107,0
BRDA:77,0,108,0
BRDA:77,0,109,0
BRDA:77,0,110,0
BRDA:77,0,111,0
BRDA:77,0,112,0
BRDA:77,0,113,0
BRDA:77,0,114,0
BRDA:77,0,115,0
BRDA:77,0,116,0
BRDA:77,0,117,0
BRDA:77,0,118,0
BRDA:77,0,119,0
BRDA:77,0,120,0
BRDA:77,0,121,0
BRDA:77,0,122,0
BRDA:77,0,123,0
BRDA:77,0,124,0
BRDA:77,0,125,0
BRDA:77,0,126,0
BRDA:77,0,127,0
DA:78,0
BRDA:78,0,0,0
BRDA:78,0,1,0
DA:95,26
DA:96,25
BRDA:96,0,0,25
BRDA:96,0,1,1
BRDA:96,0,2,25
BRDA:96,0,3,1
DA:97,1
DA:98,1
DA:99,1
DA:100,1
DA:101,1
DA:102,1
DA:103,1
DA:104,1
DA:105,1
DA:106,1
DA:107,1
DA:108,1
DA:109,1
DA:110,1
DA:111,1
DA:112,1
DA:113,1
DA:114,1
DA:115,1
DA:116,1
DA:117,1
DA:118,25
DA:119,25
DA:120,25
DA:121,25
BRDA:121,0,0,0
BRDA:121,0,1,25
DA:122,25
BRDA:122,0,0,0
BRDA:122,0,1,25
BRDA:122,0,2,25
BRDA:122,0,3,25
BRDA:122,0,4,25
BRDA:122,0,5,25
BRDA:122,0,6,0
BRDA:122,0,7,0
DA:123,0
DA:124,0
DA:125,0
DA:126,0
DA:127,0
DA:128,0
DA:129,0
DA:130,0
DA:131,0
DA:132,0
DA:133,0
DA:135,25
BRDA:135,0,0,0
BRDA:135,0,1,25
DA:136,0
BRDA:136,0,0,0
BRDA:136,0,1,0
BRDA:136,0,2,0
BRDA:136,0,3,0
BRDA:136,0,4,0
DA:137,0
BRDA:137,0,0,0
BRDA:137,0,1,0
DA:138,0
BRDA:138,0,0,0
BRDA:138,0,1,0
DA:139,0
BRDA:139,0,0,0
BRDA:139,0,1,0
BRDA:139,0,2,0
BRDA:139,0,3,0
BRDA:139,0,4,0
DA:140,0
DA:141,0
DA:142,0
DA:143,0
DA:144,0
DA:145,0
DA:147,0
BRDA:147,0,0,0
BRDA:147,0,1,0
DA:148,0
DA:149,0
DA:150,0
DA:151,0
DA:152,0
DA:153,0
BRDA:153,0,0,0
BRDA:153,0,1,0
BRDA:153,0,2,0
BRDA:153,0,3,0
DA:154,0
DA:155,0
DA:156,0
DA:157,0
BRDA:157,0,0,0
BRDA:157,0,1,0
BRDA:157,0,2,0
BRDA:157,0,3,0
BRDA:157,0,4,0
DA:158,0
DA:159,0
DA:160,0
DA:161,0
DA:162,0
DA:163,0
DA:164,0
DA:166,0
DA:167,0
DA:168,0
DA:171,25
BRDA:171,0,0,0
BRDA:171,0,1,25
DA:172,0
DA:173,0
DA:174,0
DA:175,0
DA:176,0
DA:178,25
BRDA:178,0,0,25
BRDA:178,0,1,0
BRDA:178,0,2,25
BRDA:178,0,3,0
BRDA:178,0,4,25
DA:179,25
DA:180,0
DA:181,0
BRF:1420
BRH:15
end_of_record
