TN:verilator_coverage
SF:../../handoff/rtl/adaptive_aero_control_top.v
DA:18,26
BRDA:18,0,0,26
BRDA:18,0,1,25
DA:19,1
BRDA:19,0,0,1
BRDA:19,0,1,0
DA:20,1
BRDA:20,0,0,1
BRDA:20,0,1,1
BRDA:20,0,2,1
BRDA:20,0,3,0
BRDA:20,0,4,1
BRDA:20,0,5,0
BRDA:20,0,6,1
BRDA:20,0,7,0
BRDA:20,0,8,1
BRDA:20,0,9,0
BRDA:20,0,10,0
BRDA:20,0,11,0
DA:21,0
BRDA:21,0,0,0
BRDA:21,0,1,0
BRDA:21,0,2,0
BRDA:21,0,3,0
BRDA:21,0,4,0
BRDA:21,0,5,0
BRDA:21,0,6,0
BRDA:21,0,7,0
BRDA:21,0,8,0
BRDA:21,0,9,0
BRDA:21,0,10,0
BRDA:21,0,11,0
BRDA:21,0,12,0
BRDA:21,0,13,0
BRDA:21,0,14,0
BRDA:21,0,15,0
BRDA:21,0,16,0
BRDA:21,0,17,0
BRDA:21,0,18,0
BRDA:21,0,19,0
BRDA:21,0,20,0
BRDA:21,0,21,0
BRDA:21,0,22,0
BRDA:21,0,23,0
BRDA:21,0,24,0
BRDA:21,0,25,0
BRDA:21,0,26,0
BRDA:21,0,27,0
BRDA:21,0,28,0
BRDA:21,0,29,0
BRDA:21,0,30,0
BRDA:21,0,31,0
BRDA:21,0,32,0
BRDA:21,0,33,0
BRDA:21,0,34,0
BRDA:21,0,35,0
BRDA:21,0,36,0
BRDA:21,0,37,0
BRDA:21,0,38,0
BRDA:21,0,39,0
BRDA:21,0,40,0
BRDA:21,0,41,0
BRDA:21,0,42,0
BRDA:21,0,43,0
BRDA:21,0,44,0
BRDA:21,0,45,0
BRDA:21,0,46,0
BRDA:21,0,47,0
BRDA:21,0,48,0
BRDA:21,0,49,0
BRDA:21,0,50,0
BRDA:21,0,51,0
BRDA:21,0,52,0
BRDA:21,0,53,0
BRDA:21,0,54,0
BRDA:21,0,55,0
BRDA:21,0,56,0
BRDA:21,0,57,0
BRDA:21,0,58,0
BRDA:21,0,59,0
BRDA:21,0,60,0
BRDA:21,0,61,0
BRDA:21,0,62,0
BRDA:21,0,63,0
BRDA:21,0,64,0
BRDA:21,0,65,0
BRDA:21,0,66,0
BRDA:21,0,67,0
BRDA:21,0,68,0
BRDA:21,0,69,0
BRDA:21,0,70,0
BRDA:21,0,71,0
BRDA:21,0,72,0
BRDA:21,0,73,0
BRDA:21,0,74,0
BRDA:21,0,75,0
BRDA:21,0,76,0
BRDA:21,0,77,0
BRDA:21,0,78,0
BRDA:21,0,79,0
BRDA:21,0,80,0
BRDA:21,0,81,0
BRDA:21,0,82,0
BRDA:21,0,83,0
BRDA:21,0,84,0
BRDA:21,0,85,0
BRDA:21,0,86,0
BRDA:21,0,87,0
BRDA:21,0,88,0
BRDA:21,0,89,0
BRDA:21,0,90,0
BRDA:21,0,91,0
BRDA:21,0,92,0
BRDA:21,0,93,0
BRDA:21,0,94,0
BRDA:21,0,95,0
BRDA:21,0,96,0
BRDA:21,0,97,0
BRDA:21,0,98,0
BRDA:21,0,99,0
BRDA:21,0,100,0
BRDA:21,0,101,0
BRDA:21,0,102,0
BRDA:21,0,103,0
BRDA:21,0,104,0
BRDA:21,0,105,0
BRDA:21,0,106,0
BRDA:21,0,107,0
BRDA:21,0,108,0
BRDA:21,0,109,0
BRDA:21,0,110,0
BRDA:21,0,111,0
BRDA:21,0,112,0
BRDA:21,0,113,0
BRDA:21,0,114,0
BRDA:21,0,115,0
BRDA:21,0,116,0
BRDA:21,0,117,0
BRDA:21,0,118,0
BRDA:21,0,119,0
BRDA:21,0,120,0
BRDA:21,0,121,0
BRDA:21,0,122,0
BRDA:21,0,123,0
BRDA:21,0,124,0
BRDA:21,0,125,0
BRDA:21,0,126,0
BRDA:21,0,127,0
DA:22,0
BRDA:22,0,0,0
BRDA:22,0,1,0
BRDA:22,0,2,0
BRDA:22,0,3,0
BRDA:22,0,4,0
BRDA:22,0,5,0
BRDA:22,0,6,0
BRDA:22,0,7,0
BRDA:22,0,8,0
BRDA:22,0,9,0
BRDA:22,0,10,0
BRDA:22,0,11,0
BRDA:22,0,12,0
BRDA:22,0,13,0
BRDA:22,0,14,0
BRDA:22,0,15,0
BRDA:22,0,16,0
BRDA:22,0,17,0
BRDA:22,0,18,0
BRDA:22,0,19,0
BRDA:22,0,20,0
BRDA:22,0,21,0
BRDA:22,0,22,0
BRDA:22,0,23,0
BRDA:22,0,24,0
BRDA:22,0,25,0
BRDA:22,0,26,0
BRDA:22,0,27,0
BRDA:22,0,28,0
BRDA:22,0,29,0
BRDA:22,0,30,0
BRDA:22,0,31,0
BRDA:22,0,32,0
BRDA:22,0,33,0
BRDA:22,0,34,0
BRDA:22,0,35,0
BRDA:22,0,36,0
BRDA:22,0,37,0
BRDA:22,0,38,0
BRDA:22,0,39,0
BRDA:22,0,40,0
BRDA:22,0,41,0
BRDA:22,0,42,0
BRDA:22,0,43,0
BRDA:22,0,44,0
BRDA:22,0,45,0
BRDA:22,0,46,0
BRDA:22,0,47,0
BRDA:22,0,48,0
BRDA:22,0,49,0
BRDA:22,0,50,0
BRDA:22,0,51,0
BRDA:22,0,52,0
BRDA:22,0,53,0
BRDA:22,0,54,0
BRDA:22,0,55,0
BRDA:22,0,56,0
BRDA:22,0,57,0
BRDA:22,0,58,0
BRDA:22,0,59,0
BRDA:22,0,60,0
BRDA:22,0,61,0
BRDA:22,0,62,0
BRDA:22,0,63,0
BRDA:22,0,64,0
BRDA:22,0,65,0
BRDA:22,0,66,0
BRDA:22,0,67,0
BRDA:22,0,68,0
BRDA:22,0,69,0
BRDA:22,0,70,0
BRDA:22,0,71,0
BRDA:22,0,72,0
BRDA:22,0,73,0
BRDA:22,0,74,0
BRDA:22,0,75,0
BRDA:22,0,76,0
BRDA:22,0,77,0
BRDA:22,0,78,0
BRDA:22,0,79,0
BRDA:22,0,80,0
BRDA:22,0,81,0
BRDA:22,0,82,0
BRDA:22,0,83,0
BRDA:22,0,84,0
BRDA:22,0,85,0
BRDA:22,0,86,0
BRDA:22,0,87,0
BRDA:22,0,88,0
BRDA:22,0,89,0
BRDA:22,0,90,0
BRDA:22,0,91,0
BRDA:22,0,92,0
BRDA:22,0,93,0
BRDA:22,0,94,0
BRDA:22,0,95,0
BRDA:22,0,96,0
BRDA:22,0,97,0
BRDA:22,0,98,0
BRDA:22,0,99,0
BRDA:22,0,100,0
BRDA:22,0,101,0
BRDA:22,0,102,0
BRDA:22,0,103,0
BRDA:22,0,104,0
BRDA:22,0,105,0
BRDA:22,0,106,0
BRDA:22,0,107,0
BRDA:22,0,108,0
BRDA:22,0,109,0
BRDA:22,0,110,0
BRDA:22,0,111,0
BRDA:22,0,112,0
BRDA:22,0,113,0
BRDA:22,0,114,0
BRDA:22,0,115,0
BRDA:22,0,116,0
BRDA:22,0,117,0
BRDA:22,0,118,0
BRDA:22,0,119,0
BRDA:22,0,120,0
BRDA:22,0,121,0
BRDA:22,0,122,0
BRDA:22,0,123,0
BRDA:22,0,124,0
BRDA:22,0,125,0
BRDA:22,0,126,0
BRDA:22,0,127,0
DA:23,0
BRDA:23,0,0,0
BRDA:23,0,1,0
DA:24,0
BRDA:24,0,0,0
BRDA:24,0,1,0
DA:25,0
BRDA:25,0,0,0
BRDA:25,0,1,0
DA:26,0
BRDA:26,0,0,0
BRDA:26,0,1,0
DA:27,0
BRDA:27,0,0,0
BRDA:27,0,1,0
BRDA:27,0,2,0
BRDA:27,0,3,0
BRDA:27,0,4,0
BRDA:27,0,5,0
BRDA:27,0,6,0
BRDA:27,0,7,0
BRDA:27,0,8,0
BRDA:27,0,9,0
BRDA:27,0,10,0
BRDA:27,0,11,0
BRDA:27,0,12,0
BRDA:27,0,13,0
BRDA:27,0,14,0
BRDA:27,0,15,0
BRDA:27,0,16,0
BRDA:27,0,17,0
BRDA:27,0,18,0
BRDA:27,0,19,0
BRDA:27,0,20,0
BRDA:27,0,21,0
BRDA:27,0,22,0
BRDA:27,0,23,0
BRDA:27,0,24,0
BRDA:27,0,25,0
BRDA:27,0,26,0
BRDA:27,0,27,0
BRDA:27,0,28,0
BRDA:27,0,29,0
BRDA:27,0,30,0
BRDA:27,0,31,0
BRDA:27,0,32,0
BRDA:27,0,33,0
BRDA:27,0,34,0
BRDA:27,0,35,0
BRDA:27,0,36,0
BRDA:27,0,37,0
BRDA:27,0,38,0
BRDA:27,0,39,0
BRDA:27,0,40,0
BRDA:27,0,41,0
BRDA:27,0,42,0
BRDA:27,0,43,0
BRDA:27,0,44,0
BRDA:27,0,45,0
BRDA:27,0,46,0
BRDA:27,0,47,0
BRDA:27,0,48,0
BRDA:27,0,49,0
BRDA:27,0,50,0
BRDA:27,0,51,0
BRDA:27,0,52,0
BRDA:27,0,53,0
BRDA:27,0,54,0
BRDA:27,0,55,0
BRDA:27,0,56,0
BRDA:27,0,57,0
BRDA:27,0,58,0
BRDA:27,0,59,0
BRDA:27,0,60,0
BRDA:27,0,61,0
BRDA:27,0,62,0
BRDA:27,0,63,0
BRDA:27,0,64,0
BRDA:27,0,65,0
BRDA:27,0,66,0
BRDA:27,0,67,0
BRDA:27,0,68,0
BRDA:27,0,69,0
BRDA:27,0,70,0
BRDA:27,0,71,0
BRDA:27,0,72,0
BRDA:27,0,73,0
BRDA:27,0,74,0
BRDA:27,0,75,0
BRDA:27,0,76,0
BRDA:27,0,77,0
BRDA:27,0,78,0
BRDA:27,0,79,0
BRDA:27,0,80,0
BRDA:27,0,81,0
BRDA:27,0,82,0
BRDA:27,0,83,0
BRDA:27,0,84,0
BRDA:27,0,85,0
BRDA:27,0,86,0
BRDA:27,0,87,0
BRDA:27,0,88,0
BRDA:27,0,89,0
BRDA:27,0,90,0
BRDA:27,0,91,0
BRDA:27,0,92,0
BRDA:27,0,93,0
BRDA:27,0,94,0
BRDA:27,0,95,0
BRDA:27,0,96,0
BRDA:27,0,97,0
BRDA:27,0,98,0
BRDA:27,0,99,0
BRDA:27,0,100,0
BRDA:27,0,101,0
BRDA:27,0,102,0
BRDA:27,0,103,0
BRDA:27,0,104,0
BRDA:27,0,105,0
BRDA:27,0,106,0
BRDA:27,0,107,0
BRDA:27,0,108,0
BRDA:27,0,109,0
BRDA:27,0,110,0
BRDA:27,0,111,0
BRDA:27,0,112,0
BRDA:27,0,113,0
BRDA:27,0,114,0
BRDA:27,0,115,0
BRDA:27,0,116,0
BRDA:27,0,117,0
BRDA:27,0,118,0
BRDA:27,0,119,0
BRDA:27,0,120,0
BRDA:27,0,121,0
BRDA:27,0,122,0
BRDA:27,0,123,0
BRDA:27,0,124,0
BRDA:27,0,125,0
BRDA:27,0,126,0
BRDA:27,0,127,0
BRDA:27,0,128,0
BRDA:27,0,129,0
BRDA:27,0,130,0
BRDA:27,0,131,0
BRDA:27,0,132,0
BRDA:27,0,133,0
BRDA:27,0,134,0
BRDA:27,0,135,0
BRDA:27,0,136,0
BRDA:27,0,137,0
BRDA:27,0,138,0
BRDA:27,0,139,0
BRDA:27,0,140,0
BRDA:27,0,141,0
BRDA:27,0,142,0
BRDA:27,0,143,0
BRDA:27,0,144,0
BRDA:27,0,145,0
BRDA:27,0,146,0
BRDA:27,0,147,0
BRDA:27,0,148,0
BRDA:27,0,149,0
BRDA:27,0,150,0
BRDA:27,0,151,0
BRDA:27,0,152,0
BRDA:27,0,153,0
BRDA:27,0,154,0
BRDA:27,0,155,0
BRDA:27,0,156,0
BRDA:27,0,157,0
BRDA:27,0,158,0
BRDA:27,0,159,0
BRDA:27,0,160,0
BRDA:27,0,161,0
BRDA:27,0,162,0
BRDA:27,0,163,0
BRDA:27,0,164,0
BRDA:27,0,165,0
BRDA:27,0,166,0
BRDA:27,0,167,0
BRDA:27,0,168,0
BRDA:27,0,169,0
BRDA:27,0,170,0
BRDA:27,0,171,0
BRDA:27,0,172,0
BRDA:27,0,173,0
BRDA:27,0,174,0
BRDA:27,0,175,0
BRDA:27,0,176,0
BRDA:27,0,177,0
BRDA:27,0,178,0
BRDA:27,0,179,0
BRDA:27,0,180,0
BRDA:27,0,181,0
BRDA:27,0,182,0
BRDA:27,0,183,0
BRDA:27,0,184,0
BRDA:27,0,185,0
BRDA:27,0,186,0
BRDA:27,0,187,0
BRDA:27,0,188,0
BRDA:27,0,189,0
BRDA:27,0,190,0
BRDA:27,0,191,0
BRDA:27,0,192,0
BRDA:27,0,193,0
BRDA:27,0,194,0
BRDA:27,0,195,0
BRDA:27,0,196,0
BRDA:27,0,197,0
BRDA:27,0,198,0
BRDA:27,0,199,0
BRDA:27,0,200,0
BRDA:27,0,201,0
BRDA:27,0,202,0
BRDA:27,0,203,0
BRDA:27,0,204,0
BRDA:27,0,205,0
BRDA:27,0,206,0
BRDA:27,0,207,0
BRDA:27,0,208,0
BRDA:27,0,209,0
BRDA:27,0,210,0
BRDA:27,0,211,0
BRDA:27,0,212,0
BRDA:27,0,213,0
BRDA:27,0,214,0
BRDA:27,0,215,0
BRDA:27,0,216,0
BRDA:27,0,217,0
BRDA:27,0,218,0
BRDA:27,0,219,0
BRDA:27,0,220,0
BRDA:27,0,221,0
BRDA:27,0,222,0
BRDA:27,0,223,0
BRDA:27,0,224,0
BRDA:27,0,225,0
BRDA:27,0,226,0
BRDA:27,0,227,0
BRDA:27,0,228,0
BRDA:27,0,229,0
BRDA:27,0,230,0
BRDA:27,0,231,0
BRDA:27,0,232,0
BRDA:27,0,233,0
BRDA:27,0,234,0
BRDA:27,0,235,0
BRDA:27,0,236,0
BRDA:27,0,237,0
BRDA:27,0,238,0
BRDA:27,0,239,0
BRDA:27,0,240,0
BRDA:27,0,241,0
BRDA:27,0,242,0
BRDA:27,0,243,0
BRDA:27,0,244,0
BRDA:27,0,245,0
BRDA:27,0,246,0
BRDA:27,0,247,0
BRDA:27,0,248,0
BRDA:27,0,249,0
BRDA:27,0,250,0
BRDA:27,0,251,0
BRDA:27,0,252,0
BRDA:27,0,253,0
BRDA:27,0,254,0
BRDA:27,0,255,0
DA:28,0
BRDA:28,0,0,0
BRDA:28,0,1,0
DA:29,1
BRDA:29,0,0,1
BRDA:29,0,1,0
DA:30,0
BRDA:30,0,0,0
BRDA:30,0,1,0
BRDA:30,0,2,0
BRDA:30,0,3,0
BRDA:30,0,4,0
BRDA:30,0,5,0
BRDA:30,0,6,0
BRDA:30,0,7,0
BRDA:30,0,8,0
BRDA:30,0,9,0
BRDA:30,0,10,0
BRDA:30,0,11,0
BRDA:30,0,12,0
BRDA:30,0,13,0
BRDA:30,0,14,0
BRDA:30,0,15,0
BRDA:30,0,16,0
BRDA:30,0,17,0
BRDA:30,0,18,0
BRDA:30,0,19,0
BRDA:30,0,20,0
BRDA:30,0,21,0
BRDA:30,0,22,0
BRDA:30,0,23,0
BRDA:30,0,24,0
BRDA:30,0,25,0
BRDA:30,0,26,0
BRDA:30,0,27,0
BRDA:30,0,28,0
BRDA:30,0,29,0
BRDA:30,0,30,0
BRDA:30,0,31,0
BRDA:30,0,32,0
BRDA:30,0,33,0
BRDA:30,0,34,0
BRDA:30,0,35,0
BRDA:30,0,36,0
BRDA:30,0,37,0
BRDA:30,0,38,0
BRDA:30,0,39,0
BRDA:30,0,40,0
BRDA:30,0,41,0
BRDA:30,0,42,0
BRDA:30,0,43,0
BRDA:30,0,44,0
BRDA:30,0,45,0
BRDA:30,0,46,0
BRDA:30,0,47,0
BRDA:30,0,48,0
BRDA:30,0,49,0
BRDA:30,0,50,0
BRDA:30,0,51,0
BRDA:30,0,52,0
BRDA:30,0,53,0
BRDA:30,0,54,0
BRDA:30,0,55,0
BRDA:30,0,56,0
BRDA:30,0,57,0
BRDA:30,0,58,0
BRDA:30,0,59,0
BRDA:30,0,60,0
BRDA:30,0,61,0
BRDA:30,0,62,0
BRDA:30,0,63,0
BRDA:30,0,64,0
BRDA:30,0,65,0
BRDA:30,0,66,0
BRDA:30,0,67,0
BRDA:30,0,68,0
BRDA:30,0,69,0
BRDA:30,0,70,0
BRDA:30,0,71,0
BRDA:30,0,72,0
BRDA:30,0,73,0
BRDA:30,0,74,0
BRDA:30,0,75,0
BRDA:30,0,76,0
BRDA:30,0,77,0
BRDA:30,0,78,0
BRDA:30,0,79,0
BRDA:30,0,80,0
BRDA:30,0,81,0
BRDA:30,0,82,0
BRDA:30,0,83,0
BRDA:30,0,84,0
BRDA:30,0,85,0
BRDA:30,0,86,0
BRDA:30,0,87,0
BRDA:30,0,88,0
BRDA:30,0,89,0
BRDA:30,0,90,0
BRDA:30,0,91,0
BRDA:30,0,92,0
BRDA:30,0,93,0
BRDA:30,0,94,0
BRDA:30,0,95,0
BRDA:30,0,96,0
BRDA:30,0,97,0
BRDA:30,0,98,0
BRDA:30,0,99,0
BRDA:30,0,100,0
BRDA:30,0,101,0
BRDA:30,0,102,0
BRDA:30,0,103,0
BRDA:30,0,104,0
BRDA:30,0,105,0
BRDA:30,0,106,0
BRDA:30,0,107,0
BRDA:30,0,108,0
BRDA:30,0,109,0
BRDA:30,0,110,0
BRDA:30,0,111,0
BRDA:30,0,112,0
BRDA:30,0,113,0
BRDA:30,0,114,0
BRDA:30,0,115,0
BRDA:30,0,116,0
BRDA:30,0,117,0
BRDA:30,0,118,0
BRDA:30,0,119,0
BRDA:30,0,120,0
BRDA:30,0,121,0
BRDA:30,0,122,0
BRDA:30,0,123,0
BRDA:30,0,124,0
BRDA:30,0,125,0
BRDA:30,0,126,0
BRDA:30,0,127,0
BRDA:30,0,128,0
BRDA:30,0,129,0
BRDA:30,0,130,0
BRDA:30,0,131,0
BRDA:30,0,132,0
BRDA:30,0,133,0
BRDA:30,0,134,0
BRDA:30,0,135,0
BRDA:30,0,136,0
BRDA:30,0,137,0
BRDA:30,0,138,0
BRDA:30,0,139,0
BRDA:30,0,140,0
BRDA:30,0,141,0
BRDA:30,0,142,0
BRDA:30,0,143,0
BRDA:30,0,144,0
BRDA:30,0,145,0
BRDA:30,0,146,0
BRDA:30,0,147,0
BRDA:30,0,148,0
BRDA:30,0,149,0
BRDA:30,0,150,0
BRDA:30,0,151,0
BRDA:30,0,152,0
BRDA:30,0,153,0
BRDA:30,0,154,0
BRDA:30,0,155,0
BRDA:30,0,156,0
BRDA:30,0,157,0
BRDA:30,0,158,0
BRDA:30,0,159,0
BRDA:30,0,160,0
BRDA:30,0,161,0
BRDA:30,0,162,0
BRDA:30,0,163,0
BRDA:30,0,164,0
BRDA:30,0,165,0
BRDA:30,0,166,0
BRDA:30,0,167,0
BRDA:30,0,168,0
BRDA:30,0,169,0
BRDA:30,0,170,0
BRDA:30,0,171,0
BRDA:30,0,172,0
BRDA:30,0,173,0
BRDA:30,0,174,0
BRDA:30,0,175,0
BRDA:30,0,176,0
BRDA:30,0,177,0
BRDA:30,0,178,0
BRDA:30,0,179,0
BRDA:30,0,180,0
BRDA:30,0,181,0
BRDA:30,0,182,0
BRDA:30,0,183,0
BRDA:30,0,184,0
BRDA:30,0,185,0
BRDA:30,0,186,0
BRDA:30,0,187,0
BRDA:30,0,188,0
BRDA:30,0,189,0
BRDA:30,0,190,0
BRDA:30,0,191,0
BRDA:30,0,192,0
BRDA:30,0,193,0
BRDA:30,0,194,0
BRDA:30,0,195,0
BRDA:30,0,196,0
BRDA:30,0,197,0
BRDA:30,0,198,0
BRDA:30,0,199,0
BRDA:30,0,200,0
BRDA:30,0,201,0
BRDA:30,0,202,0
BRDA:30,0,203,0
BRDA:30,0,204,0
BRDA:30,0,205,0
BRDA:30,0,206,0
BRDA:30,0,207,0
BRDA:30,0,208,0
BRDA:30,0,209,0
BRDA:30,0,210,0
BRDA:30,0,211,0
BRDA:30,0,212,0
BRDA:30,0,213,0
BRDA:30,0,214,0
BRDA:30,0,215,0
BRDA:30,0,216,0
BRDA:30,0,217,0
BRDA:30,0,218,0
BRDA:30,0,219,0
BRDA:30,0,220,0
BRDA:30,0,221,0
BRDA:30,0,222,0
BRDA:30,0,223,0
BRDA:30,0,224,0
BRDA:30,0,225,0
BRDA:30,0,226,0
BRDA:30,0,227,0
BRDA:30,0,228,0
BRDA:30,0,229,0
BRDA:30,0,230,0
BRDA:30,0,231,0
BRDA:30,0,232,0
BRDA:30,0,233,0
BRDA:30,0,234,0
BRDA:30,0,235,0
BRDA:30,0,236,0
BRDA:30,0,237,0
BRDA:30,0,238,0
BRDA:30,0,239,0
BRDA:30,0,240,0
BRDA:30,0,241,0
BRDA:30,0,242,0
BRDA:30,0,243,0
BRDA:30,0,244,0
BRDA:30,0,245,0
BRDA:30,0,246,0
BRDA:30,0,247,0
BRDA:30,0,248,0
BRDA:30,0,249,0
BRDA:30,0,250,0
BRDA:30,0,251,0
BRDA:30,0,252,0
BRDA:30,0,253,0
BRDA:30,0,254,0
BRDA:30,0,255,0
DA:31,0
BRDA:31,0,0,0
BRDA:31,0,1,0
BRDA:31,0,2,0
BRDA:31,0,3,0
BRDA:31,0,4,0
BRDA:31,0,5,0
BRDA:31,0,6,0
BRDA:31,0,7,0
BRDA:31,0,8,0
BRDA:31,0,9,0
BRDA:31,0,10,0
BRDA:31,0,11,0
BRDA:31,0,12,0
BRDA:31,0,13,0
BRDA:31,0,14,0
BRDA:31,0,15,0
BRDA:31,0,16,0
BRDA:31,0,17,0
BRDA:31,0,18,0
BRDA:31,0,19,0
BRDA:31,0,20,0
BRDA:31,0,21,0
BRDA:31,0,22,0
BRDA:31,0,23,0
BRDA:31,0,24,0
BRDA:31,0,25,0
BRDA:31,0,26,0
BRDA:31,0,27,0
BRDA:31,0,28,0
BRDA:31,0,29,0
BRDA:31,0,30,0
BRDA:31,0,31,0
DA:32,1
BRDA:32,0,0,0
BRDA:32,0,1,0
BRDA:32,0,2,0
BRDA:32,0,3,0
BRDA:32,0,4,0
BRDA:32,0,5,0
BRDA:32,0,6,0
BRDA:32,0,7,0
BRDA:32,0,8,0
BRDA:32,0,9,0
BRDA:32,0,10,0
BRDA:32,0,11,0
BRDA:32,0,12,0
BRDA:32,0,13,0
BRDA:32,0,14,0
BRDA:32,0,15,0
BRDA:32,0,16,0
BRDA:32,0,17,0
BRDA:32,0,18,0
BRDA:32,0,19,0
BRDA:32,0,20,0
BRDA:32,0,21,0
BRDA:32,0,22,0
BRDA:32,0,23,0
BRDA:32,0,24,0
BRDA:32,0,25,0
BRDA:32,0,26,1
BRDA:32,0,27,0
BRDA:32,0,28,0
BRDA:32,0,29,0
BRDA:32,0,30,0
BRDA:32,0,31,0
DA:33,0
BRDA:33,0,0,0
BRDA:33,0,1,0
DA:34,1
BRDA:34,0,0,0
BRDA:34,0,1,0
BRDA:34,0,2,0
BRDA:34,0,3,0
BRDA:34,0,4,0
BRDA:34,0,5,0
BRDA:34,0,6,0
BRDA:34,0,7,0
BRDA:34,0,8,0
BRDA:34,0,9,0
BRDA:34,0,10,0
BRDA:34,0,11,0
BRDA:34,0,12,0
BRDA:34,0,13,0
BRDA:34,0,14,0
BRDA:34,0,15,0
BRDA:34,0,16,1
BRDA:34,0,17,0
BRDA:34,0,18,0
BRDA:34,0,19,0
BRDA:34,0,20,1
BRDA:34,0,21,0
BRDA:34,0,22,0
BRDA:34,0,23,0
BRDA:34,0,24,0
BRDA:34,0,25,0
BRDA:34,0,26,0
BRDA:34,0,27,0
BRDA:34,0,28,0
BRDA:34,0,29,0
BRDA:34,0,30,0
BRDA:34,0,31,0
DA:35,1
BRDA:35,0,0,0
BRDA:35,0,1,0
BRDA:35,0,2,0
BRDA:35,0,3,0
BRDA:35,0,4,0
BRDA:35,0,5,0
BRDA:35,0,6,0
BRDA:35,0,7,0
BRDA:35,0,8,0
BRDA:35,0,9,0
BRDA:35,0,10,0
BRDA:35,0,11,0
BRDA:35,0,12,0
BRDA:35,0,13,0
BRDA:35,0,14,0
BRDA:35,0,15,0
BRDA:35,0,16,0
BRDA:35,0,17,0
BRDA:35,0,18,1
BRDA:35,0,19,0
BRDA:35,0,20,0
BRDA:35,0,21,0
BRDA:35,0,22,1
BRDA:35,0,23,0
BRDA:35,0,24,1
BRDA:35,0,25,0
BRDA:35,0,26,1
BRDA:35,0,27,0
BRDA:35,0,28,1
BRDA:35,0,29,0
BRDA:35,0,30,1
BRDA:35,0,31,0
DA:36,1
BRDA:36,0,0,0
BRDA:36,0,1,0
BRDA:36,0,2,0
BRDA:36,0,3,0
BRDA:36,0,4,0
BRDA:36,0,5,0
BRDA:36,0,6,0
BRDA:36,0,7,0
BRDA:36,0,8,0
BRDA:36,0,9,0
BRDA:36,0,10,0
BRDA:36,0,11,0
BRDA:36,0,12,0
BRDA:36,0,13,0
BRDA:36,0,14,0
BRDA:36,0,15,0
BRDA:36,0,16,0
BRDA:36,0,17,0
BRDA:36,0,18,1
BRDA:36,0,19,0
BRDA:36,0,20,0
BRDA:36,0,21,0
BRDA:36,0,22,1
BRDA:36,0,23,0
BRDA:36,0,24,1
BRDA:36,0,25,0
BRDA:36,0,26,1
BRDA:36,0,27,0
BRDA:36,0,28,1
BRDA:36,0,29,0
BRDA:36,0,30,1
BRDA:36,0,31,0
DA:37,0
BRDA:37,0,0,0
BRDA:37,0,1,0
BRDA:37,0,2,0
BRDA:37,0,3,0
BRDA:37,0,4,0
BRDA:37,0,5,0
BRDA:37,0,6,0
BRDA:37,0,7,0
BRDA:37,0,8,0
BRDA:37,0,9,0
BRDA:37,0,10,0
BRDA:37,0,11,0
BRDA:37,0,12,0
BRDA:37,0,13,0
BRDA:37,0,14,0
BRDA:37,0,15,0
BRDA:37,0,16,0
BRDA:37,0,17,0
BRDA:37,0,18,0
BRDA:37,0,19,0
BRDA:37,0,20,0
BRDA:37,0,21,0
BRDA:37,0,22,0
BRDA:37,0,23,0
BRDA:37,0,24,0
BRDA:37,0,25,0
BRDA:37,0,26,0
BRDA:37,0,27,0
BRDA:37,0,28,0
BRDA:37,0,29,0
BRDA:37,0,30,0
BRDA:37,0,31,0
DA:38,1
BRDA:38,0,0,1
BRDA:38,0,1,0
BRDA:38,0,2,1
BRDA:38,0,3,0
BRDA:38,0,4,1
BRDA:38,0,5,0
BRDA:38,0,6,1
BRDA:38,0,7,0
BRDA:38,0,8,1
BRDA:38,0,9,0
BRDA:38,0,10,1
BRDA:38,0,11,0
BRDA:38,0,12,1
BRDA:38,0,13,0
BRDA:38,0,14,1
BRDA:38,0,15,0
BRDA:38,0,16,1
BRDA:38,0,17,0
BRDA:38,0,18,1
BRDA:38,0,19,0
BRDA:38,0,20,1
BRDA:38,0,21,0
BRDA:38,0,22,1
BRDA:38,0,23,0
BRDA:38,0,24,1
BRDA:38,0,25,0
BRDA:38,0,26,1
BRDA:38,0,27,0
BRDA:38,0,28,1
BRDA:38,0,29,0
BRDA:38,0,30,1
BRDA:38,0,31,0
DA:39,0
BRDA:39,0,0,0
BRDA:39,0,1,0
BRDA:39,0,2,0
BRDA:39,0,3,0
BRDA:39,0,4,0
BRDA:39,0,5,0
BRDA:39,0,6,0
BRDA:39,0,7,0
BRDA:39,0,8,0
BRDA:39,0,9,0
BRDA:39,0,10,0
BRDA:39,0,11,0
BRDA:39,0,12,0
BRDA:39,0,13,0
BRDA:39,0,14,0
BRDA:39,0,15,0
BRDA:39,0,16,0
BRDA:39,0,17,0
BRDA:39,0,18,0
BRDA:39,0,19,0
BRDA:39,0,20,0
BRDA:39,0,21,0
BRDA:39,0,22,0
BRDA:39,0,23,0
BRDA:39,0,24,0
BRDA:39,0,25,0
BRDA:39,0,26,0
BRDA:39,0,27,0
BRDA:39,0,28,0
BRDA:39,0,29,0
BRDA:39,0,30,0
BRDA:39,0,31,0
DA:40,0
BRDA:40,0,0,0
BRDA:40,0,1,0
BRDA:40,0,2,0
BRDA:40,0,3,0
BRDA:40,0,4,0
BRDA:40,0,5,0
BRDA:40,0,6,0
BRDA:40,0,7,0
DA:41,0
BRDA:41,0,0,0
BRDA:41,0,1,0
BRDA:41,0,2,0
BRDA:41,0,3,0
BRDA:41,0,4,0
BRDA:41,0,5,0
BRDA:41,0,6,0
BRDA:41,0,7,0
BRDA:41,0,8,0
BRDA:41,0,9,0
BRDA:41,0,10,0
BRDA:41,0,11,0
BRDA:41,0,12,0
BRDA:41,0,13,0
BRDA:41,0,14,0
BRDA:41,0,15,0
DA:42,0
BRDA:42,0,0,0
BRDA:42,0,1,0
DA:44,0
BRDA:44,0,0,0
BRDA:44,0,1,0
BRDA:44,0,2,0
BRDA:44,0,3,0
BRDA:44,0,4,0
BRDA:44,0,5,0
BRDA:44,0,6,0
BRDA:44,0,7,0
BRDA:44,0,8,0
BRDA:44,0,9,0
BRDA:44,0,10,0
BRDA:44,0,11,0
BRDA:44,0,12,0
BRDA:44,0,13,0
BRDA:44,0,14,0
BRDA:44,0,15,0
BRDA:44,0,16,0
BRDA:44,0,17,0
BRDA:44,0,18,0
BRDA:44,0,19,0
BRDA:44,0,20,0
BRDA:44,0,21,0
BRDA:44,0,22,0
BRDA:44,0,23,0
BRDA:44,0,24,0
BRDA:44,0,25,0
BRDA:44,0,26,0
BRDA:44,0,27,0
BRDA:44,0,28,0
BRDA:44,0,29,0
BRDA:44,0,30,0
BRDA:44,0,31,0
DA:45,0
BRDA:45,0,0,0
BRDA:45,0,1,0
BRDA:45,0,2,0
BRDA:45,0,3,0
BRDA:45,0,4,0
BRDA:45,0,5,0
BRDA:45,0,6,0
BRDA:45,0,7,0
BRDA:45,0,8,0
BRDA:45,0,9,0
BRDA:45,0,10,0
BRDA:45,0,11,0
BRDA:45,0,12,0
BRDA:45,0,13,0
BRDA:45,0,14,0
BRDA:45,0,15,0
BRDA:45,0,16,0
BRDA:45,0,17,0
BRDA:45,0,18,0
BRDA:45,0,19,0
BRDA:45,0,20,0
BRDA:45,0,21,0
BRDA:45,0,22,0
BRDA:45,0,23,0
BRDA:45,0,24,0
BRDA:45,0,25,0
BRDA:45,0,26,0
BRDA:45,0,27,0
BRDA:45,0,28,0
BRDA:45,0,29,0
BRDA:45,0,30,0
BRDA:45,0,31,0
DA:46,0
BRDA:46,0,0,0
BRDA:46,0,1,0
DA:47,0
BRDA:47,0,0,0
BRDA:47,0,1,0
DA:48,0
BRDA:48,0,0,0
BRDA:48,0,1,0
BRDA:48,0,2,0
BRDA:48,0,3,0
BRDA:48,0,4,0
BRDA:48,0,5,0
BRDA:48,0,6,0
BRDA:48,0,7,0
BRDA:48,0,8,0
BRDA:48,0,9,0
BRDA:48,0,10,0
BRDA:48,0,11,0
BRDA:48,0,12,0
BRDA:48,0,13,0
BRDA:48,0,14,0
BRDA:48,0,15,0
DA:49,0
BRDA:49,0,0,0
BRDA:49,0,1,0
BRDA:49,0,2,0
BRDA:49,0,3,0
BRDA:49,0,4,0
BRDA:49,0,5,0
BRDA:49,0,6,0
BRDA:49,0,7,0
DA:50,0
BRDA:50,0,0,0
BRDA:50,0,1,0
BRDA:50,0,2,0
BRDA:50,0,3,0
BRDA:50,0,4,0
BRDA:50,0,5,0
BRDA:50,0,6,0
BRDA:50,0,7,0
BRDA:50,0,8,0
BRDA:50,0,9,0
BRDA:50,0,10,0
BRDA:50,0,11,0
BRDA:50,0,12,0
BRDA:50,0,13,0
BRDA:50,0,14,0
BRDA:50,0,15,0
BRDA:50,0,16,0
BRDA:50,0,17,0
BRDA:50,0,18,0
BRDA:50,0,19,0
BRDA:50,0,20,0
BRDA:50,0,21,0
BRDA:50,0,22,0
BRDA:50,0,23,0
BRDA:50,0,24,0
BRDA:50,0,25,0
BRDA:50,0,26,0
BRDA:50,0,27,0
BRDA:50,0,28,0
BRDA:50,0,29,0
BRDA:50,0,30,0
BRDA:50,0,31,0
DA:51,0
BRDA:51,0,0,0
BRDA:51,0,1,0
BRDA:51,0,2,0
BRDA:51,0,3,0
BRDA:51,0,4,0
BRDA:51,0,5,0
BRDA:51,0,6,0
BRDA:51,0,7,0
BRDA:51,0,8,0
BRDA:51,0,9,0
BRDA:51,0,10,0
BRDA:51,0,11,0
BRDA:51,0,12,0
BRDA:51,0,13,0
BRDA:51,0,14,0
BRDA:51,0,15,0
BRDA:51,0,16,0
BRDA:51,0,17,0
BRDA:51,0,18,0
BRDA:51,0,19,0
BRDA:51,0,20,0
BRDA:51,0,21,0
BRDA:51,0,22,0
BRDA:51,0,23,0
BRDA:51,0,24,0
BRDA:51,0,25,0
BRDA:51,0,26,0
BRDA:51,0,27,0
BRDA:51,0,28,0
BRDA:51,0,29,0
BRDA:51,0,30,0
BRDA:51,0,31,0
DA:52,0
BRDA:52,0,0,0
BRDA:52,0,1,0
BRDA:52,0,2,0
BRDA:52,0,3,0
BRDA:52,0,4,0
BRDA:52,0,5,0
BRDA:52,0,6,0
BRDA:52,0,7,0
BRDA:52,0,8,0
BRDA:52,0,9,0
BRDA:52,0,10,0
BRDA:52,0,11,0
BRDA:52,0,12,0
BRDA:52,0,13,0
BRDA:52,0,14,0
BRDA:52,0,15,0
BRDA:52,0,16,0
BRDA:52,0,17,0
BRDA:52,0,18,0
BRDA:52,0,19,0
BRDA:52,0,20,0
BRDA:52,0,21,0
BRDA:52,0,22,0
BRDA:52,0,23,0
BRDA:52,0,24,0
BRDA:52,0,25,0
BRDA:52,0,26,0
BRDA:52,0,27,0
BRDA:52,0,28,0
BRDA:52,0,29,0
BRDA:52,0,30,0
BRDA:52,0,31,0
DA:53,0
BRDA:53,0,0,0
BRDA:53,0,1,0
BRDA:53,0,2,0
BRDA:53,0,3,0
BRDA:53,0,4,0
BRDA:53,0,5,0
BRDA:53,0,6,0
BRDA:53,0,7,0
BRDA:53,0,8,0
BRDA:53,0,9,0
BRDA:53,0,10,0
BRDA:53,0,11,0
BRDA:53,0,12,0
BRDA:53,0,13,0
BRDA:53,0,14,0
BRDA:53,0,15,0
BRDA:53,0,16,0
BRDA:53,0,17,0
BRDA:53,0,18,0
BRDA:53,0,19,0
BRDA:53,0,20,0
BRDA:53,0,21,0
BRDA:53,0,22,0
BRDA:53,0,23,0
BRDA:53,0,24,0
BRDA:53,0,25,0
BRDA:53,0,26,0
BRDA:53,0,27,0
BRDA:53,0,28,0
BRDA:53,0,29,0
BRDA:53,0,30,0
BRDA:53,0,31,0
BRF:1300
BRH:2
end_of_record
SF:../../handoff/rtl/adaptive_aero_control_top_spi_fpga_top.sv
DA:4,26
BRDA:4,0,0,26
BRDA:4,0,1,25
DA:5,1
BRDA:5,0,0,1
BRDA:5,0,1,0
DA:6,8
BRDA:6,0,0,8
BRDA:6,0,1,7
DA:7,8
BRDA:7,0,0,8
BRDA:7,0,1,7
DA:8,8
BRDA:8,0,0,8
BRDA:8,0,1,7
DA:9,0
BRDA:9,0,0,0
BRDA:9,0,1,0
DA:10,0
BRDA:10,0,0,0
BRDA:10,0,1,0
DA:14,1
BRDA:14,0,0,1
BRDA:14,0,1,1
BRDA:14,0,2,1
BRDA:14,0,3,0
BRDA:14,0,4,0
BRDA:14,0,5,0
BRDA:14,0,6,0
BRDA:14,0,7,0
BRDA:14,0,8,0
BRDA:14,0,9,0
BRDA:14,0,10,0
BRDA:14,0,11,0
BRDA:14,0,12,0
BRDA:14,0,13,0
BRDA:14,0,14,0
BRDA:14,0,15,0
BRDA:14,0,16,0
BRDA:14,0,17,0
BRDA:14,0,18,0
BRDA:14,0,19,0
BRDA:14,0,20,0
BRDA:14,0,21,0
BRDA:14,0,22,0
BRDA:14,0,23,0
BRDA:14,0,24,0
BRDA:14,0,25,0
BRDA:14,0,26,0
BRDA:14,0,27,0
BRDA:14,0,28,0
BRDA:14,0,29,0
BRDA:14,0,30,0
BRDA:14,0,31,0
BRDA:14,0,32,0
BRDA:14,0,33,0
BRDA:14,0,34,0
BRDA:14,0,35,0
BRDA:14,0,36,0
BRDA:14,0,37,0
BRDA:14,0,38,0
BRDA:14,0,39,0
BRDA:14,0,40,0
BRDA:14,0,41,0
BRDA:14,0,42,0
BRDA:14,0,43,0
BRDA:14,0,44,0
BRDA:14,0,45,0
BRDA:14,0,46,0
BRDA:14,0,47,0
BRDA:14,0,48,0
BRDA:14,0,49,0
BRDA:14,0,50,0
BRDA:14,0,51,0
BRDA:14,0,52,0
BRDA:14,0,53,0
BRDA:14,0,54,0
BRDA:14,0,55,0
BRDA:14,0,56,0
BRDA:14,0,57,0
BRDA:14,0,58,0
BRDA:14,0,59,0
BRDA:14,0,60,0
BRDA:14,0,61,0
BRDA:14,0,62,1
BRDA:14,0,63,1
BRDA:14,0,64,1
BRDA:14,0,65,0
BRDA:14,0,66,0
BRDA:14,0,67,0
BRDA:14,0,68,1
BRDA:14,0,69,0
BRDA:14,0,70,1
BRDA:14,0,71,0
BRDA:14,0,72,1
BRDA:14,0,73,0
BRDA:14,0,74,0
BRDA:14,0,75,0
BRDA:14,0,76,0
BRDA:14,0,77,0
BRDA:14,0,78,0
BRDA:14,0,79,0
BRDA:14,0,80,0
BRDA:14,0,81,0
BRDA:14,0,82,0
BRDA:14,0,83,0
BRDA:14,0,84,0
BRDA:14,0,85,0
BRDA:14,0,86,0
BRDA:14,0,87,0
BRDA:14,0,88,0
BRDA:14,0,89,0
BRDA:14,0,90,0
BRDA:14,0,91,0
BRDA:14,0,92,0
BRDA:14,0,93,0
BRDA:14,0,94,0
BRDA:14,0,95,0
BRDA:14,0,96,0
BRDA:14,0,97,0
BRDA:14,0,98,0
BRDA:14,0,99,0
BRDA:14,0,100,0
BRDA:14,0,101,0
BRDA:14,0,102,0
BRDA:14,0,103,0
BRDA:14,0,104,0
BRDA:14,0,105,0
BRDA:14,0,106,0
BRDA:14,0,107,0
BRDA:14,0,108,0
BRDA:14,0,109,0
BRDA:14,0,110,0
BRDA:14,0,111,0
BRDA:14,0,112,0
BRDA:14,0,113,0
BRDA:14,0,114,0
BRDA:14,0,115,0
BRDA:14,0,116,0
BRDA:14,0,117,0
BRDA:14,0,118,0
BRDA:14,0,119,0
BRDA:14,0,120,0
BRDA:14,0,121,0
BRDA:14,0,122,0
BRDA:14,0,123,0
BRDA:14,0,124,0
BRDA:14,0,125,0
BRDA:14,0,126,0
BRDA:14,0,127,0
BRDA:14,0,128,0
BRDA:14,0,129,0
BRDA:14,0,130,0
BRDA:14,0,131,0
BRDA:14,0,132,0
BRDA:14,0,133,0
BRDA:14,0,134,1
BRDA:14,0,135,1
BRDA:14,0,136,1
BRDA:14,0,137,0
BRDA:14,0,138,1
BRDA:14,0,139,0
BRDA:14,0,140,1
BRDA:14,0,141,0
BRDA:14,0,142,1
BRDA:14,0,143,0
BRDA:14,0,144,0
BRDA:14,0,145,0
BRDA:14,0,146,0
BRDA:14,0,147,0
BRDA:14,0,148,0
BRDA:14,0,149,0
BRDA:14,0,150,0
BRDA:14,0,151,0
BRDA:14,0,152,0
BRDA:14,0,153,0
BRDA:14,0,154,0
BRDA:14,0,155,0
BRDA:14,0,156,0
BRDA:14,0,157,0
BRDA:14,0,158,0
BRDA:14,0,159,0
BRDA:14,0,160,0
BRDA:14,0,161,0
BRDA:14,0,162,0
BRDA:14,0,163,0
BRDA:14,0,164,0
BRDA:14,0,165,0
BRDA:14,0,166,0
BRDA:14,0,167,0
BRDA:14,0,168,0
BRDA:14,0,169,0
BRDA:14,0,170,0
BRDA:14,0,171,0
BRDA:14,0,172,0
BRDA:14,0,173,0
BRDA:14,0,174,0
BRDA:14,0,175,0
BRDA:14,0,176,0
BRDA:14,0,177,0
BRDA:14,0,178,0
BRDA:14,0,179,0
BRDA:14,0,180,0
BRDA:14,0,181,0
BRDA:14,0,182,0
BRDA:14,0,183,0
BRDA:14,0,184,0
BRDA:14,0,185,0
BRDA:14,0,186,0
BRDA:14,0,187,0
BRDA:14,0,188,0
BRDA:14,0,189,0
BRDA:14,0,190,0
BRDA:14,0,191,0
BRDA:14,0,192,0
BRDA:14,0,193,0
BRDA:14,0,194,0
BRDA:14,0,195,0
BRDA:14,0,196,0
BRDA:14,0,197,0
BRDA:14,0,198,0
BRDA:14,0,199,0
BRDA:14,0,200,0
BRDA:14,0,201,0
BRDA:14,0,202,0
BRDA:14,0,203,0
BRDA:14,0,204,1
BRDA:14,0,205,1
BRDA:14,0,206,1
BRDA:14,0,207,0
BRDA:14,0,208,1
BRDA:14,0,209,0
BRDA:14,0,210,1
BRDA:14,0,211,0
BRDA:14,0,212,1
BRDA:14,0,213,0
BRDA:14,0,214,0
BRDA:14,0,215,0
BRDA:14,0,216,0
BRDA:14,0,217,0
BRDA:14,0,218,0
BRDA:14,0,219,0
BRDA:14,0,220,0
BRDA:14,0,221,0
BRDA:14,0,222,1
BRDA:14,0,223,0
BRDA:14,0,224,0
BRDA:14,0,225,0
BRDA:14,0,226,0
BRDA:14,0,227,0
BRDA:14,0,228,0
BRDA:14,0,229,0
BRDA:14,0,230,0
BRDA:14,0,231,0
BRDA:14,0,232,0
BRDA:14,0,233,0
BRDA:14,0,234,0
BRDA:14,0,235,0
BRDA:14,0,236,0
BRDA:14,0,237,0
BRDA:14,0,238,0
BRDA:14,0,239,0
BRDA:14,0,240,0
BRDA:14,0,241,0
BRDA:14,0,242,0
BRDA:14,0,243,0
BRDA:14,0,244,0
BRDA:14,0,245,0
BRDA:14,0,246,0
BRDA:14,0,247,0
BRDA:14,0,248,1
BRDA:14,0,249,0
BRDA:14,0,250,0
BRDA:14,0,251,0
BRDA:14,0,252,0
BRDA:14,0,253,0
BRDA:14,0,254,1
BRDA:14,0,255,1
BRDA:14,0,256,1
BRDA:14,0,257,0
BRDA:14,0,258,1
BRDA:14,0,259,0
BRDA:14,0,260,1
BRDA:14,0,261,0
BRDA:14,0,262,1
BRDA:14,0,263,0
BRDA:14,0,264,0
BRDA:14,0,265,0
BRDA:14,0,266,0
BRDA:14,0,267,0
BRDA:14,0,268,0
BRDA:14,0,269,0
BRDA:14,0,270,1
BRDA:14,0,271,0
BRDA:14,0,272,0
BRDA:14,0,273,0
BRDA:14,0,274,0
BRDA:14,0,275,0
BRDA:14,0,276,0
BRDA:14,0,277,0
BRDA:14,0,278,0
BRDA:14,0,279,0
BRDA:14,0,280,0
BRDA:14,0,281,0
BRDA:14,0,282,0
BRDA:14,0,283,0
BRDA:14,0,284,0
BRDA:14,0,285,0
BRDA:14,0,286,0
BRDA:14,0,287,0
BRDA:14,0,288,0
BRDA:14,0,289,0
BRDA:14,0,290,0
BRDA:14,0,291,0
BRDA:14,0,292,1
BRDA:14,0,293,0
BRDA:14,0,294,0
BRDA:14,0,295,0
BRDA:14,0,296,0
BRDA:14,0,297,0
BRDA:14,0,298,0
BRDA:14,0,299,0
BRDA:14,0,300,0
BRDA:14,0,301,0
BRDA:14,0,302,0
BRDA:14,0,303,0
BRDA:14,0,304,0
BRDA:14,0,305,0
BRDA:14,0,306,0
BRDA:14,0,307,0
BRDA:14,0,308,0
BRDA:14,0,309,0
BRDA:14,0,310,0
BRDA:14,0,311,0
BRDA:14,0,312,0
BRDA:14,0,313,0
BRDA:14,0,314,0
BRDA:14,0,315,0
BRDA:14,0,316,0
BRDA:14,0,317,0
BRDA:14,0,318,0
BRDA:14,0,319,0
BRDA:14,0,320,0
BRDA:14,0,321,0
BRDA:14,0,322,0
BRDA:14,0,323,0
BRDA:14,0,324,1
BRDA:14,0,325,1
BRDA:14,0,326,1
BRDA:14,0,327,0
BRDA:14,0,328,1
BRDA:14,0,329,0
BRDA:14,0,330,1
BRDA:14,0,331,0
BRDA:14,0,332,1
BRDA:14,0,333,0
BRDA:14,0,334,0
BRDA:14,0,335,0
BRDA:14,0,336,0
BRDA:14,0,337,0
BRDA:14,0,338,0
BRDA:14,0,339,0
BRDA:14,0,340,0
BRDA:14,0,341,0
BRDA:14,0,342,0
BRDA:14,0,343,0
BRDA:14,0,344,0
BRDA:14,0,345,0
BRDA:14,0,346,0
BRDA:14,0,347,0
BRDA:14,0,348,0
BRDA:14,0,349,0
BRDA:14,0,350,0
BRDA:14,0,351,0
BRDA:14,0,352,0
BRDA:14,0,353,0
BRDA:14,0,354,0
BRDA:14,0,355,0
BRDA:14,0,356,0
BRDA:14,0,357,0
BRDA:14,0,358,0
BRDA:14,0,359,0
BRDA:14,0,360,0
BRDA:14,0,361,0
BRDA:14,0,362,0
BRDA:14,0,363,0
BRDA:14,0,364,0
BRDA:14,0,365,0
BRDA:14,0,366,0
BRDA:14,0,367,0
BRDA:14,0,368,0
BRDA:14,0,369,0
BRDA:14,0,370,0
BRDA:14,0,371,0
BRDA:14,0,372,0
BRDA:14,0,373,0
BRDA:14,0,374,0
BRDA:14,0,375,0
BRDA:14,0,376,0
BRDA:14,0,377,0
BRDA:14,0,378,0
BRDA:14,0,379,0
BRDA:14,0,380,0
BRDA:14,0,381,0
BRDA:14,0,382,0
BRDA:14,0,383,0
BRDA:14,0,384,0
BRDA:14,0,385,0
BRDA:14,0,386,0
BRDA:14,0,387,0
BRDA:14,0,388,0
BRDA:14,0,389,0
BRDA:14,0,390,0
BRDA:14,0,391,0
BRDA:14,0,392,0
BRDA:14,0,393,0
BRDA:14,0,394,1
BRDA:14,0,395,1
BRDA:14,0,396,1
BRDA:14,0,397,0
BRDA:14,0,398,1
BRDA:14,0,399,0
BRDA:14,0,400,1
BRDA:14,0,401,0
BRDA:14,0,402,0
BRDA:14,0,403,0
BRDA:14,0,404,1
BRDA:14,0,405,1
BRDA:14,0,406,1
BRDA:14,0,407,0
BRDA:14,0,408,0
BRDA:14,0,409,0
BRDA:14,0,410,0
BRDA:14,0,411,0
BRDA:14,0,412,0
BRDA:14,0,413,0
BRDA:14,0,414,0
BRDA:14,0,415,0
BRDA:14,0,416,0
BRDA:14,0,417,0
BRDA:14,0,418,0
BRDA:14,0,419,0
BRDA:14,0,420,0
BRDA:14,0,421,0
BRDA:14,0,422,0
BRDA:14,0,423,0
BRDA:14,0,424,0
BRDA:14,0,425,0
BRDA:14,0,426,0
BRDA:14,0,427,0
BRDA:14,0,428,0
BRDA:14,0,429,0
BRDA:14,0,430,0
BRDA:14,0,431,0
BRDA:14,0,432,0
BRDA:14,0,433,0
BRDA:14,0,434,0
BRDA:14,0,435,0
BRDA:14,0,436,0
BRDA:14,0,437,0
BRDA:14,0,438,0
BRDA:14,0,439,0
BRDA:14,0,440,0
BRDA:14,0,441,0
BRDA:14,0,442,0
BRDA:14,0,443,0
BRDA:14,0,444,0
BRDA:14,0,445,0
BRDA:14,0,446,0
BRDA:14,0,447,0
BRDA:14,0,448,0
BRDA:14,0,449,0
BRDA:14,0,450,0
BRDA:14,0,451,0
BRDA:14,0,452,0
BRDA:14,0,453,0
BRDA:14,0,454,0
BRDA:14,0,455,0
BRDA:14,0,456,0
BRDA:14,0,457,0
BRDA:14,0,458,0
BRDA:14,0,459,0
BRDA:14,0,460,0
BRDA:14,0,461,0
BRDA:14,0,462,0
BRDA:14,0,463,0
BRDA:14,0,464,0
BRDA:14,0,465,0
BRDA:14,0,466,1
BRDA:14,0,467,1
BRDA:14,0,468,1
BRDA:14,0,469,0
BRDA:14,0,470,0
BRDA:14,0,471,0
BRDA:14,0,472,1
BRDA:14,0,473,0
BRDA:14,0,474,1
BRDA:14,0,475,0
BRDA:14,0,476,1
BRDA:14,0,477,0
BRDA:14,0,478,0
BRDA:14,0,479,0
BRDA:14,0,480,0
BRDA:14,0,481,0
BRDA:14,0,482,0
BRDA:14,0,483,0
BRDA:14,0,484,0
BRDA:14,0,485,0
BRDA:14,0,486,0
BRDA:14,0,487,0
BRDA:14,0,488,0
BRDA:14,0,489,0
BRDA:14,0,490,0
BRDA:14,0,491,0
BRDA:14,0,492,0
BRDA:14,0,493,0
BRDA:14,0,494,0
BRDA:14,0,495,0
BRDA:14,0,496,0
BRDA:14,0,497,0
BRDA:14,0,498,0
BRDA:14,0,499,0
BRDA:14,0,500,0
BRDA:14,0,501,0
BRDA:14,0,502,0
BRDA:14,0,503,0
BRDA:14,0,504,0
BRDA:14,0,505,0
BRDA:14,0,506,0
BRDA:14,0,507,0
BRDA:14,0,508,0
BRDA:14,0,509,0
BRDA:14,0,510,0
BRDA:14,0,511,0
BRDA:14,0,512,0
BRDA:14,0,513,0
BRDA:14,0,514,0
BRDA:14,0,515,0
BRDA:14,0,516,0
BRDA:14,0,517,0
BRDA:14,0,518,0
BRDA:14,0,519,0
BRDA:14,0,520,0
BRDA:14,0,521,0
BRDA:14,0,522,0
BRDA:14,0,523,0
BRDA:14,0,524,0
BRDA:14,0,525,0
BRDA:14,0,526,0
BRDA:14,0,527,0
BRDA:14,0,528,0
BRDA:14,0,529,0
BRDA:14,0,530,0
BRDA:14,0,531,0
BRDA:14,0,532,0
BRDA:14,0,533,0
BRDA:14,0,534,0
BRDA:14,0,535,0
BRDA:14,0,536,0
BRDA:14,0,537,0
BRDA:14,0,538,1
BRDA:14,0,539,1
BRDA:14,0,540,1
BRDA:14,0,541,0
BRDA:14,0,542,1
BRDA:14,0,543,0
BRDA:14,0,544,1
BRDA:14,0,545,0
BRDA:14,0,546,1
BRDA:14,0,547,0
BRDA:14,0,548,0
BRDA:14,0,549,0
BRDA:14,0,550,0
BRDA:14,0,551,0
BRDA:14,0,552,0
BRDA:14,0,553,0
BRDA:14,0,554,0
BRDA:14,0,555,0
BRDA:14,0,556,0
BRDA:14,0,557,0
BRDA:14,0,558,0
BRDA:14,0,559,0
BRDA:14,0,560,0
BRDA:14,0,561,0
BRDA:14,0,562,0
BRDA:14,0,563,0
BRDA:14,0,564,0
BRDA:14,0,565,0
BRDA:14,0,566,0
BRDA:14,0,567,0
BRDA:14,0,568,0
BRDA:14,0,569,0
BRDA:14,0,570,0
BRDA:14,0,571,0
BRDA:14,0,572,0
BRDA:14,0,573,0
BRDA:14,0,574,0
BRDA:14,0,575,0
BRDA:14,0,576,0
BRDA:14,0,577,0
BRDA:14,0,578,0
BRDA:14,0,579,0
BRDA:14,0,580,0
BRDA:14,0,581,0
BRDA:14,0,582,0
BRDA:14,0,583,0
BRDA:14,0,584,0
BRDA:14,0,585,0
BRDA:14,0,586,0
BRDA:14,0,587,0
BRDA:14,0,588,0
BRDA:14,0,589,0
BRDA:14,0,590,0
BRDA:14,0,591,0
BRDA:14,0,592,0
BRDA:14,0,593,0
BRDA:14,0,594,0
BRDA:14,0,595,0
BRDA:14,0,596,0
BRDA:14,0,597,0
BRDA:14,0,598,0
BRDA:14,0,599,0
BRDA:14,0,600,0
BRDA:14,0,601,0
BRDA:14,0,602,0
BRDA:14,0,603,0
BRDA:14,0,604,0
BRDA:14,0,605,0
BRDA:14,0,606,0
BRDA:14,0,607,0
BRDA:14,0,608,1
BRDA:14,0,609,1
BRDA:14,0,610,1
BRDA:14,0,611,0
BRDA:14,0,612,1
BRDA:14,0,613,0
BRDA:14,0,614,1
BRDA:14,0,615,0
BRDA:14,0,616,1
BRDA:14,0,617,0
BRDA:14,0,618,0
BRDA:14,0,619,0
BRDA:14,0,620,0
BRDA:14,0,621,0
BRDA:14,0,622,0
BRDA:14,0,623,0
BRDA:14,0,624,0
BRDA:14,0,625,0
BRDA:14,0,626,1
BRDA:14,0,627,0
BRDA:14,0,628,0
BRDA:14,0,629,0
BRDA:14,0,630,0
BRDA:14,0,631,0
BRDA:14,0,632,0
BRDA:14,0,633,0
BRDA:14,0,634,0
BRDA:14,0,635,0
BRDA:14,0,636,0
BRDA:14,0,637,0
BRDA:14,0,638,0
BRDA:14,0,639,0
BRDA:14,0,640,0
BRDA:14,0,641,0
BRDA:14,0,642,0
BRDA:14,0,643,0
BRDA:14,0,644,0
BRDA:14,0,645,0
BRDA:14,0,646,0
BRDA:14,0,647,0
BRDA:14,0,648,0
BRDA:14,0,649,0
BRDA:14,0,650,0
BRDA:14,0,651,0
BRDA:14,0,652,1
BRDA:14,0,653,0
BRDA:14,0,654,0
BRDA:14,0,655,0
BRDA:14,0,656,0
BRDA:14,0,657,0
BRDA:14,0,658,1
BRDA:14,0,659,1
BRDA:14,0,660,1
BRDA:14,0,661,0
BRDA:14,0,662,1
BRDA:14,0,663,0
BRDA:14,0,664,1
BRDA:14,0,665,0
BRDA:14,0,666,1
BRDA:14,0,667,0
BRDA:14,0,668,0
BRDA:14,0,669,0
BRDA:14,0,670,0
BRDA:14,0,671,0
BRDA:14,0,672,0
BRDA:14,0,673,0
BRDA:14,0,674,1
BRDA:14,0,675,0
BRDA:14,0,676,0
BRDA:14,0,677,0
BRDA:14,0,678,0
BRDA:14,0,679,0
BRDA:14,0,680,0
BRDA:14,0,681,0
BRDA:14,0,682,0
BRDA:14,0,683,0
BRDA:14,0,684,0
BRDA:14,0,685,0
BRDA:14,0,686,0
BRDA:14,0,687,0
BRDA:14,0,688,0
BRDA:14,0,689,0
BRDA:14,0,690,0
BRDA:14,0,691,0
BRDA:14,0,692,0
BRDA:14,0,693,0
BRDA:14,0,694,0
BRDA:14,0,695,0
BRDA:14,0,696,1
BRDA:14,0,697,0
BRDA:14,0,698,0
BRDA:14,0,699,0
BRDA:14,0,700,0
BRDA:14,0,701,0
BRDA:14,0,702,0
BRDA:14,0,703,0
BRDA:14,0,704,0
BRDA:14,0,705,0
BRDA:14,0,706,0
BRDA:14,0,707,0
BRDA:14,0,708,0
BRDA:14,0,709,0
BRDA:14,0,710,0
BRDA:14,0,711,0
BRDA:14,0,712,0
BRDA:14,0,713,0
BRDA:14,0,714,0
BRDA:14,0,715,0
BRDA:14,0,716,0
BRDA:14,0,717,0
BRDA:14,0,718,0
BRDA:14,0,719,0
BRDA:14,0,720,0
BRDA:14,0,721,0
BRDA:14,0,722,0
BRDA:14,0,723,0
BRDA:14,0,724,0
BRDA:14,0,725,0
BRDA:14,0,726,0
BRDA:14,0,727,0
BRDA:14,0,728,1
BRDA:14,0,729,1
BRDA:14,0,730,1
BRDA:14,0,731,0
BRDA:14,0,732,1
BRDA:14,0,733,0
BRDA:14,0,734,1
BRDA:14,0,735,0
BRDA:14,0,736,1
BRDA:14,0,737,0
BRDA:14,0,738,0
BRDA:14,0,739,0
BRDA:14,0,740,0
BRDA:14,0,741,0
BRDA:14,0,742,0
BRDA:14,0,743,0
BRDA:14,0,744,0
BRDA:14,0,745,0
BRDA:14,0,746,0
BRDA:14,0,747,0
BRDA:14,0,748,0
BRDA:14,0,749,0
BRDA:14,0,750,0
BRDA:14,0,751,0
BRDA:14,0,752,0
BRDA:14,0,753,0
BRDA:14,0,754,0
BRDA:14,0,755,0
BRDA:14,0,756,0
BRDA:14,0,757,0
BRDA:14,0,758,0
BRDA:14,0,759,0
BRDA:14,0,760,0
BRDA:14,0,761,0
BRDA:14,0,762,0
BRDA:14,0,763,0
BRDA:14,0,764,0
BRDA:14,0,765,0
BRDA:14,0,766,0
BRDA:14,0,767,0
BRDA:14,0,768,0
BRDA:14,0,769,0
BRDA:14,0,770,0
BRDA:14,0,771,0
BRDA:14,0,772,0
BRDA:14,0,773,0
BRDA:14,0,774,0
BRDA:14,0,775,0
BRDA:14,0,776,0
BRDA:14,0,777,0
BRDA:14,0,778,0
BRDA:14,0,779,0
BRDA:14,0,780,0
BRDA:14,0,781,0
BRDA:14,0,782,0
BRDA:14,0,783,0
BRDA:14,0,784,0
BRDA:14,0,785,0
BRDA:14,0,786,0
BRDA:14,0,787,0
BRDA:14,0,788,0
BRDA:14,0,789,0
BRDA:14,0,790,0
BRDA:14,0,791,0
BRDA:14,0,792,0
BRDA:14,0,793,0
BRDA:14,0,794,0
BRDA:14,0,795,0
BRDA:14,0,796,0
BRDA:14,0,797,0
BRDA:14,0,798,1
BRDA:14,0,799,1
BRDA:14,0,800,1
BRDA:14,0,801,0
BRDA:14,0,802,1
BRDA:14,0,803,0
BRDA:14,0,804,1
BRDA:14,0,805,0
BRDA:14,0,806,0
BRDA:14,0,807,0
DA:15,2
BRDA:15,0,0,0
BRDA:15,0,1,0
BRDA:15,0,2,0
BRDA:15,0,3,0
BRDA:15,0,4,0
BRDA:15,0,5,0
BRDA:15,0,6,0
BRDA:15,0,7,0
BRDA:15,0,8,0
BRDA:15,0,9,0
BRDA:15,0,10,2
BRDA:15,0,11,1
BRDA:15,0,12,1
BRDA:15,0,13,1
BRDA:15,0,14,0
BRDA:15,0,15,0
BRDA:15,0,16,0
BRDA:15,0,17,0
BRDA:15,0,18,0
BRDA:15,0,19,0
BRDA:15,0,20,0
BRDA:15,0,21,0
BRDA:15,0,22,0
BRDA:15,0,23,0
BRDA:15,0,24,0
BRDA:15,0,25,0
BRDA:15,0,26,0
BRDA:15,0,27,0
BRDA:15,0,28,0
BRDA:15,0,29,0
BRDA:15,0,30,0
BRDA:15,0,31,0
BRDA:15,0,32,0
BRDA:15,0,33,0
BRDA:15,0,34,0
BRDA:15,0,35,0
BRDA:15,0,36,0
BRDA:15,0,37,0
BRDA:15,0,38,0
BRDA:15,0,39,0
BRDA:15,0,40,0
BRDA:15,0,41,0
BRDA:15,0,42,0
BRDA:15,0,43,0
BRDA:15,0,44,0
BRDA:15,0,45,0
BRDA:15,0,46,0
BRDA:15,0,47,0
BRDA:15,0,48,0
BRDA:15,0,49,0
BRDA:15,0,50,0
BRDA:15,0,51,0
BRDA:15,0,52,0
BRDA:15,0,53,0
BRDA:15,0,54,0
BRDA:15,0,55,0
BRDA:15,0,56,0
BRDA:15,0,57,0
BRDA:15,0,58,0
BRDA:15,0,59,0
BRDA:15,0,60,0
BRDA:15,0,61,0
BRDA:15,0,62,0
BRDA:15,0,63,0
BRDA:15,0,64,2
BRDA:15,0,65,1
BRDA:15,0,66,0
BRDA:15,0,67,0
BRDA:15,0,68,1
BRDA:15,0,69,1
BRDA:15,0,70,0
BRDA:15,0,71,0
BRDA:15,0,72,0
BRDA:15,0,73,0
BRDA:15,0,74,0
BRDA:15,0,75,0
BRDA:15,0,76,0
BRDA:15,0,77,0
BRDA:15,0,78,0
BRDA:15,0,79,0
BRDA:15,0,80,2
BRDA:15,0,81,1
BRDA:15,0,82,1
BRDA:15,0,83,1
BRDA:15,0,84,0
BRDA:15,0,85,0
BRDA:15,0,86,0
BRDA:15,0,87,0
BRDA:15,0,88,0
BRDA:15,0,89,0
BRDA:15,0,90,0
BRDA:15,0,91,0
BRDA:15,0,92,0
BRDA:15,0,93,0
BRDA:15,0,94,0
BRDA:15,0,95,0
BRDA:15,0,96,0
BRDA:15,0,97,0
BRDA:15,0,98,0
BRDA:15,0,99,0
BRDA:15,0,100,0
BRDA:15,0,101,0
BRDA:15,0,102,0
BRDA:15,0,103,0
BRDA:15,0,104,0
BRDA:15,0,105,0
BRDA:15,0,106,0
BRDA:15,0,107,0
BRDA:15,0,108,0
BRDA:15,0,109,0
BRDA:15,0,110,0
BRDA:15,0,111,0
BRDA:15,0,112,0
BRDA:15,0,113,0
BRDA:15,0,114,0
BRDA:15,0,115,0
BRDA:15,0,116,0
BRDA:15,0,117,0
BRDA:15,0,118,0
BRDA:15,0,119,0
BRDA:15,0,120,0
BRDA:15,0,121,0
BRDA:15,0,122,0
BRDA:15,0,123,0
BRDA:15,0,124,0
BRDA:15,0,125,0
BRDA:15,0,126,0
BRDA:15,0,127,0
BRDA:15,0,128,0
BRDA:15,0,129,0
BRDA:15,0,130,0
BRDA:15,0,131,0
BRDA:15,0,132,0
BRDA:15,0,133,0
BRDA:15,0,134,0
BRDA:15,0,135,0
BRDA:15,0,136,2
BRDA:15,0,137,1
BRDA:15,0,138,1
BRDA:15,0,139,1
BRDA:15,0,140,0
BRDA:15,0,141,0
BRDA:15,0,142,0
BRDA:15,0,143,0
BRDA:15,0,144,0
BRDA:15,0,145,0
BRDA:15,0,146,0
BRDA:15,0,147,0
BRDA:15,0,148,0
BRDA:15,0,149,0
BRDA:15,0,150,2
BRDA:15,0,151,1
BRDA:15,0,152,1
BRDA:15,0,153,1
BRDA:15,0,154,0
BRDA:15,0,155,0
BRDA:15,0,156,0
BRDA:15,0,157,0
BRDA:15,0,158,0
BRDA:15,0,159,0
BRDA:15,0,160,0
BRDA:15,0,161,0
BRDA:15,0,162,0
BRDA:15,0,163,0
BRDA:15,0,164,0
BRDA:15,0,165,0
BRDA:15,0,166,0
BRDA:15,0,167,0
BRDA:15,0,168,0
BRDA:15,0,169,0
BRDA:15,0,170,0
BRDA:15,0,171,0
BRDA:15,0,172,0
BRDA:15,0,173,0
BRDA:15,0,174,0
BRDA:15,0,175,0
BRDA:15,0,176,0
BRDA:15,0,177,0
BRDA:15,0,178,0
BRDA:15,0,179,0
BRDA:15,0,180,0
BRDA:15,0,181,0
BRDA:15,0,182,0
BRDA:15,0,183,0
BRDA:15,0,184,0
BRDA:15,0,185,0
BRDA:15,0,186,0
BRDA:15,0,187,0
BRDA:15,0,188,0
BRDA:15,0,189,0
BRDA:15,0,190,0
BRDA:15,0,191,0
BRDA:15,0,192,0
BRDA:15,0,193,0
BRDA:15,0,194,0
BRDA:15,0,195,0
BRDA:15,0,196,0
BRDA:15,0,197,0
BRDA:15,0,198,0
BRDA:15,0,199,0
BRDA:15,0,200,0
BRDA:15,0,201,0
BRDA:15,0,202,0
BRDA:15,0,203,0
BRDA:15,0,204,0
BRDA:15,0,205,0
BRDA:15,0,206,2
BRDA:15,0,207,1
BRDA:15,0,208,1
BRDA:15,0,209,1
BRDA:15,0,210,0
BRDA:15,0,211,0
BRDA:15,0,212,0
BRDA:15,0,213,0
BRDA:15,0,214,0
BRDA:15,0,215,0
BRDA:15,0,216,0
BRDA:15,0,217,0
BRDA:15,0,218,0
BRDA:15,0,219,0
BRDA:15,0,220,0
BRDA:15,0,221,0
BRDA:15,0,222,0
BRDA:15,0,223,0
BRDA:15,0,224,2
BRDA:15,0,225,1
BRDA:15,0,226,1
BRDA:15,0,227,1
BRDA:15,0,228,0
BRDA:15,0,229,0
BRDA:15,0,230,0
BRDA:15,0,231,0
BRDA:15,0,232,0
BRDA:15,0,233,0
BRDA:15,0,234,0
BRDA:15,0,235,0
BRDA:15,0,236,0
BRDA:15,0,237,0
BRDA:15,0,238,0
BRDA:15,0,239,0
BRDA:15,0,240,0
BRDA:15,0,241,0
BRDA:15,0,242,0
BRDA:15,0,243,0
BRDA:15,0,244,0
BRDA:15,0,245,0
BRDA:15,0,246,0
BRDA:15,0,247,0
BRDA:15,0,248,0
BRDA:15,0,249,0
BRDA:15,0,250,0
BRDA:15,0,251,0
BRDA:15,0,252,0
BRDA:15,0,253,0
BRDA:15,0,254,0
BRDA:15,0,255,0
BRDA:15,0,256,0
BRDA:15,0,257,0
BRDA:15,0,258,0
BRDA:15,0,259,0
BRDA:15,0,260,0
BRDA:15,0,261,0
BRDA:15,0,262,0
BRDA:15,0,263,0
BRDA:15,0,264,0
BRDA:15,0,265,0
BRDA:15,0,266,0
BRDA:15,0,267,0
BRDA:15,0,268,0
BRDA:15,0,269,0
BRDA:15,0,270,0
BRDA:15,0,271,0
BRDA:15,0,272,0
BRDA:15,0,273,0
BRDA:15,0,274,0
BRDA:15,0,275,0
BRDA:15,0,276,0
BRDA:15,0,277,0
BRDA:15,0,278,2
BRDA:15,0,279,1
BRDA:15,0,280,0
BRDA:15,0,281,0
BRDA:15,0,282,0
BRDA:15,0,283,0
BRDA:15,0,284,0
BRDA:15,0,285,0
BRDA:15,0,286,0
BRDA:15,0,287,0
BRDA:15,0,288,0
BRDA:15,0,289,0
BRDA:15,0,290,0
BRDA:15,0,291,0
BRDA:15,0,292,0
BRDA:15,0,293,0
BRDA:15,0,294,0
BRDA:15,0,295,0
BRDA:15,0,296,0
BRDA:15,0,297,0
BRDA:15,0,298,0
BRDA:15,0,299,0
BRDA:15,0,300,0
BRDA:15,0,301,0
BRDA:15,0,302,0
BRDA:15,0,303,0
BRDA:15,0,304,2
BRDA:15,0,305,1
BRDA:15,0,306,1
BRDA:15,0,307,1
BRDA:15,0,308,0
BRDA:15,0,309,0
BRDA:15,0,310,0
BRDA:15,0,311,0
BRDA:15,0,312,0
BRDA:15,0,313,0
BRDA:15,0,314,0
BRDA:15,0,315,0
BRDA:15,0,316,0
BRDA:15,0,317,0
BRDA:15,0,318,0
BRDA:15,0,319,0
BRDA:15,0,320,2
BRDA:15,0,321,1
BRDA:15,0,322,1
BRDA:15,0,323,1
BRDA:15,0,324,0
BRDA:15,0,325,0
BRDA:15,0,326,0
BRDA:15,0,327,0
BRDA:15,0,328,0
BRDA:15,0,329,0
BRDA:15,0,330,0
BRDA:15,0,331,0
BRDA:15,0,332,0
BRDA:15,0,333,0
BRDA:15,0,334,0
BRDA:15,0,335,0
BRDA:15,0,336,0
BRDA:15,0,337,0
BRDA:15,0,338,0
BRDA:15,0,339,0
BRDA:15,0,340,0
BRDA:15,0,341,0
BRDA:15,0,342,0
BRDA:15,0,343,0
BRDA:15,0,344,0
BRDA:15,0,345,0
BRDA:15,0,346,0
BRDA:15,0,347,0
BRDA:15,0,348,0
BRDA:15,0,349,0
BRDA:15,0,350,0
BRDA:15,0,351,0
BRDA:15,0,352,0
BRDA:15,0,353,0
BRDA:15,0,354,0
BRDA:15,0,355,0
BRDA:15,0,356,0
BRDA:15,0,357,0
BRDA:15,0,358,0
BRDA:15,0,359,0
BRDA:15,0,360,0
BRDA:15,0,361,0
BRDA:15,0,362,0
BRDA:15,0,363,0
BRDA:15,0,364,0
BRDA:15,0,365,0
BRDA:15,0,366,0
BRDA:15,0,367,0
BRDA:15,0,368,0
BRDA:15,0,369,0
BRDA:15,0,370,0
BRDA:15,0,371,0
BRDA:15,0,372,0
BRDA:15,0,373,0
BRDA:15,0,374,2
BRDA:15,0,375,1
BRDA:15,0,376,1
BRDA:15,0,377,1
BRDA:15,0,378,0
BRDA:15,0,379,0
BRDA:15,0,380,0
BRDA:15,0,381,0
BRDA:15,0,382,0
BRDA:15,0,383,0
BRDA:15,0,384,0
BRDA:15,0,385,0
BRDA:15,0,386,0
BRDA:15,0,387,0
BRDA:15,0,388,0
BRDA:15,0,389,0
BRDA:15,0,390,2
BRDA:15,0,391,1
BRDA:15,0,392,1
BRDA:15,0,393,1
BRDA:15,0,394,0
BRDA:15,0,395,0
BRDA:15,0,396,0
BRDA:15,0,397,0
BRDA:15,0,398,0
BRDA:15,0,399,0
BRDA:15,0,400,0
BRDA:15,0,401,0
BRDA:15,0,402,0
BRDA:15,0,403,0
BRDA:15,0,404,0
BRDA:15,0,405,0
BRDA:15,0,406,0
BRDA:15,0,407,0
BRDA:15,0,408,0
BRDA:15,0,409,0
BRDA:15,0,410,0
BRDA:15,0,411,0
BRDA:15,0,412,0
BRDA:15,0,413,0
BRDA:15,0,414,0
BRDA:15,0,415,0
BRDA:15,0,416,0
BRDA:15,0,417,0
BRDA:15,0,418,0
BRDA:15,0,419,0
BRDA:15,0,420,0
BRDA:15,0,421,0
BRDA:15,0,422,0
BRDA:15,0,423,0
BRDA:15,0,424,0
BRDA:15,0,425,0
BRDA:15,0,426,0
BRDA:15,0,427,0
BRDA:15,0,428,2
BRDA:15,0,429,1
BRDA:15,0,430,0
BRDA:15,0,431,0
BRDA:15,0,432,0
BRDA:15,0,433,0
BRDA:15,0,434,0
BRDA:15,0,435,0
BRDA:15,0,436,0
BRDA:15,0,437,0
BRDA:15,0,438,0
BRDA:15,0,439,0
BRDA:15,0,440,0
BRDA:15,0,441,0
BRDA:15,0,442,0
BRDA:15,0,443,0
BRDA:15,0,444,2
BRDA:15,0,445,1
BRDA:15,0,446,1
BRDA:15,0,447,1
BRDA:15,0,448,0
BRDA:15,0,449,0
BRDA:15,0,450,1
BRDA:15,0,451,1
BRDA:15,0,452,0
BRDA:15,0,453,0
BRDA:15,0,454,0
BRDA:15,0,455,0
BRDA:15,0,456,0
BRDA:15,0,457,0
BRDA:15,0,458,0
BRDA:15,0,459,0
BRDA:15,0,460,1
BRDA:15,0,461,0
BRDA:15,0,462,0
BRDA:15,0,463,0
BRDA:15,0,464,0
BRDA:15,0,465,0
BRDA:15,0,466,0
BRDA:15,0,467,0
BRDA:15,0,468,0
BRDA:15,0,469,0
BRDA:15,0,470,0
BRDA:15,0,471,0
BRDA:15,0,472,0
BRDA:15,0,473,0
BRDA:15,0,474,0
BRDA:15,0,475,0
BRDA:15,0,476,0
BRDA:15,0,477,0
BRDA:15,0,478,0
BRDA:15,0,479,0
BRDA:15,0,480,0
BRDA:15,0,481,0
BRDA:15,0,482,0
BRDA:15,0,483,0
BRDA:15,0,484,0
BRDA:15,0,485,0
BRDA:15,0,486,0
BRDA:15,0,487,0
BRDA:15,0,488,0
BRDA:15,0,489,0
BRDA:15,0,490,0
BRDA:15,0,491,0
BRDA:15,0,492,0
BRDA:15,0,493,0
BRDA:15,0,494,0
BRDA:15,0,495,0
BRDA:15,0,496,0
BRDA:15,0,497,0
BRDA:15,0,498,0
BRDA:15,0,499,0
BRDA:15,0,500,0
BRDA:15,0,501,0
BRDA:15,0,502,0
BRDA:15,0,503,0
BRDA:15,0,504,0
BRDA:15,0,505,0
BRDA:15,0,506,0
BRDA:15,0,507,0
BRDA:15,0,508,0
BRDA:15,0,509,0
BRDA:15,0,510,0
BRDA:15,0,511,0
BRDA:15,0,512,0
BRDA:15,0,513,0
BRDA:15,0,514,1
BRDA:15,0,515,0
BRDA:15,0,516,0
BRDA:15,0,517,0
BRDA:15,0,518,0
BRDA:15,0,519,0
BRDA:15,0,520,0
BRDA:15,0,521,0
BRDA:15,0,522,0
BRDA:15,0,523,0
BRDA:15,0,524,0
BRDA:15,0,525,0
BRDA:15,0,526,0
BRDA:15,0,527,0
BRDA:15,0,528,0
BRDA:15,0,529,0
BRDA:15,0,530,1
BRDA:15,0,531,0
BRDA:15,0,532,0
BRDA:15,0,533,0
BRDA:15,0,534,0
BRDA:15,0,535,0
BRDA:15,0,536,0
BRDA:15,0,537,0
BRDA:15,0,538,0
BRDA:15,0,539,0
BRDA:15,0,540,0
BRDA:15,0,541,0
BRDA:15,0,542,0
BRDA:15,0,543,0
BRDA:15,0,544,0
BRDA:15,0,545,0
BRDA:15,0,546,0
BRDA:15,0,547,0
BRDA:15,0,548,0
BRDA:15,0,549,0
BRDA:15,0,550,0
BRDA:15,0,551,0
BRDA:15,0,552,0
BRDA:15,0,553,0
BRDA:15,0,554,0
BRDA:15,0,555,0
BRDA:15,0,556,0
BRDA:15,0,557,0
BRDA:15,0,558,0
BRDA:15,0,559,0
BRDA:15,0,560,0
BRDA:15,0,561,0
BRDA:15,0,562,0
BRDA:15,0,563,0
BRDA:15,0,564,0
BRDA:15,0,565,0
BRDA:15,0,566,0
BRDA:15,0,567,0
BRDA:15,0,568,0
BRDA:15,0,569,0
BRDA:15,0,570,0
BRDA:15,0,571,0
BRDA:15,0,572,0
BRDA:15,0,573,0
BRDA:15,0,574,0
BRDA:15,0,575,0
BRDA:15,0,576,0
BRDA:15,0,577,0
BRDA:15,0,578,0
BRDA:15,0,579,0
BRDA:15,0,580,0
BRDA:15,0,581,0
BRDA:15,0,582,0
BRDA:15,0,583,0
BRDA:15,0,584,0
BRDA:15,0,585,0
BRDA:15,0,586,1
BRDA:15,0,587,0
BRDA:15,0,588,0
BRDA:15,0,589,0
BRDA:15,0,590,0
BRDA:15,0,591,0
BRDA:15,0,592,0
BRDA:15,0,593,0
BRDA:15,0,594,0
BRDA:15,0,595,0
BRDA:15,0,596,0
BRDA:15,0,597,0
BRDA:15,0,598,0
BRDA:15,0,599,0
BRDA:15,0,600,1
BRDA:15,0,601,0
BRDA:15,0,602,0
BRDA:15,0,603,0
BRDA:15,0,604,0
BRDA:15,0,605,0
BRDA:15,0,606,0
BRDA:15,0,607,0
BRDA:15,0,608,0
BRDA:15,0,609,0
BRDA:15,0,610,0
BRDA:15,0,611,0
BRDA:15,0,612,0
BRDA:15,0,613,0
BRDA:15,0,614,0
BRDA:15,0,615,0
BRDA:15,0,616,0
BRDA:15,0,617,0
BRDA:15,0,618,0
BRDA:15,0,619,0
BRDA:15,0,620,0
BRDA:15,0,621,0
BRDA:15,0,622,0
BRDA:15,0,623,0
BRDA:15,0,624,0
BRDA:15,0,625,0
BRDA:15,0,626,0
BRDA:15,0,627,0
BRDA:15,0,628,0
BRDA:15,0,629,0
BRDA:15,0,630,0
BRDA:15,0,631,0
BRDA:15,0,632,0
BRDA:15,0,633,0
BRDA:15,0,634,0
BRDA:15,0,635,0
BRDA:15,0,636,0
BRDA:15,0,637,0
BRDA:15,0,638,0
BRDA:15,0,639,0
BRDA:15,0,640,0
BRDA:15,0,641,0
BRDA:15,0,642,0
BRDA:15,0,643,0
BRDA:15,0,644,0
BRDA:15,0,645,0
BRDA:15,0,646,0
BRDA:15,0,647,0
BRDA:15,0,648,0
BRDA:15,0,649,0
BRDA:15,0,650,0
BRDA:15,0,651,0
BRDA:15,0,652,0
BRDA:15,0,653,0
BRDA:15,0,654,0
BRDA:15,0,655,0
BRDA:15,0,656,1
BRDA:15,0,657,0
BRDA:15,0,658,0
BRDA:15,0,659,0
BRDA:15,0,660,0
BRDA:15,0,661,0
BRDA:15,0,662,0
BRDA:15,0,663,0
BRDA:15,0,664,0
BRDA:15,0,665,0
BRDA:15,0,666,0
BRDA:15,0,667,0
BRDA:15,0,668,0
BRDA:15,0,669,0
BRDA:15,0,670,1
BRDA:15,0,671,0
BRDA:15,0,672,0
BRDA:15,0,673,0
BRDA:15,0,674,0
BRDA:15,0,675,0
BRDA:15,0,676,0
BRDA:15,0,677,0
BRDA:15,0,678,0
BRDA:15,0,679,0
BRDA:15,0,680,0
BRDA:15,0,681,0
BRDA:15,0,682,0
BRDA:15,0,683,0
BRDA:15,0,684,0
BRDA:15,0,685,0
BRDA:15,0,686,0
BRDA:15,0,687,0
BRDA:15,0,688,0
BRDA:15,0,689,0
BRDA:15,0,690,0
BRDA:15,0,691,0
BRDA:15,0,692,0
BRDA:15,0,693,0
BRDA:15,0,694,0
BRDA:15,0,695,0
BRDA:15,0,696,0
BRDA:15,0,697,0
BRDA:15,0,698,0
BRDA:15,0,699,0
BRDA:15,0,700,0
BRDA:15,0,701,0
BRDA:15,0,702,0
BRDA:15,0,703,0
BRDA:15,0,704,0
BRDA:15,0,705,0
BRDA:15,0,706,0
BRDA:15,0,707,0
BRDA:15,0,708,0
BRDA:15,0,709,0
BRDA:15,0,710,0
BRDA:15,0,711,0
BRDA:15,0,712,0
BRDA:15,0,713,0
BRDA:15,0,714,0
BRDA:15,0,715,0
BRDA:15,0,716,0
BRDA:15,0,717,0
BRDA:15,0,718,0
BRDA:15,0,719,0
BRDA:15,0,720,0
BRDA:15,0,721,0
BRDA:15,0,722,0
BRDA:15,0,723,0
BRDA:15,0,724,0
BRDA:15,0,725,0
BRDA:15,0,726,0
BRDA:15,0,727,0
BRDA:15,0,728,1
BRDA:15,0,729,0
BRDA:15,0,730,0
BRDA:15,0,731,0
BRDA:15,0,732,0
BRDA:15,0,733,0
BRDA:15,0,734,0
BRDA:15,0,735,0
BRDA:15,0,736,0
BRDA:15,0,737,0
BRDA:15,0,738,0
BRDA:15,0,739,0
BRDA:15,0,740,0
BRDA:15,0,741,0
BRDA:15,0,742,0
BRDA:15,0,743,0
BRDA:15,0,744,0
BRDA:15,0,745,0
BRDA:15,0,746,0
BRDA:15,0,747,0
BRDA:15,0,748,0
BRDA:15,0,749,0
BRDA:15,0,750,0
BRDA:15,0,751,0
BRDA:15,0,752,0
BRDA:15,0,753,0
BRDA:15,0,754,1
BRDA:15,0,755,0
BRDA:15,0,756,0
BRDA:15,0,757,0
BRDA:15,0,758,0
BRDA:15,0,759,0
BRDA:15,0,760,0
BRDA:15,0,761,0
BRDA:15,0,762,0
BRDA:15,0,763,0
BRDA:15,0,764,0
BRDA:15,0,765,0
BRDA:15,0,766,0
BRDA:15,0,767,0
BRDA:15,0,768,1
BRDA:15,0,769,0
BRDA:15,0,770,0
BRDA:15,0,771,0
BRDA:15,0,772,0
BRDA:15,0,773,0
BRDA:15,0,774,0
BRDA:15,0,775,0
BRDA:15,0,776,0
BRDA:15,0,777,0
BRDA:15,0,778,0
BRDA:15,0,779,0
BRDA:15,0,780,0
BRDA:15,0,781,0
BRDA:15,0,782,0
BRDA:15,0,783,0
BRDA:15,0,784,0
BRDA:15,0,785,0
BRDA:15,0,786,0
BRDA:15,0,787,0
BRDA:15,0,788,0
BRDA:15,0,789,0
BRDA:15,0,790,0
BRDA:15,0,791,0
BRDA:15,0,792,0
BRDA:15,0,793,0
BRDA:15,0,794,0
BRDA:15,0,795,0
BRDA:15,0,796,0
BRDA:15,0,797,0
BRDA:15,0,798,0
BRDA:15,0,799,0
BRDA:15,0,800,0
BRDA:15,0,801,0
BRDA:15,0,802,0
BRDA:15,0,803,0
BRDA:15,0,804,0
BRDA:15,0,805,0
BRDA:15,0,806,0
BRDA:15,0,807,0
BRDA:15,0,808,0
BRDA:15,0,809,0
BRDA:15,0,810,0
BRDA:15,0,811,0
BRDA:15,0,812,0
BRDA:15,0,813,0
BRDA:15,0,814,0
BRDA:15,0,815,0
BRDA:15,0,816,0
BRDA:15,0,817,0
BRDA:15,0,818,0
BRDA:15,0,819,0
BRDA:15,0,820,0
BRDA:15,0,821,0
BRDA:15,0,822,0
BRDA:15,0,823,0
BRDA:15,0,824,1
BRDA:15,0,825,0
BRDA:15,0,826,0
BRDA:15,0,827,0
BRDA:15,0,828,0
BRDA:15,0,829,0
BRDA:15,0,830,0
BRDA:15,0,831,0
BRDA:15,0,832,0
BRDA:15,0,833,0
BRDA:15,0,834,0
BRDA:15,0,835,0
BRDA:15,0,836,0
BRDA:15,0,837,0
BRDA:15,0,838,0
BRDA:15,0,839,0
BRDA:15,0,840,1
BRDA:15,0,841,0
BRDA:15,0,842,0
BRDA:15,0,843,0
BRDA:15,0,844,0
BRDA:15,0,845,0
BRDA:15,0,846,0
BRDA:15,0,847,0
BRDA:15,0,848,0
BRDA:15,0,849,0
BRDA:15,0,850,0
BRDA:15,0,851,0
BRDA:15,0,852,0
BRDA:15,0,853,0
BRDA:15,0,854,0
BRDA:15,0,855,0
BRDA:15,0,856,0
BRDA:15,0,857,0
BRDA:15,0,858,1
BRDA:15,0,859,0
BRDA:15,0,860,0
BRDA:15,0,861,0
BRDA:15,0,862,0
BRDA:15,0,863,0
BRDA:15,0,864,0
BRDA:15,0,865,0
BRDA:15,0,866,0
BRDA:15,0,867,0
BRDA:15,0,868,0
BRDA:15,0,869,0
BRDA:15,0,870,0
BRDA:15,0,871,0
BRDA:15,0,872,0
BRDA:15,0,873,0
BRDA:15,0,874,0
BRDA:15,0,875,0
BRDA:15,0,876,0
BRDA:15,0,877,0
BRDA:15,0,878,0
BRDA:15,0,879,0
BRDA:15,0,880,0
BRDA:15,0,881,0
BRDA:15,0,882,0
BRDA:15,0,883,0
BRDA:15,0,884,0
BRDA:15,0,885,0
BRDA:15,0,886,0
BRDA:15,0,887,0
BRDA:15,0,888,0
BRDA:15,0,889,0
BRDA:15,0,890,0
BRDA:15,0,891,0
BRDA:15,0,892,0
BRDA:15,0,893,0
BRDA:15,0,894,1
BRDA:15,0,895,0
BRDA:15,0,896,0
BRDA:15,0,897,0
BRDA:15,0,898,0
BRDA:15,0,899,0
BRDA:15,0,900,0
BRDA:15,0,901,0
BRDA:15,0,902,0
BRDA:15,0,903,0
DA:16,5
BRDA:16,0,0,5
BRDA:16,0,1,5
DA:17,8
BRDA:17,0,0,7
BRDA:17,0,1,7
BRDA:17,0,2,7
BRDA:17,0,3,6
BRDA:17,0,4,8
BRDA:17,0,5,7
DA:18,1
BRDA:18,0,0,1
BRDA:18,0,1,1
BRDA:18,0,2,1
BRDA:18,0,3,0
BRDA:18,0,4,1
BRDA:18,0,5,0
BRDA:18,0,6,1
BRDA:18,0,7,0
BRDA:18,0,8,1
BRDA:18,0,9,0
BRDA:18,0,10,0
BRDA:18,0,11,0
DA:19,0
BRDA:19,0,0,0
BRDA:19,0,1,0
BRDA:19,0,2,0
BRDA:19,0,3,0
BRDA:19,0,4,0
BRDA:19,0,5,0
BRDA:19,0,6,0
BRDA:19,0,7,0
BRDA:19,0,8,0
BRDA:19,0,9,0
BRDA:19,0,10,0
BRDA:19,0,11,0
BRDA:19,0,12,0
BRDA:19,0,13,0
BRDA:19,0,14,0
BRDA:19,0,15,0
BRDA:19,0,16,0
BRDA:19,0,17,0
BRDA:19,0,18,0
BRDA:19,0,19,0
BRDA:19,0,20,0
BRDA:19,0,21,0
BRDA:19,0,22,0
BRDA:19,0,23,0
BRDA:19,0,24,0
BRDA:19,0,25,0
BRDA:19,0,26,0
BRDA:19,0,27,0
BRDA:19,0,28,0
BRDA:19,0,29,0
BRDA:19,0,30,0
BRDA:19,0,31,0
BRDA:19,0,32,0
BRDA:19,0,33,0
BRDA:19,0,34,0
BRDA:19,0,35,0
BRDA:19,0,36,0
BRDA:19,0,37,0
BRDA:19,0,38,0
BRDA:19,0,39,0
BRDA:19,0,40,0
BRDA:19,0,41,0
BRDA:19,0,42,0
BRDA:19,0,43,0
BRDA:19,0,44,0
BRDA:19,0,45,0
BRDA:19,0,46,0
BRDA:19,0,47,0
BRDA:19,0,48,0
BRDA:19,0,49,0
BRDA:19,0,50,0
BRDA:19,0,51,0
BRDA:19,0,52,0
BRDA:19,0,53,0
BRDA:19,0,54,0
BRDA:19,0,55,0
BRDA:19,0,56,0
BRDA:19,0,57,0
BRDA:19,0,58,0
BRDA:19,0,59,0
BRDA:19,0,60,0
BRDA:19,0,61,0
BRDA:19,0,62,0
BRDA:19,0,63,0
BRDA:19,0,64,0
BRDA:19,0,65,0
BRDA:19,0,66,0
BRDA:19,0,67,0
BRDA:19,0,68,0
BRDA:19,0,69,0
BRDA:19,0,70,0
BRDA:19,0,71,0
BRDA:19,0,72,0
BRDA:19,0,73,0
BRDA:19,0,74,0
BRDA:19,0,75,0
BRDA:19,0,76,0
BRDA:19,0,77,0
BRDA:19,0,78,0
BRDA:19,0,79,0
BRDA:19,0,80,0
BRDA:19,0,81,0
BRDA:19,0,82,0
BRDA:19,0,83,0
BRDA:19,0,84,0
BRDA:19,0,85,0
BRDA:19,0,86,0
BRDA:19,0,87,0
BRDA:19,0,88,0
BRDA:19,0,89,0
BRDA:19,0,90,0
BRDA:19,0,91,0
BRDA:19,0,92,0
BRDA:19,0,93,0
BRDA:19,0,94,0
BRDA:19,0,95,0
BRDA:19,0,96,0
BRDA:19,0,97,0
BRDA:19,0,98,0
BRDA:19,0,99,0
BRDA:19,0,100,0
BRDA:19,0,101,0
BRDA:19,0,102,0
BRDA:19,0,103,0
BRDA:19,0,104,0
BRDA:19,0,105,0
BRDA:19,0,106,0
BRDA:19,0,107,0
BRDA:19,0,108,0
BRDA:19,0,109,0
BRDA:19,0,110,0
BRDA:19,0,111,0
BRDA:19,0,112,0
BRDA:19,0,113,0
BRDA:19,0,114,0
BRDA:19,0,115,0
BRDA:19,0,116,0
BRDA:19,0,117,0
BRDA:19,0,118,0
BRDA:19,0,119,0
BRDA:19,0,120,0
BRDA:19,0,121,0
BRDA:19,0,122,0
BRDA:19,0,123,0
BRDA:19,0,124,0
BRDA:19,0,125,0
BRDA:19,0,126,0
BRDA:19,0,127,0
DA:20,0
BRDA:20,0,0,0
BRDA:20,0,1,0
DA:21,0
BRDA:21,0,0,0
BRDA:21,0,1,0
DA:22,0
BRDA:22,0,0,0
BRDA:22,0,1,0
DA:23,0
BRDA:23,0,0,0
BRDA:23,0,1,0
DA:24,0
BRDA:24,0,0,0
BRDA:24,0,1,0
BRDA:24,0,2,0
BRDA:24,0,3,0
BRDA:24,0,4,0
BRDA:24,0,5,0
BRDA:24,0,6,0
BRDA:24,0,7,0
BRDA:24,0,8,0
BRDA:24,0,9,0
BRDA:24,0,10,0
BRDA:24,0,11,0
BRDA:24,0,12,0
BRDA:24,0,13,0
BRDA:24,0,14,0
BRDA:24,0,15,0
BRDA:24,0,16,0
BRDA:24,0,17,0
BRDA:24,0,18,0
BRDA:24,0,19,0
BRDA:24,0,20,0
BRDA:24,0,21,0
BRDA:24,0,22,0
BRDA:24,0,23,0
BRDA:24,0,24,0
BRDA:24,0,25,0
BRDA:24,0,26,0
BRDA:24,0,27,0
BRDA:24,0,28,0
BRDA:24,0,29,0
BRDA:24,0,30,0
BRDA:24,0,31,0
BRDA:24,0,32,0
BRDA:24,0,33,0
BRDA:24,0,34,0
BRDA:24,0,35,0
BRDA:24,0,36,0
BRDA:24,0,37,0
BRDA:24,0,38,0
BRDA:24,0,39,0
BRDA:24,0,40,0
BRDA:24,0,41,0
BRDA:24,0,42,0
BRDA:24,0,43,0
BRDA:24,0,44,0
BRDA:24,0,45,0
BRDA:24,0,46,0
BRDA:24,0,47,0
BRDA:24,0,48,0
BRDA:24,0,49,0
BRDA:24,0,50,0
BRDA:24,0,51,0
BRDA:24,0,52,0
BRDA:24,0,53,0
BRDA:24,0,54,0
BRDA:24,0,55,0
BRDA:24,0,56,0
BRDA:24,0,57,0
BRDA:24,0,58,0
BRDA:24,0,59,0
BRDA:24,0,60,0
BRDA:24,0,61,0
BRDA:24,0,62,0
BRDA:24,0,63,0
BRDA:24,0,64,0
BRDA:24,0,65,0
BRDA:24,0,66,0
BRDA:24,0,67,0
BRDA:24,0,68,0
BRDA:24,0,69,0
BRDA:24,0,70,0
BRDA:24,0,71,0
BRDA:24,0,72,0
BRDA:24,0,73,0
BRDA:24,0,74,0
BRDA:24,0,75,0
BRDA:24,0,76,0
BRDA:24,0,77,0
BRDA:24,0,78,0
BRDA:24,0,79,0
BRDA:24,0,80,0
BRDA:24,0,81,0
BRDA:24,0,82,0
BRDA:24,0,83,0
BRDA:24,0,84,0
BRDA:24,0,85,0
BRDA:24,0,86,0
BRDA:24,0,87,0
BRDA:24,0,88,0
BRDA:24,0,89,0
BRDA:24,0,90,0
BRDA:24,0,91,0
BRDA:24,0,92,0
BRDA:24,0,93,0
BRDA:24,0,94,0
BRDA:24,0,95,0
BRDA:24,0,96,0
BRDA:24,0,97,0
BRDA:24,0,98,0
BRDA:24,0,99,0
BRDA:24,0,100,0
BRDA:24,0,101,0
BRDA:24,0,102,0
BRDA:24,0,103,0
BRDA:24,0,104,0
BRDA:24,0,105,0
BRDA:24,0,106,0
BRDA:24,0,107,0
BRDA:24,0,108,0
BRDA:24,0,109,0
BRDA:24,0,110,0
BRDA:24,0,111,0
BRDA:24,0,112,0
BRDA:24,0,113,0
BRDA:24,0,114,0
BRDA:24,0,115,0
BRDA:24,0,116,0
BRDA:24,0,117,0
BRDA:24,0,118,0
BRDA:24,0,119,0
BRDA:24,0,120,0
BRDA:24,0,121,0
BRDA:24,0,122,0
BRDA:24,0,123,0
BRDA:24,0,124,0
BRDA:24,0,125,0
BRDA:24,0,126,0
BRDA:24,0,127,0
BRDA:24,0,128,0
BRDA:24,0,129,0
BRDA:24,0,130,0
BRDA:24,0,131,0
BRDA:24,0,132,0
BRDA:24,0,133,0
BRDA:24,0,134,0
BRDA:24,0,135,0
BRDA:24,0,136,0
BRDA:24,0,137,0
BRDA:24,0,138,0
BRDA:24,0,139,0
BRDA:24,0,140,0
BRDA:24,0,141,0
BRDA:24,0,142,0
BRDA:24,0,143,0
BRDA:24,0,144,0
BRDA:24,0,145,0
BRDA:24,0,146,0
BRDA:24,0,147,0
BRDA:24,0,148,0
BRDA:24,0,149,0
BRDA:24,0,150,0
BRDA:24,0,151,0
BRDA:24,0,152,0
BRDA:24,0,153,0
BRDA:24,0,154,0
BRDA:24,0,155,0
BRDA:24,0,156,0
BRDA:24,0,157,0
BRDA:24,0,158,0
BRDA:24,0,159,0
BRDA:24,0,160,0
BRDA:24,0,161,0
BRDA:24,0,162,0
BRDA:24,0,163,0
BRDA:24,0,164,0
BRDA:24,0,165,0
BRDA:24,0,166,0
BRDA:24,0,167,0
BRDA:24,0,168,0
BRDA:24,0,169,0
BRDA:24,0,170,0
BRDA:24,0,171,0
BRDA:24,0,172,0
BRDA:24,0,173,0
BRDA:24,0,174,0
BRDA:24,0,175,0
BRDA:24,0,176,0
BRDA:24,0,177,0
BRDA:24,0,178,0
BRDA:24,0,179,0
BRDA:24,0,180,0
BRDA:24,0,181,0
BRDA:24,0,182,0
BRDA:24,0,183,0
BRDA:24,0,184,0
BRDA:24,0,185,0
BRDA:24,0,186,0
BRDA:24,0,187,0
BRDA:24,0,188,0
BRDA:24,0,189,0
BRDA:24,0,190,0
BRDA:24,0,191,0
BRDA:24,0,192,0
BRDA:24,0,193,0
BRDA:24,0,194,0
BRDA:24,0,195,0
BRDA:24,0,196,0
BRDA:24,0,197,0
BRDA:24,0,198,0
BRDA:24,0,199,0
BRDA:24,0,200,0
BRDA:24,0,201,0
BRDA:24,0,202,0
BRDA:24,0,203,0
BRDA:24,0,204,0
BRDA:24,0,205,0
BRDA:24,0,206,0
BRDA:24,0,207,0
BRDA:24,0,208,0
BRDA:24,0,209,0
BRDA:24,0,210,0
BRDA:24,0,211,0
BRDA:24,0,212,0
BRDA:24,0,213,0
BRDA:24,0,214,0
BRDA:24,0,215,0
BRDA:24,0,216,0
BRDA:24,0,217,0
BRDA:24,0,218,0
BRDA:24,0,219,0
BRDA:24,0,220,0
BRDA:24,0,221,0
BRDA:24,0,222,0
BRDA:24,0,223,0
BRDA:24,0,224,0
BRDA:24,0,225,0
BRDA:24,0,226,0
BRDA:24,0,227,0
BRDA:24,0,228,0
BRDA:24,0,229,0
BRDA:24,0,230,0
BRDA:24,0,231,0
BRDA:24,0,232,0
BRDA:24,0,233,0
BRDA:24,0,234,0
BRDA:24,0,235,0
BRDA:24,0,236,0
BRDA:24,0,237,0
BRDA:24,0,238,0
BRDA:24,0,239,0
BRDA:24,0,240,0
BRDA:24,0,241,0
BRDA:24,0,242,0
BRDA:24,0,243,0
BRDA:24,0,244,0
BRDA:24,0,245,0
BRDA:24,0,246,0
BRDA:24,0,247,0
BRDA:24,0,248,0
BRDA:24,0,249,0
BRDA:24,0,250,0
BRDA:24,0,251,0
BRDA:24,0,252,0
BRDA:24,0,253,0
BRDA:24,0,254,0
BRDA:24,0,255,0
DA:25,0
BRDA:25,0,0,0
BRDA:25,0,1,0
BRDA:25,0,2,0
BRDA:25,0,3,0
BRDA:25,0,4,0
BRDA:25,0,5,0
BRDA:25,0,6,0
BRDA:25,0,7,0
BRDA:25,0,8,0
BRDA:25,0,9,0
BRDA:25,0,10,0
BRDA:25,0,11,0
BRDA:25,0,12,0
BRDA:25,0,13,0
BRDA:25,0,14,0
BRDA:25,0,15,0
BRDA:25,0,16,0
BRDA:25,0,17,0
BRDA:25,0,18,0
BRDA:25,0,19,0
BRDA:25,0,20,0
BRDA:25,0,21,0
BRDA:25,0,22,0
BRDA:25,0,23,0
BRDA:25,0,24,0
BRDA:25,0,25,0
BRDA:25,0,26,0
BRDA:25,0,27,0
BRDA:25,0,28,0
BRDA:25,0,29,0
BRDA:25,0,30,0
BRDA:25,0,31,0
BRDA:25,0,32,0
BRDA:25,0,33,0
BRDA:25,0,34,0
BRDA:25,0,35,0
BRDA:25,0,36,0
BRDA:25,0,37,0
BRDA:25,0,38,0
BRDA:25,0,39,0
BRDA:25,0,40,0
BRDA:25,0,41,0
BRDA:25,0,42,0
BRDA:25,0,43,0
BRDA:25,0,44,0
BRDA:25,0,45,0
BRDA:25,0,46,0
BRDA:25,0,47,0
BRDA:25,0,48,0
BRDA:25,0,49,0
BRDA:25,0,50,0
BRDA:25,0,51,0
BRDA:25,0,52,0
BRDA:25,0,53,0
BRDA:25,0,54,0
BRDA:25,0,55,0
BRDA:25,0,56,0
BRDA:25,0,57,0
BRDA:25,0,58,0
BRDA:25,0,59,0
BRDA:25,0,60,0
BRDA:25,0,61,0
BRDA:25,0,62,0
BRDA:25,0,63,0
BRDA:25,0,64,0
BRDA:25,0,65,0
BRDA:25,0,66,0
BRDA:25,0,67,0
BRDA:25,0,68,0
BRDA:25,0,69,0
BRDA:25,0,70,0
BRDA:25,0,71,0
BRDA:25,0,72,0
BRDA:25,0,73,0
BRDA:25,0,74,0
BRDA:25,0,75,0
BRDA:25,0,76,0
BRDA:25,0,77,0
BRDA:25,0,78,0
BRDA:25,0,79,0
BRDA:25,0,80,0
BRDA:25,0,81,0
BRDA:25,0,82,0
BRDA:25,0,83,0
BRDA:25,0,84,0
BRDA:25,0,85,0
BRDA:25,0,86,0
BRDA:25,0,87,0
BRDA:25,0,88,0
BRDA:25,0,89,0
BRDA:25,0,90,0
BRDA:25,0,91,0
BRDA:25,0,92,0
BRDA:25,0,93,0
BRDA:25,0,94,0
BRDA:25,0,95,0
BRDA:25,0,96,0
BRDA:25,0,97,0
BRDA:25,0,98,0
BRDA:25,0,99,0
BRDA:25,0,100,0
BRDA:25,0,101,0
BRDA:25,0,102,0
BRDA:25,0,103,0
BRDA:25,0,104,0
BRDA:25,0,105,0
BRDA:25,0,106,0
BRDA:25,0,107,0
BRDA:25,0,108,0
BRDA:25,0,109,0
BRDA:25,0,110,0
BRDA:25,0,111,0
BRDA:25,0,112,0
BRDA:25,0,113,0
BRDA:25,0,114,0
BRDA:25,0,115,0
BRDA:25,0,116,0
BRDA:25,0,117,0
BRDA:25,0,118,0
BRDA:25,0,119,0
BRDA:25,0,120,0
BRDA:25,0,121,0
BRDA:25,0,122,0
BRDA:25,0,123,0
BRDA:25,0,124,0
BRDA:25,0,125,0
BRDA:25,0,126,0
BRDA:25,0,127,0
DA:26,0
BRDA:26,0,0,0
BRDA:26,0,1,0
DA:27,0
BRDA:27,0,0,0
BRDA:27,0,1,0
BRDA:27,0,2,0
BRDA:27,0,3,0
BRDA:27,0,4,0
BRDA:27,0,5,0
BRDA:27,0,6,0
BRDA:27,0,7,0
BRDA:27,0,8,0
BRDA:27,0,9,0
BRDA:27,0,10,0
BRDA:27,0,11,0
BRDA:27,0,12,0
BRDA:27,0,13,0
BRDA:27,0,14,0
BRDA:27,0,15,0
BRDA:27,0,16,0
BRDA:27,0,17,0
BRDA:27,0,18,0
BRDA:27,0,19,0
BRDA:27,0,20,0
BRDA:27,0,21,0
BRDA:27,0,22,0
BRDA:27,0,23,0
BRDA:27,0,24,0
BRDA:27,0,25,0
BRDA:27,0,26,0
BRDA:27,0,27,0
BRDA:27,0,28,0
BRDA:27,0,29,0
BRDA:27,0,30,0
BRDA:27,0,31,0
BRDA:27,0,32,0
BRDA:27,0,33,0
BRDA:27,0,34,0
BRDA:27,0,35,0
BRDA:27,0,36,0
BRDA:27,0,37,0
BRDA:27,0,38,0
BRDA:27,0,39,0
BRDA:27,0,40,0
BRDA:27,0,41,0
BRDA:27,0,42,0
BRDA:27,0,43,0
BRDA:27,0,44,0
BRDA:27,0,45,0
BRDA:27,0,46,0
BRDA:27,0,47,0
BRDA:27,0,48,0
BRDA:27,0,49,0
BRDA:27,0,50,0
BRDA:27,0,51,0
BRDA:27,0,52,0
BRDA:27,0,53,0
BRDA:27,0,54,0
BRDA:27,0,55,0
BRDA:27,0,56,0
BRDA:27,0,57,0
BRDA:27,0,58,0
BRDA:27,0,59,0
BRDA:27,0,60,0
BRDA:27,0,61,0
BRDA:27,0,62,0
BRDA:27,0,63,0
BRDA:27,0,64,0
BRDA:27,0,65,0
BRDA:27,0,66,0
BRDA:27,0,67,0
BRDA:27,0,68,0
BRDA:27,0,69,0
BRDA:27,0,70,0
BRDA:27,0,71,0
BRDA:27,0,72,0
BRDA:27,0,73,0
BRDA:27,0,74,0
BRDA:27,0,75,0
BRDA:27,0,76,0
BRDA:27,0,77,0
BRDA:27,0,78,0
BRDA:27,0,79,0
BRDA:27,0,80,0
BRDA:27,0,81,0
BRDA:27,0,82,0
BRDA:27,0,83,0
BRDA:27,0,84,0
BRDA:27,0,85,0
BRDA:27,0,86,0
BRDA:27,0,87,0
BRDA:27,0,88,0
BRDA:27,0,89,0
BRDA:27,0,90,0
BRDA:27,0,91,0
BRDA:27,0,92,0
BRDA:27,0,93,0
BRDA:27,0,94,0
BRDA:27,0,95,0
BRDA:27,0,96,0
BRDA:27,0,97,0
BRDA:27,0,98,0
BRDA:27,0,99,0
BRDA:27,0,100,0
BRDA:27,0,101,0
BRDA:27,0,102,0
BRDA:27,0,103,0
BRDA:27,0,104,0
BRDA:27,0,105,0
BRDA:27,0,106,0
BRDA:27,0,107,0
BRDA:27,0,108,0
BRDA:27,0,109,0
BRDA:27,0,110,0
BRDA:27,0,111,0
BRDA:27,0,112,0
BRDA:27,0,113,0
BRDA:27,0,114,0
BRDA:27,0,115,0
BRDA:27,0,116,0
BRDA:27,0,117,0
BRDA:27,0,118,0
BRDA:27,0,119,0
BRDA:27,0,120,0
BRDA:27,0,121,0
BRDA:27,0,122,0
BRDA:27,0,123,0
BRDA:27,0,124,0
BRDA:27,0,125,0
BRDA:27,0,126,0
BRDA:27,0,127,0
BRDA:27,0,128,0
BRDA:27,0,129,0
BRDA:27,0,130,0
BRDA:27,0,131,0
BRDA:27,0,132,0
BRDA:27,0,133,0
BRDA:27,0,134,0
BRDA:27,0,135,0
BRDA:27,0,136,0
BRDA:27,0,137,0
BRDA:27,0,138,0
BRDA:27,0,139,0
BRDA:27,0,140,0
BRDA:27,0,141,0
BRDA:27,0,142,0
BRDA:27,0,143,0
BRDA:27,0,144,0
BRDA:27,0,145,0
BRDA:27,0,146,0
BRDA:27,0,147,0
BRDA:27,0,148,0
BRDA:27,0,149,0
BRDA:27,0,150,0
BRDA:27,0,151,0
BRDA:27,0,152,0
BRDA:27,0,153,0
BRDA:27,0,154,0
BRDA:27,0,155,0
BRDA:27,0,156,0
BRDA:27,0,157,0
BRDA:27,0,158,0
BRDA:27,0,159,0
BRDA:27,0,160,0
BRDA:27,0,161,0
BRDA:27,0,162,0
BRDA:27,0,163,0
BRDA:27,0,164,0
BRDA:27,0,165,0
BRDA:27,0,166,0
BRDA:27,0,167,0
BRDA:27,0,168,0
BRDA:27,0,169,0
BRDA:27,0,170,0
BRDA:27,0,171,0
BRDA:27,0,172,0
BRDA:27,0,173,0
BRDA:27,0,174,0
BRDA:27,0,175,0
BRDA:27,0,176,0
BRDA:27,0,177,0
BRDA:27,0,178,0
BRDA:27,0,179,0
BRDA:27,0,180,0
BRDA:27,0,181,0
BRDA:27,0,182,0
BRDA:27,0,183,0
BRDA:27,0,184,0
BRDA:27,0,185,0
BRDA:27,0,186,0
BRDA:27,0,187,0
BRDA:27,0,188,0
BRDA:27,0,189,0
BRDA:27,0,190,0
BRDA:27,0,191,0
BRDA:27,0,192,0
BRDA:27,0,193,0
BRDA:27,0,194,0
BRDA:27,0,195,0
BRDA:27,0,196,0
BRDA:27,0,197,0
BRDA:27,0,198,0
BRDA:27,0,199,0
BRDA:27,0,200,0
BRDA:27,0,201,0
BRDA:27,0,202,0
BRDA:27,0,203,0
BRDA:27,0,204,0
BRDA:27,0,205,0
BRDA:27,0,206,0
BRDA:27,0,207,0
BRDA:27,0,208,0
BRDA:27,0,209,0
BRDA:27,0,210,0
BRDA:27,0,211,0
BRDA:27,0,212,0
BRDA:27,0,213,0
BRDA:27,0,214,0
BRDA:27,0,215,0
BRDA:27,0,216,0
BRDA:27,0,217,0
BRDA:27,0,218,0
BRDA:27,0,219,0
BRDA:27,0,220,0
BRDA:27,0,221,0
BRDA:27,0,222,0
BRDA:27,0,223,0
BRDA:27,0,224,0
BRDA:27,0,225,0
BRDA:27,0,226,0
BRDA:27,0,227,0
BRDA:27,0,228,0
BRDA:27,0,229,0
BRDA:27,0,230,0
BRDA:27,0,231,0
BRDA:27,0,232,0
BRDA:27,0,233,0
BRDA:27,0,234,0
BRDA:27,0,235,0
BRDA:27,0,236,0
BRDA:27,0,237,0
BRDA:27,0,238,0
BRDA:27,0,239,0
BRDA:27,0,240,0
BRDA:27,0,241,0
BRDA:27,0,242,0
BRDA:27,0,243,0
BRDA:27,0,244,0
BRDA:27,0,245,0
BRDA:27,0,246,0
BRDA:27,0,247,0
BRDA:27,0,248,0
BRDA:27,0,249,0
BRDA:27,0,250,0
BRDA:27,0,251,0
BRDA:27,0,252,0
BRDA:27,0,253,0
BRDA:27,0,254,0
BRDA:27,0,255,0
DA:28,1
BRDA:28,0,0,1
BRDA:28,0,1,0
DA:29,0
BRDA:29,0,0,0
BRDA:29,0,1,0
BRDA:29,0,2,0
BRDA:29,0,3,0
BRDA:29,0,4,0
BRDA:29,0,5,0
BRDA:29,0,6,0
BRDA:29,0,7,0
BRDA:29,0,8,0
BRDA:29,0,9,0
BRDA:29,0,10,0
BRDA:29,0,11,0
BRDA:29,0,12,0
BRDA:29,0,13,0
BRDA:29,0,14,0
BRDA:29,0,15,0
BRDA:29,0,16,0
BRDA:29,0,17,0
BRDA:29,0,18,0
BRDA:29,0,19,0
BRDA:29,0,20,0
BRDA:29,0,21,0
BRDA:29,0,22,0
BRDA:29,0,23,0
BRDA:29,0,24,0
BRDA:29,0,25,0
BRDA:29,0,26,0
BRDA:29,0,27,0
BRDA:29,0,28,0
BRDA:29,0,29,0
BRDA:29,0,30,0
BRDA:29,0,31,0
DA:30,1
BRDA:30,0,0,0
BRDA:30,0,1,0
BRDA:30,0,2,0
BRDA:30,0,3,0
BRDA:30,0,4,0
BRDA:30,0,5,0
BRDA:30,0,6,0
BRDA:30,0,7,0
BRDA:30,0,8,0
BRDA:30,0,9,0
BRDA:30,0,10,0
BRDA:30,0,11,0
BRDA:30,0,12,0
BRDA:30,0,13,0
BRDA:30,0,14,0
BRDA:30,0,15,0
BRDA:30,0,16,0
BRDA:30,0,17,0
BRDA:30,0,18,0
BRDA:30,0,19,0
BRDA:30,0,20,0
BRDA:30,0,21,0
BRDA:30,0,22,0
BRDA:30,0,23,0
BRDA:30,0,24,0
BRDA:30,0,25,0
BRDA:30,0,26,1
BRDA:30,0,27,0
BRDA:30,0,28,0
BRDA:30,0,29,0
BRDA:30,0,30,0
BRDA:30,0,31,0
DA:38,1
BRDA:38,0,0,0
BRDA:38,0,1,0
BRDA:38,0,2,0
BRDA:38,0,3,0
BRDA:38,0,4,0
BRDA:38,0,5,0
BRDA:38,0,6,0
BRDA:38,0,7,0
BRDA:38,0,8,1
BRDA:38,0,9,0
BRDA:38,0,10,0
BRDA:38,0,11,0
BRDA:38,0,12,0
BRDA:38,0,13,0
BRDA:38,0,14,0
BRDA:38,0,15,0
BRDA:38,0,16,0
BRDA:38,0,17,0
BRDA:38,0,18,0
BRDA:38,0,19,0
BRDA:38,0,20,0
BRDA:38,0,21,0
BRDA:38,0,22,0
BRDA:38,0,23,0
BRDA:38,0,24,0
BRDA:38,0,25,0
BRDA:38,0,26,0
BRDA:38,0,27,0
BRDA:38,0,28,0
BRDA:38,0,29,0
BRDA:38,0,30,0
BRDA:38,0,31,0
BRDA:38,0,32,0
BRDA:38,0,33,0
BRDA:38,0,34,0
BRDA:38,0,35,0
BRDA:38,0,36,0
BRDA:38,0,37,0
BRDA:38,0,38,0
BRDA:38,0,39,0
BRDA:38,0,40,0
BRDA:38,0,41,0
BRDA:38,0,42,0
BRDA:38,0,43,0
BRDA:38,0,44,0
BRDA:38,0,45,0
BRDA:38,0,46,0
BRDA:38,0,47,0
BRDA:38,0,48,0
BRDA:38,0,49,0
BRDA:38,0,50,0
BRDA:38,0,51,0
BRDA:38,0,52,0
BRDA:38,0,53,0
BRDA:38,0,54,0
BRDA:38,0,55,0
BRDA:38,0,56,0
BRDA:38,0,57,0
BRDA:38,0,58,0
BRDA:38,0,59,0
BRDA:38,0,60,0
BRDA:38,0,61,0
BRDA:38,0,62,1
BRDA:38,0,63,0
BRDA:38,0,64,0
BRDA:38,0,65,0
BRDA:38,0,66,0
BRDA:38,0,67,0
BRDA:38,0,68,0
BRDA:38,0,69,0
BRDA:38,0,70,0
BRDA:38,0,71,0
BRDA:38,0,72,0
BRDA:38,0,73,0
BRDA:38,0,74,0
BRDA:38,0,75,0
BRDA:38,0,76,0
BRDA:38,0,77,0
BRDA:38,0,78,1
BRDA:38,0,79,0
BRDA:38,0,80,0
BRDA:38,0,81,0
BRDA:38,0,82,0
BRDA:38,0,83,0
BRDA:38,0,84,0
BRDA:38,0,85,0
BRDA:38,0,86,0
BRDA:38,0,87,0
BRDA:38,0,88,0
BRDA:38,0,89,0
BRDA:38,0,90,0
BRDA:38,0,91,0
BRDA:38,0,92,0
BRDA:38,0,93,0
BRDA:38,0,94,0
BRDA:38,0,95,0
BRDA:38,0,96,0
BRDA:38,0,97,0
BRDA:38,0,98,0
BRDA:38,0,99,0
BRDA:38,0,100,0
BRDA:38,0,101,0
BRDA:38,0,102,0
BRDA:38,0,103,0
BRDA:38,0,104,0
BRDA:38,0,105,0
BRDA:38,0,106,0
BRDA:38,0,107,0
BRDA:38,0,108,0
BRDA:38,0,109,0
BRDA:38,0,110,0
BRDA:38,0,111,0
BRDA:38,0,112,0
BRDA:38,0,113,0
BRDA:38,0,114,0
BRDA:38,0,115,0
BRDA:38,0,116,0
BRDA:38,0,117,0
BRDA:38,0,118,0
BRDA:38,0,119,0
BRDA:38,0,120,0
BRDA:38,0,121,0
BRDA:38,0,122,0
BRDA:38,0,123,0
BRDA:38,0,124,0
BRDA:38,0,125,0
BRDA:38,0,126,0
BRDA:38,0,127,0
BRDA:38,0,128,0
BRDA:38,0,129,0
BRDA:38,0,130,0
BRDA:38,0,131,0
BRDA:38,0,132,0
BRDA:38,0,133,0
BRDA:38,0,134,1
BRDA:38,0,135,0
BRDA:38,0,136,0
BRDA:38,0,137,0
BRDA:38,0,138,0
BRDA:38,0,139,0
BRDA:38,0,140,0
BRDA:38,0,141,0
BRDA:38,0,142,0
BRDA:38,0,143,0
BRDA:38,0,144,0
BRDA:38,0,145,0
BRDA:38,0,146,0
BRDA:38,0,147,0
BRDA:38,0,148,1
BRDA:38,0,149,0
BRDA:38,0,150,0
BRDA:38,0,151,0
BRDA:38,0,152,0
BRDA:38,0,153,0
BRDA:38,0,154,0
BRDA:38,0,155,0
BRDA:38,0,156,0
BRDA:38,0,157,0
BRDA:38,0,158,0
BRDA:38,0,159,0
BRDA:38,0,160,0
BRDA:38,0,161,0
BRDA:38,0,162,0
BRDA:38,0,163,0
BRDA:38,0,164,0
BRDA:38,0,165,0
BRDA:38,0,166,0
BRDA:38,0,167,0
BRDA:38,0,168,0
BRDA:38,0,169,0
BRDA:38,0,170,0
BRDA:38,0,171,0
BRDA:38,0,172,0
BRDA:38,0,173,0
BRDA:38,0,174,0
BRDA:38,0,175,0
BRDA:38,0,176,0
BRDA:38,0,177,0
BRDA:38,0,178,0
BRDA:38,0,179,0
BRDA:38,0,180,0
BRDA:38,0,181,0
BRDA:38,0,182,0
BRDA:38,0,183,0
BRDA:38,0,184,0
BRDA:38,0,185,0
BRDA:38,0,186,0
BRDA:38,0,187,0
BRDA:38,0,188,0
BRDA:38,0,189,0
BRDA:38,0,190,0
BRDA:38,0,191,0
BRDA:38,0,192,0
BRDA:38,0,193,0
BRDA:38,0,194,0
BRDA:38,0,195,0
BRDA:38,0,196,0
BRDA:38,0,197,0
BRDA:38,0,198,0
BRDA:38,0,199,0
BRDA:38,0,200,0
BRDA:38,0,201,0
BRDA:38,0,202,0
BRDA:38,0,203,0
BRDA:38,0,204,1
BRDA:38,0,205,0
BRDA:38,0,206,0
BRDA:38,0,207,0
BRDA:38,0,208,0
BRDA:38,0,209,0
BRDA:38,0,210,0
BRDA:38,0,211,0
BRDA:38,0,212,0
BRDA:38,0,213,0
BRDA:38,0,214,0
BRDA:38,0,215,0
BRDA:38,0,216,0
BRDA:38,0,217,0
BRDA:38,0,218,1
BRDA:38,0,219,0
BRDA:38,0,220,0
BRDA:38,0,221,0
BRDA:38,0,222,0
BRDA:38,0,223,0
BRDA:38,0,224,0
BRDA:38,0,225,0
BRDA:38,0,226,0
BRDA:38,0,227,0
BRDA:38,0,228,0
BRDA:38,0,229,0
BRDA:38,0,230,0
BRDA:38,0,231,0
BRDA:38,0,232,0
BRDA:38,0,233,0
BRDA:38,0,234,0
BRDA:38,0,235,0
BRDA:38,0,236,0
BRDA:38,0,237,0
BRDA:38,0,238,0
BRDA:38,0,239,0
BRDA:38,0,240,0
BRDA:38,0,241,0
BRDA:38,0,242,0
BRDA:38,0,243,0
BRDA:38,0,244,0
BRDA:38,0,245,0
BRDA:38,0,246,0
BRDA:38,0,247,0
BRDA:38,0,248,0
BRDA:38,0,249,0
BRDA:38,0,250,0
BRDA:38,0,251,0
BRDA:38,0,252,0
BRDA:38,0,253,0
BRDA:38,0,254,0
BRDA:38,0,255,0
BRDA:38,0,256,0
BRDA:38,0,257,0
BRDA:38,0,258,0
BRDA:38,0,259,0
BRDA:38,0,260,0
BRDA:38,0,261,0
BRDA:38,0,262,0
BRDA:38,0,263,0
BRDA:38,0,264,0
BRDA:38,0,265,0
BRDA:38,0,266,0
BRDA:38,0,267,0
BRDA:38,0,268,0
BRDA:38,0,269,0
BRDA:38,0,270,0
BRDA:38,0,271,0
BRDA:38,0,272,0
BRDA:38,0,273,0
BRDA:38,0,274,0
BRDA:38,0,275,0
BRDA:38,0,276,1
BRDA:38,0,277,0
BRDA:38,0,278,0
BRDA:38,0,279,0
BRDA:38,0,280,0
BRDA:38,0,281,0
BRDA:38,0,282,0
BRDA:38,0,283,0
BRDA:38,0,284,0
BRDA:38,0,285,0
BRDA:38,0,286,0
BRDA:38,0,287,0
BRDA:38,0,288,0
BRDA:38,0,289,0
BRDA:38,0,290,0
BRDA:38,0,291,0
BRDA:38,0,292,0
BRDA:38,0,293,0
BRDA:38,0,294,0
BRDA:38,0,295,0
BRDA:38,0,296,0
BRDA:38,0,297,0
BRDA:38,0,298,0
BRDA:38,0,299,0
BRDA:38,0,300,0
BRDA:38,0,301,0
BRDA:38,0,302,1
BRDA:38,0,303,0
BRDA:38,0,304,0
BRDA:38,0,305,0
BRDA:38,0,306,0
BRDA:38,0,307,0
BRDA:38,0,308,0
BRDA:38,0,309,0
BRDA:38,0,310,0
BRDA:38,0,311,0
BRDA:38,0,312,0
BRDA:38,0,313,0
BRDA:38,0,314,0
BRDA:38,0,315,0
BRDA:38,0,316,1
BRDA:38,0,317,0
BRDA:38,0,318,0
BRDA:38,0,319,0
BRDA:38,0,320,0
BRDA:38,0,321,0
BRDA:38,0,322,0
BRDA:38,0,323,0
BRDA:38,0,324,0
BRDA:38,0,325,0
BRDA:38,0,326,0
BRDA:38,0,327,0
BRDA:38,0,328,0
BRDA:38,0,329,0
BRDA:38,0,330,0
BRDA:38,0,331,0
BRDA:38,0,332,0
BRDA:38,0,333,0
BRDA:38,0,334,0
BRDA:38,0,335,0
BRDA:38,0,336,0
BRDA:38,0,337,0
BRDA:38,0,338,0
BRDA:38,0,339,0
BRDA:38,0,340,0
BRDA:38,0,341,0
BRDA:38,0,342,0
BRDA:38,0,343,0
BRDA:38,0,344,0
BRDA:38,0,345,0
BRDA:38,0,346,0
BRDA:38,0,347,0
BRDA:38,0,348,0
BRDA:38,0,349,0
BRDA:38,0,350,0
BRDA:38,0,351,0
BRDA:38,0,352,0
BRDA:38,0,353,0
BRDA:38,0,354,0
BRDA:38,0,355,0
BRDA:38,0,356,0
BRDA:38,0,357,0
BRDA:38,0,358,0
BRDA:38,0,359,0
BRDA:38,0,360,0
BRDA:38,0,361,0
BRDA:38,0,362,0
BRDA:38,0,363,0
BRDA:38,0,364,0
BRDA:38,0,365,0
BRDA:38,0,366,0
BRDA:38,0,367,0
BRDA:38,0,368,0
BRDA:38,0,369,0
BRDA:38,0,370,0
BRDA:38,0,371,0
BRDA:38,0,372,1
BRDA:38,0,373,0
BRDA:38,0,374,0
BRDA:38,0,375,0
BRDA:38,0,376,0
BRDA:38,0,377,0
BRDA:38,0,378,0
BRDA:38,0,379,0
BRDA:38,0,380,0
BRDA:38,0,381,0
BRDA:38,0,382,0
BRDA:38,0,383,0
BRDA:38,0,384,0
BRDA:38,0,385,0
BRDA:38,0,386,0
BRDA:38,0,387,0
BRDA:38,0,388,1
BRDA:38,0,389,0
BRDA:38,0,390,0
BRDA:38,0,391,0
BRDA:38,0,392,0
BRDA:38,0,393,0
BRDA:38,0,394,0
BRDA:38,0,395,0
BRDA:38,0,396,0
BRDA:38,0,397,0
BRDA:38,0,398,0
BRDA:38,0,399,0
BRDA:38,0,400,0
BRDA:38,0,401,0
BRDA:38,0,402,0
BRDA:38,0,403,0
BRDA:38,0,404,0
BRDA:38,0,405,0
BRDA:38,0,406,1
BRDA:38,0,407,0
BRDA:38,0,408,0
BRDA:38,0,409,0
BRDA:38,0,410,0
BRDA:38,0,411,0
BRDA:38,0,412,0
BRDA:38,0,413,0
BRDA:38,0,414,0
BRDA:38,0,415,0
BRDA:38,0,416,0
BRDA:38,0,417,0
BRDA:38,0,418,0
BRDA:38,0,419,0
BRDA:38,0,420,0
BRDA:38,0,421,0
BRDA:38,0,422,0
BRDA:38,0,423,0
BRDA:38,0,424,0
BRDA:38,0,425,0
BRDA:38,0,426,0
BRDA:38,0,427,0
BRDA:38,0,428,0
BRDA:38,0,429,0
BRDA:38,0,430,0
BRDA:38,0,431,0
BRDA:38,0,432,0
BRDA:38,0,433,0
BRDA:38,0,434,0
BRDA:38,0,435,0
BRDA:38,0,436,0
BRDA:38,0,437,0
BRDA:38,0,438,0
BRDA:38,0,439,0
BRDA:38,0,440,0
BRDA:38,0,441,0
BRDA:38,0,442,1
BRDA:38,0,443,0
BRDA:38,0,444,0
BRDA:38,0,445,0
BRDA:38,0,446,0
BRDA:38,0,447,0
BRDA:38,0,448,0
BRDA:38,0,449,0
BRDA:38,0,450,0
BRDA:38,0,451,0
DA:42,15
DA:43,9
BRDA:43,0,0,9
BRDA:43,0,1,6
DA:44,6
DA:46,8
DA:47,6
BRDA:47,0,0,6
BRDA:47,0,1,2
BRDA:47,0,2,6
BRDA:47,0,3,2
DA:48,6
DA:49,5
BRDA:49,0,0,5
BRDA:49,0,1,1
BRDA:49,0,2,5
BRDA:49,0,3,1
DA:50,1
DA:55,26
DA:56,25
BRDA:56,0,0,1
BRDA:56,0,1,25
BRDA:56,0,2,1
BRDA:56,0,3,25
DA:57,1
DA:58,1
DA:59,25
DA:60,25
DA:61,19
BRDA:61,0,0,11
BRDA:61,0,1,14
BRDA:61,0,2,6
BRDA:61,0,3,6
BRDA:61,0,4,19
DA:62,25
DA:65,167
BRDA:65,0,0,101
BRDA:65,0,1,66
BRDA:65,0,2,167
BRDA:65,0,3,66
BRDA:65,0,4,101
BRF:3066
BRH:12
end_of_record
SF:../../handoff/rtl/adaptive_request_response_controller.v
DA:31,26
BRDA:31,0,0,26
BRDA:31,0,1,25
DA:32,1
BRDA:32,0,0,1
BRDA:32,0,1,0
DA:33,0
BRDA:33,0,0,0
BRDA:33,0,1,0
DA:34,1
BRDA:34,0,0,0
BRDA:34,0,1,0
BRDA:34,0,2,0
BRDA:34,0,3,0
BRDA:34,0,4,0
BRDA:34,0,5,0
BRDA:34,0,6,0
BRDA:34,0,7,0
BRDA:34,0,8,0
BRDA:34,0,9,0
BRDA:34,0,10,0
BRDA:34,0,11,0
BRDA:34,0,12,0
BRDA:34,0,13,0
BRDA:34,0,14,0
BRDA:34,0,15,0
BRDA:34,0,16,1
BRDA:34,0,17,0
BRDA:34,0,18,0
BRDA:34,0,19,0
BRDA:34,0,20,1
BRDA:34,0,21,0
BRDA:34,0,22,0
BRDA:34,0,23,0
BRDA:34,0,24,0
BRDA:34,0,25,0
BRDA:34,0,26,0
BRDA:34,0,27,0
BRDA:34,0,28,0
BRDA:34,0,29,0
BRDA:34,0,30,0
BRDA:34,0,31,0
DA:35,1
BRDA:35,0,0,0
BRDA:35,0,1,0
BRDA:35,0,2,0
BRDA:35,0,3,0
BRDA:35,0,4,0
BRDA:35,0,5,0
BRDA:35,0,6,0
BRDA:35,0,7,0
BRDA:35,0,8,0
BRDA:35,0,9,0
BRDA:35,0,10,0
BRDA:35,0,11,0
BRDA:35,0,12,0
BRDA:35,0,13,0
BRDA:35,0,14,0
BRDA:35,0,15,0
BRDA:35,0,16,0
BRDA:35,0,17,0
BRDA:35,0,18,1
BRDA:35,0,19,0
BRDA:35,0,20,0
BRDA:35,0,21,0
BRDA:35,0,22,1
BRDA:35,0,23,0
BRDA:35,0,24,1
BRDA:35,0,25,0
BRDA:35,0,26,1
BRDA:35,0,27,0
BRDA:35,0,28,1
BRDA:35,0,29,0
BRDA:35,0,30,1
BRDA:35,0,31,0
DA:36,1
BRDA:36,0,0,0
BRDA:36,0,1,0
BRDA:36,0,2,0
BRDA:36,0,3,0
BRDA:36,0,4,0
BRDA:36,0,5,0
BRDA:36,0,6,0
BRDA:36,0,7,0
BRDA:36,0,8,0
BRDA:36,0,9,0
BRDA:36,0,10,0
BRDA:36,0,11,0
BRDA:36,0,12,0
BRDA:36,0,13,0
BRDA:36,0,14,0
BRDA:36,0,15,0
BRDA:36,0,16,0
BRDA:36,0,17,0
BRDA:36,0,18,1
BRDA:36,0,19,0
BRDA:36,0,20,0
BRDA:36,0,21,0
BRDA:36,0,22,1
BRDA:36,0,23,0
BRDA:36,0,24,1
BRDA:36,0,25,0
BRDA:36,0,26,1
BRDA:36,0,27,0
BRDA:36,0,28,1
BRDA:36,0,29,0
BRDA:36,0,30,1
BRDA:36,0,31,0
DA:37,0
BRDA:37,0,0,0
BRDA:37,0,1,0
BRDA:37,0,2,0
BRDA:37,0,3,0
BRDA:37,0,4,0
BRDA:37,0,5,0
BRDA:37,0,6,0
BRDA:37,0,7,0
BRDA:37,0,8,0
BRDA:37,0,9,0
BRDA:37,0,10,0
BRDA:37,0,11,0
BRDA:37,0,12,0
BRDA:37,0,13,0
BRDA:37,0,14,0
BRDA:37,0,15,0
BRDA:37,0,16,0
BRDA:37,0,17,0
BRDA:37,0,18,0
BRDA:37,0,19,0
BRDA:37,0,20,0
BRDA:37,0,21,0
BRDA:37,0,22,0
BRDA:37,0,23,0
BRDA:37,0,24,0
BRDA:37,0,25,0
BRDA:37,0,26,0
BRDA:37,0,27,0
BRDA:37,0,28,0
BRDA:37,0,29,0
BRDA:37,0,30,0
BRDA:37,0,31,0
DA:38,1
BRDA:38,0,0,1
BRDA:38,0,1,0
BRDA:38,0,2,1
BRDA:38,0,3,0
BRDA:38,0,4,1
BRDA:38,0,5,0
BRDA:38,0,6,1
BRDA:38,0,7,0
BRDA:38,0,8,1
BRDA:38,0,9,0
BRDA:38,0,10,1
BRDA:38,0,11,0
BRDA:38,0,12,1
BRDA:38,0,13,0
BRDA:38,0,14,1
BRDA:38,0,15,0
BRDA:38,0,16,1
BRDA:38,0,17,0
BRDA:38,0,18,1
BRDA:38,0,19,0
BRDA:38,0,20,1
BRDA:38,0,21,0
BRDA:38,0,22,1
BRDA:38,0,23,0
BRDA:38,0,24,1
BRDA:38,0,25,0
BRDA:38,0,26,1
BRDA:38,0,27,0
BRDA:38,0,28,1
BRDA:38,0,29,0
BRDA:38,0,30,1
BRDA:38,0,31,0
DA:39,0
BRDA:39,0,0,0
BRDA:39,0,1,0
BRDA:39,0,2,0
BRDA:39,0,3,0
BRDA:39,0,4,0
BRDA:39,0,5,0
BRDA:39,0,6,0
BRDA:39,0,7,0
BRDA:39,0,8,0
BRDA:39,0,9,0
BRDA:39,0,10,0
BRDA:39,0,11,0
BRDA:39,0,12,0
BRDA:39,0,13,0
BRDA:39,0,14,0
BRDA:39,0,15,0
BRDA:39,0,16,0
BRDA:39,0,17,0
BRDA:39,0,18,0
BRDA:39,0,19,0
BRDA:39,0,20,0
BRDA:39,0,21,0
BRDA:39,0,22,0
BRDA:39,0,23,0
BRDA:39,0,24,0
BRDA:39,0,25,0
BRDA:39,0,26,0
BRDA:39,0,27,0
BRDA:39,0,28,0
BRDA:39,0,29,0
BRDA:39,0,30,0
BRDA:39,0,31,0
DA:40,0
BRDA:40,0,0,0
BRDA:40,0,1,0
BRDA:40,0,2,0
BRDA:40,0,3,0
BRDA:40,0,4,0
BRDA:40,0,5,0
BRDA:40,0,6,0
BRDA:40,0,7,0
DA:41,0
BRDA:41,0,0,0
BRDA:41,0,1,0
BRDA:41,0,2,0
BRDA:41,0,3,0
BRDA:41,0,4,0
BRDA:41,0,5,0
BRDA:41,0,6,0
BRDA:41,0,7,0
BRDA:41,0,8,0
BRDA:41,0,9,0
BRDA:41,0,10,0
BRDA:41,0,11,0
BRDA:41,0,12,0
BRDA:41,0,13,0
BRDA:41,0,14,0
BRDA:41,0,15,0
DA:42,0
BRDA:42,0,0,0
BRDA:42,0,1,0
DA:43,0
BRDA:43,0,0,0
BRDA:43,0,1,0
DA:44,0
BRDA:44,0,0,0
BRDA:44,0,1,0
DA:45,0
BRDA:45,0,0,0
BRDA:45,0,1,0
BRDA:45,0,2,0
BRDA:45,0,3,0
BRDA:45,0,4,0
BRDA:45,0,5,0
BRDA:45,0,6,0
BRDA:45,0,7,0
BRDA:45,0,8,0
BRDA:45,0,9,0
BRDA:45,0,10,0
BRDA:45,0,11,0
BRDA:45,0,12,0
BRDA:45,0,13,0
BRDA:45,0,14,0
BRDA:45,0,15,0
BRDA:45,0,16,0
BRDA:45,0,17,0
BRDA:45,0,18,0
BRDA:45,0,19,0
BRDA:45,0,20,0
BRDA:45,0,21,0
BRDA:45,0,22,0
BRDA:45,0,23,0
BRDA:45,0,24,0
BRDA:45,0,25,0
BRDA:45,0,26,0
BRDA:45,0,27,0
BRDA:45,0,28,0
BRDA:45,0,29,0
BRDA:45,0,30,0
BRDA:45,0,31,0
BRDA:45,0,32,0
BRDA:45,0,33,0
BRDA:45,0,34,0
BRDA:45,0,35,0
BRDA:45,0,36,0
BRDA:45,0,37,0
BRDA:45,0,38,0
BRDA:45,0,39,0
BRDA:45,0,40,0
BRDA:45,0,41,0
BRDA:45,0,42,0
BRDA:45,0,43,0
BRDA:45,0,44,0
BRDA:45,0,45,0
BRDA:45,0,46,0
BRDA:45,0,47,0
BRDA:45,0,48,0
BRDA:45,0,49,0
BRDA:45,0,50,0
BRDA:45,0,51,0
BRDA:45,0,52,0
BRDA:45,0,53,0
BRDA:45,0,54,0
BRDA:45,0,55,0
BRDA:45,0,56,0
BRDA:45,0,57,0
BRDA:45,0,58,0
BRDA:45,0,59,0
BRDA:45,0,60,0
BRDA:45,0,61,0
BRDA:45,0,62,0
BRDA:45,0,63,0
BRDA:45,0,64,0
BRDA:45,0,65,0
BRDA:45,0,66,0
BRDA:45,0,67,0
BRDA:45,0,68,0
BRDA:45,0,69,0
BRDA:45,0,70,0
BRDA:45,0,71,0
BRDA:45,0,72,0
BRDA:45,0,73,0
BRDA:45,0,74,0
BRDA:45,0,75,0
BRDA:45,0,76,0
BRDA:45,0,77,0
BRDA:45,0,78,0
BRDA:45,0,79,0
BRDA:45,0,80,0
BRDA:45,0,81,0
BRDA:45,0,82,0
BRDA:45,0,83,0
BRDA:45,0,84,0
BRDA:45,0,85,0
BRDA:45,0,86,0
BRDA:45,0,87,0
BRDA:45,0,88,0
BRDA:45,0,89,0
BRDA:45,0,90,0
BRDA:45,0,91,0
BRDA:45,0,92,0
BRDA:45,0,93,0
BRDA:45,0,94,0
BRDA:45,0,95,0
BRDA:45,0,96,0
BRDA:45,0,97,0
BRDA:45,0,98,0
BRDA:45,0,99,0
BRDA:45,0,100,0
BRDA:45,0,101,0
BRDA:45,0,102,0
BRDA:45,0,103,0
BRDA:45,0,104,0
BRDA:45,0,105,0
BRDA:45,0,106,0
BRDA:45,0,107,0
BRDA:45,0,108,0
BRDA:45,0,109,0
BRDA:45,0,110,0
BRDA:45,0,111,0
BRDA:45,0,112,0
BRDA:45,0,113,0
BRDA:45,0,114,0
BRDA:45,0,115,0
BRDA:45,0,116,0
BRDA:45,0,117,0
BRDA:45,0,118,0
BRDA:45,0,119,0
BRDA:45,0,120,0
BRDA:45,0,121,0
BRDA:45,0,122,0
BRDA:45,0,123,0
BRDA:45,0,124,0
BRDA:45,0,125,0
BRDA:45,0,126,0
BRDA:45,0,127,0
BRDA:45,0,128,0
BRDA:45,0,129,0
BRDA:45,0,130,0
BRDA:45,0,131,0
BRDA:45,0,132,0
BRDA:45,0,133,0
BRDA:45,0,134,0
BRDA:45,0,135,0
BRDA:45,0,136,0
BRDA:45,0,137,0
BRDA:45,0,138,0
BRDA:45,0,139,0
BRDA:45,0,140,0
BRDA:45,0,141,0
BRDA:45,0,142,0
BRDA:45,0,143,0
BRDA:45,0,144,0
BRDA:45,0,145,0
BRDA:45,0,146,0
BRDA:45,0,147,0
BRDA:45,0,148,0
BRDA:45,0,149,0
BRDA:45,0,150,0
BRDA:45,0,151,0
BRDA:45,0,152,0
BRDA:45,0,153,0
BRDA:45,0,154,0
BRDA:45,0,155,0
BRDA:45,0,156,0
BRDA:45,0,157,0
BRDA:45,0,158,0
BRDA:45,0,159,0
BRDA:45,0,160,0
BRDA:45,0,161,0
BRDA:45,0,162,0
BRDA:45,0,163,0
BRDA:45,0,164,0
BRDA:45,0,165,0
BRDA:45,0,166,0
BRDA:45,0,167,0
BRDA:45,0,168,0
BRDA:45,0,169,0
BRDA:45,0,170,0
BRDA:45,0,171,0
BRDA:45,0,172,0
BRDA:45,0,173,0
BRDA:45,0,174,0
BRDA:45,0,175,0
BRDA:45,0,176,0
BRDA:45,0,177,0
BRDA:45,0,178,0
BRDA:45,0,179,0
BRDA:45,0,180,0
BRDA:45,0,181,0
BRDA:45,0,182,0
BRDA:45,0,183,0
BRDA:45,0,184,0
BRDA:45,0,185,0
BRDA:45,0,186,0
BRDA:45,0,187,0
BRDA:45,0,188,0
BRDA:45,0,189,0
BRDA:45,0,190,0
BRDA:45,0,191,0
BRDA:45,0,192,0
BRDA:45,0,193,0
BRDA:45,0,194,0
BRDA:45,0,195,0
BRDA:45,0,196,0
BRDA:45,0,197,0
BRDA:45,0,198,0
BRDA:45,0,199,0
BRDA:45,0,200,0
BRDA:45,0,201,0
BRDA:45,0,202,0
BRDA:45,0,203,0
BRDA:45,0,204,0
BRDA:45,0,205,0
BRDA:45,0,206,0
BRDA:45,0,207,0
BRDA:45,0,208,0
BRDA:45,0,209,0
BRDA:45,0,210,0
BRDA:45,0,211,0
BRDA:45,0,212,0
BRDA:45,0,213,0
BRDA:45,0,214,0
BRDA:45,0,215,0
BRDA:45,0,216,0
BRDA:45,0,217,0
BRDA:45,0,218,0
BRDA:45,0,219,0
BRDA:45,0,220,0
BRDA:45,0,221,0
BRDA:45,0,222,0
BRDA:45,0,223,0
BRDA:45,0,224,0
BRDA:45,0,225,0
BRDA:45,0,226,0
BRDA:45,0,227,0
BRDA:45,0,228,0
BRDA:45,0,229,0
BRDA:45,0,230,0
BRDA:45,0,231,0
BRDA:45,0,232,0
BRDA:45,0,233,0
BRDA:45,0,234,0
BRDA:45,0,235,0
BRDA:45,0,236,0
BRDA:45,0,237,0
BRDA:45,0,238,0
BRDA:45,0,239,0
BRDA:45,0,240,0
BRDA:45,0,241,0
BRDA:45,0,242,0
BRDA:45,0,243,0
BRDA:45,0,244,0
BRDA:45,0,245,0
BRDA:45,0,246,0
BRDA:45,0,247,0
BRDA:45,0,248,0
BRDA:45,0,249,0
BRDA:45,0,250,0
BRDA:45,0,251,0
BRDA:45,0,252,0
BRDA:45,0,253,0
BRDA:45,0,254,0
BRDA:45,0,255,0
DA:46,0
BRDA:46,0,0,0
BRDA:46,0,1,0
DA:47,0
BRDA:47,0,0,0
BRDA:47,0,1,0
BRDA:47,0,2,0
BRDA:47,0,3,0
BRDA:47,0,4,0
BRDA:47,0,5,0
BRDA:47,0,6,0
BRDA:47,0,7,0
BRDA:47,0,8,0
BRDA:47,0,9,0
BRDA:47,0,10,0
BRDA:47,0,11,0
BRDA:47,0,12,0
BRDA:47,0,13,0
BRDA:47,0,14,0
BRDA:47,0,15,0
BRDA:47,0,16,0
BRDA:47,0,17,0
BRDA:47,0,18,0
BRDA:47,0,19,0
BRDA:47,0,20,0
BRDA:47,0,21,0
BRDA:47,0,22,0
BRDA:47,0,23,0
BRDA:47,0,24,0
BRDA:47,0,25,0
BRDA:47,0,26,0
BRDA:47,0,27,0
BRDA:47,0,28,0
BRDA:47,0,29,0
BRDA:47,0,30,0
BRDA:47,0,31,0
BRDA:47,0,32,0
BRDA:47,0,33,0
BRDA:47,0,34,0
BRDA:47,0,35,0
BRDA:47,0,36,0
BRDA:47,0,37,0
BRDA:47,0,38,0
BRDA:47,0,39,0
BRDA:47,0,40,0
BRDA:47,0,41,0
BRDA:47,0,42,0
BRDA:47,0,43,0
BRDA:47,0,44,0
BRDA:47,0,45,0
BRDA:47,0,46,0
BRDA:47,0,47,0
BRDA:47,0,48,0
BRDA:47,0,49,0
BRDA:47,0,50,0
BRDA:47,0,51,0
BRDA:47,0,52,0
BRDA:47,0,53,0
BRDA:47,0,54,0
BRDA:47,0,55,0
BRDA:47,0,56,0
BRDA:47,0,57,0
BRDA:47,0,58,0
BRDA:47,0,59,0
BRDA:47,0,60,0
BRDA:47,0,61,0
BRDA:47,0,62,0
BRDA:47,0,63,0
BRDA:47,0,64,0
BRDA:47,0,65,0
BRDA:47,0,66,0
BRDA:47,0,67,0
BRDA:47,0,68,0
BRDA:47,0,69,0
BRDA:47,0,70,0
BRDA:47,0,71,0
BRDA:47,0,72,0
BRDA:47,0,73,0
BRDA:47,0,74,0
BRDA:47,0,75,0
BRDA:47,0,76,0
BRDA:47,0,77,0
BRDA:47,0,78,0
BRDA:47,0,79,0
BRDA:47,0,80,0
BRDA:47,0,81,0
BRDA:47,0,82,0
BRDA:47,0,83,0
BRDA:47,0,84,0
BRDA:47,0,85,0
BRDA:47,0,86,0
BRDA:47,0,87,0
BRDA:47,0,88,0
BRDA:47,0,89,0
BRDA:47,0,90,0
BRDA:47,0,91,0
BRDA:47,0,92,0
BRDA:47,0,93,0
BRDA:47,0,94,0
BRDA:47,0,95,0
BRDA:47,0,96,0
BRDA:47,0,97,0
BRDA:47,0,98,0
BRDA:47,0,99,0
BRDA:47,0,100,0
BRDA:47,0,101,0
BRDA:47,0,102,0
BRDA:47,0,103,0
BRDA:47,0,104,0
BRDA:47,0,105,0
BRDA:47,0,106,0
BRDA:47,0,107,0
BRDA:47,0,108,0
BRDA:47,0,109,0
BRDA:47,0,110,0
BRDA:47,0,111,0
BRDA:47,0,112,0
BRDA:47,0,113,0
BRDA:47,0,114,0
BRDA:47,0,115,0
BRDA:47,0,116,0
BRDA:47,0,117,0
BRDA:47,0,118,0
BRDA:47,0,119,0
BRDA:47,0,120,0
BRDA:47,0,121,0
BRDA:47,0,122,0
BRDA:47,0,123,0
BRDA:47,0,124,0
BRDA:47,0,125,0
BRDA:47,0,126,0
BRDA:47,0,127,0
BRDA:47,0,128,0
BRDA:47,0,129,0
BRDA:47,0,130,0
BRDA:47,0,131,0
BRDA:47,0,132,0
BRDA:47,0,133,0
BRDA:47,0,134,0
BRDA:47,0,135,0
BRDA:47,0,136,0
BRDA:47,0,137,0
BRDA:47,0,138,0
BRDA:47,0,139,0
BRDA:47,0,140,0
BRDA:47,0,141,0
BRDA:47,0,142,0
BRDA:47,0,143,0
BRDA:47,0,144,0
BRDA:47,0,145,0
BRDA:47,0,146,0
BRDA:47,0,147,0
BRDA:47,0,148,0
BRDA:47,0,149,0
BRDA:47,0,150,0
BRDA:47,0,151,0
BRDA:47,0,152,0
BRDA:47,0,153,0
BRDA:47,0,154,0
BRDA:47,0,155,0
BRDA:47,0,156,0
BRDA:47,0,157,0
BRDA:47,0,158,0
BRDA:47,0,159,0
BRDA:47,0,160,0
BRDA:47,0,161,0
BRDA:47,0,162,0
BRDA:47,0,163,0
BRDA:47,0,164,0
BRDA:47,0,165,0
BRDA:47,0,166,0
BRDA:47,0,167,0
BRDA:47,0,168,0
BRDA:47,0,169,0
BRDA:47,0,170,0
BRDA:47,0,171,0
BRDA:47,0,172,0
BRDA:47,0,173,0
BRDA:47,0,174,0
BRDA:47,0,175,0
BRDA:47,0,176,0
BRDA:47,0,177,0
BRDA:47,0,178,0
BRDA:47,0,179,0
BRDA:47,0,180,0
BRDA:47,0,181,0
BRDA:47,0,182,0
BRDA:47,0,183,0
BRDA:47,0,184,0
BRDA:47,0,185,0
BRDA:47,0,186,0
BRDA:47,0,187,0
BRDA:47,0,188,0
BRDA:47,0,189,0
BRDA:47,0,190,0
BRDA:47,0,191,0
BRDA:47,0,192,0
BRDA:47,0,193,0
BRDA:47,0,194,0
BRDA:47,0,195,0
BRDA:47,0,196,0
BRDA:47,0,197,0
BRDA:47,0,198,0
BRDA:47,0,199,0
BRDA:47,0,200,0
BRDA:47,0,201,0
BRDA:47,0,202,0
BRDA:47,0,203,0
BRDA:47,0,204,0
BRDA:47,0,205,0
BRDA:47,0,206,0
BRDA:47,0,207,0
BRDA:47,0,208,0
BRDA:47,0,209,0
BRDA:47,0,210,0
BRDA:47,0,211,0
BRDA:47,0,212,0
BRDA:47,0,213,0
BRDA:47,0,214,0
BRDA:47,0,215,0
BRDA:47,0,216,0
BRDA:47,0,217,0
BRDA:47,0,218,0
BRDA:47,0,219,0
BRDA:47,0,220,0
BRDA:47,0,221,0
BRDA:47,0,222,0
BRDA:47,0,223,0
BRDA:47,0,224,0
BRDA:47,0,225,0
BRDA:47,0,226,0
BRDA:47,0,227,0
BRDA:47,0,228,0
BRDA:47,0,229,0
BRDA:47,0,230,0
BRDA:47,0,231,0
BRDA:47,0,232,0
BRDA:47,0,233,0
BRDA:47,0,234,0
BRDA:47,0,235,0
BRDA:47,0,236,0
BRDA:47,0,237,0
BRDA:47,0,238,0
BRDA:47,0,239,0
BRDA:47,0,240,0
BRDA:47,0,241,0
BRDA:47,0,242,0
BRDA:47,0,243,0
BRDA:47,0,244,0
BRDA:47,0,245,0
BRDA:47,0,246,0
BRDA:47,0,247,0
BRDA:47,0,248,0
BRDA:47,0,249,0
BRDA:47,0,250,0
BRDA:47,0,251,0
BRDA:47,0,252,0
BRDA:47,0,253,0
[...]
DA:123,0
DA:124,0
DA:125,0
DA:126,0
BRDA:126,0,0,0
BRDA:126,0,1,0
BRDA:126,0,2,0
BRDA:126,0,3,0
DA:127,0
DA:128,0
DA:129,0
DA:130,0
DA:131,0
DA:132,0
DA:133,0
DA:134,0
DA:135,0
BRDA:135,0,0,0
BRDA:135,0,1,0
DA:136,0
DA:137,0
DA:138,0
BRDA:138,0,0,0
BRDA:138,0,1,0
BRDA:138,0,2,0
BRDA:138,0,3,0
BRDA:138,0,4,0
BRDA:138,0,5,0
DA:139,0
DA:140,0
DA:141,0
DA:142,0
DA:143,0
DA:144,0
DA:145,0
DA:146,0
BRDA:146,0,0,0
BRDA:146,0,1,0
DA:147,0
DA:148,0
DA:149,0
DA:150,0
DA:152,0
DA:153,0
DA:154,0
DA:155,0
DA:156,0
DA:157,0
DA:159,0
BRDA:159,0,0,0
BRDA:159,0,1,0
DA:160,0
DA:161,0
DA:162,0
DA:163,0
DA:164,0
DA:165,0
DA:166,0
DA:167,0
DA:169,0
DA:170,0
DA:171,0
DA:175,25
BRF:1345
BRH:8
end_of_record
SF:../../handoff/rtl/cfg_window_decoder.v
DA:20,26
BRDA:20,0,0,26
BRDA:20,0,1,25
DA:21,1
BRDA:21,0,0,1
BRDA:21,0,1,0
DA:22,1
BRDA:22,0,0,1
BRDA:22,0,1,1
BRDA:22,0,2,1
BRDA:22,0,3,0
BRDA:22,0,4,1
BRDA:22,0,5,0
BRDA:22,0,6,1
BRDA:22,0,7,0
BRDA:22,0,8,1
BRDA:22,0,9,0
BRDA:22,0,10,0
BRDA:22,0,11,0
DA:23,0
BRDA:23,0,0,0
BRDA:23,0,1,0
BRDA:23,0,2,0
BRDA:23,0,3,0
BRDA:23,0,4,0
BRDA:23,0,5,0
BRDA:23,0,6,0
BRDA:23,0,7,0
BRDA:23,0,8,0
BRDA:23,0,9,0
BRDA:23,0,10,0
BRDA:23,0,11,0
BRDA:23,0,12,0
BRDA:23,0,13,0
BRDA:23,0,14,0
BRDA:23,0,15,0
BRDA:23,0,16,0
BRDA:23,0,17,0
BRDA:23,0,18,0
BRDA:23,0,19,0
BRDA:23,0,20,0
BRDA:23,0,21,0
BRDA:23,0,22,0
BRDA:23,0,23,0
BRDA:23,0,24,0
BRDA:23,0,25,0
BRDA:23,0,26,0
BRDA:23,0,27,0
BRDA:23,0,28,0
BRDA:23,0,29,0
BRDA:23,0,30,0
BRDA:23,0,31,0
BRDA:23,0,32,0
BRDA:23,0,33,0
BRDA:23,0,34,0
BRDA:23,0,35,0
BRDA:23,0,36,0
BRDA:23,0,37,0
BRDA:23,0,38,0
BRDA:23,0,39,0
BRDA:23,0,40,0
BRDA:23,0,41,0
BRDA:23,0,42,0
BRDA:23,0,43,0
BRDA:23,0,44,0
BRDA:23,0,45,0
BRDA:23,0,46,0
BRDA:23,0,47,0
BRDA:23,0,48,0
BRDA:23,0,49,0
BRDA:23,0,50,0
BRDA:23,0,51,0
BRDA:23,0,52,0
BRDA:23,0,53,0
BRDA:23,0,54,0
BRDA:23,0,55,0
BRDA:23,0,56,0
BRDA:23,0,57,0
BRDA:23,0,58,0
BRDA:23,0,59,0
BRDA:23,0,60,0
BRDA:23,0,61,0
BRDA:23,0,62,0
BRDA:23,0,63,0
BRDA:23,0,64,0
BRDA:23,0,65,0
BRDA:23,0,66,0
BRDA:23,0,67,0
BRDA:23,0,68,0
BRDA:23,0,69,0
BRDA:23,0,70,0
BRDA:23,0,71,0
BRDA:23,0,72,0
BRDA:23,0,73,0
BRDA:23,0,74,0
BRDA:23,0,75,0
BRDA:23,0,76,0
BRDA:23,0,77,0
BRDA:23,0,78,0
BRDA:23,0,79,0
BRDA:23,0,80,0
BRDA:23,0,81,0
BRDA:23,0,82,0
BRDA:23,0,83,0
BRDA:23,0,84,0
BRDA:23,0,85,0
BRDA:23,0,86,0
BRDA:23,0,87,0
BRDA:23,0,88,0
BRDA:23,0,89,0
BRDA:23,0,90,0
BRDA:23,0,91,0
BRDA:23,0,92,0
BRDA:23,0,93,0
BRDA:23,0,94,0
BRDA:23,0,95,0
BRDA:23,0,96,0
BRDA:23,0,97,0
BRDA:23,0,98,0
BRDA:23,0,99,0
BRDA:23,0,100,0
BRDA:23,0,101,0
BRDA:23,0,102,0
BRDA:23,0,103,0
BRDA:23,0,104,0
BRDA:23,0,105,0
BRDA:23,0,106,0
BRDA:23,0,107,0
BRDA:23,0,108,0
BRDA:23,0,109,0
BRDA:23,0,110,0
BRDA:23,0,111,0
BRDA:23,0,112,0
BRDA:23,0,113,0
BRDA:23,0,114,0
BRDA:23,0,115,0
BRDA:23,0,116,0
BRDA:23,0,117,0
BRDA:23,0,118,0
BRDA:23,0,119,0
BRDA:23,0,120,0
BRDA:23,0,121,0
BRDA:23,0,122,0
BRDA:23,0,123,0
BRDA:23,0,124,0
BRDA:23,0,125,0
BRDA:23,0,126,0
BRDA:23,0,127,0
DA:24,0
BRDA:24,0,0,0
BRDA:24,0,1,0
DA:25,0
BRDA:25,0,0,0
BRDA:25,0,1,0
DA:26,0
BRDA:26,0,0,0
BRDA:26,0,1,0
BRDA:26,0,2,0
BRDA:26,0,3,0
BRDA:26,0,4,0
BRDA:26,0,5,0
BRDA:26,0,6,0
BRDA:26,0,7,0
BRDA:26,0,8,0
BRDA:26,0,9,0
BRDA:26,0,10,0
BRDA:26,0,11,0
BRDA:26,0,12,0
BRDA:26,0,13,0
BRDA:26,0,14,0
BRDA:26,0,15,0
BRDA:26,0,16,0
BRDA:26,0,17,0
BRDA:26,0,18,0
BRDA:26,0,19,0
BRDA:26,0,20,0
BRDA:26,0,21,0
BRDA:26,0,22,0
BRDA:26,0,23,0
BRDA:26,0,24,0
BRDA:26,0,25,0
BRDA:26,0,26,0
BRDA:26,0,27,0
BRDA:26,0,28,0
BRDA:26,0,29,0
BRDA:26,0,30,0
BRDA:26,0,31,0
BRDA:26,0,32,0
BRDA:26,0,33,0
BRDA:26,0,34,0
BRDA:26,0,35,0
BRDA:26,0,36,0
BRDA:26,0,37,0
BRDA:26,0,38,0
BRDA:26,0,39,0
BRDA:26,0,40,0
BRDA:26,0,41,0
BRDA:26,0,42,0
BRDA:26,0,43,0
BRDA:26,0,44,0
BRDA:26,0,45,0
BRDA:26,0,46,0
BRDA:26,0,47,0
BRDA:26,0,48,0
BRDA:26,0,49,0
BRDA:26,0,50,0
BRDA:26,0,51,0
BRDA:26,0,52,0
BRDA:26,0,53,0
BRDA:26,0,54,0
BRDA:26,0,55,0
BRDA:26,0,56,0
BRDA:26,0,57,0
BRDA:26,0,58,0
BRDA:26,0,59,0
BRDA:26,0,60,0
BRDA:26,0,61,0
BRDA:26,0,62,0
BRDA:26,0,63,0
BRDA:26,0,64,0
BRDA:26,0,65,0
BRDA:26,0,66,0
BRDA:26,0,67,0
BRDA:26,0,68,0
BRDA:26,0,69,0
BRDA:26,0,70,0
BRDA:26,0,71,0
BRDA:26,0,72,0
BRDA:26,0,73,0
BRDA:26,0,74,0
BRDA:26,0,75,0
BRDA:26,0,76,0
BRDA:26,0,77,0
BRDA:26,0,78,0
BRDA:26,0,79,0
BRDA:26,0,80,0
BRDA:26,0,81,0
BRDA:26,0,82,0
BRDA:26,0,83,0
BRDA:26,0,84,0
BRDA:26,0,85,0
BRDA:26,0,86,0
BRDA:26,0,87,0
BRDA:26,0,88,0
BRDA:26,0,89,0
BRDA:26,0,90,0
BRDA:26,0,91,0
BRDA:26,0,92,0
BRDA:26,0,93,0
BRDA:26,0,94,0
BRDA:26,0,95,0
BRDA:26,0,96,0
BRDA:26,0,97,0
BRDA:26,0,98,0
BRDA:26,0,99,0
BRDA:26,0,100,0
BRDA:26,0,101,0
BRDA:26,0,102,0
BRDA:26,0,103,0
BRDA:26,0,104,0
BRDA:26,0,105,0
BRDA:26,0,106,0
BRDA:26,0,107,0
BRDA:26,0,108,0
BRDA:26,0,109,0
BRDA:26,0,110,0
BRDA:26,0,111,0
BRDA:26,0,112,0
BRDA:26,0,113,0
BRDA:26,0,114,0
BRDA:26,0,115,0
BRDA:26,0,116,0
BRDA:26,0,117,0
BRDA:26,0,118,0
BRDA:26,0,119,0
BRDA:26,0,120,0
BRDA:26,0,121,0
BRDA:26,0,122,0
BRDA:26,0,123,0
BRDA:26,0,124,0
BRDA:26,0,125,0
BRDA:26,0,126,0
BRDA:26,0,127,0
DA:27,0
BRDA:27,0,0,0
BRDA:27,0,1,0
DA:28,1
BRDA:28,0,0,0
BRDA:28,0,1,0
BRDA:28,0,2,0
BRDA:28,0,3,0
BRDA:28,0,4,0
BRDA:28,0,5,0
BRDA:28,0,6,0
BRDA:28,0,7,0
BRDA:28,0,8,0
BRDA:28,0,9,0
BRDA:28,0,10,0
BRDA:28,0,11,0
BRDA:28,0,12,0
BRDA:28,0,13,0
BRDA:28,0,14,0
BRDA:28,0,15,0
BRDA:28,0,16,1
BRDA:28,0,17,0
BRDA:28,0,18,0
BRDA:28,0,19,0
BRDA:28,0,20,1
BRDA:28,0,21,0
BRDA:28,0,22,0
BRDA:28,0,23,0
BRDA:28,0,24,0
BRDA:28,0,25,0
BRDA:28,0,26,0
BRDA:28,0,27,0
BRDA:28,0,28,0
BRDA:28,0,29,0
BRDA:28,0,30,0
BRDA:28,0,31,0
DA:29,1
BRDA:29,0,0,0
BRDA:29,0,1,0
BRDA:29,0,2,0
BRDA:29,0,3,0
BRDA:29,0,4,0
BRDA:29,0,5,0
BRDA:29,0,6,0
BRDA:29,0,7,0
BRDA:29,0,8,0
BRDA:29,0,9,0
BRDA:29,0,10,0
BRDA:29,0,11,0
BRDA:29,0,12,0
BRDA:29,0,13,0
BRDA:29,0,14,0
BRDA:29,0,15,0
BRDA:29,0,16,0
BRDA:29,0,17,0
BRDA:29,0,18,1
BRDA:29,0,19,0
BRDA:29,0,20,0
BRDA:29,0,21,0
BRDA:29,0,22,1
BRDA:29,0,23,0
BRDA:29,0,24,1
BRDA:29,0,25,0
BRDA:29,0,26,1
BRDA:29,0,27,0
BRDA:29,0,28,1
BRDA:29,0,29,0
BRDA:29,0,30,1
BRDA:29,0,31,0
DA:30,1
BRDA:30,0,0,0
BRDA:30,0,1,0
BRDA:30,0,2,0
BRDA:30,0,3,0
BRDA:30,0,4,0
BRDA:30,0,5,0
BRDA:30,0,6,0
BRDA:30,0,7,0
BRDA:30,0,8,0
BRDA:30,0,9,0
BRDA:30,0,10,0
BRDA:30,0,11,0
BRDA:30,0,12,0
BRDA:30,0,13,0
BRDA:30,0,14,0
BRDA:30,0,15,0
BRDA:30,0,16,0
BRDA:30,0,17,0
BRDA:30,0,18,1
BRDA:30,0,19,0
BRDA:30,0,20,0
BRDA:30,0,21,0
BRDA:30,0,22,1
BRDA:30,0,23,0
BRDA:30,0,24,1
BRDA:30,0,25,0
BRDA:30,0,26,1
BRDA:30,0,27,0
BRDA:30,0,28,1
BRDA:30,0,29,0
BRDA:30,0,30,1
BRDA:30,0,31,0
DA:31,0
BRDA:31,0,0,0
BRDA:31,0,1,0
BRDA:31,0,2,0
BRDA:31,0,3,0
BRDA:31,0,4,0
BRDA:31,0,5,0
BRDA:31,0,6,0
BRDA:31,0,7,0
BRDA:31,0,8,0
BRDA:31,0,9,0
BRDA:31,0,10,0
BRDA:31,0,11,0
BRDA:31,0,12,0
BRDA:31,0,13,0
BRDA:31,0,14,0
BRDA:31,0,15,0
BRDA:31,0,16,0
BRDA:31,0,17,0
BRDA:31,0,18,0
BRDA:31,0,19,0
BRDA:31,0,20,0
BRDA:31,0,21,0
BRDA:31,0,22,0
BRDA:31,0,23,0
BRDA:31,0,24,0
BRDA:31,0,25,0
BRDA:31,0,26,0
BRDA:31,0,27,0
BRDA:31,0,28,0
BRDA:31,0,29,0
BRDA:31,0,30,0
BRDA:31,0,31,0
DA:32,1
BRDA:32,0,0,1
BRDA:32,0,1,0
BRDA:32,0,2,1
BRDA:32,0,3,0
BRDA:32,0,4,1
BRDA:32,0,5,0
BRDA:32,0,6,1
BRDA:32,0,7,0
BRDA:32,0,8,1
BRDA:32,0,9,0
BRDA:32,0,10,1
BRDA:32,0,11,0
BRDA:32,0,12,1
BRDA:32,0,13,0
BRDA:32,0,14,1
BRDA:32,0,15,0
BRDA:32,0,16,1
BRDA:32,0,17,0
BRDA:32,0,18,1
BRDA:32,0,19,0
BRDA:32,0,20,1
BRDA:32,0,21,0
BRDA:32,0,22,1
BRDA:32,0,23,0
BRDA:32,0,24,1
BRDA:32,0,25,0
BRDA:32,0,26,1
BRDA:32,0,27,0
BRDA:32,0,28,1
BRDA:32,0,29,0
BRDA:32,0,30,1
BRDA:32,0,31,0
DA:33,0
BRDA:33,0,0,0
BRDA:33,0,1,0
BRDA:33,0,2,0
BRDA:33,0,3,0
BRDA:33,0,4,0
BRDA:33,0,5,0
BRDA:33,0,6,0
BRDA:33,0,7,0
BRDA:33,0,8,0
BRDA:33,0,9,0
BRDA:33,0,10,0
BRDA:33,0,11,0
BRDA:33,0,12,0
BRDA:33,0,13,0
BRDA:33,0,14,0
BRDA:33,0,15,0
BRDA:33,0,16,0
BRDA:33,0,17,0
BRDA:33,0,18,0
BRDA:33,0,19,0
BRDA:33,0,20,0
BRDA:33,0,21,0
BRDA:33,0,22,0
BRDA:33,0,23,0
BRDA:33,0,24,0
BRDA:33,0,25,0
BRDA:33,0,26,0
BRDA:33,0,27,0
BRDA:33,0,28,0
BRDA:33,0,29,0
BRDA:33,0,30,0
BRDA:33,0,31,0
DA:34,0
BRDA:34,0,0,0
BRDA:34,0,1,0
BRDA:34,0,2,0
BRDA:34,0,3,0
BRDA:34,0,4,0
BRDA:34,0,5,0
BRDA:34,0,6,0
BRDA:34,0,7,0
DA:35,0
BRDA:35,0,0,0
BRDA:35,0,1,0
BRDA:35,0,2,0
BRDA:35,0,3,0
BRDA:35,0,4,0
BRDA:35,0,5,0
BRDA:35,0,6,0
BRDA:35,0,7,0
BRDA:35,0,8,0
BRDA:35,0,9,0
BRDA:35,0,10,0
BRDA:35,0,11,0
BRDA:35,0,12,0
BRDA:35,0,13,0
BRDA:35,0,14,0
BRDA:35,0,15,0
DA:36,0
BRDA:36,0,0,0
BRDA:36,0,1,0
DA:38,0
BRDA:38,0,0,0
BRDA:38,0,1,0
BRDA:38,0,2,0
BRDA:38,0,3,0
BRDA:38,0,4,0
BRDA:38,0,5,0
BRDA:38,0,6,0
BRDA:38,0,7,0
BRDA:38,0,8,0
BRDA:38,0,9,0
BRDA:38,0,10,0
BRDA:38,0,11,0
BRDA:38,0,12,0
BRDA:38,0,13,0
BRDA:38,0,14,0
BRDA:38,0,15,0
BRDA:38,0,16,0
BRDA:38,0,17,0
BRDA:38,0,18,0
BRDA:38,0,19,0
BRDA:38,0,20,0
BRDA:38,0,21,0
BRDA:38,0,22,0
BRDA:38,0,23,0
BRDA:38,0,24,0
BRDA:38,0,25,0
BRDA:38,0,26,0
BRDA:38,0,27,0
BRDA:38,0,28,0
BRDA:38,0,29,0
BRDA:38,0,30,0
BRDA:38,0,31,0
BRDA:38,0,32,0
BRDA:38,0,33,0
BRDA:38,0,34,0
BRDA:38,0,35,0
BRDA:38,0,36,0
BRDA:38,0,37,0
BRDA:38,0,38,0
BRDA:38,0,39,0
BRDA:38,0,40,0
BRDA:38,0,41,0
BRDA:38,0,42,0
BRDA:38,0,43,0
BRDA:38,0,44,0
BRDA:38,0,45,0
BRDA:38,0,46,0
BRDA:38,0,47,0
BRDA:38,0,48,0
BRDA:38,0,49,0
BRDA:38,0,50,0
BRDA:38,0,51,0
BRDA:38,0,52,0
BRDA:38,0,53,0
BRDA:38,0,54,0
BRDA:38,0,55,0
BRDA:38,0,56,0
BRDA:38,0,57,0
BRDA:38,0,58,0
BRDA:38,0,59,0
BRDA:38,0,60,0
BRDA:38,0,61,0
BRDA:38,0,62,0
BRDA:38,0,63,0
BRDA:38,0,64,0
BRDA:38,0,65,0
BRDA:38,0,66,0
BRDA:38,0,67,0
BRDA:38,0,68,0
BRDA:38,0,69,0
BRDA:38,0,70,0
BRDA:38,0,71,0
BRDA:38,0,72,0
BRDA:38,0,73,0
BRDA:38,0,74,0
BRDA:38,0,75,0
BRDA:38,0,76,0
BRDA:38,0,77,0
BRDA:38,0,78,0
BRDA:38,0,79,0
BRDA:38,0,80,0
BRDA:38,0,81,0
BRDA:38,0,82,0
BRDA:38,0,83,0
BRDA:38,0,84,0
BRDA:38,0,85,0
BRDA:38,0,86,0
BRDA:38,0,87,0
BRDA:38,0,88,0
BRDA:38,0,89,0
BRDA:38,0,90,0
BRDA:38,0,91,0
BRDA:38,0,92,0
BRDA:38,0,93,0
BRDA:38,0,94,0
BRDA:38,0,95,0
BRDA:38,0,96,0
BRDA:38,0,97,0
BRDA:38,0,98,0
BRDA:38,0,99,0
BRDA:38,0,100,0
BRDA:38,0,101,0
BRDA:38,0,102,0
BRDA:38,0,103,0
BRDA:38,0,104,0
BRDA:38,0,105,0
BRDA:38,0,106,0
BRDA:38,0,107,0
BRDA:38,0,108,0
BRDA:38,0,109,0
BRDA:38,0,110,0
BRDA:38,0,111,0
BRDA:38,0,112,0
BRDA:38,0,113,0
BRDA:38,0,114,0
BRDA:38,0,115,0
BRDA:38,0,116,0
BRDA:38,0,117,0
BRDA:38,0,118,0
BRDA:38,0,119,0
BRDA:38,0,120,0
BRDA:38,0,121,0
BRDA:38,0,122,0
BRDA:38,0,123,0
BRDA:38,0,124,0
BRDA:38,0,125,0
BRDA:38,0,126,0
BRDA:38,0,127,0
DA:39,0
BRDA:39,0,0,0
BRDA:39,0,1,0
BRDA:39,0,2,0
BRDA:39,0,3,0
BRDA:39,0,4,0
BRDA:39,0,5,0
BRDA:39,0,6,0
BRDA:39,0,7,0
BRDA:39,0,8,0
BRDA:39,0,9,0
BRDA:39,0,10,0
BRDA:39,0,11,0
BRDA:39,0,12,0
BRDA:39,0,13,0
BRDA:39,0,14,0
BRDA:39,0,15,0
BRDA:39,0,16,0
BRDA:39,0,17,0
BRDA:39,0,18,0
BRDA:39,0,19,0
BRDA:39,0,20,0
BRDA:39,0,21,0
BRDA:39,0,22,0
BRDA:39,0,23,0
BRDA:39,0,24,0
BRDA:39,0,25,0
BRDA:39,0,26,0
BRDA:39,0,27,0
BRDA:39,0,28,0
BRDA:39,0,29,0
BRDA:39,0,30,0
BRDA:39,0,31,0
BRDA:39,0,32,0
BRDA:39,0,33,0
BRDA:39,0,34,0
BRDA:39,0,35,0
BRDA:39,0,36,0
BRDA:39,0,37,0
BRDA:39,0,38,0
BRDA:39,0,39,0
BRDA:39,0,40,0
BRDA:39,0,41,0
BRDA:39,0,42,0
BRDA:39,0,43,0
BRDA:39,0,44,0
BRDA:39,0,45,0
BRDA:39,0,46,0
BRDA:39,0,47,0
BRDA:39,0,48,0
BRDA:39,0,49,0
BRDA:39,0,50,0
BRDA:39,0,51,0
BRDA:39,0,52,0
BRDA:39,0,53,0
BRDA:39,0,54,0
BRDA:39,0,55,0
BRDA:39,0,56,0
BRDA:39,0,57,0
BRDA:39,0,58,0
BRDA:39,0,59,0
BRDA:39,0,60,0
BRDA:39,0,61,0
BRDA:39,0,62,0
BRDA:39,0,63,0
BRDA:39,0,64,0
BRDA:39,0,65,0
BRDA:39,0,66,0
BRDA:39,0,67,0
BRDA:39,0,68,0
BRDA:39,0,69,0
BRDA:39,0,70,0
BRDA:39,0,71,0
BRDA:39,0,72,0
BRDA:39,0,73,0
BRDA:39,0,74,0
BRDA:39,0,75,0
BRDA:39,0,76,0
BRDA:39,0,77,0
BRDA:39,0,78,0
BRDA:39,0,79,0
BRDA:39,0,80,0
BRDA:39,0,81,0
BRDA:39,0,82,0
BRDA:39,0,83,0
BRDA:39,0,84,0
BRDA:39,0,85,0
BRDA:39,0,86,0
BRDA:39,0,87,0
BRDA:39,0,88,0
BRDA:39,0,89,0
BRDA:39,0,90,0
BRDA:39,0,91,0
BRDA:39,0,92,0
BRDA:39,0,93,0
BRDA:39,0,94,0
BRDA:39,0,95,0
BRDA:39,0,96,0
BRDA:39,0,97,0
BRDA:39,0,98,0
BRDA:39,0,99,0
BRDA:39,0,100,0
BRDA:39,0,101,0
BRDA:39,0,102,0
BRDA:39,0,103,0
BRDA:39,0,104,0
BRDA:39,0,105,0
BRDA:39,0,106,0
BRDA:39,0,107,0
BRDA:39,0,108,0
BRDA:39,0,109,0
BRDA:39,0,110,0
BRDA:39,0,111,0
BRDA:39,0,112,0
BRDA:39,0,113,0
BRDA:39,0,114,0
BRDA:39,0,115,0
BRDA:39,0,116,0
BRDA:39,0,117,0
BRDA:39,0,118,0
BRDA:39,0,119,0
BRDA:39,0,120,0
BRDA:39,0,121,0
BRDA:39,0,122,0
BRDA:39,0,123,0
BRDA:39,0,124,0
BRDA:39,0,125,0
BRDA:39,0,126,0
BRDA:39,0,127,0
DA:40,0
BRDA:40,0,0,0
BRDA:40,0,1,0
DA:41,1
BRDA:41,0,0,0
BRDA:41,0,1,0
BRDA:41,0,2,0
BRDA:41,0,3,0
BRDA:41,0,4,0
BRDA:41,0,5,0
BRDA:41,0,6,0
BRDA:41,0,7,0
BRDA:41,0,8,0
BRDA:41,0,9,0
BRDA:41,0,10,0
BRDA:41,0,11,0
BRDA:41,0,12,0
BRDA:41,0,13,0
BRDA:41,0,14,0
BRDA:41,0,15,0
BRDA:41,0,16,1
BRDA:41,0,17,0
BRDA:41,0,18,0
BRDA:41,0,19,0
BRDA:41,0,20,1
BRDA:41,0,21,0
BRDA:41,0,22,0
BRDA:41,0,23,0
BRDA:41,0,24,0
BRDA:41,0,25,0
BRDA:41,0,26,0
BRDA:41,0,27,0
BRDA:41,0,28,0
BRDA:41,0,29,0
BRDA:41,0,30,0
BRDA:41,0,31,0
DA:42,1
BRDA:42,0,0,0
BRDA:42,0,1,0
BRDA:42,0,2,0
BRDA:42,0,3,0
BRDA:42,0,4,0
BRDA:42,0,5,0
BRDA:42,0,6,0
BRDA:42,0,7,0
BRDA:42,0,8,0
BRDA:42,0,9,0
BRDA:42,0,10,0
BRDA:42,0,11,0
BRDA:42,0,12,0
BRDA:42,0,13,0
BRDA:42,0,14,0
BRDA:42,0,15,0
BRDA:42,0,16,0
BRDA:42,0,17,0
BRDA:42,0,18,1
BRDA:42,0,19,0
BRDA:42,0,20,0
BRDA:42,0,21,0
BRDA:42,0,22,1
BRDA:42,0,23,0
BRDA:42,0,24,1
BRDA:42,0,25,0
BRDA:42,0,26,1
BRDA:42,0,27,0
BRDA:42,0,28,1
BRDA:42,0,29,0
BRDA:42,0,30,1
BRDA:42,0,31,0
DA:43,1
BRDA:43,0,0,0
BRDA:43,0,1,0
BRDA:43,0,2,0
BRDA:43,0,3,0
BRDA:43,0,4,0
BRDA:43,0,5,0
BRDA:43,0,6,0
BRDA:43,0,7,0
BRDA:43,0,8,0
BRDA:43,0,9,0
BRDA:43,0,10,0
BRDA:43,0,11,0
BRDA:43,0,12,0
BRDA:43,0,13,0
BRDA:43,0,14,0
BRDA:43,0,15,0
BRDA:43,0,16,0
BRDA:43,0,17,0
BRDA:43,0,18,1
BRDA:43,0,19,0
BRDA:43,0,20,0
BRDA:43,0,21,0
BRDA:43,0,22,1
BRDA:43,0,23,0
BRDA:43,0,24,1
BRDA:43,0,25,0
BRDA:43,0,26,1
BRDA:43,0,27,0
BRDA:43,0,28,1
BRDA:43,0,29,0
BRDA:43,0,30,1
BRDA:43,0,31,0
DA:44,0
BRDA:44,0,0,0
BRDA:44,0,1,0
BRDA:44,0,2,0
BRDA:44,0,3,0
BRDA:44,0,4,0
BRDA:44,0,5,0
BRDA:44,0,6,0
BRDA:44,0,7,0
BRDA:44,0,8,0
BRDA:44,0,9,0
BRDA:44,0,10,0
BRDA:44,0,11,0
BRDA:44,0,12,0
BRDA:44,0,13,0
BRDA:44,0,14,0
BRDA:44,0,15,0
BRDA:44,0,16,0
BRDA:44,0,17,0
BRDA:44,0,18,0
BRDA:44,0,19,0
BRDA:44,0,20,0
BRDA:44,0,21,0
BRDA:44,0,22,0
BRDA:44,0,23,0
BRDA:44,0,24,0
BRDA:44,0,25,0
BRDA:44,0,26,0
BRDA:44,0,27,0
BRDA:44,0,28,0
BRDA:44,0,29,0
BRDA:44,0,30,0
BRDA:44,0,31,0
DA:45,1
BRDA:45,0,0,1
BRDA:45,0,1,0
BRDA:45,0,2,1
BRDA:45,0,3,0
BRDA:45,0,4,1
BRDA:45,0,5,0
BRDA:45,0,6,1
BRDA:45,0,7,0
BRDA:45,0,8,1
BRDA:45,0,9,0
BRDA:45,0,10,1
BRDA:45,0,11,0
BRDA:45,0,12,1
BRDA:45,0,13,0
BRDA:45,0,14,1
BRDA:45,0,15,0
BRDA:45,0,16,1
BRDA:45,0,17,0
BRDA:45,0,18,1
BRDA:45,0,19,0
BRDA:45,0,20,1
BRDA:45,0,21,0
BRDA:45,0,22,1
BRDA:45,0,23,0
BRDA:45,0,24,1
BRDA:45,0,25,0
BRDA:45,0,26,1
BRDA:45,0,27,0
BRDA:45,0,28,1
BRDA:45,0,29,0
BRDA:45,0,30,1
BRDA:45,0,31,0
DA:46,0
BRDA:46,0,0,0
BRDA:46,0,1,0
BRDA:46,0,2,0
BRDA:46,0,3,0
BRDA:46,0,4,0
BRDA:46,0,5,0
BRDA:46,0,6,0
BRDA:46,0,7,0
BRDA:46,0,8,0
BRDA:46,0,9,0
BRDA:46,0,10,0
BRDA:46,0,11,0
BRDA:46,0,12,0
BRDA:46,0,13,0
BRDA:46,0,14,0
BRDA:46,0,15,0
BRDA:46,0,16,0
BRDA:46,0,17,0
BRDA:46,0,18,0
BRDA:46,0,19,0
BRDA:46,0,20,0
BRDA:46,0,21,0
BRDA:46,0,22,0
BRDA:46,0,23,0
BRDA:46,0,24,0
BRDA:46,0,25,0
BRDA:46,0,26,0
BRDA:46,0,27,0
BRDA:46,0,28,0
BRDA:46,0,29,0
BRDA:46,0,30,0
BRDA:46,0,31,0
DA:47,0
BRDA:47,0,0,0
BRDA:47,0,1,0
BRDA:47,0,2,0
BRDA:47,0,3,0
BRDA:47,0,4,0
BRDA:47,0,5,0
BRDA:47,0,6,0
BRDA:47,0,7,0
DA:48,0
BRDA:48,0,0,0
BRDA:48,0,1,0
BRDA:48,0,2,0
BRDA:48,0,3,0
BRDA:48,0,4,0
BRDA:48,0,5,0
BRDA:48,0,6,0
BRDA:48,0,7,0
BRDA:48,0,8,0
BRDA:48,0,9,0
BRDA:48,0,10,0
BRDA:48,0,11,0
BRDA:48,0,12,0
BRDA:48,0,13,0
BRDA:48,0,14,0
BRDA:48,0,15,0
DA:49,0
BRDA:49,0,0,0
BRDA:49,0,1,0
DA:50,0
BRDA:50,0,0,0
BRDA:50,0,1,0
BRDA:50,0,2,0
BRDA:50,0,3,0
BRDA:50,0,4,0
BRDA:50,0,5,0
BRDA:50,0,6,0
BRDA:50,0,7,0
BRDA:50,0,8,0
BRDA:50,0,9,0
BRDA:50,0,10,0
BRDA:50,0,11,0
BRDA:50,0,12,0
BRDA:50,0,13,0
BRDA:50,0,14,0
BRDA:50,0,15,0
BRDA:50,0,16,0
BRDA:50,0,17,0
BRDA:50,0,18,0
BRDA:50,0,19,0
BRDA:50,0,20,0
BRDA:50,0,21,0
BRDA:50,0,22,0
BRDA:50,0,23,0
BRDA:50,0,24,0
BRDA:50,0,25,0
BRDA:50,0,26,0
BRDA:50,0,27,0
BRDA:50,0,28,0
BRDA:50,0,29,0
BRDA:50,0,30,0
BRDA:50,0,31,0
BRDA:50,0,32,0
BRDA:50,0,33,0
BRDA:50,0,34,0
BRDA:50,0,35,0
BRDA:50,0,36,0
BRDA:50,0,37,0
BRDA:50,0,38,0
BRDA:50,0,39,0
BRDA:50,0,40,0
BRDA:50,0,41,0
BRDA:50,0,42,0
BRDA:50,0,43,0
BRDA:50,0,44,0
BRDA:50,0,45,0
BRDA:50,0,46,0
BRDA:50,0,47,0
BRDA:50,0,48,0
BRDA:50,0,49,0
BRDA:50,0,50,0
BRDA:50,0,51,0
BRDA:50,0,52,0
BRDA:50,0,53,0
BRDA:50,0,54,0
BRDA:50,0,55,0
BRDA:50,0,56,0
BRDA:50,0,57,0
BRDA:50,0,58,0
BRDA:50,0,59,0
BRDA:50,0,60,0
BRDA:50,0,61,0
BRDA:50,0,62,0
BRDA:50,0,63,0
BRDA:50,0,64,0
BRDA:50,0,65,0
BRDA:50,0,66,0
BRDA:50,0,67,0
BRDA:50,0,68,0
BRDA:50,0,69,0
BRDA:50,0,70,0
BRDA:50,0,71,0
BRDA:50,0,72,0
BRDA:50,0,73,0
BRDA:50,0,74,0
BRDA:50,0,75,0
BRDA:50,0,76,0
BRDA:50,0,77,0
BRDA:50,0,78,0
BRDA:50,0,79,0
BRDA:50,0,80,0
BRDA:50,0,81,0
BRDA:50,0,82,0
BRDA:50,0,83,0
BRDA:50,0,84,0
BRDA:50,0,85,0
BRDA:50,0,86,0
BRDA:50,0,87,0
BRDA:50,0,88,0
BRDA:50,0,89,0
BRDA:50,0,90,0
BRDA:50,0,91,0
BRDA:50,0,92,0
BRDA:50,0,93,0
BRDA:50,0,94,0
BRDA:50,0,95,0
BRDA:50,0,96,0
BRDA:50,0,97,0
BRDA:50,0,98,0
BRDA:50,0,99,0
BRDA:50,0,100,0
BRDA:50,0,101,0
BRDA:50,0,102,0
BRDA:50,0,103,0
BRDA:50,0,104,0
BRDA:50,0,105,0
BRDA:50,0,106,0
BRDA:50,0,107,0
BRDA:50,0,108,0
BRDA:50,0,109,0
BRDA:50,0,110,0
BRDA:50,0,111,0
BRDA:50,0,112,0
BRDA:50,0,113,0
BRDA:50,0,114,0
BRDA:50,0,115,0
BRDA:50,0,116,0
BRDA:50,0,117,0
BRDA:50,0,118,0
BRDA:50,0,119,0
BRDA:50,0,120,0
BRDA:50,0,121,0
BRDA:50,0,122,0
BRDA:50,0,123,0
BRDA:50,0,124,0
BRDA:50,0,125,0
BRDA:50,0,126,0
BRDA:50,0,127,0
DA:51,0
BRDA:51,0,0,0
BRDA:51,0,1,0
BRDA:51,0,2,0
BRDA:51,0,3,0
BRDA:51,0,4,0
BRDA:51,0,5,0
BRDA:51,0,6,0
BRDA:51,0,7,0
BRDA:51,0,8,0
BRDA:51,0,9,0
BRDA:51,0,10,0
BRDA:51,0,11,0
BRDA:51,0,12,0
BRDA:51,0,13,0
BRDA:51,0,14,0
BRDA:51,0,15,0
BRDA:51,0,16,0
BRDA:51,0,17,0
BRDA:51,0,18,0
BRDA:51,0,19,0
BRDA:51,0,20,0
BRDA:51,0,21,0
BRDA:51,0,22,0
BRDA:51,0,23,0
BRDA:51,0,24,0
BRDA:51,0,25,0
BRDA:51,0,26,0
BRDA:51,0,27,0
BRDA:51,0,28,0
BRDA:51,0,29,0
BRDA:51,0,30,0
BRDA:51,0,31,0
BRDA:51,0,32,0
BRDA:51,0,33,0
BRDA:51,0,34,0
BRDA:51,0,35,0
BRDA:51,0,36,0
BRDA:51,0,37,0
BRDA:51,0,38,0
BRDA:51,0,39,0
BRDA:51,0,40,0
BRDA:51,0,41,0
BRDA:51,0,42,0
BRDA:51,0,43,0
BRDA:51,0,44,0
BRDA:51,0,45,0
BRDA:51,0,46,0
BRDA:51,0,47,0
BRDA:51,0,48,0
BRDA:51,0,49,0
BRDA:51,0,50,0
BRDA:51,0,51,0
BRDA:51,0,52,0
BRDA:51,0,53,0
BRDA:51,0,54,0
BRDA:51,0,55,0
BRDA:51,0,56,0
BRDA:51,0,57,0
BRDA:51,0,58,0
BRDA:51,0,59,0
BRDA:51,0,60,0
BRDA:51,0,61,0
BRDA:51,0,62,0
BRDA:51,0,63,0
BRDA:51,0,64,0
BRDA:51,0,65,0
BRDA:51,0,66,0
BRDA:51,0,67,0
BRDA:51,0,68,0
BRDA:51,0,69,0
BRDA:51,0,70,0
BRDA:51,0,71,0
BRDA:51,0,72,0
BRDA:51,0,73,0
BRDA:51,0,74,0
BRDA:51,0,75,0
BRDA:51,0,76,0
BRDA:51,0,77,0
BRDA:51,0,78,0
BRDA:51,0,79,0
BRDA:51,0,80,0
BRDA:51,0,81,0
BRDA:51,0,82,0
BRDA:51,0,83,0
BRDA:51,0,84,0
BRDA:51,0,85,0
BRDA:51,0,86,0
BRDA:51,0,87,0
BRDA:51,0,88,0
BRDA:51,0,89,0
BRDA:51,0,90,0
BRDA:51,0,91,0
BRDA:51,0,92,0
BRDA:51,0,93,0
BRDA:51,0,94,0
BRDA:51,0,95,0
BRDA:51,0,96,0
BRDA:51,0,97,0
BRDA:51,0,98,0
BRDA:51,0,99,0
BRDA:51,0,100,0
BRDA:51,0,101,0
BRDA:51,0,102,0
BRDA:51,0,103,0
BRDA:51,0,104,0
BRDA:51,0,105,0
BRDA:51,0,106,0
BRDA:51,0,107,0
BRDA:51,0,108,0
BRDA:51,0,109,0
BRDA:51,0,110,0
BRDA:51,0,111,0
BRDA:51,0,112,0
BRDA:51,0,113,0
BRDA:51,0,114,0
BRDA:51,0,115,0
BRDA:51,0,116,0
BRDA:51,0,117,0
BRDA:51,0,118,0
BRDA:51,0,119,0
BRDA:51,0,120,0
BRDA:51,0,121,0
BRDA:51,0,122,0
BRDA:51,0,123,0
BRDA:51,0,124,0
BRDA:51,0,125,0
BRDA:51,0,126,0
BRDA:51,0,127,0
DA:65,153
DA:66,153
DA:67,153
DA:68,116
DA:69,0
DA:70,0
DA:71,12
DA:72,0
DA:73,0
DA:74,25
DA:78,26
DA:79,25
BRDA:79,0,0,25
BRDA:79,0,1,1
BRDA:79,0,2,25
BRDA:79,0,3,1
DA:80,1
DA:81,1
DA:82,1
DA:83,1
DA:84,1
DA:85,1
DA:86,1
DA:87,1
DA:88,1
DA:89,1
DA:90,1
DA:91,1
DA:92,1
DA:93,25
DA:94,25
DA:95,25
BRDA:95,0,0,0
BRDA:95,0,1,25
DA:96,0
DA:97,0
DA:98,0
DA:99,0
DA:100,0
DA:101,0
DA:102,0
DA:103,0
DA:104,0
DA:106,0
DA:107,0
DA:108,0
DA:109,0
DA:110,0
DA:112,0
DA:116,25
DA:117,25
DA:118,25
DA:119,25
BRDA:119,0,0,0
BRDA:119,0,1,0
BRDA:119,0,2,25
BRDA:119,0,3,0
BRDA:119,0,4,0
BRDA:119,0,5,0
BRDA:119,0,6,0
BRDA:119,0,7,25
DA:120,25
BRF:1242
BRH:7
end_of_record
