TN:verilator_coverage
SF:../../handoff/rtl/pwm_controller.v
DA:11,17
BRDA:11,0,0,17
BRDA:11,0,1,16
DA:12,1
BRDA:12,0,0,1
BRDA:12,0,1,0
DA:13,2
BRDA:13,0,0,2
BRDA:13,0,1,1
DA:14,3
BRDA:14,0,0,3
BRDA:14,0,1,2
BRDA:14,0,2,2
BRDA:14,0,3,2
BRDA:14,0,4,3
BRDA:14,0,5,2
BRDA:14,0,6,2
BRDA:14,0,7,2
BRDA:14,0,8,3
BRDA:14,0,9,2
BRDA:14,0,10,2
BRDA:14,0,11,2
BRDA:14,0,12,3
BRDA:14,0,13,2
BRDA:14,0,14,1
BRDA:14,0,15,1
DA:15,3
BRDA:15,0,0,3
BRDA:15,0,1,2
BRDA:15,0,2,2
BRDA:15,0,3,2
BRDA:15,0,4,3
BRDA:15,0,5,2
BRDA:15,0,6,2
BRDA:15,0,7,2
BRDA:15,0,8,3
BRDA:15,0,9,2
BRDA:15,0,10,2
BRDA:15,0,11,2
BRDA:15,0,12,3
BRDA:15,0,13,2
BRDA:15,0,14,1
BRDA:15,0,15,1
DA:16,2
BRDA:16,0,0,2
BRDA:16,0,1,1
DA:17,3
BRDA:17,0,0,3
BRDA:17,0,1,3
BRDA:17,0,2,2
BRDA:17,0,3,1
BRDA:17,0,4,1
BRDA:17,0,5,0
BRDA:17,0,6,0
BRDA:17,0,7,0
BRDA:17,0,8,0
BRDA:17,0,9,0
BRDA:17,0,10,0
BRDA:17,0,11,0
BRDA:17,0,12,0
BRDA:17,0,13,0
BRDA:17,0,14,0
BRDA:17,0,15,0
DA:18,3
BRDA:18,0,0,3
BRDA:18,0,1,3
BRDA:18,0,2,2
BRDA:18,0,3,1
BRDA:18,0,4,1
BRDA:18,0,5,0
BRDA:18,0,6,0
BRDA:18,0,7,0
BRDA:18,0,8,0
BRDA:18,0,9,0
BRDA:18,0,10,0
BRDA:18,0,11,0
BRDA:18,0,12,0
BRDA:18,0,13,0
BRDA:18,0,14,0
BRDA:18,0,15,0
DA:19,2
BRDA:19,0,0,2
BRDA:19,0,1,1
DA:24,17
DA:25,16
BRDA:25,0,0,1
BRDA:25,0,1,16
BRDA:25,0,2,1
BRDA:25,0,3,16
DA:26,1
DA:27,1
DA:28,16
DA:29,14
BRDA:29,0,0,2
BRDA:29,0,1,14
DA:30,8
DA:31,8
DA:32,6
BRDA:32,0,0,0
BRDA:32,0,1,6
DA:33,0
DA:34,6
DA:35,6
DA:39,16
BRDA:39,0,0,16
BRDA:39,0,1,0
BRDA:39,0,2,16
BRDA:39,0,3,0
DA:40,0
DA:41,16
DA:42,16
BRF:86
BRH:7
end_of_record
